warning: particle_sim@0.1.6: Quarkstrom dependency found at ../quarkstrom/quarkstrom
    Finished `release` profile [optimized] target(s) in 0.20s
[run_job] id=dcr-potentio-1-r
[run_job] binary=dcr_pulse_sweep
[run_job] workdir=/c/Users/Yeyian PC/Desktop/ParticleSim-master/ParticleSim
[run_job] exe=/c/Users/Yeyian PC/Desktop/ParticleSim-master/ParticleSim/target/release/dcr_pulse_sweep.exe
[run_job] log=/c/Users/Yeyian PC/Desktop/ParticleSim-master/ParticleSim/doe_results/dcr_pulse_sweep/dcr-potentio-1-r_amp1e-2/run.log
[run_job] args: --mode potentiostatic --amplitude 0.01 --duration-on-fs 500000 --duration-rest-fs 500000 --num-pulses 1 --equilibrate-fs 20000 --pre-hold-fs 5000 --log-stride 50 --run-id dcr-potentio-1-r_amp1e-2 --scenario /c/Users/Yeyian PC/Desktop/ParticleSim-master/ParticleSim/measurement_configs/eis_validation_flat_symmetric.toml
[run_job] start=2026-05-05T18:16:53Z
Successfully placed 86 random bodies
Successfully placed 86 random bodies
Successfully placed 598 random bodies
Successfully placed 599 random bodies
scenario=C:/Users/Yeyian PC/Desktop/ParticleSim-master/ParticleSim/measurement_configs/eis_validation_flat_symmetric.toml seed=0xC0FFEE
bodies=3449 foils=2
probe bodies: A=130 B=130
dt=5 fs  group_a=[1]  group_b=[2]  mode=Potentiostatic
equilibrating 20000 fs (4000 steps)
Foil 1 electron ratio: 1.000 (electrons: 1040, neutral: 1040)
Foil 2 electron ratio: 0.999 (electrons: 1039, neutral: 1040)
Foil 1 electron ratio: 1.000 (electrons: 1040, neutral: 1040)
Foil 1 electron ratio: 0.999 (electrons: 1039, neutral: 1040)
Foil 1 electron ratio: 1.000 (electrons: 1040, neutral: 1040)
Foil 1 electron ratio: 1.000 (electrons: 1040, neutral: 1040)
Foil 2 electron ratio: 0.999 (electrons: 1038, neutral: 1039)
Foil 2 electron ratio: 1.000 (electrons: 1039, neutral: 1039)
pre-hold 5000 fs (1000 steps)
Foil 1 electron ratio: 1.000 (electrons: 1038, neutral: 1038)
Foil 1 electron ratio: 1.000 (electrons: 1038, neutral: 1038)
pulses=1 duration_on=500000 fs (100000 steps)  duration_rest=500000 fs (100000 steps)
Foil 1 electron ratio: 1.012 (electrons: 1050, neutral: 1038)
Foil 1 electron ratio: 1.010 (electrons: 1048, neutral: 1038)
Foil 2 electron ratio: 0.990 (electrons: 1028, neutral: 1038)
Foil 1 electron ratio: 1.011 (electrons: 1049, neutral: 1038)
Foil 2 electron ratio: 0.989 (electrons: 1026, neutral: 1037)
Foil 2 electron ratio: 0.989 (electrons: 1026, neutral: 1037)
Foil 1 electron ratio: 1.010 (electrons: 1048, neutral: 1038)
Foil 1 electron ratio: 1.010 (electrons: 1048, neutral: 1038)
Foil 1 electron ratio: 1.009 (electrons: 1047, neutral: 1038)
Foil 2 electron ratio: 0.988 (electrons: 1024, neutral: 1036)
Foil 2 electron ratio: 0.989 (electrons: 1025, neutral: 1036)
Foil 2 electron ratio: 0.990 (electrons: 1026, neutral: 1036)
Foil 2 electron ratio: 0.990 (electrons: 1026, neutral: 1036)
Foil 2 electron ratio: 0.988 (electrons: 1024, neutral: 1036)
Foil 2 electron ratio: 0.991 (electrons: 1027, neutral: 1036)
Foil 2 electron ratio: 0.990 (electrons: 1027, neutral: 1037)
Foil 2 electron ratio: 0.990 (electrons: 1025, neutral: 1035)
Foil 2 electron ratio: 0.989 (electrons: 1024, neutral: 1035)
Foil 2 electron ratio: 0.990 (electrons: 1025, neutral: 1035)
Foil 1 electron ratio: 1.011 (electrons: 1049, neutral: 1038)
Foil 1 electron ratio: 1.010 (electrons: 1048, neutral: 1038)
Foil 1 electron ratio: 1.012 (electrons: 1050, neutral: 1038)
Foil 1 electron ratio: 1.010 (electrons: 1048, neutral: 1038)
Foil 1 electron ratio: 1.011 (electrons: 1049, neutral: 1038)
Foil 1 electron ratio: 1.010 (electrons: 1048, neutral: 1038)
Foil 1 electron ratio: 1.011 (electrons: 1049, neutral: 1038)
Foil 1 electron ratio: 1.010 (electrons: 1048, neutral: 1038)
Foil 2 electron ratio: 0.990 (electrons: 1024, neutral: 1034)
Foil 1 electron ratio: 1.009 (electrons: 1047, neutral: 1038)
Foil 2 electron ratio: 0.990 (electrons: 1024, neutral: 1034)
Foil 1 electron ratio: 1.010 (electrons: 1048, neutral: 1038)
Foil 2 electron ratio: 0.990 (electrons: 1024, neutral: 1034)
Foil 1 electron ratio: 1.011 (electrons: 1049, neutral: 1038)
Foil 1 electron ratio: 1.010 (electrons: 1048, neutral: 1038)
Foil 1 electron ratio: 1.011 (electrons: 1049, neutral: 1038)
Foil 1 electron ratio: 1.010 (electrons: 1048, neutral: 1038)
Foil 1 electron ratio: 1.011 (electrons: 1049, neutral: 1038)
Foil 1 electron ratio: 1.011 (electrons: 1049, neutral: 1038)
Foil 2 electron ratio: 0.989 (electrons: 1023, neutral: 1034)
Foil 2 electron ratio: 0.990 (electrons: 1024, neutral: 1034)
Foil 1 electron ratio: 1.012 (electrons: 1050, neutral: 1038)
Foil 1 electron ratio: 1.009 (electrons: 1047, neutral: 1038)
Foil 1 electron ratio: 1.009 (electrons: 1047, neutral: 1038)
Foil 2 electron ratio: 0.990 (electrons: 1024, neutral: 1034)
Foil 1 electron ratio: 1.010 (electrons: 1048, neutral: 1038)
Foil 1 electron ratio: 1.010 (electrons: 1048, neutral: 1038)
Foil 1 electron ratio: 1.010 (electrons: 1048, neutral: 1038)
Foil 1 electron ratio: 1.009 (electrons: 1047, neutral: 1038)
Foil 1 electron ratio: 1.010 (electrons: 1048, neutral: 1038)
Foil 1 electron ratio: 1.009 (electrons: 1047, neutral: 1038)
Foil 1 electron ratio: 1.012 (electrons: 1050, neutral: 1038)
Foil 2 electron ratio: 0.990 (electrons: 1024, neutral: 1034)
Foil 1 electron ratio: 1.008 (electrons: 1046, neutral: 1038)
Foil 1 electron ratio: 1.010 (electrons: 1048, neutral: 1038)
Foil 2 electron ratio: 0.992 (electrons: 1026, neutral: 1034)
Foil 2 electron ratio: 0.991 (electrons: 1025, neutral: 1034)
Foil 1 electron ratio: 1.011 (electrons: 1049, neutral: 1038)
Foil 1 electron ratio: 1.010 (electrons: 1048, neutral: 1038)
Foil 1 electron ratio: 1.010 (electrons: 1048, neutral: 1038)
Foil 2 electron ratio: 0.989 (electrons: 1023, neutral: 1034)
Foil 1 electron ratio: 1.011 (electrons: 1049, neutral: 1038)
Foil 1 electron ratio: 1.010 (electrons: 1048, neutral: 1038)
Foil 1 electron ratio: 1.012 (electrons: 1050, neutral: 1038)
Foil 1 electron ratio: 1.011 (electrons: 1049, neutral: 1038)
Foil 1 electron ratio: 1.011 (electrons: 1049, neutral: 1038)
Foil 1 electron ratio: 1.011 (electrons: 1049, neutral: 1038)
Foil 1 electron ratio: 1.010 (electrons: 1048, neutral: 1038)
Foil 2 electron ratio: 0.990 (electrons: 1024, neutral: 1034)
Foil 2 electron ratio: 0.991 (electrons: 1025, neutral: 1034)
Foil 1 electron ratio: 1.010 (electrons: 1048, neutral: 1038)
Foil 2 electron ratio: 0.989 (electrons: 1023, neutral: 1034)
Foil 1 electron ratio: 1.010 (electrons: 1048, neutral: 1038)
Foil 2 electron ratio: 0.989 (electrons: 1023, neutral: 1034)
Foil 2 electron ratio: 0.989 (electrons: 1023, neutral: 1034)
Foil 1 electron ratio: 1.012 (electrons: 1050, neutral: 1038)
Foil 1 electron ratio: 1.010 (electrons: 1048, neutral: 1038)
Foil 2 electron ratio: 0.990 (electrons: 1024, neutral: 1034)
Foil 2 electron ratio: 0.989 (electrons: 1023, neutral: 1034)
Foil 1 electron ratio: 1.009 (electrons: 1047, neutral: 1038)
Foil 2 electron ratio: 0.990 (electrons: 1024, neutral: 1034)
Foil 1 electron ratio: 1.011 (electrons: 1049, neutral: 1038)
Foil 1 electron ratio: 1.010 (electrons: 1048, neutral: 1038)
Foil 1 electron ratio: 1.010 (electrons: 1048, neutral: 1038)
Foil 2 electron ratio: 0.990 (electrons: 1024, neutral: 1034)
Foil 1 electron ratio: 1.009 (electrons: 1047, neutral: 1038)
Foil 2 electron ratio: 0.991 (electrons: 1025, neutral: 1034)
Foil 2 electron ratio: 0.988 (electrons: 1022, neutral: 1034)
Foil 1 electron ratio: 1.011 (electrons: 1049, neutral: 1038)
Foil 2 electron ratio: 0.990 (electrons: 1024, neutral: 1034)
Foil 1 electron ratio: 1.010 (electrons: 1048, neutral: 1038)
Foil 1 electron ratio: 1.010 (electrons: 1048, neutral: 1038)
Foil 1 electron ratio: 1.010 (electrons: 1048, neutral: 1038)
Foil 2 electron ratio: 0.990 (electrons: 1024, neutral: 1034)
Foil 2 electron ratio: 0.991 (electrons: 1025, neutral: 1034)
Foil 1 electron ratio: 1.011 (electrons: 1049, neutral: 1038)
Foil 1 electron ratio: 1.010 (electrons: 1048, neutral: 1038)
Foil 2 electron ratio: 0.989 (electrons: 1023, neutral: 1034)
Foil 1 electron ratio: 1.010 (electrons: 1048, neutral: 1038)
Foil 2 electron ratio: 0.990 (electrons: 1024, neutral: 1034)
Foil 1 electron ratio: 1.011 (electrons: 1049, neutral: 1038)
Foil 2 electron ratio: 0.988 (electrons: 1022, neutral: 1034)
Foil 2 electron ratio: 0.991 (electrons: 1025, neutral: 1034)
Foil 2 electron ratio: 0.991 (electrons: 1025, neutral: 1034)
Foil 1 electron ratio: 1.011 (electrons: 1049, neutral: 1038)
Foil 1 electron ratio: 1.011 (electrons: 1049, neutral: 1038)
Foil 1 electron ratio: 1.011 (electrons: 1049, neutral: 1038)
Foil 1 electron ratio: 1.010 (electrons: 1048, neutral: 1038)
Foil 2 electron ratio: 0.990 (electrons: 1024, neutral: 1034)
Foil 2 electron ratio: 0.990 (electrons: 1024, neutral: 1034)
Foil 2 electron ratio: 0.989 (electrons: 1023, neutral: 1034)
Foil 2 electron ratio: 0.989 (electrons: 1023, neutral: 1034)
Foil 2 electron ratio: 0.990 (electrons: 1024, neutral: 1034)
Foil 2 electron ratio: 0.988 (electrons: 1022, neutral: 1034)
Foil 2 electron ratio: 0.991 (electrons: 1025, neutral: 1034)
Foil 2 electron ratio: 0.990 (electrons: 1024, neutral: 1034)
Foil 2 electron ratio: 0.990 (electrons: 1024, neutral: 1034)
Foil 1 electron ratio: 1.010 (electrons: 1048, neutral: 1038)
Foil 1 electron ratio: 1.011 (electrons: 1049, neutral: 1038)
Foil 2 electron ratio: 0.990 (electrons: 1024, neutral: 1034)
Foil 1 electron ratio: 1.011 (electrons: 1049, neutral: 1038)
Foil 2 electron ratio: 0.989 (electrons: 1023, neutral: 1034)
Foil 1 electron ratio: 1.011 (electrons: 1049, neutral: 1038)
Foil 2 electron ratio: 0.990 (electrons: 1024, neutral: 1034)
Foil 1 electron ratio: 1.011 (electrons: 1049, neutral: 1038)
Foil 1 electron ratio: 1.011 (electrons: 1049, neutral: 1038)
Foil 2 electron ratio: 0.990 (electrons: 1024, neutral: 1034)
Foil 1 electron ratio: 1.010 (electrons: 1048, neutral: 1038)
Foil 1 electron ratio: 1.009 (electrons: 1047, neutral: 1038)
Foil 1 electron ratio: 1.011 (electrons: 1049, neutral: 1038)
Foil 1 electron ratio: 1.011 (electrons: 1049, neutral: 1038)
Foil 1 electron ratio: 1.009 (electrons: 1047, neutral: 1038)
Foil 1 electron ratio: 1.008 (electrons: 1046, neutral: 1038)
Foil 1 electron ratio: 1.011 (electrons: 1049, neutral: 1038)
Foil 2 electron ratio: 0.990 (electrons: 1024, neutral: 1034)
Foil 1 electron ratio: 1.010 (electrons: 1048, neutral: 1038)
Foil 1 electron ratio: 1.010 (electrons: 1048, neutral: 1038)
Foil 1 electron ratio: 1.011 (electrons: 1049, neutral: 1038)
Foil 2 electron ratio: 0.989 (electrons: 1023, neutral: 1034)
Foil 2 electron ratio: 0.990 (electrons: 1024, neutral: 1034)
Foil 1 electron ratio: 1.011 (electrons: 1049, neutral: 1038)
Foil 1 electron ratio: 1.011 (electrons: 1049, neutral: 1038)
Foil 1 electron ratio: 1.011 (electrons: 1049, neutral: 1038)
Foil 2 electron ratio: 0.990 (electrons: 1024, neutral: 1034)
Foil 1 electron ratio: 1.010 (electrons: 1048, neutral: 1038)
Foil 2 electron ratio: 0.988 (electrons: 1022, neutral: 1034)
Foil 2 electron ratio: 0.990 (electrons: 1024, neutral: 1034)
Foil 2 electron ratio: 0.990 (electrons: 1024, neutral: 1034)
Foil 1 electron ratio: 1.011 (electrons: 1049, neutral: 1038)
Foil 2 electron ratio: 0.989 (electrons: 1023, neutral: 1034)
Foil 1 electron ratio: 1.012 (electrons: 1050, neutral: 1038)
Foil 1 electron ratio: 1.011 (electrons: 1049, neutral: 1038)
Foil 2 electron ratio: 0.990 (electrons: 1024, neutral: 1034)
Foil 2 electron ratio: 0.991 (electrons: 1025, neutral: 1034)
Foil 1 electron ratio: 1.010 (electrons: 1048, neutral: 1038)
Foil 2 electron ratio: 0.991 (electrons: 1025, neutral: 1034)
Foil 2 electron ratio: 0.990 (electrons: 1024, neutral: 1034)
Foil 1 electron ratio: 1.010 (electrons: 1048, neutral: 1038)
Foil 1 electron ratio: 1.011 (electrons: 1049, neutral: 1038)
Foil 1 electron ratio: 1.012 (electrons: 1050, neutral: 1038)
Foil 1 electron ratio: 1.012 (electrons: 1050, neutral: 1038)
Foil 1 electron ratio: 1.011 (electrons: 1049, neutral: 1038)
Foil 2 electron ratio: 0.990 (electrons: 1024, neutral: 1034)
Foil 2 electron ratio: 0.991 (electrons: 1024, neutral: 1033)
Foil 2 electron ratio: 0.990 (electrons: 1023, neutral: 1033)
Foil 2 electron ratio: 0.989 (electrons: 1020, neutral: 1031)
Foil 1 electron ratio: 1.011 (electrons: 1049, neutral: 1038)
Foil 2 electron ratio: 0.989 (electrons: 1022, neutral: 1033)
Foil 1 electron ratio: 1.011 (electrons: 1049, neutral: 1038)
Foil 2 electron ratio: 0.991 (electrons: 1024, neutral: 1033)
Foil 1 electron ratio: 1.012 (electrons: 1050, neutral: 1038)
Foil 1 electron ratio: 1.010 (electrons: 1048, neutral: 1038)
Foil 1 electron ratio: 1.010 (electrons: 1048, neutral: 1038)
Foil 1 electron ratio: 1.012 (electrons: 1050, neutral: 1038)
Foil 2 electron ratio: 0.991 (electrons: 1024, neutral: 1033)
Foil 2 electron ratio: 0.990 (electrons: 1023, neutral: 1033)
Foil 2 electron ratio: 0.991 (electrons: 1024, neutral: 1033)
Foil 2 electron ratio: 0.990 (electrons: 1023, neutral: 1033)
Foil 1 electron ratio: 1.010 (electrons: 1048, neutral: 1038)
Foil 2 electron ratio: 0.991 (electrons: 1024, neutral: 1033)
Foil 1 electron ratio: 1.012 (electrons: 1050, neutral: 1038)
Foil 2 electron ratio: 0.989 (electrons: 1022, neutral: 1033)
Foil 1 electron ratio: 1.010 (electrons: 1048, neutral: 1038)
Foil 1 electron ratio: 1.011 (electrons: 1049, neutral: 1038)
Foil 1 electron ratio: 1.010 (electrons: 1048, neutral: 1038)
Foil 1 electron ratio: 1.010 (electrons: 1048, neutral: 1038)
Foil 2 electron ratio: 0.990 (electrons: 1023, neutral: 1033)
Foil 1 electron ratio: 1.010 (electrons: 1048, neutral: 1038)
Foil 1 electron ratio: 1.011 (electrons: 1049, neutral: 1038)
Foil 1 electron ratio: 1.011 (electrons: 1049, neutral: 1038)
Foil 2 electron ratio: 0.991 (electrons: 1023, neutral: 1032)
Foil 2 electron ratio: 0.989 (electrons: 1021, neutral: 1032)
Foil 2 electron ratio: 0.990 (electrons: 1021, neutral: 1031)
Foil 1 electron ratio: 1.010 (electrons: 1048, neutral: 1038)
Foil 1 electron ratio: 1.011 (electrons: 1049, neutral: 1038)
Foil 1 electron ratio: 1.012 (electrons: 1050, neutral: 1038)
Foil 1 electron ratio: 1.010 (electrons: 1048, neutral: 1038)
Foil 2 electron ratio: 0.989 (electrons: 1019, neutral: 1030)
Foil 2 electron ratio: 0.991 (electrons: 1021, neutral: 1030)
Foil 1 electron ratio: 1.010 (electrons: 1048, neutral: 1038)
Foil 1 electron ratio: 1.012 (electrons: 1050, neutral: 1038)
Foil 2 electron ratio: 0.991 (electrons: 1021, neutral: 1030)
Foil 2 electron ratio: 0.989 (electrons: 1019, neutral: 1030)
Foil 1 electron ratio: 1.010 (electrons: 1048, neutral: 1038)
Foil 2 electron ratio: 0.990 (electrons: 1020, neutral: 1030)
Foil 2 electron ratio: 0.991 (electrons: 1021, neutral: 1030)
Foil 1 electron ratio: 1.010 (electrons: 1048, neutral: 1038)
Foil 1 electron ratio: 1.010 (electrons: 1048, neutral: 1038)
Foil 1 electron ratio: 1.010 (electrons: 1048, neutral: 1038)
Foil 2 electron ratio: 0.997 (electrons: 1027, neutral: 1030)
Foil 1 electron ratio: 0.999 (electrons: 1037, neutral: 1038)
Foil 2 electron ratio: 1.000 (electrons: 1030, neutral: 1030)
Foil 2 electron ratio: 1.000 (electrons: 1030, neutral: 1030)
Foil 2 electron ratio: 1.000 (electrons: 1030, neutral: 1030)
Foil 2 electron ratio: 1.000 (electrons: 1030, neutral: 1030)
Foil 2 electron ratio: 1.001 (electrons: 1031, neutral: 1030)
Foil 2 electron ratio: 1.000 (electrons: 1030, neutral: 1030)
Foil 2 electron ratio: 0.999 (electrons: 1029, neutral: 1030)
Foil 2 electron ratio: 1.000 (electrons: 1030, neutral: 1030)
Foil 1 electron ratio: 1.000 (electrons: 1038, neutral: 1038)
Foil 2 electron ratio: 1.000 (electrons: 1030, neutral: 1030)
Foil 1 electron ratio: 1.000 (electrons: 1038, neutral: 1038)
Foil 2 electron ratio: 1.001 (electrons: 1031, neutral: 1030)
Foil 2 electron ratio: 1.001 (electrons: 1031, neutral: 1030)
Foil 2 electron ratio: 0.998 (electrons: 1028, neutral: 1030)
Foil 1 electron ratio: 1.000 (electrons: 1038, neutral: 1038)
Foil 1 electron ratio: 1.000 (electrons: 1038, neutral: 1038)
Foil 2 electron ratio: 1.000 (electrons: 1030, neutral: 1030)
Foil 2 electron ratio: 1.000 (electrons: 1030, neutral: 1030)
Foil 1 electron ratio: 0.999 (electrons: 1037, neutral: 1038)
Foil 2 electron ratio: 1.000 (electrons: 1030, neutral: 1030)
Foil 1 electron ratio: 1.000 (electrons: 1038, neutral: 1038)
Foil 2 electron ratio: 1.000 (electrons: 1030, neutral: 1030)
Foil 1 electron ratio: 1.000 (electrons: 1038, neutral: 1038)
Foil 2 electron ratio: 1.001 (electrons: 1031, neutral: 1030)
Foil 2 electron ratio: 1.001 (electrons: 1031, neutral: 1030)
Foil 1 electron ratio: 1.000 (electrons: 1038, neutral: 1038)
Foil 2 electron ratio: 1.000 (electrons: 1030, neutral: 1030)
Foil 2 electron ratio: 1.000 (electrons: 1030, neutral: 1030)
Foil 1 electron ratio: 0.999 (electrons: 1037, neutral: 1038)
Foil 2 electron ratio: 1.000 (electrons: 1030, neutral: 1030)
Foil 2 electron ratio: 1.001 (electrons: 1031, neutral: 1030)
Foil 1 electron ratio: 0.999 (electrons: 1037, neutral: 1038)
Foil 2 electron ratio: 1.002 (electrons: 1032, neutral: 1030)
Foil 2 electron ratio: 1.000 (electrons: 1030, neutral: 1030)
Foil 2 electron ratio: 1.001 (electrons: 1031, neutral: 1030)
Foil 2 electron ratio: 1.000 (electrons: 1030, neutral: 1030)
Foil 1 electron ratio: 1.000 (electrons: 1038, neutral: 1038)
Foil 1 electron ratio: 1.000 (electrons: 1038, neutral: 1038)
Foil 1 electron ratio: 1.000 (electrons: 1038, neutral: 1038)
Foil 2 electron ratio: 0.999 (electrons: 1029, neutral: 1030)
Foil 1 electron ratio: 0.999 (electrons: 1037, neutral: 1038)
Foil 1 electron ratio: 1.001 (electrons: 1039, neutral: 1038)
Foil 1 electron ratio: 1.001 (electrons: 1039, neutral: 1038)
Foil 2 electron ratio: 1.001 (electrons: 1031, neutral: 1030)
Foil 2 electron ratio: 1.001 (electrons: 1031, neutral: 1030)
Foil 1 electron ratio: 1.000 (electrons: 1038, neutral: 1038)
Foil 2 electron ratio: 1.000 (electrons: 1030, neutral: 1030)
Foil 2 electron ratio: 1.000 (electrons: 1030, neutral: 1030)
Foil 1 electron ratio: 1.000 (electrons: 1038, neutral: 1038)
Foil 2 electron ratio: 1.000 (electrons: 1030, neutral: 1030)
Foil 2 electron ratio: 1.000 (electrons: 1030, neutral: 1030)
Foil 2 electron ratio: 1.000 (electrons: 1030, neutral: 1030)
Foil 1 electron ratio: 1.000 (electrons: 1038, neutral: 1038)
Foil 2 electron ratio: 0.999 (electrons: 1029, neutral: 1030)
Foil 2 electron ratio: 1.001 (electrons: 1031, neutral: 1030)
Foil 1 electron ratio: 1.000 (electrons: 1038, neutral: 1038)
Foil 2 electron ratio: 1.000 (electrons: 1030, neutral: 1030)
Foil 1 electron ratio: 1.000 (electrons: 1038, neutral: 1038)
Foil 1 electron ratio: 1.000 (electrons: 1038, neutral: 1038)
Foil 2 electron ratio: 1.000 (electrons: 1030, neutral: 1030)
Foil 2 electron ratio: 1.000 (electrons: 1030, neutral: 1030)
Foil 1 electron ratio: 1.000 (electrons: 1038, neutral: 1038)
Foil 1 electron ratio: 1.000 (electrons: 1038, neutral: 1038)
Foil 2 electron ratio: 1.000 (electrons: 1030, neutral: 1030)
Foil 1 electron ratio: 1.000 (electrons: 1038, neutral: 1038)
Foil 2 electron ratio: 1.000 (electrons: 1030, neutral: 1030)
Foil 1 electron ratio: 1.000 (electrons: 1038, neutral: 1038)
Foil 2 electron ratio: 1.000 (electrons: 1030, neutral: 1030)
Foil 1 electron ratio: 1.000 (electrons: 1038, neutral: 1038)
Foil 1 electron ratio: 1.000 (electrons: 1038, neutral: 1038)
Foil 1 electron ratio: 1.000 (electrons: 1038, neutral: 1038)
Foil 1 electron ratio: 1.000 (electrons: 1038, neutral: 1038)
Foil 1 electron ratio: 1.001 (electrons: 1039, neutral: 1038)
Foil 2 electron ratio: 1.000 (electrons: 1030, neutral: 1030)
Foil 2 electron ratio: 1.000 (electrons: 1030, neutral: 1030)
Foil 1 electron ratio: 0.997 (electrons: 1035, neutral: 1038)
Foil 1 electron ratio: 0.999 (electrons: 1037, neutral: 1038)
Foil 1 electron ratio: 1.000 (electrons: 1038, neutral: 1038)
Foil 1 electron ratio: 1.000 (electrons: 1038, neutral: 1038)
Foil 2 electron ratio: 0.999 (electrons: 1029, neutral: 1030)
Foil 2 electron ratio: 1.001 (electrons: 1031, neutral: 1030)
Foil 2 electron ratio: 1.000 (electrons: 1030, neutral: 1030)
Foil 2 electron ratio: 1.001 (electrons: 1031, neutral: 1030)
Foil 1 electron ratio: 1.000 (electrons: 1038, neutral: 1038)
Foil 1 electron ratio: 0.998 (electrons: 1036, neutral: 1038)
Foil 1 electron ratio: 1.000 (electrons: 1038, neutral: 1038)
Foil 1 electron ratio: 0.999 (electrons: 1037, neutral: 1038)
Foil 2 electron ratio: 1.000 (electrons: 1030, neutral: 1030)
Foil 2 electron ratio: 0.998 (electrons: 1028, neutral: 1030)
Foil 2 electron ratio: 1.001 (electrons: 1031, neutral: 1030)
Foil 1 electron ratio: 1.000 (electrons: 1038, neutral: 1038)
Foil 1 electron ratio: 1.000 (electrons: 1038, neutral: 1038)
Foil 1 electron ratio: 1.000 (electrons: 1038, neutral: 1038)
Foil 1 electron ratio: 1.000 (electrons: 1038, neutral: 1038)
Foil 2 electron ratio: 1.000 (electrons: 1030, neutral: 1030)
Foil 1 electron ratio: 1.000 (electrons: 1038, neutral: 1038)
Foil 2 electron ratio: 1.000 (electrons: 1030, neutral: 1030)
Foil 2 electron ratio: 1.000 (electrons: 1030, neutral: 1030)
Foil 1 electron ratio: 1.000 (electrons: 1038, neutral: 1038)
Foil 1 electron ratio: 0.999 (electrons: 1037, neutral: 1038)
Foil 1 electron ratio: 1.000 (electrons: 1038, neutral: 1038)
Foil 2 electron ratio: 1.000 (electrons: 1030, neutral: 1030)
Foil 2 electron ratio: 1.000 (electrons: 1030, neutral: 1030)
Foil 1 electron ratio: 0.997 (electrons: 1035, neutral: 1038)
Foil 2 electron ratio: 1.000 (electrons: 1030, neutral: 1030)
Foil 2 electron ratio: 1.000 (electrons: 1030, neutral: 1030)
Foil 1 electron ratio: 1.000 (electrons: 1038, neutral: 1038)
Foil 2 electron ratio: 1.000 (electrons: 1030, neutral: 1030)
Foil 2 electron ratio: 1.000 (electrons: 1030, neutral: 1030)
Foil 2 electron ratio: 0.999 (electrons: 1029, neutral: 1030)
Foil 2 electron ratio: 1.000 (electrons: 1030, neutral: 1030)
Foil 2 electron ratio: 1.000 (electrons: 1030, neutral: 1030)
Foil 2 electron ratio: 1.000 (electrons: 1030, neutral: 1030)
Foil 2 electron ratio: 1.000 (electrons: 1030, neutral: 1030)
Foil 1 electron ratio: 1.000 (electrons: 1038, neutral: 1038)
Foil 2 electron ratio: 1.000 (electrons: 1030, neutral: 1030)
Foil 1 electron ratio: 1.002 (electrons: 1040, neutral: 1038)
Foil 1 electron ratio: 1.000 (electrons: 1038, neutral: 1038)
Foil 2 electron ratio: 1.000 (electrons: 1030, neutral: 1030)
Foil 2 electron ratio: 1.000 (electrons: 1030, neutral: 1030)
Foil 2 electron ratio: 1.000 (electrons: 1030, neutral: 1030)
Foil 2 electron ratio: 1.000 (electrons: 1030, neutral: 1030)
Foil 2 electron ratio: 1.000 (electrons: 1030, neutral: 1030)
Foil 2 electron ratio: 1.000 (electrons: 1030, neutral: 1030)
Foil 2 electron ratio: 1.000 (electrons: 1030, neutral: 1030)
Foil 1 electron ratio: 1.000 (electrons: 1038, neutral: 1038)
Foil 1 electron ratio: 1.000 (electrons: 1038, neutral: 1038)
Foil 2 electron ratio: 1.000 (electrons: 1030, neutral: 1030)
Foil 2 electron ratio: 0.997 (electrons: 1027, neutral: 1030)
Foil 2 electron ratio: 1.001 (electrons: 1031, neutral: 1030)
Foil 1 electron ratio: 0.999 (electrons: 1037, neutral: 1038)
Foil 2 electron ratio: 1.000 (electrons: 1030, neutral: 1030)
Foil 1 electron ratio: 0.998 (electrons: 1036, neutral: 1038)
Foil 2 electron ratio: 1.001 (electrons: 1031, neutral: 1030)
Foil 1 electron ratio: 1.000 (electrons: 1038, neutral: 1038)
Foil 1 electron ratio: 1.000 (electrons: 1038, neutral: 1038)
Foil 1 electron ratio: 1.001 (electrons: 1039, neutral: 1038)
Foil 1 electron ratio: 1.001 (electrons: 1039, neutral: 1038)
Foil 1 electron ratio: 1.000 (electrons: 1038, neutral: 1038)
Foil 2 electron ratio: 1.000 (electrons: 1030, neutral: 1030)
Foil 2 electron ratio: 1.000 (electrons: 1030, neutral: 1030)
Foil 2 electron ratio: 1.000 (electrons: 1030, neutral: 1030)
Foil 1 electron ratio: 1.000 (electrons: 1038, neutral: 1038)
Foil 2 electron ratio: 1.000 (electrons: 1030, neutral: 1030)
Foil 2 electron ratio: 1.000 (electrons: 1030, neutral: 1030)
Foil 1 electron ratio: 1.000 (electrons: 1038, neutral: 1038)
Foil 1 electron ratio: 1.000 (electrons: 1038, neutral: 1038)
Foil 1 electron ratio: 1.000 (electrons: 1038, neutral: 1038)
Foil 2 electron ratio: 1.000 (electrons: 1030, neutral: 1030)
Foil 1 electron ratio: 1.000 (electrons: 1038, neutral: 1038)
Foil 2 electron ratio: 1.000 (electrons: 1030, neutral: 1030)
Foil 2 electron ratio: 0.998 (electrons: 1028, neutral: 1030)
Foil 2 electron ratio: 1.000 (electrons: 1030, neutral: 1030)
Foil 1 electron ratio: 1.000 (electrons: 1038, neutral: 1038)
Foil 2 electron ratio: 0.998 (electrons: 1028, neutral: 1030)
Foil 1 electron ratio: 1.000 (electrons: 1038, neutral: 1038)
Foil 1 electron ratio: 1.000 (electrons: 1038, neutral: 1038)
Foil 2 electron ratio: 1.001 (electrons: 1031, neutral: 1030)
Foil 2 electron ratio: 0.999 (electrons: 1029, neutral: 1030)
Foil 1 electron ratio: 1.001 (electrons: 1039, neutral: 1038)
Foil 1 electron ratio: 1.001 (electrons: 1039, neutral: 1038)
Foil 2 electron ratio: 1.000 (electrons: 1030, neutral: 1030)
Foil 1 electron ratio: 1.001 (electrons: 1039, neutral: 1038)
Foil 2 electron ratio: 1.000 (electrons: 1030, neutral: 1030)
Foil 1 electron ratio: 1.001 (electrons: 1039, neutral: 1038)
Foil 1 electron ratio: 1.000 (electrons: 1038, neutral: 1038)
pulse 0: V_pre=-0.0041 V_post_onset=-0.0042 V_pulse_end=-0.0478 V_relax_end=-0.0061 R0=-8.389e-3

DCR pulse sweep finished: 1 pulses, 201000 steps, 2121.5s wall, sim time 1005000 fs
wrote doe_results/dcr_pulse_sweep/dcr-potentio-1-r_amp1e-2\dense_series.csv
wrote doe_results/dcr_pulse_sweep/dcr-potentio-1-r_amp1e-2\pulse_summary.csv
wrote doe_results/dcr_pulse_sweep/dcr-potentio-1-r_amp1e-2\summary.txt
[run_job] end=2026-05-05T18:53:05Z rc=0
