[run_job] id=dcr-pulse-005-retry
[run_job] binary=dcr_pulse_sweep
[run_job] workdir=/c/Users/Yeyian PC/Desktop/ParticleSim-master/ParticleSim
[run_job] exe=/c/Users/Yeyian PC/Desktop/ParticleSim-master/ParticleSim/target/release/dcr_pulse_sweep.exe
[run_job] log=/c/Users/Yeyian PC/Desktop/ParticleSim-master/ParticleSim/doe_results/dcr_pulse_sweep/dcr-005r_amp6e-2/run.log
[run_job] args: --amplitude 0.06 --duration-on-fs 2000 --duration-rest-fs 5000 --num-pulses 5 --equilibrate-fs 20000 --pre-hold-fs 5000 --log-stride 2 --run-id dcr-005r_amp6e-2 --scenario /c/Users/Yeyian PC/Desktop/ParticleSim-master/ParticleSim/measurement_configs/eis_validation_flat_symmetric.toml
[run_job] start=2026-05-05T12:54:26Z
Successfully placed 86 random bodies
Successfully placed 86 random bodies
Successfully placed 598 random bodies
Successfully placed 599 random bodies
scenario=C:/Users/Yeyian PC/Desktop/ParticleSim-master/ParticleSim/measurement_configs/eis_validation_flat_symmetric.toml seed=0xC0FFEE
bodies=3449 foils=2
probe bodies: A=130 B=130
dt=5 fs  group_a=[1]  group_b=[2]
equilibrating 20000 fs (4000 steps)
zero-current pre-hold 5000 fs (1000 steps)
pulses=5 duration_on=2000 fs (400 steps)  duration_rest=5000 fs (1000 steps)
pulse 0: V_pre=-0.0033 V_post_onset=-0.0031 V_pulse_end=-0.5845 V_relax_end=-0.5487 R0=2.218e-3
pulse 1: V_pre=-0.5487 V_post_onset=-0.5398 V_pulse_end=-1.1411 V_relax_end=-1.0878 R0=1.480e-1
pulse 2: V_pre=-1.0878 V_post_onset=-1.1177 V_pulse_end=-1.7503 V_relax_end=-1.6372 R0=-4.986e-1
pulse 3: V_pre=-1.6372 V_post_onset=-1.6018 V_pulse_end=-2.2560 V_relax_end=-2.1231 R0=5.904e-1
pulse 4: V_pre=-2.1231 V_post_onset=-2.0940 V_pulse_end=-2.7936 V_relax_end=-2.5349 R0=4.856e-1

DCR pulse sweep finished: 5 pulses, 7000 steps, 117.3s wall, sim time 35000 fs
wrote doe_results/dcr_pulse_sweep/dcr-005r_amp6e-2\dense_series.csv
wrote doe_results/dcr_pulse_sweep/dcr-005r_amp6e-2\pulse_summary.csv
wrote doe_results/dcr_pulse_sweep/dcr-005r_amp6e-2\summary.txt
[run_job] end=2026-05-05T12:57:11Z rc=0
