[run_job] id=dcr-pulse-003-retry
[run_job] binary=dcr_pulse_sweep
[run_job] workdir=/c/Users/Yeyian PC/Desktop/ParticleSim-master/ParticleSim
[run_job] exe=/c/Users/Yeyian PC/Desktop/ParticleSim-master/ParticleSim/target/release/dcr_pulse_sweep.exe
[run_job] log=/c/Users/Yeyian PC/Desktop/ParticleSim-master/ParticleSim/doe_results/dcr_pulse_sweep/dcr-003r_amp2e-2/run.log
[run_job] args: --amplitude 0.02 --duration-on-fs 2000 --duration-rest-fs 5000 --num-pulses 5 --equilibrate-fs 20000 --pre-hold-fs 5000 --log-stride 2 --run-id dcr-003r_amp2e-2 --scenario /c/Users/Yeyian PC/Desktop/ParticleSim-master/ParticleSim/measurement_configs/eis_validation_flat_symmetric.toml
[run_job] start=2026-05-05T12:53:51Z
Successfully placed 86 random bodies
Successfully placed 86 random bodies
Successfully placed 598 random bodies
Successfully placed 599 random bodies
scenario=C:/Users/Yeyian PC/Desktop/ParticleSim-master/ParticleSim/measurement_configs/eis_validation_flat_symmetric.toml seed=0xC0FFEE
bodies=3449 foils=2
probe bodies: A=130 B=130
dt=5 fs  group_a=[1]  group_b=[2]
equilibrating 20000 fs (4000 steps)
zero-current pre-hold 5000 fs (1000 steps)
pulses=5 duration_on=2000 fs (400 steps)  duration_rest=5000 fs (1000 steps)
pulse 0: V_pre=-0.0041 V_post_onset=-0.0042 V_pulse_end=-0.1628 V_relax_end=-0.1371 R0=-3.180e-3
pulse 1: V_pre=-0.1371 V_post_onset=-0.1320 V_pulse_end=-0.3247 V_relax_end=-0.3229 R0=2.538e-1
pulse 2: V_pre=-0.3229 V_post_onset=-0.3201 V_pulse_end=-0.4998 V_relax_end=-0.4970 R0=1.440e-1
pulse 3: V_pre=-0.4970 V_post_onset=-0.4937 V_pulse_end=-0.7008 V_relax_end=-0.6647 R0=1.665e-1
pulse 4: V_pre=-0.6647 V_post_onset=-0.6561 V_pulse_end=-0.8983 V_relax_end=-0.8768 R0=4.290e-1

DCR pulse sweep finished: 5 pulses, 7000 steps, 117.1s wall, sim time 35000 fs
wrote doe_results/dcr_pulse_sweep/dcr-003r_amp2e-2\dense_series.csv
wrote doe_results/dcr_pulse_sweep/dcr-003r_amp2e-2\pulse_summary.csv
wrote doe_results/dcr_pulse_sweep/dcr-003r_amp2e-2\summary.txt
[run_job] end=2026-05-05T12:56:37Z rc=0
