[run_job] id=doe-007
[run_job] workdir=/c/Users/Yeyian PC/Desktop/ParticleSim-master/ParticleSim/runs/doe-007
[run_job] exe=/c/Users/Yeyian PC/Desktop/ParticleSim-master/ParticleSim/target/release/eis_quick_sweep.exe
[run_job] log=/c/Users/Yeyian PC/Desktop/ParticleSim-master/ParticleSim/doe_results/eis_doe_lf/doe-007_amp5_freq5e-3to5e-2.log
[run_job] args: --amplitude 5 --f-min 5e-3 --f-max 5e-2 --scenario /c/Users/Yeyian PC/Desktop/ParticleSim-master/ParticleSim/measurement_configs/eis_validation_flat_symmetric.toml
[run_job] start=2026-05-02T13:31:33Z
Successfully placed 86 random bodies
Successfully placed 86 random bodies
Successfully placed 598 random bodies
Successfully placed 599 random bodies
scenario=C:/Users/Yeyian PC/Desktop/ParticleSim-master/ParticleSim/measurement_configs/eis_validation_flat_symmetric.toml seed=0xC0FFEE
bodies=3449 foils=2
dt=5 fs  group_a=[1]  group_b=[2]
equilibrating 50000 fs (10000 steps)
zero-current pre-hold 10000 fs (2000 steps)
[EIS] Started sweep (Galvanostatic): 3 frequencies from 5.00e-2 to 5.00e-3 (1/fs)
[EIS] Estimated total time: 2266 fs (2.3 ps), amplitude=5.0000e0
[EIS] Group A (+ perturbation): [1], Group B (- perturbation): [2]
[EIS] Voltage probes: 0 per group (A=130, B=130)
EIS sweep started (Galvanostatic)
[EIS] freq 1/3 (5.00e-2 1/fs) phase=Settling elapsed=5fs/160fs cycles=0.25 samples=0 V=-3.6264e-3 I=-5.0000e0
[EIS] Freq 1/3 (5.00e-2): settling complete, now recording
[EIS] Completed freq 1/3: 5.00e-2 1/fs -> Z = (-9.3181e-4, 1.4436e-4), |Z|=9.4292e-4, phase=171.2 deg, 17 samples
[EIS]   Z_actual = (-1.6283e-2, -9.0321e-3), Z_cap = (2.5000e3, -2.5000e3)
[EIS] Saved time-series: eis_timeseries\eis_ts_001_5.000e-2.csv (34 pts, v_dc=-1.374e-2, i_dc=-1.279e-6)
[EIS] Freq 2/3 (1.58e-2): settling complete, now recording
[EIS] Completed freq 2/3: 1.58e-2 1/fs -> Z = (-2.7967e-3, 2.2882e-3), |Z|=3.6135e-3, phase=140.7 deg, 51 samples
[EIS]   Z_actual = (-7.2172e-2, -4.5435e-2), Z_cap = (2.5000e3, -9.8580e3)
[EIS] Saved time-series: eis_timeseries\eis_ts_002_1.581e-2.csv (102 pts, v_dc=-2.589e-1, i_dc=-2.083e-2)
[EIS] Freq 3/3 (5.00e-3): settling complete, now recording
[EIS] Completed freq 3/3: 5.00e-3 1/fs -> Z = (-9.7851e-3, 4.8506e-4), |Z|=9.7971e-3, phase=177.2 deg, 160 samples
[EIS]   Z_actual = (-3.7281e-2, -2.1261e-1), Z_cap = (2.5000e3, -3.1766e4)
[EIS] Saved time-series: eis_timeseries\eis_ts_003_5.000e-3.csv (320 pts, v_dc=-6.664e-1, i_dc=-2.248e-8)
[EIS] Sweep complete! 3 points collected
sweep finished in 456 steps (7.6s wall, sim time 2.28e3 fs)

=== 3 EisPoints ===
   i        freq       z_real       z_imag         |Z|     phase     R²(V)     R²(I)       V_amp       I_amp
   0    5.000e-2    -9.318e-4    +1.444e-4    9.429e-4   +171.2°    0.4267    1.0000    4.715e-3     5.000e0
   1    1.581e-2    -2.797e-3    +2.288e-3    3.613e-3   +140.7°    0.4014    1.0000    1.807e-2     5.000e0
   2    5.000e-3    -9.785e-3    +4.851e-4    9.797e-3   +177.2°    0.4396    1.0000    4.899e-2     5.000e0
[run_job] end=2026-05-02T13:33:14Z rc=0
