[run_job] id=doe-005
[run_job] workdir=/c/Users/Yeyian PC/Desktop/ParticleSim-master/ParticleSim/runs/doe-005
[run_job] exe=/c/Users/Yeyian PC/Desktop/ParticleSim-master/ParticleSim/target/release/eis_quick_sweep.exe
[run_job] log=/c/Users/Yeyian PC/Desktop/ParticleSim-master/ParticleSim/doe_results/eis_doe_lf/doe-005_amp2.0_freq5e-5to5e-4.log
[run_job] args: --amplitude 2.0 --f-min 5e-5 --f-max 5e-4 --scenario /c/Users/Yeyian PC/Desktop/ParticleSim-master/ParticleSim/measurement_configs/eis_validation_flat_symmetric.toml
[run_job] start=2026-05-02T13:25:37Z
Successfully placed 86 random bodies
Successfully placed 86 random bodies
Successfully placed 598 random bodies
Successfully placed 599 random bodies
scenario=C:/Users/Yeyian PC/Desktop/ParticleSim-master/ParticleSim/measurement_configs/eis_validation_flat_symmetric.toml seed=0xC0FFEE
bodies=3449 foils=2
dt=5 fs  group_a=[1]  group_b=[2]
equilibrating 50000 fs (10000 steps)
zero-current pre-hold 10000 fs (2000 steps)
[EIS] Started sweep (Galvanostatic): 4 frequencies from 5.00e-4 to 5.00e-5 (1/fs)
[EIS] Estimated total time: 284736 fs (284.7 ps), amplitude=2.0000e0
[EIS] Group A (+ perturbation): [1], Group B (- perturbation): [2]
[EIS] Voltage probes: 0 per group (A=130, B=130)
EIS sweep started (Galvanostatic)
[EIS] freq 1/4 (5.00e-4 1/fs) phase=Settling elapsed=5fs/16000fs cycles=0.00 samples=0 V=-3.7222e-3 I=-3.1415e-2
[EIS] Freq 1/4 (5.00e-4): settling complete, now recording
[EIS] Completed freq 1/4: 5.00e-4 1/fs -> Z = (-1.6312e-1, -2.4920e-2), |Z|=1.6501e-1, phase=-171.3 deg, 1600 samples
[EIS]   Z_actual = (-1.3125e-2, -1.7073e0), Z_cap = (2.5000e3, -3.1830e5)
[EIS] Saved time-series: eis_timeseries\eis_ts_001_5.000e-4.csv (1600 pts, v_dc=-2.041e0, i_dc=-3.794e-8)
[EIS] Freq 2/4 (2.32e-4): settling complete, now recording
[EIS] freq 2/4 (2.32e-4 1/fs) phase=Recording elapsed=34005fs/34471fs cycles=7.89 samples=3352 V=-2.8209e0 I=1.2567e0
[EIS] Completed freq 2/4: 2.32e-4 1/fs -> Z = (-2.0778e-1, -7.7128e-2), |Z|=2.2163e-1, phase=-159.6 deg, 3448 samples
[EIS]   Z_actual = (1.9643e-1, -3.5111e0), Z_cap = (2.5000e3, -6.8577e5)
[EIS] Saved time-series: eis_timeseries\eis_ts_002_2.321e-4.csv (1724 pts, v_dc=-2.618e0, i_dc=-1.283e-5)
[EIS] Freq 3/4 (1.08e-4): settling complete, now recording
[EIS] freq 3/4 (1.08e-4 1/fs) phase=Recording elapsed=49525fs/74265fs cycles=5.33 samples=2477 V=-2.2333e0 I=-1.7220e0
[EIS] Completed freq 3/4: 1.08e-4 1/fs -> Z = (-1.3838e-1, -1.4336e-1), |Z|=1.9925e-1, phase=-134.0 deg, 7427 samples
[EIS]   Z_actual = (5.3470e-1, -5.5008e0), Z_cap = (2.5000e3, -1.4775e6)
[EIS] Saved time-series: eis_timeseries\eis_ts_003_1.077e-4.csv (1856 pts, v_dc=-2.073e0, i_dc=4.228e-7)
[EIS] freq 4/4 (5.00e-5 1/fs) phase=Settling elapsed=25255fs/160000fs cycles=1.26 samples=0 V=-1.4075e0 I=-1.9936e0
[EIS] freq 4/4 (5.00e-5 1/fs) phase=Settling elapsed=75255fs/160000fs cycles=3.76 samples=0 V=-1.4314e0 I=1.9936e0
[EIS] Freq 4/4 (5.00e-5): settling complete, now recording
[EIS] freq 4/4 (5.00e-5 1/fs) phase=Recording elapsed=125255fs/160000fs cycles=6.26 samples=9049 V=-1.1654e0 I=-1.9936e0
[EIS] Completed freq 4/4: 5.00e-5 1/fs -> Z = (-6.8766e-2, -7.7925e-2), |Z|=1.0393e-1, phase=-131.4 deg, 16001 samples
[EIS]   Z_actual = (-8.5136e-1, -1.0571e1), Z_cap = (2.5000e3, -3.1831e6)
[EIS] Saved time-series: eis_timeseries\eis_ts_004_5.000e-5.csv (1882 pts, v_dc=-1.190e0, i_dc=2.346e-6)
[EIS] Sweep complete! 4 points collected
sweep finished in 56952 steps (1047.0s wall, sim time 2.85e5 fs)

=== 4 EisPoints ===
   i        freq       z_real       z_imag         |Z|     phase     R²(V)     R²(I)       V_amp       I_amp
   0    5.000e-4    -1.631e-1    -2.492e-2    1.650e-1   -171.3°    0.8993    1.0000    3.300e-1     2.000e0
   1    2.321e-4    -2.078e-1    -7.713e-2    2.216e-1   -159.6°    0.8170    1.0000    4.433e-1     2.000e0
   2    1.077e-4    -1.384e-1    -1.434e-1    1.993e-1   -134.0°    0.5496    1.0000    3.985e-1     2.000e0
   3    5.000e-5    -6.877e-2    -7.792e-2    1.039e-1   -131.4°    0.5050    1.0000    2.079e-1     2.000e0
[run_job] end=2026-05-02T13:44:34Z rc=0
