[run_job] id=doe-014
[run_job] workdir=/c/Users/Yeyian PC/Desktop/ParticleSim-master/ParticleSim/runs/doe-014
[run_job] exe=/c/Users/Yeyian PC/Desktop/ParticleSim-master/ParticleSim/target/release/eis_quick_sweep.exe
[run_job] log=/c/Users/Yeyian PC/Desktop/ParticleSim-master/ParticleSim/doe_results/eis_doe_lf/doe-014_amp0.06_freq5e-4to5e-3.log
[run_job] args: --amplitude 0.06 --f-min 5e-4 --f-max 5e-3 --scenario /c/Users/Yeyian PC/Desktop/ParticleSim-master/ParticleSim/measurement_configs/eis_validation_flat_symmetric.toml
[run_job] start=2026-05-02T14:00:33Z
Successfully placed 86 random bodies
Successfully placed 86 random bodies
Successfully placed 598 random bodies
Successfully placed 599 random bodies
scenario=C:/Users/Yeyian PC/Desktop/ParticleSim-master/ParticleSim/measurement_configs/eis_validation_flat_symmetric.toml seed=0xC0FFEE
bodies=3449 foils=2
dt=5 fs  group_a=[1]  group_b=[2]
equilibrating 50000 fs (10000 steps)
zero-current pre-hold 10000 fs (2000 steps)
[EIS] Started sweep (Galvanostatic): 3 frequencies from 5.00e-3 to 5.00e-4 (1/fs)
[EIS] Estimated total time: 22660 fs (22.7 ps), amplitude=6.0000e-2
[EIS] Group A (+ perturbation): [1], Group B (- perturbation): [2]
[EIS] Voltage probes: 0 per group (A=130, B=130)
EIS sweep started (Galvanostatic)
[EIS] freq 1/3 (5.00e-3 1/fs) phase=Settling elapsed=5fs/1600fs cycles=0.03 samples=0 V=-1.7916e-3 I=-9.3861e-3
[EIS] Freq 1/3 (5.00e-3): settling complete, now recording
[EIS] Completed freq 1/3: 5.00e-3 1/fs -> Z = (-3.2602e-2, -1.1696e-1), |Z|=1.2142e-1, phase=-105.6 deg, 160 samples
[EIS]   Z_actual = (4.9637e-4, -1.8953e-1), Z_cap = (2.5000e3, -3.1766e4)
[EIS] Saved time-series: eis_timeseries\eis_ts_001_5.000e-3.csv (320 pts, v_dc=-1.764e-2, i_dc=-3.244e-10)
[EIS] Freq 2/3 (1.58e-3): settling complete, now recording
[EIS] Completed freq 2/3: 1.58e-3 1/fs -> Z = (-9.2957e-2, -5.0150e-1), |Z|=5.1004e-1, phase=-100.5 deg, 506 samples
[EIS]   Z_actual = (-3.5377e-2, -5.1088e-1), Z_cap = (2.5000e3, -1.0064e5)
[EIS] Saved time-series: eis_timeseries\eis_ts_002_1.581e-3.csv (1012 pts, v_dc=-3.316e-2, i_dc=-1.161e-7)
[EIS] Freq 3/3 (5.00e-4): settling complete, now recording
[EIS] Completed freq 3/3: 5.00e-4 1/fs -> Z = (-4.3014e-2, -1.5153e0), |Z|=1.5159e0, phase=-91.6 deg, 1600 samples
[EIS]   Z_actual = (1.6517e-2, -1.5212e0), Z_cap = (2.5000e3, -3.1830e5)
[EIS] Saved time-series: eis_timeseries\eis_ts_003_5.000e-4.csv (1600 pts, v_dc=-7.926e-2, i_dc=-1.145e-9)
[EIS] Sweep complete! 3 points collected
sweep finished in 4532 steps (92.8s wall, sim time 2.27e4 fs)

=== 3 EisPoints ===
   i        freq       z_real       z_imag         |Z|     phase     R²(V)     R²(I)       V_amp       I_amp
   0    5.000e-3    -3.260e-2    -1.170e-1    1.214e-1   -105.6°    0.5502    1.0000    7.285e-3    6.000e-2
   1    1.581e-3    -9.296e-2    -5.015e-1    5.100e-1   -100.5°    0.9188    1.0000    3.060e-2    6.000e-2
   2    5.000e-4    -4.301e-2     -1.515e0     1.516e0    -91.6°    0.9844    1.0000    9.095e-2    6.000e-2
[run_job] end=2026-05-02T14:03:55Z rc=0
