[run_job] id=doe-018
[run_job] workdir=/c/Users/Yeyian PC/Desktop/ParticleSim-master/ParticleSim/runs/doe-018
[run_job] exe=/c/Users/Yeyian PC/Desktop/ParticleSim-master/ParticleSim/target/release/eis_quick_sweep.exe
[run_job] log=/c/Users/Yeyian PC/Desktop/ParticleSim-master/ParticleSim/doe_results/eis_doe_lf/doe-018_amp0.06_freq5e-4to5e-3_periods8.log
[run_job] args: --amplitude 0.06 --f-min 5e-4 --f-max 5e-3 --periods-per-freq 8 --scenario /c/Users/Yeyian PC/Desktop/ParticleSim-master/ParticleSim/measurement_configs/eis_validation_flat_symmetric.toml
[run_job] start=2026-05-02T14:01:34Z
Successfully placed 86 random bodies
Successfully placed 86 random bodies
Successfully placed 598 random bodies
Successfully placed 599 random bodies
scenario=C:/Users/Yeyian PC/Desktop/ParticleSim-master/ParticleSim/measurement_configs/eis_validation_flat_symmetric.toml seed=0xC0FFEE
bodies=3449 foils=2
dt=5 fs  group_a=[1]  group_b=[2]
equilibrating 50000 fs (10000 steps)
zero-current pre-hold 10000 fs (2000 steps)
[EIS] Started sweep (Galvanostatic): 3 frequencies from 5.00e-3 to 5.00e-4 (1/fs)
[EIS] Estimated total time: 33989 fs (34.0 ps), amplitude=6.0000e-2
[EIS] Group A (+ perturbation): [1], Group B (- perturbation): [2]
[EIS] Voltage probes: 0 per group (A=130, B=130)
EIS sweep started (Galvanostatic)
[EIS] freq 1/3 (5.00e-3 1/fs) phase=Settling elapsed=5fs/2400fs cycles=0.03 samples=0 V=-5.3260e-3 I=-9.3861e-3
[EIS] Freq 1/3 (5.00e-3): settling complete, now recording
[EIS] Completed freq 1/3: 5.00e-3 1/fs -> Z = (-7.3520e-2, -1.0837e-1), |Z|=1.3096e-1, phase=-124.2 deg, 320 samples
[EIS]   Z_actual = (-6.4617e-2, -1.9393e-1), Z_cap = (2.5000e3, -3.1766e4)
[EIS] Saved time-series: eis_timeseries\eis_ts_001_5.000e-3.csv (480 pts, v_dc=-1.643e-2, i_dc=-3.224e-9)
[EIS] Freq 2/3 (1.58e-3): settling complete, now recording
[EIS] Completed freq 2/3: 1.58e-3 1/fs -> Z = (-5.7468e-2, -5.0829e-1), |Z|=5.1153e-1, phase=-96.5 deg, 1012 samples
[EIS]   Z_actual = (-3.9099e-3, -5.1814e-1), Z_cap = (2.5000e3, -1.0064e5)
[EIS] Saved time-series: eis_timeseries\eis_ts_002_1.581e-3.csv (1518 pts, v_dc=-3.790e-2, i_dc=-1.214e-7)
[EIS] Freq 3/3 (5.00e-4): settling complete, now recording
[EIS] Completed freq 3/3: 5.00e-4 1/fs -> Z = (-4.7627e-2, -1.4919e0), |Z|=1.4927e0, phase=-91.8 deg, 3200 samples
[EIS]   Z_actual = (3.0321e-3, -1.4978e0), Z_cap = (2.5000e3, -3.1830e5)
[EIS] Saved time-series: eis_timeseries\eis_ts_003_5.000e-4.csv (1600 pts, v_dc=-7.900e-2, i_dc=-2.949e-7)
[EIS] Sweep complete! 3 points collected
sweep finished in 6798 steps (132.4s wall, sim time 3.40e4 fs)

=== 3 EisPoints ===
   i        freq       z_real       z_imag         |Z|     phase     R²(V)     R²(I)       V_amp       I_amp
   0    5.000e-3    -7.352e-2    -1.084e-1    1.310e-1   -124.2°    0.5004    1.0000    7.857e-3    6.000e-2
   1    1.581e-3    -5.747e-2    -5.083e-1    5.115e-1    -96.5°    0.8895    1.0000    3.069e-2    6.000e-2
   2    5.000e-4    -4.763e-2     -1.492e0     1.493e0    -91.8°    0.9849    1.0000    8.956e-2    6.000e-2
[run_job] end=2026-05-02T14:05:41Z rc=0
