[run_job] id=doe-004
[run_job] workdir=/c/Users/Yeyian PC/Desktop/ParticleSim-master/ParticleSim/runs/doe-004
[run_job] exe=/c/Users/Yeyian PC/Desktop/ParticleSim-master/ParticleSim/target/release/eis_quick_sweep.exe
[run_job] log=/c/Users/Yeyian PC/Desktop/ParticleSim-master/ParticleSim/doe_results/eis_doe_lf/doe-004_amp0.6_freq5e-3to5e-2.log
[run_job] args: --amplitude 0.6 --f-min 5e-3 --f-max 5e-2 --scenario /c/Users/Yeyian PC/Desktop/ParticleSim-master/ParticleSim/measurement_configs/eis_validation_flat_symmetric.toml
[run_job] start=2026-05-02T13:24:35Z
Successfully placed 86 random bodies
Successfully placed 86 random bodies
Successfully placed 598 random bodies
Successfully placed 599 random bodies
scenario=C:/Users/Yeyian PC/Desktop/ParticleSim-master/ParticleSim/measurement_configs/eis_validation_flat_symmetric.toml seed=0xC0FFEE
bodies=3449 foils=2
dt=5 fs  group_a=[1]  group_b=[2]
equilibrating 50000 fs (10000 steps)
zero-current pre-hold 10000 fs (2000 steps)
[EIS] Started sweep (Galvanostatic): 3 frequencies from 5.00e-2 to 5.00e-3 (1/fs)
[EIS] Estimated total time: 2266 fs (2.3 ps), amplitude=6.0000e-1
[EIS] Group A (+ perturbation): [1], Group B (- perturbation): [2]
[EIS] Voltage probes: 0 per group (A=130, B=130)
EIS sweep started (Galvanostatic)
[EIS] freq 1/3 (5.00e-2 1/fs) phase=Settling elapsed=5fs/160fs cycles=0.25 samples=0 V=-5.6901e-3 I=-6.0000e-1
[EIS] Freq 1/3 (5.00e-2): settling complete, now recording
[EIS] Completed freq 1/3: 5.00e-2 1/fs -> Z = (-1.1195e-3, 6.9990e-4), |Z|=1.3202e-3, phase=148.0 deg, 17 samples
[EIS]   Z_actual = (-2.7290e-3, -6.2935e-4), Z_cap = (2.5000e3, -2.5000e3)
[EIS] Saved time-series: eis_timeseries\eis_ts_001_5.000e-2.csv (34 pts, v_dc=-1.081e-2, i_dc=-1.534e-7)
[EIS] Freq 2/3 (1.58e-2): settling complete, now recording
[EIS] Completed freq 2/3: 1.58e-2 1/fs -> Z = (-1.6522e-2, 8.3806e-3), |Z|=1.8526e-2, phase=153.1 deg, 51 samples
[EIS]   Z_actual = (-3.9837e-2, -1.7562e-2), Z_cap = (2.5000e3, -9.8580e3)
[EIS] Saved time-series: eis_timeseries\eis_ts_002_1.581e-2.csv (102 pts, v_dc=-5.621e-2, i_dc=-2.499e-3)
[EIS] Freq 3/3 (5.00e-3): settling complete, now recording
[EIS] Completed freq 3/3: 5.00e-3 1/fs -> Z = (-6.2254e-2, -2.4767e-2), |Z|=6.7000e-2, phase=-158.3 deg, 160 samples
[EIS]   Z_actual = (-3.1504e-2, -1.5999e-1), Z_cap = (2.5000e3, -3.1766e4)
[EIS] Saved time-series: eis_timeseries\eis_ts_003_5.000e-3.csv (320 pts, v_dc=-1.160e-1, i_dc=-3.547e-9)
[EIS] Sweep complete! 3 points collected
sweep finished in 456 steps (7.2s wall, sim time 2.28e3 fs)

=== 3 EisPoints ===
   i        freq       z_real       z_imag         |Z|     phase     R²(V)     R²(I)       V_amp       I_amp
   0    5.000e-2    -1.119e-3    +6.999e-4    1.320e-3   +148.0°    0.0068    1.0000    7.921e-4    6.000e-1
   1    1.581e-2    -1.652e-2    +8.381e-3    1.853e-2   +153.1°    0.4049    1.0000    1.112e-2    6.000e-1
   2    5.000e-3    -6.225e-2    -2.477e-2    6.700e-2   -158.3°    0.8573    1.0000    4.020e-2    6.000e-1
[run_job] end=2026-05-02T13:26:09Z rc=0
