[run_job] id=doe-028
[run_job] workdir=/c/Users/Yeyian PC/Desktop/ParticleSim-master/ParticleSim/runs/doe-028
[run_job] exe=/c/Users/Yeyian PC/Desktop/ParticleSim-master/ParticleSim/target/release/eis_quick_sweep.exe
[run_job] log=/c/Users/Yeyian PC/Desktop/ParticleSim-master/ParticleSim/doe_results/eis_doe_lf/doe-028_amp0.04_freq5e-5to2e-4_ppd6.log
[run_job] args: --amplitude 0.04 --f-min 5e-5 --f-max 2e-4 --points-per-decade 6 --scenario /c/Users/Yeyian PC/Desktop/ParticleSim-master/ParticleSim/measurement_configs/eis_validation_flat_symmetric.toml
[run_job] start=2026-05-02T20:31:34Z
Successfully placed 86 random bodies
Successfully placed 86 random bodies
Successfully placed 598 random bodies
Successfully placed 599 random bodies
scenario=C:/Users/Yeyian PC/Desktop/ParticleSim-master/ParticleSim/measurement_configs/eis_validation_flat_symmetric.toml seed=0xC0FFEE
bodies=3449 foils=2
dt=5 fs  group_a=[1]  group_b=[2]
equilibrating 50000 fs (10000 steps)
zero-current pre-hold 10000 fs (2000 steps)
[EIS] Started sweep (Galvanostatic): 5 frequencies from 2.00e-4 to 5.00e-5 (1/fs)
[EIS] Estimated total time: 449706 fs (449.7 ps), amplitude=4.0000e-2
[EIS] Group A (+ perturbation): [1], Group B (- perturbation): [2]
[EIS] Voltage probes: 0 per group (A=130, B=130)
EIS sweep started (Galvanostatic)
[EIS] freq 1/5 (2.00e-4 1/fs) phase=Settling elapsed=5fs/40000fs cycles=0.00 samples=0 V=-6.4304e-3 I=-2.5133e-4
[EIS] Freq 1/5 (2.00e-4): settling complete, now recording
[EIS] Completed freq 1/5: 2.00e-4 1/fs -> Z = (-3.0058e-2, -3.8672e0), |Z|=3.8673e0, phase=-90.4 deg, 4001 samples
[EIS]   Z_actual = (7.2452e-2, -3.8231e0), Z_cap = (2.5000e3, -7.9577e5)
[EIS] Saved time-series: eis_timeseries\eis_ts_001_2.000e-4.csv (1600 pts, v_dc=-1.216e-1, i_dc=-5.403e-10)
[EIS] freq 2/5 (1.41e-4 1/fs) phase=Settling elapsed=9995fs/56569fs cycles=1.41 samples=0 V=-3.4626e-1 I=-2.0684e-2
[EIS] Freq 2/5 (1.41e-4): settling complete, now recording
[EIS] Completed freq 2/5: 1.41e-4 1/fs -> Z = (-7.1866e-2, -5.5121e0), |Z|=5.5126e0, phase=-90.7 deg, 5657 samples
[EIS]   Z_actual = (5.8474e-2, -5.4440e0), Z_cap = (2.5000e3, -1.1254e6)
[EIS] Saved time-series: eis_timeseries\eis_ts_002_1.414e-4.csv (1885 pts, v_dc=-1.935e-1, i_dc=4.629e-8)
[EIS] freq 3/5 (1.00e-4 1/fs) phase=Settling elapsed=3425fs/80000fs cycles=0.34 samples=0 V=-4.7055e-1 I=-3.3432e-2
[EIS] Freq 3/5 (1.00e-4): settling complete, now recording
[EIS] freq 3/5 (1.00e-4 1/fs) phase=Recording elapsed=53425fs/80000fs cycles=5.34 samples=2684 V=-4.4369e-1 I=-3.3432e-2
[EIS] Completed freq 3/5: 1.00e-4 1/fs -> Z = (1.0940e-1, -7.8960e0), |Z|=7.8968e0, phase=-89.2 deg, 8000 samples
[EIS]   Z_actual = (2.4976e-1, -7.7599e0), Z_cap = (2.5000e3, -1.5915e6)
[EIS] Saved time-series: eis_timeseries\eis_ts_003_1.000e-4.csv (1777 pts, v_dc=-2.734e-1, i_dc=4.707e-8)
[EIS] freq 4/5 (7.07e-5 1/fs) phase=Settling elapsed=23425fs/113137fs cycles=1.66 samples=0 V=-5.7908e-1 I=3.3279e-2
[EIS] Freq 4/5 (7.07e-5): settling complete, now recording
[EIS] freq 4/5 (7.07e-5 1/fs) phase=Recording elapsed=73425fs/113137fs cycles=5.19 samples=3370 V=-1.2510e-1 I=-3.7367e-2
[EIS] Completed freq 4/5: 7.07e-5 1/fs -> Z = (3.2390e-1, -1.0993e1), |Z|=1.0997e1, phase=-88.3 deg, 11314 samples
[EIS]   Z_actual = (4.8807e-1, -1.0882e1), Z_cap = (2.5000e3, -2.2508e6)
[EIS] Saved time-series: eis_timeseries\eis_ts_004_7.071e-5.csv (1885 pts, v_dc=-2.864e-1, i_dc=4.604e-8)
[EIS] freq 5/5 (5.00e-5 1/fs) phase=Settling elapsed=10285fs/160000fs cycles=0.51 samples=0 V=-1.0952e0 I=3.5766e-3
[EIS] freq 5/5 (5.00e-5 1/fs) phase=Settling elapsed=60285fs/160000fs cycles=3.01 samples=0 V=1.6127e-1 I=-3.5763e-3
[EIS] Freq 5/5 (5.00e-5): settling complete, now recording
[EIS] freq 5/5 (5.00e-5 1/fs) phase=Recording elapsed=110285fs/160000fs cycles=5.51 samples=6055 V=-1.0481e0 I=3.5761e-3
[EIS] Completed freq 5/5: 5.00e-5 1/fs -> Z = (8.8132e-1, -1.5608e1), |Z|=1.5633e1, phase=-86.8 deg, 16001 samples
[EIS]   Z_actual = (1.1704e0, -1.5333e1), Z_cap = (2.5000e3, -3.1831e6)
[EIS] Saved time-series: eis_timeseries\eis_ts_005_5.000e-5.csv (1882 pts, v_dc=-4.471e-1, i_dc=4.692e-8)
[EIS] Sweep complete! 5 points collected
sweep finished in 89946 steps (1956.8s wall, sim time 4.50e5 fs)

=== 5 EisPoints ===
   i        freq       z_real       z_imag         |Z|     phase     R²(V)     R²(I)       V_amp       I_amp
   0    2.000e-4    -3.006e-2     -3.867e0     3.867e0    -90.4°    0.9930    1.0000    1.547e-1    4.000e-2
   1    1.414e-4    -7.187e-2     -5.512e0     5.513e0    -90.7°    0.9938    1.0000    2.205e-1    4.000e-2
   2    1.000e-4    +1.094e-1     -7.896e0     7.897e0    -89.2°    0.9967    1.0000    3.159e-1    4.000e-2
   3    7.071e-5    +3.239e-1     -1.099e1     1.100e1    -88.3°    0.9982    1.0000    4.399e-1    4.000e-2
   4    5.000e-5    +8.813e-1     -1.561e1     1.563e1    -86.8°    0.9977    1.0000    6.253e-1    4.000e-2
[run_job] end=2026-05-02T21:05:09Z rc=0
