[run_job] id=doe-030
[run_job] workdir=/c/Users/Yeyian PC/Desktop/ParticleSim-master/ParticleSim/runs/doe-030
[run_job] exe=/c/Users/Yeyian PC/Desktop/ParticleSim-master/ParticleSim/target/release/eis_quick_sweep.exe
[run_job] log=/c/Users/Yeyian PC/Desktop/ParticleSim-master/ParticleSim/doe_results/eis_doe_lf/doe-030_amp0.10_freq5e-5to2e-4_ppd6.log
[run_job] args: --amplitude 0.10 --f-min 5e-5 --f-max 2e-4 --points-per-decade 6 --scenario /c/Users/Yeyian PC/Desktop/ParticleSim-master/ParticleSim/measurement_configs/eis_validation_flat_symmetric.toml
[run_job] start=2026-05-02T20:32:09Z
Successfully placed 86 random bodies
Successfully placed 86 random bodies
Successfully placed 598 random bodies
Successfully placed 599 random bodies
scenario=C:/Users/Yeyian PC/Desktop/ParticleSim-master/ParticleSim/measurement_configs/eis_validation_flat_symmetric.toml seed=0xC0FFEE
bodies=3449 foils=2
dt=5 fs  group_a=[1]  group_b=[2]
equilibrating 50000 fs (10000 steps)
zero-current pre-hold 10000 fs (2000 steps)
[EIS] Started sweep (Galvanostatic): 5 frequencies from 2.00e-4 to 5.00e-5 (1/fs)
[EIS] Estimated total time: 449706 fs (449.7 ps), amplitude=1.0000e-1
[EIS] Group A (+ perturbation): [1], Group B (- perturbation): [2]
[EIS] Voltage probes: 0 per group (A=130, B=130)
EIS sweep started (Galvanostatic)
[EIS] freq 1/5 (2.00e-4 1/fs) phase=Settling elapsed=5fs/40000fs cycles=0.00 samples=0 V=-3.3395e-3 I=-6.2831e-4
[EIS] Freq 1/5 (2.00e-4): settling complete, now recording
[EIS] Completed freq 1/5: 2.00e-4 1/fs -> Z = (-1.4277e-2, -3.9708e0), |Z|=3.9708e0, phase=-90.2 deg, 4001 samples
[EIS]   Z_actual = (6.4386e-2, -3.8985e0), Z_cap = (2.5000e3, -7.9577e5)
[EIS] Saved time-series: eis_timeseries\eis_ts_001_2.000e-4.csv (1600 pts, v_dc=-3.905e-1, i_dc=-1.330e-9)
[EIS] freq 2/5 (1.41e-4 1/fs) phase=Settling elapsed=9995fs/56569fs cycles=1.41 samples=0 V=-1.0417e0 I=-5.1710e-2
[EIS] Freq 2/5 (1.41e-4): settling complete, now recording
[EIS] Completed freq 2/5: 1.41e-4 1/fs -> Z = (1.0789e-1, -5.5724e0), |Z|=5.5735e0, phase=-88.9 deg, 5657 samples
[EIS]   Z_actual = (2.1756e-1, -5.4907e0), Z_cap = (2.5000e3, -1.1254e6)
[EIS] Saved time-series: eis_timeseries\eis_ts_002_1.414e-4.csv (1885 pts, v_dc=-5.199e-1, i_dc=1.158e-7)
[EIS] freq 3/5 (1.00e-4 1/fs) phase=Settling elapsed=3425fs/80000fs cycles=0.34 samples=0 V=-1.1959e0 I=-8.3581e-2
[EIS] Freq 3/5 (1.00e-4): settling complete, now recording
[EIS] freq 3/5 (1.00e-4 1/fs) phase=Recording elapsed=53425fs/80000fs cycles=5.34 samples=2684 V=-1.1500e0 I=-8.3581e-2
[EIS] Completed freq 3/5: 1.00e-4 1/fs -> Z = (2.2268e-1, -7.9391e0), |Z|=7.9422e0, phase=-88.4 deg, 8000 samples
[EIS]   Z_actual = (3.9027e-1, -7.7557e0), Z_cap = (2.5000e3, -1.5915e6)
[EIS] Saved time-series: eis_timeseries\eis_ts_003_1.000e-4.csv (1777 pts, v_dc=-6.968e-1, i_dc=1.177e-7)
[EIS] freq 4/5 (7.07e-5 1/fs) phase=Settling elapsed=23425fs/113137fs cycles=1.66 samples=0 V=-1.6163e0 I=8.3198e-2
[EIS] Freq 4/5 (7.07e-5): settling complete, now recording
[EIS] freq 4/5 (7.07e-5 1/fs) phase=Recording elapsed=73425fs/113137fs cycles=5.19 samples=3370 V=-7.9564e-1 I=-9.3417e-2
[EIS] Completed freq 4/5: 7.07e-5 1/fs -> Z = (5.6970e-1, -1.1318e1), |Z|=1.1333e1, phase=-87.1 deg, 11314 samples
[EIS]   Z_actual = (8.8812e-1, -1.0946e1), Z_cap = (2.5000e3, -2.2508e6)
[EIS] Saved time-series: eis_timeseries\eis_ts_004_7.071e-5.csv (1885 pts, v_dc=-1.148e0, i_dc=1.151e-7)
[EIS] freq 5/5 (5.00e-5 1/fs) phase=Settling elapsed=10285fs/160000fs cycles=0.51 samples=0 V=-3.2092e0 I=8.9415e-3
[EIS] freq 5/5 (5.00e-5 1/fs) phase=Settling elapsed=60285fs/160000fs cycles=3.01 samples=0 V=8.1062e-3 I=-8.9408e-3
[EIS] Freq 5/5 (5.00e-5): settling complete, now recording
[EIS] freq 5/5 (5.00e-5 1/fs) phase=Recording elapsed=110285fs/160000fs cycles=5.51 samples=6055 V=-2.5838e0 I=8.9403e-3
[EIS] Completed freq 5/5: 5.00e-5 1/fs -> Z = (-8.8255e-1, -1.0659e1), |Z|=1.0696e1, phase=-94.7 deg, 16001 samples
[EIS]   Z_actual = (-2.8598e-2, -1.2854e1), Z_cap = (2.5000e3, -3.1831e6)
[EIS] Saved time-series: eis_timeseries\eis_ts_005_5.000e-5.csv (1882 pts, v_dc=-1.633e0, i_dc=1.174e-7)
[EIS] Sweep complete! 5 points collected
sweep finished in 89946 steps (1984.3s wall, sim time 4.50e5 fs)

=== 5 EisPoints ===
   i        freq       z_real       z_imag         |Z|     phase     R²(V)     R²(I)       V_amp       I_amp
   0    2.000e-4    -1.428e-2     -3.971e0     3.971e0    -90.2°    0.9974    1.0000    3.971e-1    1.000e-1
   1    1.414e-4    +1.079e-1     -5.572e0     5.573e0    -88.9°    0.9976    1.0000    5.573e-1    1.000e-1
   2    1.000e-4    +2.227e-1     -7.939e0     7.942e0    -88.4°    0.9983    1.0000    7.942e-1    1.000e-1
   3    7.071e-5    +5.697e-1     -1.132e1     1.133e1    -87.1°    0.9986    1.0000     1.133e0    1.000e-1
   4    5.000e-5    -8.826e-1     -1.066e1     1.070e1    -94.7°    0.9670    1.0000     1.070e0    1.000e-1
[run_job] end=2026-05-02T21:06:12Z rc=0
