[run_job] id=doe-010
[run_job] workdir=/c/Users/Yeyian PC/Desktop/ParticleSim-master/ParticleSim/runs/doe-010
[run_job] exe=/c/Users/Yeyian PC/Desktop/ParticleSim-master/ParticleSim/target/release/eis_quick_sweep.exe
[run_job] log=/c/Users/Yeyian PC/Desktop/ParticleSim-master/ParticleSim/doe_results/eis_doe_lf/doe-010_amp0.006_freq5e-6to5e-5.log
[run_job] args: --amplitude 0.006 --f-min 5e-6 --f-max 5e-5 --scenario /c/Users/Yeyian PC/Desktop/ParticleSim-master/ParticleSim/measurement_configs/eis_validation_flat_symmetric.toml
[run_job] start=2026-05-02T13:34:44Z
Successfully placed 86 random bodies
Successfully placed 86 random bodies
Successfully placed 598 random bodies
Successfully placed 599 random bodies
scenario=C:/Users/Yeyian PC/Desktop/ParticleSim-master/ParticleSim/measurement_configs/eis_validation_flat_symmetric.toml seed=0xC0FFEE
bodies=3449 foils=2
dt=5 fs  group_a=[1]  group_b=[2]
equilibrating 50000 fs (10000 steps)
zero-current pre-hold 10000 fs (2000 steps)
[EIS] Started sweep (Galvanostatic): 3 frequencies from 5.00e-5 to 5.00e-6 (1/fs)
[EIS] Estimated total time: 2265965 fs (2266.0 ps), amplitude=6.0000e-3
[EIS] Group A (+ perturbation): [1], Group B (- perturbation): [2]
[EIS] Voltage probes: 0 per group (A=130, B=130)
EIS sweep started (Galvanostatic)
[EIS] freq 1/3 (5.00e-5 1/fs) phase=Settling elapsed=5fs/160000fs cycles=0.00 samples=0 V=-4.5521e-3 I=-9.4248e-6
[EIS] freq 1/3 (5.00e-5 1/fs) phase=Settling elapsed=50005fs/160000fs cycles=2.50 samples=0 V=-1.1256e-1 I=9.3882e-6
[EIS] Freq 1/3 (5.00e-5): settling complete, now recording
[EIS] freq 1/3 (5.00e-5 1/fs) phase=Recording elapsed=100005fs/160000fs cycles=5.00 samples=3999 V=4.8440e-2 I=-9.3465e-6
[EIS] freq 1/3 (5.00e-5 1/fs) phase=Recording elapsed=150005fs/160000fs cycles=7.50 samples=13999 V=-1.2795e-1 I=9.3162e-6
[EIS] Completed freq 1/3: 5.00e-5 1/fs -> Z = (-5.6108e-2, -1.5175e1), |Z|=1.5175e1, phase=-90.2 deg, 16001 samples
[EIS]   Z_actual = (5.5463e-1, -1.5240e1), Z_cap = (2.5000e3, -3.1831e6)
[EIS] Saved time-series: eis_timeseries\eis_ts_001_5.000e-5.csv (1882 pts, v_dc=-3.283e-2, i_dc=7.034e-9)
[EIS] freq 2/3 (1.58e-5 1/fs) phase=Settling elapsed=39995fs/505965fs cycles=0.63 samples=0 V=-4.0309e-1 I=4.4346e-3
[EIS] freq 2/3 (1.58e-5 1/fs) phase=Settling elapsed=89995fs/505965fs cycles=1.42 samples=0 V=-4.6834e-1 I=-2.7927e-3
[EIS] freq 2/3 (1.58e-5 1/fs) phase=Settling elapsed=139995fs/505965fs cycles=2.21 samples=0 V=-1.2775e-1 I=-5.8430e-3
[EIS] freq 2/3 (1.58e-5 1/fs) phase=Settling elapsed=189995fs/505965fs cycles=3.00 samples=0 V=1.3512e-1 I=-1.5393e-4
[EIS] freq 2/3 (1.58e-5 1/fs) phase=Settling elapsed=239995fs/505965fs cycles=3.79 samples=0 V=-1.2440e-2 I=5.7654e-3
[EIS] Freq 2/3 (1.58e-5): settling complete, now recording
[EIS] freq 2/3 (1.58e-5 1/fs) phase=Recording elapsed=289995fs/505965fs cycles=4.59 samples=7401 V=-3.7312e-1 I=3.0614e-3
[EIS] freq 2/3 (1.58e-5 1/fs) phase=Recording elapsed=339995fs/505965fs cycles=5.38 samples=17401 V=-3.3729e-1 I=-4.2215e-3
[EIS] freq 2/3 (1.58e-5 1/fs) phase=Recording elapsed=389995fs/505965fs cycles=6.17 samples=27401 V=-7.8994e-3 I=-5.1904e-3
[EIS] freq 2/3 (1.58e-5 1/fs) phase=Recording elapsed=439995fs/505965fs cycles=6.96 samples=37401 V=1.4334e-1 I=1.6040e-3
[EIS] freq 2/3 (1.58e-5 1/fs) phase=Recording elapsed=489995fs/505965fs cycles=7.75 samples=47401 V=-6.4100e-2 I=5.9993e-3
[EIS] Completed freq 2/3: 1.58e-5 1/fs -> Z = (5.4950e0, -4.6856e1), |Z|=4.7177e1, phase=-83.3 deg, 50597 samples
[EIS]   Z_actual = (6.3364e0, -4.6345e1), Z_cap = (2.5000e3, -1.0066e7)
[EIS] Saved time-series: eis_timeseries\eis_ts_002_1.581e-5.csv (1984 pts, v_dc=-1.198e-1, i_dc=4.914e-9)
[EIS] freq 3/3 (5.00e-6 1/fs) phase=Settling elapsed=34025fs/1600001fs cycles=0.17 samples=0 V=-3.0749e-1 I=-5.2601e-3
[EIS] freq 3/3 (5.00e-6 1/fs) phase=Settling elapsed=84025fs/1600001fs cycles=0.42 samples=0 V=-1.2631e0 I=-2.8864e-3
[EIS] freq 3/3 (5.00e-6 1/fs) phase=Settling elapsed=134025fs/1600001fs cycles=0.67 samples=0 V=-7.0300e-1 I=5.2601e-3
[EIS] freq 3/3 (5.00e-6 1/fs) phase=Settling elapsed=184025fs/1600001fs cycles=0.92 samples=0 V=1.4039e-1 I=2.8864e-3
[EIS] freq 3/3 (5.00e-6 1/fs) phase=Settling elapsed=234025fs/1600001fs cycles=1.17 samples=0 V=-2.7847e-1 I=-5.2601e-3
[EIS] freq 3/3 (5.00e-6 1/fs) phase=Settling elapsed=284025fs/1600001fs cycles=1.42 samples=0 V=-1.2881e0 I=-2.8864e-3
[EIS] freq 3/3 (5.00e-6 1/fs) phase=Settling elapsed=334025fs/1600001fs cycles=1.67 samples=0 V=-6.7840e-1 I=5.2601e-3
[EIS] freq 3/3 (5.00e-6 1/fs) phase=Settling elapsed=384025fs/1600001fs cycles=1.92 samples=0 V=1.0440e-1 I=2.8864e-3
[EIS] freq 3/3 (5.00e-6 1/fs) phase=Settling elapsed=434025fs/1600001fs cycles=2.17 samples=0 V=-3.3663e-1 I=-5.2601e-3
[EIS] freq 3/3 (5.00e-6 1/fs) phase=Settling elapsed=484025fs/1600001fs cycles=2.42 samples=0 V=-1.1783e0 I=-2.8864e-3
[EIS] freq 3/3 (5.00e-6 1/fs) phase=Settling elapsed=534025fs/1600001fs cycles=2.67 samples=0 V=-5.7292e-1 I=5.2601e-3
[EIS] freq 3/3 (5.00e-6 1/fs) phase=Settling elapsed=584025fs/1600001fs cycles=2.92 samples=0 V=2.6865e-1 I=2.8864e-3
[EIS] freq 3/3 (5.00e-6 1/fs) phase=Settling elapsed=634025fs/1600001fs cycles=3.17 samples=0 V=-1.2831e-1 I=-5.2601e-3
[EIS] freq 3/3 (5.00e-6 1/fs) phase=Settling elapsed=684025fs/1600001fs cycles=3.42 samples=0 V=-1.1526e0 I=-2.8864e-3
[EIS] freq 3/3 (5.00e-6 1/fs) phase=Settling elapsed=734025fs/1600001fs cycles=3.67 samples=0 V=-4.3695e-1 I=5.2601e-3
[EIS] freq 3/3 (5.00e-6 1/fs) phase=Settling elapsed=784025fs/1600001fs cycles=3.92 samples=0 V=4.6587e-1 I=2.8864e-3
[EIS] Freq 3/3 (5.00e-6): settling complete, now recording
[EIS] freq 3/3 (5.00e-6 1/fs) phase=Recording elapsed=834025fs/1600001fs cycles=4.17 samples=6803 V=1.6253e-2 I=-5.2601e-3
[EIS] freq 3/3 (5.00e-6 1/fs) phase=Recording elapsed=884025fs/1600001fs cycles=4.42 samples=16803 V=-9.5479e-1 I=-2.8864e-3
[EIS] freq 3/3 (5.00e-6 1/fs) phase=Recording elapsed=934025fs/1600001fs cycles=4.67 samples=26803 V=-4.9418e-1 I=5.2601e-3
[EIS] freq 3/3 (5.00e-6 1/fs) phase=Recording elapsed=984025fs/1600001fs cycles=4.92 samples=36803 V=4.1859e-1 I=2.8865e-3
[EIS] freq 3/3 (5.00e-6 1/fs) phase=Recording elapsed=1034025fs/1600001fs cycles=5.17 samples=46803 V=4.9512e-2 I=-5.2601e-3
[EIS] freq 3/3 (5.00e-6 1/fs) phase=Recording elapsed=1084025fs/1600001fs cycles=5.42 samples=56803 V=-9.7705e-1 I=-2.8865e-3
[EIS] freq 3/3 (5.00e-6 1/fs) phase=Recording elapsed=1134025fs/1600001fs cycles=5.67 samples=66803 V=-5.0543e-1 I=5.2601e-3
[EIS] freq 3/3 (5.00e-6 1/fs) phase=Recording elapsed=1184025fs/1600001fs cycles=5.92 samples=76803 V=3.2434e-1 I=2.8865e-3
[EIS] freq 3/3 (5.00e-6 1/fs) phase=Recording elapsed=1234025fs/1600001fs cycles=6.17 samples=86803 V=1.7572e-2 I=-5.2601e-3
[EIS] freq 3/3 (5.00e-6 1/fs) phase=Recording elapsed=1284025fs/1600001fs cycles=6.42 samples=96803 V=-9.5287e-1 I=-2.8865e-3
[EIS] freq 3/3 (5.00e-6 1/fs) phase=Recording elapsed=1334025fs/1600001fs cycles=6.67 samples=106803 V=-5.1096e-1 I=5.2601e-3
[EIS] freq 3/3 (5.00e-6 1/fs) phase=Recording elapsed=1384025fs/1600001fs cycles=6.92 samples=116803 V=1.7627e-1 I=2.8865e-3
[EIS] freq 3/3 (5.00e-6 1/fs) phase=Recording elapsed=1434025fs/1600001fs cycles=7.17 samples=126803 V=-2.5263e-2 I=-5.2601e-3
[EIS] freq 3/3 (5.00e-6 1/fs) phase=Recording elapsed=1484025fs/1600001fs cycles=7.42 samples=136803 V=-1.3288e0 I=-2.8865e-3
[EIS] freq 3/3 (5.00e-6 1/fs) phase=Recording elapsed=1534025fs/1600001fs cycles=7.67 samples=146803 V=-2.0177e0 I=5.2601e-3
[EIS] freq 3/3 (5.00e-6 1/fs) phase=Recording elapsed=1584025fs/1600001fs cycles=7.92 samples=156803 V=-1.1639e0 I=2.8865e-3
[EIS] Completed freq 3/3: 5.00e-6 1/fs -> Z = (-2.6733e1, -1.1577e2), |Z|=1.1882e2, phase=-103.0 deg, 160001 samples
[EIS]   Z_actual = (5.8815e0, -9.8889e1), Z_cap = (2.5000e3, -3.1831e7)
[EIS] Saved time-series: eis_timeseries\eis_ts_003_5.000e-6.csv (1987 pts, v_dc=-4.818e-1, i_dc=5.880e-9)
[EIS] Sweep complete! 3 points collected
sweep finished in 453198 steps (8198.8s wall, sim time 2.27e6 fs)

=== 3 EisPoints ===
   i        freq       z_real       z_imag         |Z|     phase     R²(V)     R²(I)       V_amp       I_amp
   0    5.000e-5    -5.611e-2     -1.518e1     1.518e1    -90.2°    0.9815    1.0000    9.105e-2    6.000e-3
   1    1.581e-5     +5.495e0     -4.686e1     4.718e1    -83.3°    0.9951    1.0000    2.831e-1    6.000e-3
   2    5.000e-6     -2.673e1     -1.158e2     1.188e2   -103.0°    0.5288    1.0000    7.129e-1    6.000e-3
[run_job] end=2026-05-02T15:53:00Z rc=0
