[run_job] id=doe-029
[run_job] workdir=/c/Users/Yeyian PC/Desktop/ParticleSim-master/ParticleSim/runs/doe-029
[run_job] exe=/c/Users/Yeyian PC/Desktop/ParticleSim-master/ParticleSim/target/release/eis_quick_sweep.exe
[run_job] log=/c/Users/Yeyian PC/Desktop/ParticleSim-master/ParticleSim/doe_results/eis_doe_lf/doe-029_amp0.08_freq5e-5to2e-4_ppd6.log
[run_job] args: --amplitude 0.08 --f-min 5e-5 --f-max 2e-4 --points-per-decade 6 --scenario /c/Users/Yeyian PC/Desktop/ParticleSim-master/ParticleSim/measurement_configs/eis_validation_flat_symmetric.toml
[run_job] start=2026-05-02T20:31:52Z
Successfully placed 86 random bodies
Successfully placed 86 random bodies
Successfully placed 598 random bodies
Successfully placed 599 random bodies
scenario=C:/Users/Yeyian PC/Desktop/ParticleSim-master/ParticleSim/measurement_configs/eis_validation_flat_symmetric.toml seed=0xC0FFEE
bodies=3449 foils=2
dt=5 fs  group_a=[1]  group_b=[2]
equilibrating 50000 fs (10000 steps)
zero-current pre-hold 10000 fs (2000 steps)
[EIS] Started sweep (Galvanostatic): 5 frequencies from 2.00e-4 to 5.00e-5 (1/fs)
[EIS] Estimated total time: 449706 fs (449.7 ps), amplitude=8.0000e-2
[EIS] Group A (+ perturbation): [1], Group B (- perturbation): [2]
[EIS] Voltage probes: 0 per group (A=130, B=130)
EIS sweep started (Galvanostatic)
[EIS] freq 1/5 (2.00e-4 1/fs) phase=Settling elapsed=5fs/40000fs cycles=0.00 samples=0 V=-4.5620e-3 I=-5.0265e-4
[EIS] Freq 1/5 (2.00e-4): settling complete, now recording
[EIS] Completed freq 1/5: 2.00e-4 1/fs -> Z = (-3.3818e-2, -3.9369e0), |Z|=3.9370e0, phase=-90.5 deg, 4001 samples
[EIS]   Z_actual = (4.0687e-2, -3.8662e0), Z_cap = (2.5000e3, -7.9577e5)
[EIS] Saved time-series: eis_timeseries\eis_ts_001_2.000e-4.csv (1600 pts, v_dc=-2.649e-1, i_dc=-1.081e-9)
[EIS] freq 2/5 (1.41e-4 1/fs) phase=Settling elapsed=9995fs/56569fs cycles=1.41 samples=0 V=-7.7310e-1 I=-4.1368e-2
[EIS] Freq 2/5 (1.41e-4): settling complete, now recording
[EIS] Completed freq 2/5: 1.41e-4 1/fs -> Z = (7.2642e-2, -5.5560e0), |Z|=5.5565e0, phase=-89.3 deg, 5657 samples
[EIS]   Z_actual = (1.7576e-1, -5.4629e0), Z_cap = (2.5000e3, -1.1254e6)
[EIS] Saved time-series: eis_timeseries\eis_ts_002_1.414e-4.csv (1885 pts, v_dc=-3.899e-1, i_dc=9.259e-8)
[EIS] freq 3/5 (1.00e-4 1/fs) phase=Settling elapsed=3425fs/80000fs cycles=0.34 samples=0 V=-9.1764e-1 I=-6.6865e-2
[EIS] Freq 3/5 (1.00e-4): settling complete, now recording
[EIS] freq 3/5 (1.00e-4 1/fs) phase=Recording elapsed=53425fs/80000fs cycles=5.34 samples=2684 V=-9.0755e-1 I=-6.6865e-2
[EIS] Completed freq 3/5: 1.00e-4 1/fs -> Z = (1.6166e-1, -7.8835e0), |Z|=7.8852e0, phase=-88.8 deg, 8000 samples
[EIS]   Z_actual = (2.8646e-1, -7.7381e0), Z_cap = (2.5000e3, -1.5915e6)
[EIS] Saved time-series: eis_timeseries\eis_ts_003_1.000e-4.csv (1777 pts, v_dc=-5.250e-1, i_dc=9.415e-8)
[EIS] freq 4/5 (7.07e-5 1/fs) phase=Settling elapsed=23425fs/113137fs cycles=1.66 samples=0 V=-1.2700e0 I=6.6559e-2
[EIS] Freq 4/5 (7.07e-5): settling complete, now recording
[EIS] freq 4/5 (7.07e-5 1/fs) phase=Recording elapsed=73425fs/113137fs cycles=5.19 samples=3370 V=-5.4157e-1 I=-7.4734e-2
[EIS] Completed freq 4/5: 7.07e-5 1/fs -> Z = (4.1788e-1, -1.1308e1), |Z|=1.1316e1, phase=-87.9 deg, 11314 samples
[EIS]   Z_actual = (6.2041e-1, -1.1034e1), Z_cap = (2.5000e3, -2.2508e6)
[EIS] Saved time-series: eis_timeseries\eis_ts_004_7.071e-5.csv (1885 pts, v_dc=-8.388e-1, i_dc=9.209e-8)
[EIS] freq 5/5 (5.00e-5 1/fs) phase=Settling elapsed=10285fs/160000fs cycles=0.51 samples=0 V=-2.6447e0 I=7.1532e-3
[EIS] freq 5/5 (5.00e-5 1/fs) phase=Settling elapsed=60285fs/160000fs cycles=3.01 samples=0 V=-2.3060e-2 I=-7.1526e-3
[EIS] Freq 5/5 (5.00e-5): settling complete, now recording
[EIS] freq 5/5 (5.00e-5 1/fs) phase=Recording elapsed=110285fs/160000fs cycles=5.51 samples=6055 V=-2.6946e0 I=7.1522e-3
[EIS] Completed freq 5/5: 5.00e-5 1/fs -> Z = (1.6777e-1, -1.5656e1), |Z|=1.5657e1, phase=-89.4 deg, 16001 samples
[EIS]   Z_actual = (9.4634e-1, -1.4897e1), Z_cap = (2.5000e3, -3.1831e6)
[EIS] Saved time-series: eis_timeseries\eis_ts_005_5.000e-5.csv (1882 pts, v_dc=-1.395e0, i_dc=9.385e-8)
[EIS] Sweep complete! 5 points collected
sweep finished in 89946 steps (1984.0s wall, sim time 4.50e5 fs)

=== 5 EisPoints ===
   i        freq       z_real       z_imag         |Z|     phase     R²(V)     R²(I)       V_amp       I_amp
   0    2.000e-4    -3.382e-2     -3.937e0     3.937e0    -90.5°    0.9964    1.0000    3.150e-1    8.000e-2
   1    1.414e-4    +7.264e-2     -5.556e0     5.556e0    -89.3°    0.9972    1.0000    4.445e-1    8.000e-2
   2    1.000e-4    +1.617e-1     -7.883e0     7.885e0    -88.8°    0.9985    1.0000    6.308e-1    8.000e-2
   3    7.071e-5    +4.179e-1     -1.131e1     1.132e1    -87.9°    0.9982    1.0000    9.053e-1    8.000e-2
   4    5.000e-5    +1.678e-1     -1.566e1     1.566e1    -89.4°    0.9946    1.0000     1.253e0    8.000e-2
[run_job] end=2026-05-02T21:05:54Z rc=0
