[run_job] id=doe-016
[run_job] workdir=/c/Users/Yeyian PC/Desktop/ParticleSim-master/ParticleSim/runs/doe-016
[run_job] exe=/c/Users/Yeyian PC/Desktop/ParticleSim-master/ParticleSim/target/release/eis_quick_sweep.exe
[run_job] log=/c/Users/Yeyian PC/Desktop/ParticleSim-master/ParticleSim/doe_results/eis_doe_lf/doe-016_amp0.0006_freq5e-6to5e-5.log
[run_job] args: --amplitude 0.0006 --f-min 5e-6 --f-max 5e-5 --scenario /c/Users/Yeyian PC/Desktop/ParticleSim-master/ParticleSim/measurement_configs/eis_validation_flat_symmetric.toml
[run_job] start=2026-05-02T14:01:07Z
Successfully placed 86 random bodies
Successfully placed 86 random bodies
Successfully placed 598 random bodies
Successfully placed 599 random bodies
scenario=C:/Users/Yeyian PC/Desktop/ParticleSim-master/ParticleSim/measurement_configs/eis_validation_flat_symmetric.toml seed=0xC0FFEE
bodies=3449 foils=2
dt=5 fs  group_a=[1]  group_b=[2]
equilibrating 50000 fs (10000 steps)
zero-current pre-hold 10000 fs (2000 steps)
[EIS] Started sweep (Galvanostatic): 3 frequencies from 5.00e-5 to 5.00e-6 (1/fs)
[EIS] Estimated total time: 2265965 fs (2266.0 ps), amplitude=6.0000e-4
[EIS] Group A (+ perturbation): [1], Group B (- perturbation): [2]
[EIS] Voltage probes: 0 per group (A=130, B=130)
EIS sweep started (Galvanostatic)
[EIS] freq 1/3 (5.00e-5 1/fs) phase=Settling elapsed=5fs/160000fs cycles=0.00 samples=0 V=-3.2449e-3 I=-9.4248e-7
[EIS] freq 1/3 (5.00e-5 1/fs) phase=Settling elapsed=50005fs/160000fs cycles=2.50 samples=0 V=-1.1338e-2 I=9.3882e-7
[EIS] Freq 1/3 (5.00e-5): settling complete, now recording
[EIS] freq 1/3 (5.00e-5 1/fs) phase=Recording elapsed=100005fs/160000fs cycles=5.00 samples=3999 V=5.7409e-3 I=-9.3465e-7
[EIS] freq 1/3 (5.00e-5 1/fs) phase=Recording elapsed=150005fs/160000fs cycles=7.50 samples=13999 V=-9.8148e-4 I=9.3162e-7
[EIS] Completed freq 1/3: 5.00e-5 1/fs -> Z = (-2.3532e0, -9.7685e0), |Z|=1.0048e1, phase=-103.5 deg, 16001 samples
[EIS]   Z_actual = (1.0848e0, -1.3089e1), Z_cap = (2.5000e3, -3.1831e6)
[EIS] Saved time-series: eis_timeseries\eis_ts_001_5.000e-5.csv (1882 pts, v_dc=-1.327e-3, i_dc=7.039e-10)
[EIS] freq 2/3 (1.58e-5 1/fs) phase=Settling elapsed=39995fs/505965fs cycles=0.63 samples=0 V=-2.9909e-2 I=4.4346e-4
[EIS] freq 2/3 (1.58e-5 1/fs) phase=Settling elapsed=89995fs/505965fs cycles=1.42 samples=0 V=-3.5214e-2 I=-2.7927e-4
[EIS] freq 2/3 (1.58e-5 1/fs) phase=Settling elapsed=139995fs/505965fs cycles=2.21 samples=0 V=2.9892e-3 I=-5.8430e-4
[EIS] freq 2/3 (1.58e-5 1/fs) phase=Settling elapsed=189995fs/505965fs cycles=3.00 samples=0 V=6.8114e-3 I=-1.5393e-5
[EIS] freq 2/3 (1.58e-5 1/fs) phase=Settling elapsed=239995fs/505965fs cycles=3.79 samples=0 V=-2.1756e-4 I=5.7654e-4
[EIS] Freq 2/3 (1.58e-5): settling complete, now recording
[EIS] freq 2/3 (1.58e-5 1/fs) phase=Recording elapsed=289995fs/505965fs cycles=4.59 samples=7401 V=-3.5592e-2 I=3.0614e-4
[EIS] freq 2/3 (1.58e-5 1/fs) phase=Recording elapsed=339995fs/505965fs cycles=5.38 samples=17401 V=-3.0725e-2 I=-4.2215e-4
[EIS] freq 2/3 (1.58e-5 1/fs) phase=Recording elapsed=389995fs/505965fs cycles=6.17 samples=27401 V=1.6609e-3 I=-5.1904e-4
[EIS] freq 2/3 (1.58e-5 1/fs) phase=Recording elapsed=439995fs/505965fs cycles=6.96 samples=37401 V=1.1447e-2 I=1.6040e-4
[EIS] freq 2/3 (1.58e-5 1/fs) phase=Recording elapsed=489995fs/505965fs cycles=7.75 samples=47401 V=-1.0432e-2 I=5.9993e-4
[EIS] Completed freq 2/3: 1.58e-5 1/fs -> Z = (-3.8409e0, -4.7183e1), |Z|=4.7339e1, phase=-94.7 deg, 50597 samples
[EIS]   Z_actual = (1.6118e0, -4.9329e1), Z_cap = (2.5000e3, -1.0066e7)
[EIS] Saved time-series: eis_timeseries\eis_ts_002_1.581e-5.csv (1984 pts, v_dc=-1.191e-2, i_dc=4.913e-10)
[EIS] freq 3/3 (5.00e-6 1/fs) phase=Settling elapsed=34025fs/1600001fs cycles=0.17 samples=0 V=-2.4421e-2 I=-5.2601e-4
[EIS] freq 3/3 (5.00e-6 1/fs) phase=Settling elapsed=84025fs/1600001fs cycles=0.42 samples=0 V=-1.2253e-1 I=-2.8864e-4
[EIS] freq 3/3 (5.00e-6 1/fs) phase=Settling elapsed=134025fs/1600001fs cycles=0.67 samples=0 V=-9.0931e-2 I=5.2601e-4
[EIS] freq 3/3 (5.00e-6 1/fs) phase=Settling elapsed=184025fs/1600001fs cycles=0.92 samples=0 V=3.5606e-2 I=2.8864e-4
[EIS] freq 3/3 (5.00e-6 1/fs) phase=Settling elapsed=234025fs/1600001fs cycles=1.17 samples=0 V=6.9953e-3 I=-5.2601e-4
[EIS] freq 3/3 (5.00e-6 1/fs) phase=Settling elapsed=284025fs/1600001fs cycles=1.42 samples=0 V=-1.1604e-1 I=-2.8864e-4
[EIS] freq 3/3 (5.00e-6 1/fs) phase=Settling elapsed=334025fs/1600001fs cycles=1.67 samples=0 V=-8.2227e-2 I=5.2601e-4
[EIS] freq 3/3 (5.00e-6 1/fs) phase=Settling elapsed=384025fs/1600001fs cycles=1.92 samples=0 V=4.6686e-2 I=2.8864e-4
[EIS] freq 3/3 (5.00e-6 1/fs) phase=Settling elapsed=434025fs/1600001fs cycles=2.17 samples=0 V=2.4184e-3 I=-5.2601e-4
[EIS] freq 3/3 (5.00e-6 1/fs) phase=Settling elapsed=484025fs/1600001fs cycles=2.42 samples=0 V=-9.3577e-2 I=-2.8864e-4
[EIS] freq 3/3 (5.00e-6 1/fs) phase=Settling elapsed=534025fs/1600001fs cycles=2.67 samples=0 V=-6.5297e-2 I=5.2601e-4
[EIS] freq 3/3 (5.00e-6 1/fs) phase=Settling elapsed=584025fs/1600001fs cycles=2.92 samples=0 V=6.1519e-2 I=2.8864e-4
[EIS] freq 3/3 (5.00e-6 1/fs) phase=Settling elapsed=634025fs/1600001fs cycles=3.17 samples=0 V=1.4490e-2 I=-5.2601e-4
[EIS] freq 3/3 (5.00e-6 1/fs) phase=Settling elapsed=684025fs/1600001fs cycles=3.42 samples=0 V=-1.0606e-1 I=-2.8864e-4
[EIS] freq 3/3 (5.00e-6 1/fs) phase=Settling elapsed=734025fs/1600001fs cycles=3.67 samples=0 V=-4.8309e-2 I=5.2601e-4
[EIS] freq 3/3 (5.00e-6 1/fs) phase=Settling elapsed=784025fs/1600001fs cycles=3.92 samples=0 V=5.3545e-2 I=2.8864e-4
[EIS] Freq 3/3 (5.00e-6): settling complete, now recording
[EIS] freq 3/3 (5.00e-6 1/fs) phase=Recording elapsed=834025fs/1600001fs cycles=4.17 samples=6803 V=7.2968e-3 I=-5.2601e-4
[EIS] freq 3/3 (5.00e-6 1/fs) phase=Recording elapsed=884025fs/1600001fs cycles=4.42 samples=16803 V=-1.0045e-1 I=-2.8864e-4
[EIS] freq 3/3 (5.00e-6 1/fs) phase=Recording elapsed=934025fs/1600001fs cycles=4.67 samples=26803 V=-5.1040e-2 I=5.2601e-4
[EIS] freq 3/3 (5.00e-6 1/fs) phase=Recording elapsed=984025fs/1600001fs cycles=4.92 samples=36803 V=6.4592e-2 I=2.8865e-4
[EIS] freq 3/3 (5.00e-6 1/fs) phase=Recording elapsed=1034025fs/1600001fs cycles=5.17 samples=46803 V=1.2911e-2 I=-5.2601e-4
[EIS] freq 3/3 (5.00e-6 1/fs) phase=Recording elapsed=1084025fs/1600001fs cycles=5.42 samples=56803 V=-1.0301e-1 I=-2.8865e-4
[EIS] freq 3/3 (5.00e-6 1/fs) phase=Recording elapsed=1134025fs/1600001fs cycles=5.67 samples=66803 V=-5.0316e-2 I=5.2601e-4
[EIS] freq 3/3 (5.00e-6 1/fs) phase=Recording elapsed=1184025fs/1600001fs cycles=5.92 samples=76803 V=6.5101e-2 I=2.8865e-4
[EIS] freq 3/3 (5.00e-6 1/fs) phase=Recording elapsed=1234025fs/1600001fs cycles=6.17 samples=86803 V=1.4929e-2 I=-5.2601e-4
[EIS] freq 3/3 (5.00e-6 1/fs) phase=Recording elapsed=1284025fs/1600001fs cycles=6.42 samples=96803 V=-9.1911e-2 I=-2.8865e-4
[EIS] freq 3/3 (5.00e-6 1/fs) phase=Recording elapsed=1334025fs/1600001fs cycles=6.67 samples=106803 V=-5.2825e-2 I=5.2601e-4
[EIS] freq 3/3 (5.00e-6 1/fs) phase=Recording elapsed=1384025fs/1600001fs cycles=6.92 samples=116803 V=6.3044e-2 I=2.8865e-4
[EIS] freq 3/3 (5.00e-6 1/fs) phase=Recording elapsed=1434025fs/1600001fs cycles=7.17 samples=126803 V=2.1064e-2 I=-5.2601e-4
[EIS] freq 3/3 (5.00e-6 1/fs) phase=Recording elapsed=1484025fs/1600001fs cycles=7.42 samples=136803 V=-8.0094e-2 I=-2.8865e-4
[EIS] freq 3/3 (5.00e-6 1/fs) phase=Recording elapsed=1534025fs/1600001fs cycles=7.67 samples=146803 V=-4.4192e-2 I=5.2601e-4
[EIS] freq 3/3 (5.00e-6 1/fs) phase=Recording elapsed=1584025fs/1600001fs cycles=7.92 samples=156803 V=4.8513e-2 I=2.8865e-4
[EIS] Completed freq 3/3: 5.00e-6 1/fs -> Z = (1.6161e1, -1.3735e2), |Z|=1.3830e2, phase=-83.3 deg, 160001 samples
[EIS]   Z_actual = (2.0803e1, -1.3793e2), Z_cap = (2.5000e3, -3.1831e7)
[EIS] Saved time-series: eis_timeseries\eis_ts_003_5.000e-6.csv (1987 pts, v_dc=-1.894e-2, i_dc=5.892e-10)
[EIS] Sweep complete! 3 points collected
sweep finished in 453198 steps (7912.2s wall, sim time 2.27e6 fs)

=== 3 EisPoints ===
   i        freq       z_real       z_imag         |Z|     phase     R²(V)     R²(I)       V_amp       I_amp
   0    5.000e-5     -2.353e0     -9.768e0     1.005e1   -103.5°    0.5089    1.0000    6.029e-3    6.000e-4
   1    1.581e-5     -3.841e0     -4.718e1     4.734e1    -94.7°    0.9411    1.0000    2.840e-2    6.000e-4
   2    5.000e-6     +1.616e1     -1.374e2     1.383e2    -83.3°    0.9867    1.0000    8.298e-2    6.000e-4
[run_job] end=2026-05-02T16:14:52Z rc=0
