[run_job] id=doe-022
[run_job] workdir=/c/Users/Yeyian PC/Desktop/ParticleSim-master/ParticleSim/runs/doe-022
[run_job] exe=/c/Users/Yeyian PC/Desktop/ParticleSim-master/ParticleSim/target/release/eis_quick_sweep.exe
[run_job] log=/c/Users/Yeyian PC/Desktop/ParticleSim-master/ParticleSim/doe_results/eis_doe_lf/doe-022_amp2e-5_freq5e-7to5e-6.log
[run_job] args: --amplitude 2e-5 --f-min 5e-7 --f-max 5e-6 --scenario /c/Users/Yeyian PC/Desktop/ParticleSim-master/ParticleSim/measurement_configs/eis_validation_flat_symmetric.toml
[run_job] start=2026-05-02T16:17:04Z
Successfully placed 86 random bodies
Successfully placed 86 random bodies
Successfully placed 598 random bodies
Successfully placed 599 random bodies
scenario=C:/Users/Yeyian PC/Desktop/ParticleSim-master/ParticleSim/measurement_configs/eis_validation_flat_symmetric.toml seed=0xC0FFEE
bodies=3449 foils=2
dt=5 fs  group_a=[1]  group_b=[2]
equilibrating 50000 fs (10000 steps)
zero-current pre-hold 10000 fs (2000 steps)
[EIS] Started sweep (Galvanostatic): 3 frequencies from 5.00e-6 to 5.00e-7 (1/fs)
[EIS] Estimated total time: 22659652 fs (22659.7 ps), amplitude=2.0000e-5
[EIS] Group A (+ perturbation): [1], Group B (- perturbation): [2]
[EIS] Voltage probes: 0 per group (A=130, B=130)
EIS sweep started (Galvanostatic)
[EIS] freq 1/3 (5.00e-6 1/fs) phase=Settling elapsed=5fs/1600001fs cycles=0.00 samples=0 V=-5.6293e-3 I=-3.1416e-9
[EIS] freq 1/3 (5.00e-6 1/fs) phase=Settling elapsed=50005fs/1600001fs cycles=0.25 samples=0 V=-5.3123e-3 I=-2.0000e-5
[EIS] freq 1/3 (5.00e-6 1/fs) phase=Settling elapsed=100005fs/1600001fs cycles=0.50 samples=0 V=-5.4725e-3 I=3.1203e-9
[EIS] freq 1/3 (5.00e-6 1/fs) phase=Settling elapsed=150005fs/1600001fs cycles=0.75 samples=0 V=-6.3594e-3 I=2.0000e-5
[EIS] freq 1/3 (5.00e-6 1/fs) phase=Settling elapsed=200005fs/1600001fs cycles=1.00 samples=0 V=-6.4132e-3 I=-3.0934e-9
[EIS] freq 1/3 (5.00e-6 1/fs) phase=Settling elapsed=250005fs/1600001fs cycles=1.25 samples=0 V=-7.5491e-3 I=-2.0000e-5
[EIS] freq 1/3 (5.00e-6 1/fs) phase=Settling elapsed=300005fs/1600001fs cycles=1.50 samples=0 V=-3.6824e-3 I=3.0713e-9
[EIS] freq 1/3 (5.00e-6 1/fs) phase=Settling elapsed=350005fs/1600001fs cycles=1.75 samples=0 V=-2.5267e-3 I=2.0000e-5
[EIS] freq 1/3 (5.00e-6 1/fs) phase=Settling elapsed=400005fs/1600001fs cycles=2.00 samples=0 V=-4.6752e-3 I=-3.0588e-9
[EIS] freq 1/3 (5.00e-6 1/fs) phase=Settling elapsed=450005fs/1600001fs cycles=2.25 samples=0 V=-3.2525e-3 I=-2.0000e-5
[EIS] freq 1/3 (5.00e-6 1/fs) phase=Settling elapsed=500005fs/1600001fs cycles=2.50 samples=0 V=-6.3817e-3 I=3.0271e-9
[EIS] freq 1/3 (5.00e-6 1/fs) phase=Settling elapsed=550005fs/1600001fs cycles=2.75 samples=0 V=-5.1882e-3 I=2.0000e-5
[EIS] freq 1/3 (5.00e-6 1/fs) phase=Settling elapsed=600005fs/1600001fs cycles=3.00 samples=0 V=-4.2060e-3 I=-3.0146e-9
[EIS] freq 1/3 (5.00e-6 1/fs) phase=Settling elapsed=650005fs/1600001fs cycles=3.25 samples=0 V=-4.3612e-3 I=-2.0000e-5
[EIS] freq 1/3 (5.00e-6 1/fs) phase=Settling elapsed=700005fs/1600001fs cycles=3.50 samples=0 V=-5.7351e-3 I=2.9639e-9
[EIS] freq 1/3 (5.00e-6 1/fs) phase=Settling elapsed=750005fs/1600001fs cycles=3.75 samples=0 V=-8.0412e-3 I=2.0000e-5
[EIS] freq 1/3 (5.00e-6 1/fs) phase=Settling elapsed=800005fs/1600001fs cycles=4.00 samples=0 V=-6.1595e-3 I=-2.9513e-9
[EIS] Freq 1/3 (5.00e-6): settling complete, now recording
[EIS] freq 1/3 (5.00e-6 1/fs) phase=Recording elapsed=850005fs/1600001fs cycles=4.25 samples=9999 V=-6.3586e-3 I=-2.0000e-5
[EIS] freq 1/3 (5.00e-6 1/fs) phase=Recording elapsed=900005fs/1600001fs cycles=4.50 samples=19999 V=-6.8674e-3 I=2.9387e-9
[EIS] freq 1/3 (5.00e-6 1/fs) phase=Recording elapsed=950005fs/1600001fs cycles=4.75 samples=29999 V=-4.1605e-3 I=2.0000e-5
[EIS] freq 1/3 (5.00e-6 1/fs) phase=Recording elapsed=1000005fs/1600001fs cycles=5.00 samples=39999 V=-3.2248e-3 I=-2.9262e-9
[EIS] freq 1/3 (5.00e-6 1/fs) phase=Recording elapsed=1050005fs/1600001fs cycles=5.25 samples=49999 V=-4.2526e-3 I=-2.0000e-5
[EIS] freq 1/3 (5.00e-6 1/fs) phase=Recording elapsed=1100005fs/1600001fs cycles=5.50 samples=59999 V=-4.5508e-3 I=2.8755e-9
[EIS] freq 1/3 (5.00e-6 1/fs) phase=Recording elapsed=1150005fs/1600001fs cycles=5.75 samples=69999 V=-3.7110e-3 I=2.0000e-5
[EIS] freq 1/3 (5.00e-6 1/fs) phase=Recording elapsed=1200005fs/1600001fs cycles=6.00 samples=79999 V=-4.0381e-3 I=-2.9011e-9
[EIS] freq 1/3 (5.00e-6 1/fs) phase=Recording elapsed=1250005fs/1600001fs cycles=6.25 samples=89999 V=-4.6347e-3 I=-2.0000e-5
[EIS] freq 1/3 (5.00e-6 1/fs) phase=Recording elapsed=1300005fs/1600001fs cycles=6.50 samples=99999 V=-5.0251e-3 I=2.8504e-9
[EIS] freq 1/3 (5.00e-6 1/fs) phase=Recording elapsed=1350005fs/1600001fs cycles=6.75 samples=109999 V=-3.3245e-3 I=2.0000e-5
[EIS] freq 1/3 (5.00e-6 1/fs) phase=Recording elapsed=1400005fs/1600001fs cycles=7.00 samples=119999 V=-3.0592e-3 I=-2.7997e-9
[EIS] freq 1/3 (5.00e-6 1/fs) phase=Recording elapsed=1450005fs/1600001fs cycles=7.25 samples=129999 V=-2.7556e-3 I=-2.0000e-5
[EIS] freq 1/3 (5.00e-6 1/fs) phase=Recording elapsed=1500005fs/1600001fs cycles=7.50 samples=139999 V=-1.0568e-3 I=2.8253e-9
[EIS] freq 1/3 (5.00e-6 1/fs) phase=Recording elapsed=1550005fs/1600001fs cycles=7.75 samples=149999 V=-7.1727e-3 I=2.0000e-5
[EIS] freq 1/3 (5.00e-6 1/fs) phase=Recording elapsed=1600005fs/1600001fs cycles=8.00 samples=159999 V=-6.4240e-3 I=-2.7746e-9
[EIS] Completed freq 1/3: 5.00e-6 1/fs -> Z = (-1.2445e1, -9.2002e0), |Z|=1.5476e1, phase=-143.5 deg, 160001 samples
[EIS]   Z_actual = (0.0000e0, 0.0000e0), Z_cap = (2.5000e3, -3.1831e7)
[EIS] Saved time-series: eis_timeseries\eis_ts_001_5.000e-6.csv (1987 pts, v_dc=-4.397e-3, i_dc=1.963e-11)
[EIS] freq 2/3 (1.58e-6 1/fs) phase=Settling elapsed=49995fs/5059646fs cycles=0.08 samples=0 V=-6.8135e-3 I=-9.5302e-6
[EIS] freq 2/3 (1.58e-6 1/fs) phase=Settling elapsed=99995fs/5059646fs cycles=0.16 samples=0 V=-3.1135e-3 I=-1.6758e-5
[EIS] freq 2/3 (1.58e-6 1/fs) phase=Settling elapsed=149995fs/5059646fs cycles=0.24 samples=0 V=-4.5283e-3 I=-1.9935e-5
[EIS] freq 2/3 (1.58e-6 1/fs) phase=Settling elapsed=199995fs/5059646fs cycles=0.32 samples=0 V=-9.9144e-3 I=-1.8294e-5
[EIS] freq 2/3 (1.58e-6 1/fs) phase=Settling elapsed=249995fs/5059646fs cycles=0.40 samples=0 V=-1.1477e-2 I=-1.2231e-5
[EIS] freq 2/3 (1.58e-6 1/fs) phase=Settling elapsed=299995fs/5059646fs cycles=0.47 samples=0 V=-1.1213e-2 I=-3.2114e-6
[EIS] freq 2/3 (1.58e-6 1/fs) phase=Settling elapsed=349995fs/5059646fs cycles=0.55 samples=0 V=-1.1696e-2 I=6.5841e-6
[EIS] freq 2/3 (1.58e-6 1/fs) phase=Settling elapsed=399995fs/5059646fs cycles=0.63 samples=0 V=-7.6294e-3 I=1.4788e-5
[EIS] freq 2/3 (1.58e-6 1/fs) phase=Settling elapsed=449995fs/5059646fs cycles=0.71 samples=0 V=-9.6362e-3 I=1.9418e-5
[EIS] freq 2/3 (1.58e-6 1/fs) phase=Settling elapsed=499995fs/5059646fs cycles=0.79 samples=0 V=-3.8083e-3 I=1.9354e-5
[EIS] freq 2/3 (1.58e-6 1/fs) phase=Settling elapsed=549995fs/5059646fs cycles=0.87 samples=0 V=-4.1407e-3 I=1.4612e-5
[EIS] freq 2/3 (1.58e-6 1/fs) phase=Settling elapsed=599995fs/5059646fs cycles=0.95 samples=0 V=-1.5105e-3 I=6.3385e-6
[EIS] freq 2/3 (1.58e-6 1/fs) phase=Settling elapsed=649995fs/5059646fs cycles=1.03 samples=0 V=3.0330e-3 I=-3.4673e-6
[EIS] freq 2/3 (1.58e-6 1/fs) phase=Settling elapsed=699995fs/5059646fs cycles=1.11 samples=0 V=2.4164e-3 I=-1.2435e-5
[EIS] freq 2/3 (1.58e-6 1/fs) phase=Settling elapsed=749995fs/5059646fs cycles=1.19 samples=0 V=-7.0285e-3 I=-1.8397e-5
[EIS] freq 2/3 (1.58e-6 1/fs) phase=Settling elapsed=799995fs/5059646fs cycles=1.26 samples=0 V=-8.1334e-3 I=-1.9912e-5
[EIS] freq 2/3 (1.58e-6 1/fs) phase=Settling elapsed=849995fs/5059646fs cycles=1.34 samples=0 V=-6.8661e-3 I=-1.6615e-5
[EIS] freq 2/3 (1.58e-6 1/fs) phase=Settling elapsed=899995fs/5059646fs cycles=1.42 samples=0 V=-6.6564e-3 I=-9.3012e-6
[EIS] freq 2/3 (1.58e-6 1/fs) phase=Settling elapsed=949995fs/5059646fs cycles=1.50 samples=0 V=-1.0867e-2 I=2.6056e-7
[EIS] freq 2/3 (1.58e-6 1/fs) phase=Settling elapsed=999995fs/5059646fs cycles=1.58 samples=0 V=-1.1158e-2 I=9.7593e-6
[EIS] freq 2/3 (1.58e-6 1/fs) phase=Settling elapsed=1049995fs/5059646fs cycles=1.66 samples=0 V=-8.9280e-3 I=1.6899e-5
[EIS] freq 2/3 (1.58e-6 1/fs) phase=Settling elapsed=1099995fs/5059646fs cycles=1.74 samples=0 V=-2.9046e-3 I=1.9954e-5
[EIS] freq 2/3 (1.58e-6 1/fs) phase=Settling elapsed=1149995fs/5059646fs cycles=1.82 samples=0 V=1.1509e-3 I=1.8186e-5
[EIS] freq 2/3 (1.58e-6 1/fs) phase=Settling elapsed=1199995fs/5059646fs cycles=1.90 samples=0 V=1.9473e-3 I=1.2023e-5
[EIS] freq 2/3 (1.58e-6 1/fs) phase=Settling elapsed=1249995fs/5059646fs cycles=1.98 samples=0 V=6.5391e-3 I=2.9529e-6
[EIS] freq 2/3 (1.58e-6 1/fs) phase=Settling elapsed=1299995fs/5059646fs cycles=2.06 samples=0 V=6.8110e-3 I=-6.8305e-6
[EIS] freq 2/3 (1.58e-6 1/fs) phase=Settling elapsed=1349995fs/5059646fs cycles=2.13 samples=0 V=6.1526e-3 I=-1.4963e-5
[EIS] freq 2/3 (1.58e-6 1/fs) phase=Settling elapsed=1399995fs/5059646fs cycles=2.21 samples=0 V=-4.3180e-3 I=-1.9479e-5
[EIS] freq 2/3 (1.58e-6 1/fs) phase=Settling elapsed=1449995fs/5059646fs cycles=2.29 samples=0 V=-1.8312e-3 I=-1.9286e-5
[EIS] freq 2/3 (1.58e-6 1/fs) phase=Settling elapsed=1499995fs/5059646fs cycles=2.37 samples=0 V=-1.0576e-2 I=-1.4432e-5
[EIS] freq 2/3 (1.58e-6 1/fs) phase=Settling elapsed=1549995fs/5059646fs cycles=2.45 samples=0 V=-5.0946e-3 I=-6.0899e-6
[EIS] freq 2/3 (1.58e-6 1/fs) phase=Settling elapsed=1599995fs/5059646fs cycles=2.53 samples=0 V=-1.2814e-2 I=3.7246e-6
[EIS] freq 2/3 (1.58e-6 1/fs) phase=Settling elapsed=1649995fs/5059646fs cycles=2.61 samples=0 V=-1.5707e-2 I=1.2639e-5
[EIS] freq 2/3 (1.58e-6 1/fs) phase=Settling elapsed=1699995fs/5059646fs cycles=2.69 samples=0 V=-2.8702e-3 I=1.8498e-5
[EIS] freq 2/3 (1.58e-6 1/fs) phase=Settling elapsed=1749995fs/5059646fs cycles=2.77 samples=0 V=-2.4614e-3 I=1.9886e-5
[EIS] freq 2/3 (1.58e-6 1/fs) phase=Settling elapsed=1799995fs/5059646fs cycles=2.85 samples=0 V=-8.3104e-4 I=1.6468e-5
[EIS] freq 2/3 (1.58e-6 1/fs) phase=Settling elapsed=1849995fs/5059646fs cycles=2.93 samples=0 V=1.5256e-3 I=9.0688e-6
[EIS] freq 2/3 (1.58e-6 1/fs) phase=Settling elapsed=1899995fs/5059646fs cycles=3.00 samples=0 V=6.8024e-3 I=-5.2206e-7
[EIS] freq 2/3 (1.58e-6 1/fs) phase=Settling elapsed=1949995fs/5059646fs cycles=3.08 samples=0 V=2.5161e-3 I=-9.9868e-6
[EIS] freq 2/3 (1.58e-6 1/fs) phase=Settling elapsed=1999995fs/5059646fs cycles=3.16 samples=0 V=4.9245e-3 I=-1.7038e-5
[EIS] freq 2/3 (1.58e-6 1/fs) phase=Settling elapsed=2049995fs/5059646fs cycles=3.24 samples=0 V=-2.2064e-3 I=-1.9970e-5
[EIS] freq 2/3 (1.58e-6 1/fs) phase=Settling elapsed=2099995fs/5059646fs cycles=3.32 samples=0 V=3.2789e-3 I=-1.8076e-5
[EIS] freq 2/3 (1.58e-6 1/fs) phase=Settling elapsed=2149995fs/5059646fs cycles=3.40 samples=0 V=-7.8380e-3 I=-1.1813e-5
[EIS] freq 2/3 (1.58e-6 1/fs) phase=Settling elapsed=2199995fs/5059646fs cycles=3.48 samples=0 V=-1.0013e-2 I=-2.6940e-6
[EIS] freq 2/3 (1.58e-6 1/fs) phase=Settling elapsed=2249995fs/5059646fs cycles=3.56 samples=0 V=-1.3084e-2 I=7.0758e-6
[EIS] freq 2/3 (1.58e-6 1/fs) phase=Settling elapsed=2299995fs/5059646fs cycles=3.64 samples=0 V=-1.3921e-2 I=1.5135e-5
[EIS] freq 2/3 (1.58e-6 1/fs) phase=Settling elapsed=2349995fs/5059646fs cycles=3.72 samples=0 V=-7.8651e-3 I=1.9536e-5
[EIS] freq 2/3 (1.58e-6 1/fs) phase=Settling elapsed=2399995fs/5059646fs cycles=3.79 samples=0 V=-2.9353e-3 I=1.9216e-5
[EIS] freq 2/3 (1.58e-6 1/fs) phase=Settling elapsed=2449995fs/5059646fs cycles=3.87 samples=0 V=-2.3555e-3 I=1.4250e-5
[EIS] freq 2/3 (1.58e-6 1/fs) phase=Settling elapsed=2499995fs/5059646fs cycles=3.95 samples=0 V=1.8278e-3 I=5.8402e-6
[EIS] Freq 2/3 (1.58e-6): settling complete, now recording
[EIS] freq 2/3 (1.58e-6 1/fs) phase=Recording elapsed=2549995fs/5059646fs cycles=4.03 samples=4033 V=8.8091e-3 I=-3.9813e-6
[EIS] freq 2/3 (1.58e-6 1/fs) phase=Recording elapsed=2599995fs/5059646fs cycles=4.11 samples=14033 V=1.3110e-2 I=-1.2840e-5
[EIS] freq 2/3 (1.58e-6 1/fs) phase=Recording elapsed=2649995fs/5059646fs cycles=4.19 samples=24033 V=5.8918e-4 I=-1.8596e-5
[EIS] freq 2/3 (1.58e-6 1/fs) phase=Recording elapsed=2699995fs/5059646fs cycles=4.27 samples=34033 V=-9.2574e-3 I=-1.9857e-5
[EIS] freq 2/3 (1.58e-6 1/fs) phase=Recording elapsed=2749995fs/5059646fs cycles=4.35 samples=44033 V=-1.1683e-2 I=-1.6318e-5
[EIS] freq 2/3 (1.58e-6 1/fs) phase=Recording elapsed=2799995fs/5059646fs cycles=4.43 samples=54033 V=-1.3102e-2 I=-8.8349e-6
[EIS] freq 2/3 (1.58e-6 1/fs) phase=Recording elapsed=2849995fs/5059646fs cycles=4.51 samples=64033 V=-1.4878e-2 I=7.8349e-7
[EIS] freq 2/3 (1.58e-6 1/fs) phase=Recording elapsed=2899995fs/5059646fs cycles=4.59 samples=74033 V=-1.8669e-2 I=1.0213e-5
[EIS] freq 2/3 (1.58e-6 1/fs) phase=Recording elapsed=2949995fs/5059646fs cycles=4.66 samples=84033 V=-9.3901e-3 I=1.7173e-5
[EIS] freq 2/3 (1.58e-6 1/fs) phase=Recording elapsed=2999995fs/5059646fs cycles=4.74 samples=94033 V=-1.1431e-2 I=1.9983e-5
[EIS] freq 2/3 (1.58e-6 1/fs) phase=Recording elapsed=3049995fs/5059646fs cycles=4.82 samples=104033 V=-2.1124e-3 I=1.7963e-5
[EIS] freq 2/3 (1.58e-6 1/fs) phase=Recording elapsed=3099995fs/5059646fs cycles=4.90 samples=114033 V=-5.9778e-3 I=1.1601e-5
[EIS] freq 2/3 (1.58e-6 1/fs) phase=Recording elapsed=3149995fs/5059646fs cycles=4.98 samples=124033 V=-1.6510e-3 I=2.4346e-6
[EIS] freq 2/3 (1.58e-6 1/fs) phase=Recording elapsed=3199995fs/5059646fs cycles=5.06 samples=134033 V=-2.2253e-3 I=-7.3198e-6
[EIS] freq 2/3 (1.58e-6 1/fs) phase=Recording elapsed=3249995fs/5059646fs cycles=5.14 samples=144033 V=4.4610e-3 I=-1.5305e-5
[EIS] freq 2/3 (1.58e-6 1/fs) phase=Recording elapsed=3299995fs/5059646fs cycles=5.22 samples=154033 V=-6.1564e-3 I=-1.9591e-5
[EIS] freq 2/3 (1.58e-6 1/fs) phase=Recording elapsed=3349995fs/5059646fs cycles=5.30 samples=164033 V=-6.4774e-3 I=-1.9141e-5
[EIS] freq 2/3 (1.58e-6 1/fs) phase=Recording elapsed=3399995fs/5059646fs cycles=5.38 samples=174033 V=-6.1066e-3 I=-1.4065e-5
[EIS] freq 2/3 (1.58e-6 1/fs) phase=Recording elapsed=3449995fs/5059646fs cycles=5.45 samples=184033 V=-6.9201e-3 I=-5.5896e-6
[EIS] freq 2/3 (1.58e-6 1/fs) phase=Recording elapsed=3499995fs/5059646fs cycles=5.53 samples=194033 V=-1.4657e-2 I=4.2373e-6
[EIS] freq 2/3 (1.58e-6 1/fs) phase=Recording elapsed=3549995fs/5059646fs cycles=5.61 samples=204033 V=-1.9399e-2 I=1.3040e-5
[EIS] freq 2/3 (1.58e-6 1/fs) phase=Recording elapsed=3599995fs/5059646fs cycles=5.69 samples=214033 V=-1.5897e-2 I=1.8691e-5
[EIS] freq 2/3 (1.58e-6 1/fs) phase=Recording elapsed=3649995fs/5059646fs cycles=5.77 samples=224033 V=-5.2391e-3 I=1.9824e-5
[EIS] freq 2/3 (1.58e-6 1/fs) phase=Recording elapsed=3699995fs/5059646fs cycles=5.85 samples=234033 V=5.7829e-3 I=1.6165e-5
[EIS] freq 2/3 (1.58e-6 1/fs) phase=Recording elapsed=3749995fs/5059646fs cycles=5.93 samples=244033 V=3.7220e-3 I=8.5995e-6
[EIS] freq 2/3 (1.58e-6 1/fs) phase=Recording elapsed=3799995fs/5059646fs cycles=6.01 samples=254033 V=9.3638e-3 I=-1.0448e-6
[EIS] freq 2/3 (1.58e-6 1/fs) phase=Recording elapsed=3849995fs/5059646fs cycles=6.09 samples=264033 V=2.4790e-4 I=-1.0437e-5
[EIS] freq 2/3 (1.58e-6 1/fs) phase=Recording elapsed=3899995fs/5059646fs cycles=6.17 samples=274033 V=-7.2565e-4 I=-1.7306e-5
[EIS] freq 2/3 (1.58e-6 1/fs) phase=Recording elapsed=3949995fs/5059646fs cycles=6.25 samples=284033 V=4.9836e-3 I=-1.9992e-5
[EIS] freq 2/3 (1.58e-6 1/fs) phase=Recording elapsed=3999995fs/5059646fs cycles=6.32 samples=294033 V=-3.2795e-3 I=-1.7846e-5
[EIS] freq 2/3 (1.58e-6 1/fs) phase=Recording elapsed=4049995fs/5059646fs cycles=6.40 samples=304033 V=-9.6073e-3 I=-1.1387e-5
[EIS] freq 2/3 (1.58e-6 1/fs) phase=Recording elapsed=4099995fs/5059646fs cycles=6.48 samples=314033 V=-1.3733e-2 I=-2.1748e-6
[EIS] freq 2/3 (1.58e-6 1/fs) phase=Recording elapsed=4149995fs/5059646fs cycles=6.56 samples=324033 V=-1.5118e-2 I=7.5626e-6
[EIS] freq 2/3 (1.58e-6 1/fs) phase=Recording elapsed=4199995fs/5059646fs cycles=6.64 samples=334033 V=-1.0473e-2 I=1.5472e-5
[EIS] freq 2/3 (1.58e-6 1/fs) phase=Recording elapsed=4249995fs/5059646fs cycles=6.72 samples=344033 V=-3.2829e-3 I=1.9642e-5
[EIS] freq 2/3 (1.58e-6 1/fs) phase=Recording elapsed=4299995fs/5059646fs cycles=6.80 samples=354033 V=-6.3356e-3 I=1.9064e-5
[EIS] freq 2/3 (1.58e-6 1/fs) phase=Recording elapsed=4349995fs/5059646fs cycles=6.88 samples=364033 V=1.9505e-3 I=1.3878e-5
[EIS] freq 2/3 (1.58e-6 1/fs) phase=Recording elapsed=4399995fs/5059646fs cycles=6.96 samples=374033 V=-1.0558e-3 I=5.3380e-6
[EIS] freq 2/3 (1.58e-6 1/fs) phase=Recording elapsed=4449995fs/5059646fs cycles=7.04 samples=384033 V=3.8685e-3 I=-4.4925e-6
[EIS] freq 2/3 (1.58e-6 1/fs) phase=Recording elapsed=4499995fs/5059646fs cycles=7.12 samples=394033 V=9.7609e-3 I=-1.3237e-5
[EIS] freq 2/3 (1.58e-6 1/fs) phase=Recording elapsed=4549995fs/5059646fs cycles=7.19 samples=404033 V=8.6700e-4 I=-1.8782e-5
[EIS] freq 2/3 (1.58e-6 1/fs) phase=Recording elapsed=4599995fs/5059646fs cycles=7.27 samples=414033 V=-1.5262e-3 I=-1.9787e-5
[EIS] freq 2/3 (1.58e-6 1/fs) phase=Recording elapsed=4649995fs/5059646fs cycles=7.35 samples=424033 V=-7.9020e-3 I=-1.6010e-5
[EIS] freq 2/3 (1.58e-6 1/fs) phase=Recording elapsed=4699995fs/5059646fs cycles=7.43 samples=434033 V=3.2296e-3 I=-8.3627e-6
[EIS] freq 2/3 (1.58e-6 1/fs) phase=Recording elapsed=4749995fs/5059646fs cycles=7.51 samples=444033 V=-1.1627e-2 I=1.3059e-6
[EIS] freq 2/3 (1.58e-6 1/fs) phase=Recording elapsed=4799995fs/5059646fs cycles=7.59 samples=454033 V=-1.0540e-2 I=1.0659e-5
[EIS] freq 2/3 (1.58e-6 1/fs) phase=Recording elapsed=4849995fs/5059646fs cycles=7.67 samples=464033 V=-1.1268e-2 I=1.7435e-5
[EIS] freq 2/3 (1.58e-6 1/fs) phase=Recording elapsed=4899995fs/5059646fs cycles=7.75 samples=474033 V=-1.0596e-2 I=1.9998e-5
[EIS] freq 2/3 (1.58e-6 1/fs) phase=Recording elapsed=4949995fs/5059646fs cycles=7.83 samples=484033 V=4.3385e-4 I=1.7726e-5
[EIS] freq 2/3 (1.58e-6 1/fs) phase=Recording elapsed=4999995fs/5059646fs cycles=7.91 samples=494033 V=8.0197e-4 I=1.1170e-5
[EIS] freq 2/3 (1.58e-6 1/fs) phase=Recording elapsed=5049995fs/5059646fs cycles=7.98 samples=504033 V=-8.1140e-4 I=1.9146e-6
[EIS] Completed freq 2/3: 1.58e-6 1/fs -> Z = (-1.1179e2, -3.9208e2), |Z|=4.0771e2, phase=-105.9 deg, 505965 samples
[EIS]   Z_actual = (2.6348e1, -4.3059e2), Z_cap = (2.5000e3, -1.0066e8)
[EIS] Saved time-series: eis_timeseries\eis_ts_002_1.581e-6.csv (1999 pts, v_dc=-4.020e-3, i_dc=1.396e-11)
[EIS] freq 3/3 (5.00e-7 1/fs) phase=Settling elapsed=40345fs/16000005fs cycles=0.02 samples=0 V=9.3392e-3 I=-2.5282e-6
[EIS] freq 3/3 (5.00e-7 1/fs) phase=Settling elapsed=90345fs/16000005fs cycles=0.05 samples=0 V=4.0518e-3 I=-5.6006e-6
[EIS] freq 3/3 (5.00e-7 1/fs) phase=Settling elapsed=140345fs/16000005fs cycles=0.07 samples=0 V=3.2802e-3 I=-8.5352e-6
[EIS] freq 3/3 (5.00e-7 1/fs) phase=Settling elapsed=190345fs/16000005fs cycles=0.10 samples=0 V=2.7946e-3 I=-1.1260e-5
[EIS] freq 3/3 (5.00e-7 1/fs) phase=Settling elapsed=240345fs/16000005fs cycles=0.12 samples=0 V=2.8961e-3 I=-1.3707e-5
[EIS] freq 3/3 (5.00e-7 1/fs) phase=Settling elapsed=290345fs/16000005fs cycles=0.15 samples=0 V=-7.3664e-3 I=-1.5816e-5
[EIS] freq 3/3 (5.00e-7 1/fs) phase=Settling elapsed=340345fs/16000005fs cycles=0.17 samples=0 V=-1.5587e-2 I=-1.7537e-5
[EIS] freq 3/3 (5.00e-7 1/fs) phase=Settling elapsed=390345fs/16000005fs cycles=0.20 samples=0 V=-1.7709e-2 I=-1.8825e-5
[EIS] freq 3/3 (5.00e-7 1/fs) phase=Settling elapsed=440345fs/16000005fs cycles=0.22 samples=0 V=-1.8552e-2 I=-1.9650e-5
[EIS] freq 3/3 (5.00e-7 1/fs) phase=Settling elapsed=490345fs/16000005fs cycles=0.25 samples=0 V=-1.5941e-2 I=-1.9991e-5
[EIS] freq 3/3 (5.00e-7 1/fs) phase=Settling elapsed=540345fs/16000005fs cycles=0.27 samples=0 V=-3.0109e-2 I=-1.9840e-5
[EIS] freq 3/3 (5.00e-7 1/fs) phase=Settling elapsed=590345fs/16000005fs cycles=0.30 samples=0 V=-3.2983e-2 I=-1.9200e-5
[EIS] freq 3/3 (5.00e-7 1/fs) phase=Settling elapsed=640345fs/16000005fs cycles=0.32 samples=0 V=-3.2822e-2 I=-1.8087e-5
[EIS] freq 3/3 (5.00e-7 1/fs) phase=Settling elapsed=690345fs/16000005fs cycles=0.35 samples=0 V=-3.0093e-2 I=-1.6529e-5
[EIS] freq 3/3 (5.00e-7 1/fs) phase=Settling elapsed=740345fs/16000005fs cycles=0.37 samples=0 V=-3.3217e-2 I=-1.4565e-5
[EIS] freq 3/3 (5.00e-7 1/fs) phase=Settling elapsed=790345fs/16000005fs cycles=0.40 samples=0 V=-3.1781e-2 I=-1.2241e-5
[EIS] freq 3/3 (5.00e-7 1/fs) phase=Settling elapsed=840345fs/16000005fs cycles=0.42 samples=0 V=-2.9657e-2 I=-9.6161e-6
[EIS] freq 3/3 (5.00e-7 1/fs) phase=Settling elapsed=890345fs/16000005fs cycles=0.45 samples=0 V=-4.3748e-2 I=-6.7544e-6
[EIS] freq 3/3 (5.00e-7 1/fs) phase=Settling elapsed=940345fs/16000005fs cycles=0.47 samples=0 V=-3.9134e-2 I=-3.7263e-6
[EIS] freq 3/3 (5.00e-7 1/fs) phase=Settling elapsed=990345fs/16000005fs cycles=0.50 samples=0 V=-3.2036e-2 I=-6.0657e-7
[EIS] freq 3/3 (5.00e-7 1/fs) phase=Settling elapsed=1040345fs/16000005fs cycles=0.52 samples=0 V=-3.4999e-2 I=2.5281e-6
[run_job] end=2026-05-02T23:39:38Z rc=127
