[run_job] id=doe-011
[run_job] workdir=/c/Users/Yeyian PC/Desktop/ParticleSim-master/ParticleSim/runs/doe-011
[run_job] exe=/c/Users/Yeyian PC/Desktop/ParticleSim-master/ParticleSim/target/release/eis_quick_sweep.exe
[run_job] log=/c/Users/Yeyian PC/Desktop/ParticleSim-master/ParticleSim/doe_results/eis_doe_lf/doe-011_amp0.0006_freq5e-7to5e-6.log
[run_job] args: --amplitude 0.0006 --f-min 5e-7 --f-max 5e-6 --scenario /c/Users/Yeyian PC/Desktop/ParticleSim-master/ParticleSim/measurement_configs/eis_validation_flat_symmetric.toml
[run_job] start=2026-05-02T13:35:48Z
Successfully placed 86 random bodies
Successfully placed 86 random bodies
Successfully placed 598 random bodies
Successfully placed 599 random bodies
scenario=C:/Users/Yeyian PC/Desktop/ParticleSim-master/ParticleSim/measurement_configs/eis_validation_flat_symmetric.toml seed=0xC0FFEE
bodies=3449 foils=2
dt=5 fs  group_a=[1]  group_b=[2]
equilibrating 50000 fs (10000 steps)
zero-current pre-hold 10000 fs (2000 steps)
[EIS] Started sweep (Galvanostatic): 3 frequencies from 5.00e-6 to 5.00e-7 (1/fs)
[EIS] Estimated total time: 22659652 fs (22659.7 ps), amplitude=6.0000e-4
[EIS] Group A (+ perturbation): [1], Group B (- perturbation): [2]
[EIS] Voltage probes: 0 per group (A=130, B=130)
EIS sweep started (Galvanostatic)
[EIS] freq 1/3 (5.00e-6 1/fs) phase=Settling elapsed=5fs/1600001fs cycles=0.00 samples=0 V=-5.5584e-3 I=-9.4248e-8
[EIS] freq 1/3 (5.00e-6 1/fs) phase=Settling elapsed=50005fs/1600001fs cycles=0.25 samples=0 V=-6.4554e-2 I=-6.0000e-4
[EIS] freq 1/3 (5.00e-6 1/fs) phase=Settling elapsed=100005fs/1600001fs cycles=0.50 samples=0 V=-1.1807e-1 I=9.3608e-8
[EIS] freq 1/3 (5.00e-6 1/fs) phase=Settling elapsed=150005fs/1600001fs cycles=0.75 samples=0 V=-2.2142e-2 I=6.0000e-4
[EIS] freq 1/3 (5.00e-6 1/fs) phase=Settling elapsed=200005fs/1600001fs cycles=1.00 samples=0 V=5.2919e-2 I=-9.2802e-8
[EIS] freq 1/3 (5.00e-6 1/fs) phase=Settling elapsed=250005fs/1600001fs cycles=1.25 samples=0 V=-5.2979e-2 I=-6.0000e-4
[EIS] freq 1/3 (5.00e-6 1/fs) phase=Settling elapsed=300005fs/1600001fs cycles=1.50 samples=0 V=-1.0318e-1 I=9.2139e-8
[EIS] freq 1/3 (5.00e-6 1/fs) phase=Settling elapsed=350005fs/1600001fs cycles=1.75 samples=0 V=-1.3998e-3 I=6.0000e-4
[EIS] freq 1/3 (5.00e-6 1/fs) phase=Settling elapsed=400005fs/1600001fs cycles=2.00 samples=0 V=7.9407e-2 I=-9.1763e-8
[EIS] freq 1/3 (5.00e-6 1/fs) phase=Settling elapsed=450005fs/1600001fs cycles=2.25 samples=0 V=-2.1241e-2 I=-6.0000e-4
[EIS] freq 1/3 (5.00e-6 1/fs) phase=Settling elapsed=500005fs/1600001fs cycles=2.50 samples=0 V=-1.1089e-1 I=9.0814e-8
[EIS] freq 1/3 (5.00e-6 1/fs) phase=Settling elapsed=550005fs/1600001fs cycles=2.75 samples=0 V=-2.4635e-2 I=6.0000e-4
[EIS] freq 1/3 (5.00e-6 1/fs) phase=Settling elapsed=600005fs/1600001fs cycles=3.00 samples=0 V=5.2084e-2 I=-9.0437e-8
[EIS] freq 1/3 (5.00e-6 1/fs) phase=Settling elapsed=650005fs/1600001fs cycles=3.25 samples=0 V=-3.0915e-2 I=-6.0000e-4
[EIS] freq 1/3 (5.00e-6 1/fs) phase=Settling elapsed=700005fs/1600001fs cycles=3.50 samples=0 V=-1.1409e-1 I=8.8916e-8
[EIS] freq 1/3 (5.00e-6 1/fs) phase=Settling elapsed=750005fs/1600001fs cycles=3.75 samples=0 V=-1.7015e-2 I=6.0000e-4
[EIS] freq 1/3 (5.00e-6 1/fs) phase=Settling elapsed=800005fs/1600001fs cycles=4.00 samples=0 V=7.0031e-2 I=-8.8539e-8
[EIS] Freq 1/3 (5.00e-6): settling complete, now recording
[EIS] freq 1/3 (5.00e-6 1/fs) phase=Recording elapsed=850005fs/1600001fs cycles=4.25 samples=9999 V=-2.2723e-2 I=-6.0000e-4
[EIS] freq 1/3 (5.00e-6 1/fs) phase=Recording elapsed=900005fs/1600001fs cycles=4.50 samples=19999 V=-1.1823e-1 I=8.8162e-8
[EIS] freq 1/3 (5.00e-6 1/fs) phase=Recording elapsed=950005fs/1600001fs cycles=4.75 samples=29999 V=3.7793e-4 I=6.0000e-4
[EIS] freq 1/3 (5.00e-6 1/fs) phase=Recording elapsed=1000005fs/1600001fs cycles=5.00 samples=39999 V=6.2764e-2 I=-8.7786e-8
[EIS] freq 1/3 (5.00e-6 1/fs) phase=Recording elapsed=1050005fs/1600001fs cycles=5.25 samples=49999 V=-2.0241e-2 I=-6.0000e-4
[EIS] freq 1/3 (5.00e-6 1/fs) phase=Recording elapsed=1100005fs/1600001fs cycles=5.50 samples=59999 V=-1.0019e-1 I=8.6265e-8
[EIS] freq 1/3 (5.00e-6 1/fs) phase=Recording elapsed=1150005fs/1600001fs cycles=5.75 samples=69999 V=9.4332e-3 I=6.0000e-4
[EIS] freq 1/3 (5.00e-6 1/fs) phase=Recording elapsed=1200005fs/1600001fs cycles=6.00 samples=79999 V=7.0219e-2 I=-8.7032e-8
[EIS] freq 1/3 (5.00e-6 1/fs) phase=Recording elapsed=1250005fs/1600001fs cycles=6.25 samples=89999 V=-8.8170e-3 I=-6.0000e-4
[EIS] freq 1/3 (5.00e-6 1/fs) phase=Recording elapsed=1300005fs/1600001fs cycles=6.50 samples=99999 V=-8.8719e-2 I=8.5511e-8
[EIS] freq 1/3 (5.00e-6 1/fs) phase=Recording elapsed=1350005fs/1600001fs cycles=6.75 samples=109999 V=-1.2471e-2 I=6.0000e-4
[EIS] freq 1/3 (5.00e-6 1/fs) phase=Recording elapsed=1400005fs/1600001fs cycles=7.00 samples=119999 V=7.7833e-2 I=-8.3990e-8
[EIS] freq 1/3 (5.00e-6 1/fs) phase=Recording elapsed=1450005fs/1600001fs cycles=7.25 samples=129999 V=-2.3068e-2 I=-6.0000e-4
[EIS] freq 1/3 (5.00e-6 1/fs) phase=Recording elapsed=1500005fs/1600001fs cycles=7.50 samples=139999 V=-8.7222e-2 I=8.4758e-8
[EIS] freq 1/3 (5.00e-6 1/fs) phase=Recording elapsed=1550005fs/1600001fs cycles=7.75 samples=149999 V=-5.1295e-3 I=6.0000e-4
[EIS] freq 1/3 (5.00e-6 1/fs) phase=Recording elapsed=1600005fs/1600001fs cycles=8.00 samples=159999 V=6.6400e-2 I=-8.3237e-8
[EIS] Completed freq 1/3: 5.00e-6 1/fs -> Z = (1.2368e1, -1.4004e2), |Z|=1.4059e2, phase=-85.0 deg, 160001 samples
[EIS]   Z_actual = (1.7261e1, -1.4021e2), Z_cap = (2.5000e3, -3.1831e7)
[EIS] Saved time-series: eis_timeseries\eis_ts_001_5.000e-6.csv (1987 pts, v_dc=-8.754e-3, i_dc=5.892e-10)
[EIS] freq 2/3 (1.58e-6 1/fs) phase=Settling elapsed=49995fs/5059646fs cycles=0.08 samples=0 V=4.6044e-2 I=-2.8591e-4
[EIS] freq 2/3 (1.58e-6 1/fs) phase=Settling elapsed=99995fs/5059646fs cycles=0.16 samples=0 V=-6.0612e-2 I=-5.0273e-4
[EIS] freq 2/3 (1.58e-6 1/fs) phase=Settling elapsed=149995fs/5059646fs cycles=0.24 samples=0 V=-1.5959e-1 I=-5.9805e-4
[EIS] freq 2/3 (1.58e-6 1/fs) phase=Settling elapsed=199995fs/5059646fs cycles=0.32 samples=0 V=-2.5120e-1 I=-5.4881e-4
[EIS] freq 2/3 (1.58e-6 1/fs) phase=Settling elapsed=249995fs/5059646fs cycles=0.40 samples=0 V=-3.5286e-1 I=-3.6692e-4
[EIS] freq 2/3 (1.58e-6 1/fs) phase=Settling elapsed=299995fs/5059646fs cycles=0.47 samples=0 V=-2.9362e-1 I=-9.6341e-5
[EIS] freq 2/3 (1.58e-6 1/fs) phase=Settling elapsed=349995fs/5059646fs cycles=0.55 samples=0 V=-2.5724e-1 I=1.9752e-4
[EIS] freq 2/3 (1.58e-6 1/fs) phase=Settling elapsed=399995fs/5059646fs cycles=0.63 samples=0 V=-1.7850e-1 I=4.4365e-4
[EIS] freq 2/3 (1.58e-6 1/fs) phase=Settling elapsed=449995fs/5059646fs cycles=0.71 samples=0 V=-6.9761e-2 I=5.8253e-4
[EIS] freq 2/3 (1.58e-6 1/fs) phase=Settling elapsed=499995fs/5059646fs cycles=0.79 samples=0 V=1.4988e-2 I=5.8062e-4
[EIS] freq 2/3 (1.58e-6 1/fs) phase=Settling elapsed=549995fs/5059646fs cycles=0.87 samples=0 V=8.6774e-2 I=4.3837e-4
[EIS] freq 2/3 (1.58e-6 1/fs) phase=Settling elapsed=599995fs/5059646fs cycles=0.95 samples=0 V=1.1596e-1 I=1.9015e-4
[EIS] freq 2/3 (1.58e-6 1/fs) phase=Settling elapsed=649995fs/5059646fs cycles=1.03 samples=0 V=1.1522e-1 I=-1.0402e-4
[EIS] freq 2/3 (1.58e-6 1/fs) phase=Settling elapsed=699995fs/5059646fs cycles=1.11 samples=0 V=5.4010e-2 I=-3.7305e-4
[EIS] freq 2/3 (1.58e-6 1/fs) phase=Settling elapsed=749995fs/5059646fs cycles=1.19 samples=0 V=-3.3663e-2 I=-5.5191e-4
[EIS] freq 2/3 (1.58e-6 1/fs) phase=Settling elapsed=799995fs/5059646fs cycles=1.26 samples=0 V=-1.2354e-1 I=-5.9737e-4
[EIS] freq 2/3 (1.58e-6 1/fs) phase=Settling elapsed=849995fs/5059646fs cycles=1.34 samples=0 V=-2.1643e-1 I=-4.9844e-4
[EIS] freq 2/3 (1.58e-6 1/fs) phase=Settling elapsed=899995fs/5059646fs cycles=1.42 samples=0 V=-2.7964e-1 I=-2.7904e-4
[EIS] freq 2/3 (1.58e-6 1/fs) phase=Settling elapsed=949995fs/5059646fs cycles=1.50 samples=0 V=-2.8925e-1 I=7.8167e-6
[EIS] freq 2/3 (1.58e-6 1/fs) phase=Settling elapsed=999995fs/5059646fs cycles=1.58 samples=0 V=-2.4622e-1 I=2.9278e-4
[EIS] freq 2/3 (1.58e-6 1/fs) phase=Settling elapsed=1049995fs/5059646fs cycles=1.66 samples=0 V=-1.4477e-1 I=5.0697e-4
[EIS] freq 2/3 (1.58e-6 1/fs) phase=Settling elapsed=1099995fs/5059646fs cycles=1.74 samples=0 V=-4.1101e-2 I=5.9863e-4
[EIS] freq 2/3 (1.58e-6 1/fs) phase=Settling elapsed=1149995fs/5059646fs cycles=1.82 samples=0 V=3.3335e-2 I=5.4559e-4
[EIS] freq 2/3 (1.58e-6 1/fs) phase=Settling elapsed=1199995fs/5059646fs cycles=1.90 samples=0 V=8.6869e-2 I=3.6068e-4
[EIS] freq 2/3 (1.58e-6 1/fs) phase=Settling elapsed=1249995fs/5059646fs cycles=1.98 samples=0 V=1.0750e-1 I=8.8588e-5
[EIS] freq 2/3 (1.58e-6 1/fs) phase=Settling elapsed=1299995fs/5059646fs cycles=2.06 samples=0 V=7.7932e-2 I=-2.0492e-4
[EIS] freq 2/3 (1.58e-6 1/fs) phase=Settling elapsed=1349995fs/5059646fs cycles=2.13 samples=0 V=1.7291e-2 I=-4.4889e-4
[EIS] freq 2/3 (1.58e-6 1/fs) phase=Settling elapsed=1399995fs/5059646fs cycles=2.21 samples=0 V=-6.3901e-2 I=-5.8436e-4
[EIS] freq 2/3 (1.58e-6 1/fs) phase=Settling elapsed=1449995fs/5059646fs cycles=2.29 samples=0 V=-1.3449e-1 I=-5.7859e-4
[EIS] freq 2/3 (1.58e-6 1/fs) phase=Settling elapsed=1499995fs/5059646fs cycles=2.37 samples=0 V=-2.1848e-1 I=-4.3297e-4
[EIS] freq 2/3 (1.58e-6 1/fs) phase=Settling elapsed=1549995fs/5059646fs cycles=2.45 samples=0 V=-2.5388e-1 I=-1.8270e-4
[EIS] freq 2/3 (1.58e-6 1/fs) phase=Settling elapsed=1599995fs/5059646fs cycles=2.53 samples=0 V=-2.3861e-1 I=1.1174e-4
[EIS] freq 2/3 (1.58e-6 1/fs) phase=Settling elapsed=1649995fs/5059646fs cycles=2.61 samples=0 V=-1.9243e-1 I=3.7916e-4
[EIS] freq 2/3 (1.58e-6 1/fs) phase=Settling elapsed=1699995fs/5059646fs cycles=2.69 samples=0 V=-9.0699e-2 I=5.5494e-4
[EIS] freq 2/3 (1.58e-6 1/fs) phase=Settling elapsed=1749995fs/5059646fs cycles=2.77 samples=0 V=1.5909e-2 I=5.9659e-4
[EIS] freq 2/3 (1.58e-6 1/fs) phase=Settling elapsed=1799995fs/5059646fs cycles=2.85 samples=0 V=9.3118e-2 I=4.9403e-4
[EIS] freq 2/3 (1.58e-6 1/fs) phase=Settling elapsed=1849995fs/5059646fs cycles=2.93 samples=0 V=1.1563e-1 I=2.7206e-4
[EIS] freq 2/3 (1.58e-6 1/fs) phase=Settling elapsed=1899995fs/5059646fs cycles=3.00 samples=0 V=1.0849e-1 I=-1.5662e-5
[EIS] freq 2/3 (1.58e-6 1/fs) phase=Settling elapsed=1949995fs/5059646fs cycles=3.08 samples=0 V=7.3509e-2 I=-2.9960e-4
[EIS] freq 2/3 (1.58e-6 1/fs) phase=Settling elapsed=1999995fs/5059646fs cycles=3.16 samples=0 V=6.7985e-3 I=-5.1113e-4
[EIS] freq 2/3 (1.58e-6 1/fs) phase=Settling elapsed=2049995fs/5059646fs cycles=3.24 samples=0 V=-7.5706e-2 I=-5.9911e-4
[EIS] freq 2/3 (1.58e-6 1/fs) phase=Settling elapsed=2099995fs/5059646fs cycles=3.32 samples=0 V=-1.7288e-1 I=-5.4228e-4
[EIS] freq 2/3 (1.58e-6 1/fs) phase=Settling elapsed=2149995fs/5059646fs cycles=3.40 samples=0 V=-2.2246e-1 I=-3.5438e-4
[EIS] freq 2/3 (1.58e-6 1/fs) phase=Settling elapsed=2199995fs/5059646fs cycles=3.48 samples=0 V=-2.3546e-1 I=-8.0820e-5
[EIS] freq 2/3 (1.58e-6 1/fs) phase=Settling elapsed=2249995fs/5059646fs cycles=3.56 samples=0 V=-2.0288e-1 I=2.1227e-4
[EIS] freq 2/3 (1.58e-6 1/fs) phase=Settling elapsed=2299995fs/5059646fs cycles=3.64 samples=0 V=-1.3100e-1 I=4.5406e-4
[EIS] freq 2/3 (1.58e-6 1/fs) phase=Settling elapsed=2349995fs/5059646fs cycles=3.72 samples=0 V=-3.4747e-2 I=5.8609e-4
[EIS] freq 2/3 (1.58e-6 1/fs) phase=Settling elapsed=2399995fs/5059646fs cycles=3.79 samples=0 V=7.2445e-2 I=5.7647e-4
[EIS] freq 2/3 (1.58e-6 1/fs) phase=Settling elapsed=2449995fs/5059646fs cycles=3.87 samples=0 V=1.1558e-1 I=4.2750e-4
[EIS] freq 2/3 (1.58e-6 1/fs) phase=Settling elapsed=2499995fs/5059646fs cycles=3.95 samples=0 V=1.6119e-1 I=1.7521e-4
[EIS] Freq 2/3 (1.58e-6): settling complete, now recording
[EIS] freq 2/3 (1.58e-6 1/fs) phase=Recording elapsed=2549995fs/5059646fs cycles=4.03 samples=4033 V=1.4222e-1 I=-1.1944e-4
[EIS] freq 2/3 (1.58e-6 1/fs) phase=Recording elapsed=2599995fs/5059646fs cycles=4.11 samples=14033 V=8.6697e-2 I=-3.8521e-4
[EIS] freq 2/3 (1.58e-6 1/fs) phase=Recording elapsed=2649995fs/5059646fs cycles=4.19 samples=24033 V=-1.1817e-2 I=-5.5788e-4
[EIS] freq 2/3 (1.58e-6 1/fs) phase=Recording elapsed=2699995fs/5059646fs cycles=4.27 samples=34033 V=-9.7048e-2 I=-5.9570e-4
[EIS] freq 2/3 (1.58e-6 1/fs) phase=Recording elapsed=2749995fs/5059646fs cycles=4.35 samples=44033 V=-1.6050e-1 I=-4.8954e-4
[EIS] freq 2/3 (1.58e-6 1/fs) phase=Recording elapsed=2799995fs/5059646fs cycles=4.43 samples=54033 V=-1.9596e-1 I=-2.6505e-4
[EIS] freq 2/3 (1.58e-6 1/fs) phase=Recording elapsed=2849995fs/5059646fs cycles=4.51 samples=64033 V=-1.9565e-1 I=2.3505e-5
[EIS] freq 2/3 (1.58e-6 1/fs) phase=Recording elapsed=2899995fs/5059646fs cycles=4.59 samples=74033 V=-1.6535e-1 I=3.0638e-4
[EIS] freq 2/3 (1.58e-6 1/fs) phase=Recording elapsed=2949995fs/5059646fs cycles=4.66 samples=84033 V=-8.5466e-2 I=5.1519e-4
[EIS] freq 2/3 (1.58e-6 1/fs) phase=Recording elapsed=2999995fs/5059646fs cycles=4.74 samples=94033 V=8.8186e-3 I=5.9949e-4
[EIS] freq 2/3 (1.58e-6 1/fs) phase=Recording elapsed=3049995fs/5059646fs cycles=4.82 samples=104033 V=1.0354e-1 I=5.3888e-4
[EIS] freq 2/3 (1.58e-6 1/fs) phase=Recording elapsed=3099995fs/5059646fs cycles=4.90 samples=114033 V=1.3923e-1 I=3.4802e-4
[EIS] freq 2/3 (1.58e-6 1/fs) phase=Recording elapsed=3149995fs/5059646fs cycles=4.98 samples=124033 V=1.7184e-1 I=7.3038e-5
[EIS] freq 2/3 (1.58e-6 1/fs) phase=Recording elapsed=3199995fs/5059646fs cycles=5.06 samples=134033 V=1.4099e-1 I=-2.1959e-4
[EIS] freq 2/3 (1.58e-6 1/fs) phase=Recording elapsed=3249995fs/5059646fs cycles=5.14 samples=144033 V=7.9547e-2 I=-4.5915e-4
[EIS] freq 2/3 (1.58e-6 1/fs) phase=Recording elapsed=3299995fs/5059646fs cycles=5.22 samples=154033 V=-3.7119e-2 I=-5.8772e-4
[EIS] freq 2/3 (1.58e-6 1/fs) phase=Recording elapsed=3349995fs/5059646fs cycles=5.30 samples=164033 V=-1.1461e-1 I=-5.7424e-4
[EIS] freq 2/3 (1.58e-6 1/fs) phase=Recording elapsed=3399995fs/5059646fs cycles=5.38 samples=174033 V=-2.0136e-1 I=-4.2196e-4
[EIS] freq 2/3 (1.58e-6 1/fs) phase=Recording elapsed=3449995fs/5059646fs cycles=5.45 samples=184033 V=-1.9675e-1 I=-1.6769e-4
[EIS] freq 2/3 (1.58e-6 1/fs) phase=Recording elapsed=3499995fs/5059646fs cycles=5.53 samples=194033 V=-1.7130e-1 I=1.2712e-4
[EIS] freq 2/3 (1.58e-6 1/fs) phase=Recording elapsed=3549995fs/5059646fs cycles=5.61 samples=204033 V=-1.2520e-1 I=3.9119e-4
[EIS] freq 2/3 (1.58e-6 1/fs) phase=Recording elapsed=3599995fs/5059646fs cycles=5.69 samples=214033 V=-4.8434e-2 I=5.6072e-4
[EIS] freq 2/3 (1.58e-6 1/fs) phase=Recording elapsed=3649995fs/5059646fs cycles=5.77 samples=224033 V=4.4353e-2 I=5.9471e-4
[EIS] freq 2/3 (1.58e-6 1/fs) phase=Recording elapsed=3699995fs/5059646fs cycles=5.85 samples=234033 V=1.1596e-1 I=4.8496e-4
[EIS] freq 2/3 (1.58e-6 1/fs) phase=Recording elapsed=3749995fs/5059646fs cycles=5.93 samples=244033 V=1.6993e-1 I=2.5799e-4
[EIS] freq 2/3 (1.58e-6 1/fs) phase=Recording elapsed=3799995fs/5059646fs cycles=6.01 samples=254033 V=1.5355e-1 I=-3.1343e-5
[EIS] freq 2/3 (1.58e-6 1/fs) phase=Recording elapsed=3849995fs/5059646fs cycles=6.09 samples=264033 V=9.0506e-2 I=-3.1310e-4
[EIS] freq 2/3 (1.58e-6 1/fs) phase=Recording elapsed=3899995fs/5059646fs cycles=6.17 samples=274033 V=3.1474e-2 I=-5.1917e-4
[EIS] freq 2/3 (1.58e-6 1/fs) phase=Recording elapsed=3949995fs/5059646fs cycles=6.25 samples=284033 V=-8.1699e-2 I=-5.9976e-4
[EIS] freq 2/3 (1.58e-6 1/fs) phase=Recording elapsed=3999995fs/5059646fs cycles=6.32 samples=294033 V=-1.7012e-1 I=-5.3538e-4
[EIS] freq 2/3 (1.58e-6 1/fs) phase=Recording elapsed=4049995fs/5059646fs cycles=6.40 samples=304033 V=-2.2280e-1 I=-3.4160e-4
[EIS] freq 2/3 (1.58e-6 1/fs) phase=Recording elapsed=4099995fs/5059646fs cycles=6.48 samples=314033 V=-2.1145e-1 I=-6.5243e-5
[EIS] freq 2/3 (1.58e-6 1/fs) phase=Recording elapsed=4149995fs/5059646fs cycles=6.56 samples=324033 V=-1.7717e-1 I=2.2688e-4
[EIS] freq 2/3 (1.58e-6 1/fs) phase=Recording elapsed=4199995fs/5059646fs cycles=6.64 samples=334033 V=-1.0818e-1 I=4.6416e-4
[EIS] freq 2/3 (1.58e-6 1/fs) phase=Recording elapsed=4249995fs/5059646fs cycles=6.72 samples=344033 V=-1.8055e-2 I=5.8925e-4
[EIS] freq 2/3 (1.58e-6 1/fs) phase=Recording elapsed=4299995fs/5059646fs cycles=6.80 samples=354033 V=7.5344e-2 I=5.7192e-4
[EIS] freq 2/3 (1.58e-6 1/fs) phase=Recording elapsed=4349995fs/5059646fs cycles=6.88 samples=364033 V=1.5969e-1 I=4.1634e-4
[EIS] freq 2/3 (1.58e-6 1/fs) phase=Recording elapsed=4399995fs/5059646fs cycles=6.96 samples=374033 V=1.5276e-1 I=1.6014e-4
[EIS] freq 2/3 (1.58e-6 1/fs) phase=Recording elapsed=4449995fs/5059646fs cycles=7.04 samples=384033 V=1.4709e-1 I=-1.3477e-4
[EIS] freq 2/3 (1.58e-6 1/fs) phase=Recording elapsed=4499995fs/5059646fs cycles=7.12 samples=394033 V=8.1937e-2 I=-3.9711e-4
[EIS] freq 2/3 (1.58e-6 1/fs) phase=Recording elapsed=4549995fs/5059646fs cycles=7.19 samples=404033 V=5.3652e-3 I=-5.6346e-4
[EIS] freq 2/3 (1.58e-6 1/fs) phase=Recording elapsed=4599995fs/5059646fs cycles=7.27 samples=414033 V=-1.1188e-1 I=-5.9362e-4
[EIS] freq 2/3 (1.58e-6 1/fs) phase=Recording elapsed=4649995fs/5059646fs cycles=7.35 samples=424033 V=-1.5841e-1 I=-4.8030e-4
[EIS] freq 2/3 (1.58e-6 1/fs) phase=Recording elapsed=4699995fs/5059646fs cycles=7.43 samples=434033 V=-2.3572e-1 I=-2.5088e-4
[EIS] freq 2/3 (1.58e-6 1/fs) phase=Recording elapsed=4749995fs/5059646fs cycles=7.51 samples=444033 V=-2.0540e-1 I=3.9177e-5
[EIS] freq 2/3 (1.58e-6 1/fs) phase=Recording elapsed=4799995fs/5059646fs cycles=7.59 samples=454033 V=-1.5227e-1 I=3.1976e-4
[EIS] freq 2/3 (1.58e-6 1/fs) phase=Recording elapsed=4849995fs/5059646fs cycles=7.67 samples=464033 V=-4.6658e-2 I=5.2306e-4
[EIS] freq 2/3 (1.58e-6 1/fs) phase=Recording elapsed=4899995fs/5059646fs cycles=7.75 samples=474033 V=5.3990e-2 I=5.9993e-4
[EIS] freq 2/3 (1.58e-6 1/fs) phase=Recording elapsed=4949995fs/5059646fs cycles=7.83 samples=484033 V=1.3185e-1 I=5.3179e-4
[EIS] freq 2/3 (1.58e-6 1/fs) phase=Recording elapsed=4999995fs/5059646fs cycles=7.91 samples=494033 V=1.7603e-1 I=3.3511e-4
[EIS] freq 2/3 (1.58e-6 1/fs) phase=Recording elapsed=5049995fs/5059646fs cycles=7.98 samples=504033 V=1.8228e-1 I=5.7438e-5
[EIS] Completed freq 2/3: 1.58e-6 1/fs -> Z = (8.4662e1, -3.0636e2), |Z|=3.1784e2, phase=-74.6 deg, 505965 samples
[EIS]   Z_actual = (8.8225e1, -2.9970e2), Z_cap = (2.5000e3, -1.0066e8)
[EIS] Saved time-series: eis_timeseries\eis_ts_002_1.581e-6.csv (1999 pts, v_dc=-2.333e-2, i_dc=4.188e-10)
[EIS] freq 3/3 (5.00e-7 1/fs) phase=Settling elapsed=40345fs/16000005fs cycles=0.02 samples=0 V=1.5451e-1 I=-7.5845e-5
[EIS] freq 3/3 (5.00e-7 1/fs) phase=Settling elapsed=90345fs/16000005fs cycles=0.05 samples=0 V=1.2294e-1 I=-1.6802e-4
[EIS] freq 3/3 (5.00e-7 1/fs) phase=Settling elapsed=140345fs/16000005fs cycles=0.07 samples=0 V=9.0790e-2 I=-2.5606e-4
[EIS] freq 3/3 (5.00e-7 1/fs) phase=Settling elapsed=190345fs/16000005fs cycles=0.10 samples=0 V=2.3406e-2 I=-3.3779e-4
[EIS] freq 3/3 (5.00e-7 1/fs) phase=Settling elapsed=240345fs/16000005fs cycles=0.12 samples=0 V=-2.5879e-2 I=-4.1120e-4
[EIS] freq 3/3 (5.00e-7 1/fs) phase=Settling elapsed=290345fs/16000005fs cycles=0.15 samples=0 V=-1.0547e-1 I=-4.7449e-4
[EIS] freq 3/3 (5.00e-7 1/fs) phase=Settling elapsed=340345fs/16000005fs cycles=0.17 samples=0 V=-1.7402e-1 I=-5.2610e-4
[EIS] freq 3/3 (5.00e-7 1/fs) phase=Settling elapsed=390345fs/16000005fs cycles=0.20 samples=0 V=-2.5309e-1 I=-5.6475e-4
[EIS] freq 3/3 (5.00e-7 1/fs) phase=Settling elapsed=440345fs/16000005fs cycles=0.22 samples=0 V=-3.2027e-1 I=-5.8949e-4
[EIS] freq 3/3 (5.00e-7 1/fs) phase=Settling elapsed=490345fs/16000005fs cycles=0.25 samples=0 V=-4.3574e-1 I=-5.9972e-4
[EIS] freq 3/3 (5.00e-7 1/fs) phase=Settling elapsed=540345fs/16000005fs cycles=0.27 samples=0 V=-4.8471e-1 I=-5.9519e-4
[EIS] freq 3/3 (5.00e-7 1/fs) phase=Settling elapsed=590345fs/16000005fs cycles=0.30 samples=0 V=-5.7642e-1 I=-5.7599e-4
[EIS] freq 3/3 (5.00e-7 1/fs) phase=Settling elapsed=640345fs/16000005fs cycles=0.32 samples=0 V=-6.1019e-1 I=-5.4262e-4
[EIS] freq 3/3 (5.00e-7 1/fs) phase=Settling elapsed=690345fs/16000005fs cycles=0.35 samples=0 V=-6.8704e-1 I=-4.9588e-4
[EIS] freq 3/3 (5.00e-7 1/fs) phase=Settling elapsed=740345fs/16000005fs cycles=0.37 samples=0 V=-7.1106e-1 I=-4.3694e-4
[EIS] freq 3/3 (5.00e-7 1/fs) phase=Settling elapsed=790345fs/16000005fs cycles=0.40 samples=0 V=-7.0241e-1 I=-3.6723e-4
[EIS] freq 3/3 (5.00e-7 1/fs) phase=Settling elapsed=840345fs/16000005fs cycles=0.42 samples=0 V=-6.0532e-1 I=-2.8848e-4
[EIS] freq 3/3 (5.00e-7 1/fs) phase=Settling elapsed=890345fs/16000005fs cycles=0.45 samples=0 V=-5.0467e-1 I=-2.0263e-4
[EIS] freq 3/3 (5.00e-7 1/fs) phase=Settling elapsed=940345fs/16000005fs cycles=0.47 samples=0 V=-4.1759e-1 I=-1.1179e-4
[EIS] freq 3/3 (5.00e-7 1/fs) phase=Settling elapsed=990345fs/16000005fs cycles=0.50 samples=0 V=-3.4339e-1 I=-1.8197e-5
[EIS] freq 3/3 (5.00e-7 1/fs) phase=Settling elapsed=1040345fs/16000005fs cycles=0.52 samples=0 V=-3.2490e-1 I=7.5844e-5
[EIS] freq 3/3 (5.00e-7 1/fs) phase=Settling elapsed=1090345fs/16000005fs cycles=0.55 samples=0 V=-2.7069e-1 I=1.6802e-4
[EIS] freq 3/3 (5.00e-7 1/fs) phase=Settling elapsed=1140345fs/16000005fs cycles=0.57 samples=0 V=-1.9621e-1 I=2.5606e-4
[EIS] freq 3/3 (5.00e-7 1/fs) phase=Settling elapsed=1190345fs/16000005fs cycles=0.60 samples=0 V=-1.6428e-1 I=3.3779e-4
[EIS] freq 3/3 (5.00e-7 1/fs) phase=Settling elapsed=1240345fs/16000005fs cycles=0.62 samples=0 V=-1.1432e-1 I=4.1120e-4
[EIS] freq 3/3 (5.00e-7 1/fs) phase=Settling elapsed=1290345fs/16000005fs cycles=0.65 samples=0 V=-4.4902e-2 I=4.7449e-4
[EIS] freq 3/3 (5.00e-7 1/fs) phase=Settling elapsed=1340345fs/16000005fs cycles=0.67 samples=0 V=1.1656e-2 I=5.2610e-4
[EIS] freq 3/3 (5.00e-7 1/fs) phase=Settling elapsed=1390345fs/16000005fs cycles=0.70 samples=0 V=1.0532e-1 I=5.6475e-4
[EIS] freq 3/3 (5.00e-7 1/fs) phase=Settling elapsed=1440345fs/16000005fs cycles=0.72 samples=0 V=1.6098e-1 I=5.8949e-4
[EIS] freq 3/3 (5.00e-7 1/fs) phase=Settling elapsed=1490345fs/16000005fs cycles=0.75 samples=0 V=2.3731e-1 I=5.9972e-4
[EIS] freq 3/3 (5.00e-7 1/fs) phase=Settling elapsed=1540345fs/16000005fs cycles=0.77 samples=0 V=2.9393e-1 I=5.9519e-4
[EIS] freq 3/3 (5.00e-7 1/fs) phase=Settling elapsed=1590345fs/16000005fs cycles=0.80 samples=0 V=3.1232e-1 I=5.7599e-4
[EIS] freq 3/3 (5.00e-7 1/fs) phase=Settling elapsed=1640345fs/16000005fs cycles=0.82 samples=0 V=3.2543e-1 I=5.4262e-4
[EIS] freq 3/3 (5.00e-7 1/fs) phase=Settling elapsed=1690345fs/16000005fs cycles=0.85 samples=0 V=3.7118e-1 I=4.9588e-4
[EIS] freq 3/3 (5.00e-7 1/fs) phase=Settling elapsed=1740345fs/16000005fs cycles=0.87 samples=0 V=3.6045e-1 I=4.3694e-4
[EIS] freq 3/3 (5.00e-7 1/fs) phase=Settling elapsed=1790345fs/16000005fs cycles=0.90 samples=0 V=3.8693e-1 I=3.6723e-4
[EIS] freq 3/3 (5.00e-7 1/fs) phase=Settling elapsed=1840345fs/16000005fs cycles=0.92 samples=0 V=3.5508e-1 I=2.8848e-4
[EIS] freq 3/3 (5.00e-7 1/fs) phase=Settling elapsed=1890345fs/16000005fs cycles=0.95 samples=0 V=3.5155e-1 I=2.0263e-4
[EIS] freq 3/3 (5.00e-7 1/fs) phase=Settling elapsed=1940345fs/16000005fs cycles=0.97 samples=0 V=3.1557e-1 I=1.1179e-4
[EIS] freq 3/3 (5.00e-7 1/fs) phase=Settling elapsed=1990345fs/16000005fs cycles=1.00 samples=0 V=2.8070e-1 I=1.8198e-5
[EIS] freq 3/3 (5.00e-7 1/fs) phase=Settling elapsed=2040345fs/16000005fs cycles=1.02 samples=0 V=2.5136e-1 I=-7.5844e-5
[EIS] freq 3/3 (5.00e-7 1/fs) phase=Settling elapsed=2090345fs/16000005fs cycles=1.05 samples=0 V=1.8470e-1 I=-1.6802e-4
[EIS] freq 3/3 (5.00e-7 1/fs) phase=Settling elapsed=2140345fs/16000005fs cycles=1.07 samples=0 V=1.3749e-1 I=-2.5605e-4
[EIS] freq 3/3 (5.00e-7 1/fs) phase=Settling elapsed=2190345fs/16000005fs cycles=1.10 samples=0 V=8.4559e-2 I=-3.3779e-4
[EIS] freq 3/3 (5.00e-7 1/fs) phase=Settling elapsed=2240345fs/16000005fs cycles=1.12 samples=0 V=3.8521e-2 I=-4.1120e-4
[EIS] freq 3/3 (5.00e-7 1/fs) phase=Settling elapsed=2290345fs/16000005fs cycles=1.15 samples=0 V=-2.7059e-2 I=-4.7449e-4
[EIS] freq 3/3 (5.00e-7 1/fs) phase=Settling elapsed=2340345fs/16000005fs cycles=1.17 samples=0 V=-9.5067e-2 I=-5.2610e-4
[EIS] freq 3/3 (5.00e-7 1/fs) phase=Settling elapsed=2390345fs/16000005fs cycles=1.20 samples=0 V=-1.2867e-1 I=-5.6475e-4
[EIS] freq 3/3 (5.00e-7 1/fs) phase=Settling elapsed=2440345fs/16000005fs cycles=1.22 samples=0 V=-1.9475e-1 I=-5.8949e-4
[EIS] freq 3/3 (5.00e-7 1/fs) phase=Settling elapsed=2490345fs/16000005fs cycles=1.25 samples=0 V=-2.1503e-1 I=-5.9972e-4
[EIS] freq 3/3 (5.00e-7 1/fs) phase=Settling elapsed=2540345fs/16000005fs cycles=1.27 samples=0 V=-2.5464e-1 I=-5.9519e-4
[EIS] freq 3/3 (5.00e-7 1/fs) phase=Settling elapsed=2590345fs/16000005fs cycles=1.30 samples=0 V=-2.7656e-1 I=-5.7599e-4
[EIS] freq 3/3 (5.00e-7 1/fs) phase=Settling elapsed=2640345fs/16000005fs cycles=1.32 samples=0 V=-2.9948e-1 I=-5.4262e-4
[EIS] freq 3/3 (5.00e-7 1/fs) phase=Settling elapsed=2690345fs/16000005fs cycles=1.35 samples=0 V=-2.9174e-1 I=-4.9588e-4
[EIS] freq 3/3 (5.00e-7 1/fs) phase=Settling elapsed=2740345fs/16000005fs cycles=1.37 samples=0 V=-2.9499e-1 I=-4.3694e-4
[EIS] freq 3/3 (5.00e-7 1/fs) phase=Settling elapsed=2790345fs/16000005fs cycles=1.40 samples=0 V=-3.0664e-1 I=-3.6723e-4
[EIS] freq 3/3 (5.00e-7 1/fs) phase=Settling elapsed=2840345fs/16000005fs cycles=1.42 samples=0 V=-3.9561e-1 I=-2.8848e-4
[EIS] freq 3/3 (5.00e-7 1/fs) phase=Settling elapsed=2890345fs/16000005fs cycles=1.45 samples=0 V=-3.1502e-1 I=-2.0263e-4
[EIS] freq 3/3 (5.00e-7 1/fs) phase=Settling elapsed=2940345fs/16000005fs cycles=1.47 samples=0 V=-3.0413e-1 I=-1.1179e-4
[EIS] freq 3/3 (5.00e-7 1/fs) phase=Settling elapsed=2990345fs/16000005fs cycles=1.50 samples=0 V=-1.6147e-1 I=-1.8198e-5
[EIS] freq 3/3 (5.00e-7 1/fs) phase=Settling elapsed=3040345fs/16000005fs cycles=1.52 samples=0 V=-2.9103e-2 I=7.5843e-5
[EIS] freq 3/3 (5.00e-7 1/fs) phase=Settling elapsed=3090345fs/16000005fs cycles=1.55 samples=0 V=3.6622e-2 I=1.6802e-4
[EIS] freq 3/3 (5.00e-7 1/fs) phase=Settling elapsed=3140345fs/16000005fs cycles=1.57 samples=0 V=1.0453e-1 I=2.5605e-4
[EIS] freq 3/3 (5.00e-7 1/fs) phase=Settling elapsed=3190345fs/16000005fs cycles=1.60 samples=0 V=1.2851e-1 I=3.3779e-4
[EIS] freq 3/3 (5.00e-7 1/fs) phase=Settling elapsed=3240345fs/16000005fs cycles=1.62 samples=0 V=1.7053e-1 I=4.1120e-4
[EIS] freq 3/3 (5.00e-7 1/fs) phase=Settling elapsed=3290345fs/16000005fs cycles=1.65 samples=0 V=2.0283e-1 I=4.7449e-4
[EIS] freq 3/3 (5.00e-7 1/fs) phase=Settling elapsed=3340345fs/16000005fs cycles=1.67 samples=0 V=2.0282e-1 I=5.2610e-4
[EIS] freq 3/3 (5.00e-7 1/fs) phase=Settling elapsed=3390345fs/16000005fs cycles=1.70 samples=0 V=2.2151e-1 I=5.6475e-4
[EIS] freq 3/3 (5.00e-7 1/fs) phase=Settling elapsed=3440345fs/16000005fs cycles=1.72 samples=0 V=2.3891e-1 I=5.8949e-4
[EIS] freq 3/3 (5.00e-7 1/fs) phase=Settling elapsed=3490345fs/16000005fs cycles=1.75 samples=0 V=2.8375e-1 I=5.9972e-4
[EIS] freq 3/3 (5.00e-7 1/fs) phase=Settling elapsed=3540345fs/16000005fs cycles=1.77 samples=0 V=3.0347e-1 I=5.9519e-4
[EIS] freq 3/3 (5.00e-7 1/fs) phase=Settling elapsed=3590345fs/16000005fs cycles=1.80 samples=0 V=3.1479e-1 I=5.7600e-4
[EIS] freq 3/3 (5.00e-7 1/fs) phase=Settling elapsed=3640345fs/16000005fs cycles=1.82 samples=0 V=3.3951e-1 I=5.4262e-4
[EIS] freq 3/3 (5.00e-7 1/fs) phase=Settling elapsed=3690345fs/16000005fs cycles=1.85 samples=0 V=2.9882e-1 I=4.9588e-4
[EIS] freq 3/3 (5.00e-7 1/fs) phase=Settling elapsed=3740345fs/16000005fs cycles=1.87 samples=0 V=2.5945e-1 I=4.3694e-4
[run_job] end=2026-05-02T23:39:38Z rc=127
