[run_job] id=doe-013
[run_job] workdir=/c/Users/Yeyian PC/Desktop/ParticleSim-master/ParticleSim/runs/doe-013
[run_job] exe=/c/Users/Yeyian PC/Desktop/ParticleSim-master/ParticleSim/target/release/eis_quick_sweep.exe
[run_job] log=/c/Users/Yeyian PC/Desktop/ParticleSim-master/ParticleSim/doe_results/eis_doe_lf/doe-013_amp0.6_freq5e-4to5e-3.log
[run_job] args: --amplitude 0.6 --f-min 5e-4 --f-max 5e-3 --scenario /c/Users/Yeyian PC/Desktop/ParticleSim-master/ParticleSim/measurement_configs/eis_validation_flat_symmetric.toml
[run_job] start=2026-05-02T14:00:16Z
Successfully placed 86 random bodies
Successfully placed 86 random bodies
Successfully placed 598 random bodies
Successfully placed 599 random bodies
scenario=C:/Users/Yeyian PC/Desktop/ParticleSim-master/ParticleSim/measurement_configs/eis_validation_flat_symmetric.toml seed=0xC0FFEE
bodies=3449 foils=2
dt=5 fs  group_a=[1]  group_b=[2]
equilibrating 50000 fs (10000 steps)
zero-current pre-hold 10000 fs (2000 steps)
[EIS] Started sweep (Galvanostatic): 3 frequencies from 5.00e-3 to 5.00e-4 (1/fs)
[EIS] Estimated total time: 22660 fs (22.7 ps), amplitude=6.0000e-1
[EIS] Group A (+ perturbation): [1], Group B (- perturbation): [2]
[EIS] Voltage probes: 0 per group (A=130, B=130)
EIS sweep started (Galvanostatic)
[EIS] freq 1/3 (5.00e-3 1/fs) phase=Settling elapsed=5fs/1600fs cycles=0.03 samples=0 V=1.2363e-4 I=-9.3861e-2
[EIS] Freq 1/3 (5.00e-3): settling complete, now recording
[EIS] Completed freq 1/3: 5.00e-3 1/fs -> Z = (-6.2189e-2, -2.1694e-2), |Z|=6.5865e-2, phase=-160.8 deg, 160 samples
[EIS]   Z_actual = (-3.7310e-2, -1.5376e-1), Z_cap = (2.5000e3, -3.1766e4)
[EIS] Saved time-series: eis_timeseries\eis_ts_001_5.000e-3.csv (320 pts, v_dc=-6.824e-2, i_dc=-3.547e-9)
[EIS] Freq 2/3 (1.58e-3): settling complete, now recording
[EIS] Completed freq 2/3: 1.58e-3 1/fs -> Z = (-1.8433e-1, -1.0442e-1), |Z|=2.1185e-1, phase=-150.5 deg, 506 samples
[EIS]   Z_actual = (-1.0824e-2, -5.2701e-1), Z_cap = (2.5000e3, -1.0064e5)
[EIS] Saved time-series: eis_timeseries\eis_ts_002_1.581e-3.csv (1012 pts, v_dc=-2.672e-1, i_dc=-1.161e-6)
[EIS] Freq 3/3 (5.00e-4): settling complete, now recording
[EIS] Completed freq 3/3: 5.00e-4 1/fs -> Z = (-5.3414e-1, -2.9269e-1), |Z|=6.0907e-1, phase=-151.3 deg, 1600 samples
[EIS]   Z_actual = (-1.5961e-4, -1.6018e0), Z_cap = (2.5000e3, -3.1830e5)
[EIS] Saved time-series: eis_timeseries\eis_ts_003_5.000e-4.csv (1600 pts, v_dc=-9.491e-1, i_dc=-1.216e-8)
[EIS] Sweep complete! 3 points collected
sweep finished in 4532 steps (92.8s wall, sim time 2.27e4 fs)

=== 3 EisPoints ===
   i        freq       z_real       z_imag         |Z|     phase     R²(V)     R²(I)       V_amp       I_amp
   0    5.000e-3    -6.219e-2    -2.169e-2    6.586e-2   -160.8°    0.8557    1.0000    3.952e-2    6.000e-1
   1    1.581e-3    -1.843e-1    -1.044e-1    2.118e-1   -150.5°    0.9625    1.0000    1.271e-1    6.000e-1
   2    5.000e-4    -5.341e-1    -2.927e-1    6.091e-1   -151.3°    0.9594    1.0000    3.654e-1    6.000e-1
[run_job] end=2026-05-02T14:03:34Z rc=0
