warning: particle_sim@0.1.6: Quarkstrom dependency found at ../quarkstrom/quarkstrom
    Finished `release` profile [optimized] target(s) in 0.20s
     Running `target\release\eis_quick_sweep.exe --amplitude 0.6 --f-min 5e-5 --f-max 5e-4`
Successfully placed 86 random bodies
Successfully placed 86 random bodies
Successfully placed 598 random bodies
Successfully placed 599 random bodies
scenario=measurement_configs/eis_validation_flat_symmetric.toml seed=0xC0FFEE
bodies=3449 foils=2
dt=5 fs  group_a=[1]  group_b=[2]
equilibrating 50000 fs (10000 steps)
zero-current pre-hold 10000 fs (2000 steps)
[EIS] Started sweep (Galvanostatic): 4 frequencies from 5.00e-4 to 5.00e-5 (1/fs)
[EIS] Estimated total time: 284736 fs (284.7 ps), amplitude=6.0000e-1
[EIS] Group A (+ perturbation): [1], Group B (- perturbation): [2]
[EIS] Voltage probes: 0 per group (A=130, B=130)
EIS sweep started (Galvanostatic)
[EIS] freq 1/4 (5.00e-4 1/fs) phase=Settling elapsed=5fs/16000fs cycles=0.00 samples=0 V=-4.1809e-3 I=-9.4244e-3
[EIS] Freq 1/4 (5.00e-4): settling complete, now recording
[EIS] Completed freq 1/4: 5.00e-4 1/fs -> Z = (-5.4528e-1, -3.1583e-1), |Z|=6.3014e-1, phase=-149.9 deg, 1600 samples
[EIS]   Z_actual = (-2.6280e-3, -1.6063e0), Z_cap = (2.5000e3, -3.1830e5)
[EIS] Saved time-series: eis_timeseries\eis_ts_001_5.000e-4.csv (1600 pts, v_dc=-9.353e-1, i_dc=-1.216e-8)
[EIS] Freq 2/4 (2.32e-4): settling complete, now recording
[EIS] freq 2/4 (2.32e-4 1/fs) phase=Recording elapsed=34005fs/34471fs cycles=7.89 samples=3352 V=-1.9898e0 I=3.7702e-1
[EIS] Completed freq 2/4: 2.32e-4 1/fs -> Z = (-9.7091e-1, -5.7980e-1), |Z|=1.1309e0, phase=-149.2 deg, 3448 samples
[EIS]   Z_actual = (1.2764e-1, -3.5405e0), Z_cap = (2.5000e3, -6.8577e5)
[EIS] Saved time-series: eis_timeseries\eis_ts_002_2.321e-4.csv (1724 pts, v_dc=-1.846e0, i_dc=-3.848e-6)
[EIS] Freq 3/4 (1.08e-4): settling complete, now recording
[EIS] freq 3/4 (1.08e-4 1/fs) phase=Recording elapsed=49525fs/74265fs cycles=5.33 samples=2477 V=-2.1980e0 I=-5.1660e-1
[EIS] Completed freq 3/4: 1.08e-4 1/fs -> Z = (-9.9112e-1, -1.0698e0), |Z|=1.4583e0, phase=-132.8 deg, 7427 samples
[EIS]   Z_actual = (4.9239e-1, -7.2130e0), Z_cap = (2.5000e3, -1.4775e6)
[EIS] Saved time-series: eis_timeseries\eis_ts_003_1.077e-4.csv (1856 pts, v_dc=-2.126e0, i_dc=1.269e-7)
[EIS] freq 4/4 (5.00e-5 1/fs) phase=Settling elapsed=25255fs/160000fs cycles=1.26 samples=0 V=-2.0206e0 I=-5.9808e-1
[EIS] freq 4/4 (5.00e-5 1/fs) phase=Settling elapsed=75255fs/160000fs cycles=3.76 samples=0 V=-1.1368e0 I=5.9808e-1
[EIS] Freq 4/4 (5.00e-5): settling complete, now recording
[EIS] freq 4/4 (5.00e-5 1/fs) phase=Recording elapsed=125255fs/160000fs cycles=6.26 samples=9049 V=-1.0107e0 I=-5.9808e-1
[EIS] Completed freq 4/4: 5.00e-5 1/fs -> Z = (-2.4352e-1, -4.5822e-1), |Z|=5.1891e-1, phase=-118.0 deg, 16001 samples
[EIS]   Z_actual = (-6.5898e-1, -1.1727e1), Z_cap = (2.5000e3, -3.1831e6)
[EIS] Saved time-series: eis_timeseries\eis_ts_004_5.000e-5.csv (1882 pts, v_dc=-1.043e0, i_dc=7.034e-7)
[EIS] Sweep complete! 4 points collected
sweep finished in 56952 steps (1057.5s wall, sim time 2.85e5 fs)

=== 4 EisPoints ===
   i        freq       z_real       z_imag         |Z|     phase     R²(V)     R²(I)       V_amp       I_amp
   0    5.000e-4    -5.453e-1    -3.158e-1    6.301e-1   -149.9°    0.9635    1.0000    3.781e-1    6.000e-1
   1    2.321e-4    -9.709e-1    -5.798e-1     1.131e0   -149.2°    0.9497    1.0000    6.785e-1    6.000e-1
   2    1.077e-4    -9.911e-1     -1.070e0     1.458e0   -132.8°    0.8690    1.0000    8.750e-1    6.000e-1
   3    5.000e-5    -2.435e-1    -4.582e-1    5.189e-1   -118.0°    0.5306    1.0000    3.113e-1    6.000e-1
