[run_job] id=doe-012
[run_job] workdir=/c/Users/Yeyian PC/Desktop/ParticleSim-master/ParticleSim/runs/doe-012
[run_job] exe=/c/Users/Yeyian PC/Desktop/ParticleSim-master/ParticleSim/target/release/eis_quick_sweep.exe
[run_job] log=/c/Users/Yeyian PC/Desktop/ParticleSim-master/ParticleSim/doe_results/eis_doe_lf/doe-012_amp0.6_freq5e-5to5e-4_seedDEADBEEF.log
[run_job] args: --amplitude 0.6 --f-min 5e-5 --f-max 5e-4 --seed 0xDEADBEEF --scenario /c/Users/Yeyian PC/Desktop/ParticleSim-master/ParticleSim/measurement_configs/eis_validation_flat_symmetric.toml
[run_job] start=2026-05-02T13:36:50Z
Successfully placed 86 random bodies
Successfully placed 86 random bodies
Successfully placed 598 random bodies
Successfully placed 599 random bodies
scenario=C:/Users/Yeyian PC/Desktop/ParticleSim-master/ParticleSim/measurement_configs/eis_validation_flat_symmetric.toml seed=0xDEADBEEF
bodies=3449 foils=2
dt=5 fs  group_a=[1]  group_b=[2]
equilibrating 50000 fs (10000 steps)
zero-current pre-hold 10000 fs (2000 steps)
[EIS] Started sweep (Galvanostatic): 4 frequencies from 5.00e-4 to 5.00e-5 (1/fs)
[EIS] Estimated total time: 284736 fs (284.7 ps), amplitude=6.0000e-1
[EIS] Group A (+ perturbation): [1], Group B (- perturbation): [2]
[EIS] Voltage probes: 0 per group (A=130, B=130)
EIS sweep started (Galvanostatic)
[EIS] freq 1/4 (5.00e-4 1/fs) phase=Settling elapsed=5fs/16000fs cycles=0.00 samples=0 V=-1.3816e-2 I=-9.4244e-3
[EIS] Freq 1/4 (5.00e-4): settling complete, now recording
[EIS] Completed freq 1/4: 5.00e-4 1/fs -> Z = (-5.2682e-1, -3.0344e-1), |Z|=6.0796e-1, phase=-150.1 deg, 1600 samples
[EIS]   Z_actual = (1.7788e-2, -1.5944e0), Z_cap = (2.5000e3, -3.1830e5)
[EIS] Saved time-series: eis_timeseries\eis_ts_001_5.000e-4.csv (1600 pts, v_dc=-9.613e-1, i_dc=-1.216e-8)
[EIS] Freq 2/4 (2.32e-4): settling complete, now recording
[EIS] freq 2/4 (2.32e-4 1/fs) phase=Recording elapsed=34005fs/34471fs cycles=7.89 samples=3352 V=-1.8750e0 I=3.7702e-1
[EIS] Completed freq 2/4: 2.32e-4 1/fs -> Z = (-9.4701e-1, -5.9054e-1), |Z|=1.1160e0, phase=-148.1 deg, 3448 samples
[EIS]   Z_actual = (1.6879e-1, -3.5408e0), Z_cap = (2.5000e3, -6.8577e5)
[EIS] Saved time-series: eis_timeseries\eis_ts_002_2.321e-4.csv (1724 pts, v_dc=-1.790e0, i_dc=-3.848e-6)
[EIS] Freq 3/4 (1.08e-4): settling complete, now recording
[EIS] freq 3/4 (1.08e-4 1/fs) phase=Recording elapsed=49525fs/74265fs cycles=5.33 samples=2477 V=-2.1610e0 I=-5.1660e-1
[EIS] Completed freq 3/4: 1.08e-4 1/fs -> Z = (-9.4066e-1, -1.0593e0), |Z|=1.4167e0, phase=-131.6 deg, 7427 samples
[EIS]   Z_actual = (4.4781e-1, -7.1691e0), Z_cap = (2.5000e3, -1.4775e6)
[EIS] Saved time-series: eis_timeseries\eis_ts_003_1.077e-4.csv (1856 pts, v_dc=-2.057e0, i_dc=1.269e-7)
[EIS] freq 4/4 (5.00e-5 1/fs) phase=Settling elapsed=25255fs/160000fs cycles=1.26 samples=0 V=-1.6991e0 I=-5.9808e-1
[EIS] freq 4/4 (5.00e-5 1/fs) phase=Settling elapsed=75255fs/160000fs cycles=3.76 samples=0 V=-1.8212e0 I=5.9808e-1
[EIS] Freq 4/4 (5.00e-5): settling complete, now recording
[EIS] freq 4/4 (5.00e-5 1/fs) phase=Recording elapsed=125255fs/160000fs cycles=6.26 samples=9049 V=-1.7126e0 I=-5.9808e-1
[EIS] Completed freq 4/4: 5.00e-5 1/fs -> Z = (-2.5968e-1, -7.2558e-1), |Z|=7.7065e-1, phase=-109.7 deg, 16001 samples
[EIS]   Z_actual = (5.3570e-1, -1.1952e1), Z_cap = (2.5000e3, -3.1831e6)
[EIS] Saved time-series: eis_timeseries\eis_ts_004_5.000e-5.csv (1882 pts, v_dc=-1.555e0, i_dc=7.034e-7)
[EIS] Sweep complete! 4 points collected
sweep finished in 56952 steps (1022.7s wall, sim time 2.85e5 fs)

=== 4 EisPoints ===
   i        freq       z_real       z_imag         |Z|     phase     R²(V)     R²(I)       V_amp       I_amp
   0    5.000e-4    -5.268e-1    -3.034e-1    6.080e-1   -150.1°    0.9699    1.0000    3.648e-1    6.000e-1
   1    2.321e-4    -9.470e-1    -5.905e-1     1.116e0   -148.1°    0.9477    1.0000    6.696e-1    6.000e-1
   2    1.077e-4    -9.407e-1     -1.059e0     1.417e0   -131.6°    0.8591    1.0000    8.500e-1    6.000e-1
   3    5.000e-5    -2.597e-1    -7.256e-1    7.706e-1   -109.7°    0.6061    1.0000    4.624e-1    6.000e-1
[run_job] end=2026-05-02T13:55:32Z rc=0
