[run_job] id=doe-025
[run_job] workdir=/c/Users/Yeyian PC/Desktop/ParticleSim-master/ParticleSim/runs/doe-025
[run_job] exe=/c/Users/Yeyian PC/Desktop/ParticleSim-master/ParticleSim/target/release/eis_quick_sweep.exe
[run_job] log=/c/Users/Yeyian PC/Desktop/ParticleSim-master/ParticleSim/doe_results/eis_doe_lf/doe-025_amp0.0003_freq5e-6to5e-5.log
[run_job] args: --amplitude 0.0003 --f-min 5e-6 --f-max 5e-5 --scenario /c/Users/Yeyian PC/Desktop/ParticleSim-master/ParticleSim/measurement_configs/eis_validation_flat_symmetric.toml
[run_job] start=2026-05-02T18:22:22Z
Successfully placed 86 random bodies
Successfully placed 86 random bodies
Successfully placed 598 random bodies
Successfully placed 599 random bodies
scenario=C:/Users/Yeyian PC/Desktop/ParticleSim-master/ParticleSim/measurement_configs/eis_validation_flat_symmetric.toml seed=0xC0FFEE
bodies=3449 foils=2
dt=5 fs  group_a=[1]  group_b=[2]
equilibrating 50000 fs (10000 steps)
zero-current pre-hold 10000 fs (2000 steps)
[EIS] Started sweep (Galvanostatic): 3 frequencies from 5.00e-5 to 5.00e-6 (1/fs)
[EIS] Estimated total time: 2265965 fs (2266.0 ps), amplitude=3.0000e-4
[EIS] Group A (+ perturbation): [1], Group B (- perturbation): [2]
[EIS] Voltage probes: 0 per group (A=130, B=130)
EIS sweep started (Galvanostatic)
[EIS] freq 1/3 (5.00e-5 1/fs) phase=Settling elapsed=5fs/160000fs cycles=0.00 samples=0 V=-5.3996e-3 I=-4.7124e-7
[EIS] freq 1/3 (5.00e-5 1/fs) phase=Settling elapsed=50005fs/160000fs cycles=2.50 samples=0 V=-1.2736e-3 I=4.6941e-7
[EIS] Freq 1/3 (5.00e-5): settling complete, now recording
[EIS] freq 1/3 (5.00e-5 1/fs) phase=Recording elapsed=100005fs/160000fs cycles=5.00 samples=3999 V=-1.9077e-3 I=-4.6732e-7
[EIS] freq 1/3 (5.00e-5 1/fs) phase=Recording elapsed=150005fs/160000fs cycles=7.50 samples=13999 V=-1.6156e-2 I=4.6581e-7
[EIS] Completed freq 1/3: 5.00e-5 1/fs -> Z = (-4.7294e0, -6.0845e0), |Z|=7.7064e0, phase=-127.9 deg, 16001 samples
[EIS]   Z_actual = (2.3371e0, -1.5787e1), Z_cap = (2.5000e3, -3.1831e6)
[EIS] Saved time-series: eis_timeseries\eis_ts_001_5.000e-5.csv (1882 pts, v_dc=-7.605e-3, i_dc=3.519e-10)
[EIS] freq 2/3 (1.58e-5 1/fs) phase=Settling elapsed=39995fs/505965fs cycles=0.63 samples=0 V=-2.1385e-2 I=2.2173e-4
[EIS] freq 2/3 (1.58e-5 1/fs) phase=Settling elapsed=89995fs/505965fs cycles=1.42 samples=0 V=-2.0521e-2 I=-1.3964e-4
[EIS] freq 2/3 (1.58e-5 1/fs) phase=Settling elapsed=139995fs/505965fs cycles=2.21 samples=0 V=-1.0094e-2 I=-2.9215e-4
[EIS] freq 2/3 (1.58e-5 1/fs) phase=Settling elapsed=189995fs/505965fs cycles=3.00 samples=0 V=2.9953e-3 I=-7.6965e-6
[EIS] freq 2/3 (1.58e-5 1/fs) phase=Settling elapsed=239995fs/505965fs cycles=3.79 samples=0 V=-9.6240e-3 I=2.8827e-4
[EIS] Freq 2/3 (1.58e-5): settling complete, now recording
[EIS] freq 2/3 (1.58e-5 1/fs) phase=Recording elapsed=289995fs/505965fs cycles=4.59 samples=7401 V=-2.4878e-2 I=1.5307e-4
[EIS] freq 2/3 (1.58e-5 1/fs) phase=Recording elapsed=339995fs/505965fs cycles=5.38 samples=17401 V=-8.1710e-3 I=-2.1107e-4
[EIS] freq 2/3 (1.58e-5 1/fs) phase=Recording elapsed=389995fs/505965fs cycles=6.17 samples=27401 V=7.9074e-3 I=-2.5952e-4
[EIS] freq 2/3 (1.58e-5 1/fs) phase=Recording elapsed=439995fs/505965fs cycles=6.96 samples=37401 V=1.2359e-3 I=8.0200e-5
[EIS] freq 2/3 (1.58e-5 1/fs) phase=Recording elapsed=489995fs/505965fs cycles=7.75 samples=47401 V=-6.6172e-3 I=2.9996e-4
[EIS] Completed freq 2/3: 1.58e-5 1/fs -> Z = (-6.0059e0, -4.1226e1), |Z|=4.1662e1, phase=-98.3 deg, 50597 samples
[EIS]   Z_actual = (2.5954e0, -4.7237e1), Z_cap = (2.5000e3, -1.0066e7)
[EIS] Saved time-series: eis_timeseries\eis_ts_002_1.581e-5.csv (1984 pts, v_dc=-3.873e-3, i_dc=2.456e-10)
[EIS] freq 3/3 (5.00e-6 1/fs) phase=Settling elapsed=34025fs/1600001fs cycles=0.17 samples=0 V=-1.1656e-2 I=-2.6301e-4
[EIS] freq 3/3 (5.00e-6 1/fs) phase=Settling elapsed=84025fs/1600001fs cycles=0.42 samples=0 V=-5.9187e-2 I=-1.4432e-4
[EIS] freq 3/3 (5.00e-6 1/fs) phase=Settling elapsed=134025fs/1600001fs cycles=0.67 samples=0 V=-5.3771e-2 I=2.6301e-4
[EIS] freq 3/3 (5.00e-6 1/fs) phase=Settling elapsed=184025fs/1600001fs cycles=0.92 samples=0 V=1.6002e-2 I=1.4432e-4
[EIS] freq 3/3 (5.00e-6 1/fs) phase=Settling elapsed=234025fs/1600001fs cycles=1.17 samples=0 V=-1.8448e-3 I=-2.6301e-4
[EIS] freq 3/3 (5.00e-6 1/fs) phase=Settling elapsed=284025fs/1600001fs cycles=1.42 samples=0 V=-5.1509e-2 I=-1.4432e-4
[EIS] freq 3/3 (5.00e-6 1/fs) phase=Settling elapsed=334025fs/1600001fs cycles=1.67 samples=0 V=-4.2001e-2 I=2.6300e-4
[EIS] freq 3/3 (5.00e-6 1/fs) phase=Settling elapsed=384025fs/1600001fs cycles=1.92 samples=0 V=1.9114e-2 I=1.4432e-4
[EIS] freq 3/3 (5.00e-6 1/fs) phase=Settling elapsed=434025fs/1600001fs cycles=2.17 samples=0 V=1.2984e-2 I=-2.6300e-4
[EIS] freq 3/3 (5.00e-6 1/fs) phase=Settling elapsed=484025fs/1600001fs cycles=2.42 samples=0 V=-4.2377e-2 I=-1.4432e-4
[EIS] freq 3/3 (5.00e-6 1/fs) phase=Settling elapsed=534025fs/1600001fs cycles=2.67 samples=0 V=-3.2830e-2 I=2.6300e-4
[EIS] freq 3/3 (5.00e-6 1/fs) phase=Settling elapsed=584025fs/1600001fs cycles=2.92 samples=0 V=2.4902e-2 I=1.4432e-4
[EIS] freq 3/3 (5.00e-6 1/fs) phase=Settling elapsed=634025fs/1600001fs cycles=3.17 samples=0 V=1.4760e-2 I=-2.6300e-4
[EIS] freq 3/3 (5.00e-6 1/fs) phase=Settling elapsed=684025fs/1600001fs cycles=3.42 samples=0 V=-4.9146e-2 I=-1.4432e-4
[EIS] freq 3/3 (5.00e-6 1/fs) phase=Settling elapsed=734025fs/1600001fs cycles=3.67 samples=0 V=-3.3502e-2 I=2.6300e-4
[EIS] freq 3/3 (5.00e-6 1/fs) phase=Settling elapsed=784025fs/1600001fs cycles=3.92 samples=0 V=2.2326e-2 I=1.4432e-4
[EIS] Freq 3/3 (5.00e-6): settling complete, now recording
[EIS] freq 3/3 (5.00e-6 1/fs) phase=Recording elapsed=834025fs/1600001fs cycles=4.17 samples=6803 V=1.5458e-2 I=-2.6300e-4
[EIS] freq 3/3 (5.00e-6 1/fs) phase=Recording elapsed=884025fs/1600001fs cycles=4.42 samples=16803 V=-4.7773e-2 I=-1.4432e-4
[EIS] freq 3/3 (5.00e-6 1/fs) phase=Recording elapsed=934025fs/1600001fs cycles=4.67 samples=26803 V=-2.7148e-2 I=2.6300e-4
[EIS] freq 3/3 (5.00e-6 1/fs) phase=Recording elapsed=984025fs/1600001fs cycles=4.92 samples=36803 V=3.9402e-2 I=1.4432e-4
[EIS] freq 3/3 (5.00e-6 1/fs) phase=Recording elapsed=1034025fs/1600001fs cycles=5.17 samples=46803 V=2.6342e-2 I=-2.6300e-4
[EIS] freq 3/3 (5.00e-6 1/fs) phase=Recording elapsed=1084025fs/1600001fs cycles=5.42 samples=56803 V=-3.8588e-2 I=-1.4432e-4
[EIS] freq 3/3 (5.00e-6 1/fs) phase=Recording elapsed=1134025fs/1600001fs cycles=5.67 samples=66803 V=-1.4233e-2 I=2.6300e-4
[EIS] freq 3/3 (5.00e-6 1/fs) phase=Recording elapsed=1184025fs/1600001fs cycles=5.92 samples=76803 V=2.9463e-2 I=1.4432e-4
[EIS] freq 3/3 (5.00e-6 1/fs) phase=Recording elapsed=1234025fs/1600001fs cycles=6.17 samples=86803 V=2.2857e-2 I=-2.6300e-4
[EIS] freq 3/3 (5.00e-6 1/fs) phase=Recording elapsed=1284025fs/1600001fs cycles=6.42 samples=96803 V=-3.4765e-2 I=-1.4432e-4
[EIS] freq 3/3 (5.00e-6 1/fs) phase=Recording elapsed=1334025fs/1600001fs cycles=6.67 samples=106803 V=-2.5083e-2 I=2.6300e-4
[EIS] freq 3/3 (5.00e-6 1/fs) phase=Recording elapsed=1384025fs/1600001fs cycles=6.92 samples=116803 V=4.5722e-2 I=1.4432e-4
[EIS] freq 3/3 (5.00e-6 1/fs) phase=Recording elapsed=1434025fs/1600001fs cycles=7.17 samples=126803 V=8.9228e-3 I=-2.6300e-4
[EIS] freq 3/3 (5.00e-6 1/fs) phase=Recording elapsed=1484025fs/1600001fs cycles=7.42 samples=136803 V=-3.3179e-2 I=-1.4432e-4
[EIS] freq 3/3 (5.00e-6 1/fs) phase=Recording elapsed=1534025fs/1600001fs cycles=7.67 samples=146803 V=-1.7589e-2 I=2.6300e-4
[EIS] freq 3/3 (5.00e-6 1/fs) phase=Recording elapsed=1584025fs/1600001fs cycles=7.92 samples=156803 V=3.7640e-2 I=1.4432e-4
[EIS] Completed freq 3/3: 5.00e-6 1/fs -> Z = (4.0527e0, -1.4351e2), |Z|=1.4357e2, phase=-88.4 deg, 160001 samples
[EIS]   Z_actual = (1.3586e1, -1.4631e2), Z_cap = (2.5000e3, -3.1831e7)
[EIS] Saved time-series: eis_timeseries\eis_ts_003_5.000e-6.csv (1987 pts, v_dc=-1.668e-3, i_dc=2.946e-10)
[EIS] Sweep complete! 3 points collected
sweep finished in 453198 steps (8231.2s wall, sim time 2.27e6 fs)

=== 3 EisPoints ===
   i        freq       z_real       z_imag         |Z|     phase     R²(V)     R²(I)       V_amp       I_amp
   0    5.000e-5     -4.729e0     -6.085e0     7.706e0   -127.9°    0.2117    1.0000    2.312e-3    3.000e-4
   1    1.581e-5     -6.006e0     -4.123e1     4.166e1    -98.3°    0.8018    1.0000    1.250e-2    3.000e-4
   2    5.000e-6     +4.053e0     -1.435e2     1.436e2    -88.4°    0.9636    1.0000    4.307e-2    3.000e-4
[run_job] end=2026-05-02T20:41:11Z rc=0
