[run_job] id=dcr-pulse-007
[run_job] binary=dcr_pulse_sweep
[run_job] workdir=/c/Users/Yeyian PC/Desktop/ParticleSim-master/ParticleSim
[run_job] exe=/c/Users/Yeyian PC/Desktop/ParticleSim-master/ParticleSim/target/release/dcr_pulse_sweep.exe
[run_job] log=/c/Users/Yeyian PC/Desktop/ParticleSim-master/ParticleSim/doe_results/dcr_pulse_sweep/dcr-007_amp2e-1/run.log
[run_job] args: --amplitude 0.20 --duration-on-fs 2000 --duration-rest-fs 5000 --num-pulses 5 --equilibrate-fs 20000 --pre-hold-fs 5000 --log-stride 2 --run-id dcr-007_amp2e-1 --scenario /c/Users/Yeyian PC/Desktop/ParticleSim-master/ParticleSim/measurement_configs/eis_validation_flat_symmetric.toml
[run_job] start=2026-05-05T12:43:52Z
Successfully placed 86 random bodies
Successfully placed 86 random bodies
Successfully placed 598 random bodies
Successfully placed 599 random bodies
scenario=C:/Users/Yeyian PC/Desktop/ParticleSim-master/ParticleSim/measurement_configs/eis_validation_flat_symmetric.toml seed=0xC0FFEE
bodies=3449 foils=2
probe bodies: A=130 B=130
dt=5 fs  group_a=[1]  group_b=[2]
equilibrating 20000 fs (4000 steps)
zero-current pre-hold 5000 fs (1000 steps)
pulses=5 duration_on=2000 fs (400 steps)  duration_rest=5000 fs (1000 steps)
pulse 0: V_pre=-0.0045 V_post_onset=-0.0088 V_pulse_end=-1.6511 V_relax_end=-1.9601 R0=-2.156e-2
pulse 1: V_pre=-1.9601 V_post_onset=-1.9448 V_pulse_end=-2.9695 V_relax_end=-4.3259 R0=7.692e-2
pulse 2: V_pre=-4.3259 V_post_onset=-4.3341 V_pulse_end=-4.4080 V_relax_end=-4.1373 R0=-4.096e-2
pulse 3: V_pre=-4.1373 V_post_onset=-4.1181 V_pulse_end=-4.0000 V_relax_end=-3.7038 R0=9.603e-2
pulse 4: V_pre=-3.7038 V_post_onset=-3.6876 V_pulse_end=-3.6879 V_relax_end=-3.3570 R0=8.129e-2

DCR pulse sweep finished: 5 pulses, 7000 steps, 108.5s wall, sim time 35000 fs
wrote doe_results/dcr_pulse_sweep/dcr-007_amp2e-1\dense_series.csv
wrote doe_results/dcr_pulse_sweep/dcr-007_amp2e-1\pulse_summary.csv
wrote doe_results/dcr_pulse_sweep/dcr-007_amp2e-1\summary.txt
[run_job] end=2026-05-05T12:46:25Z rc=0
