warning: particle_sim@0.1.6: Quarkstrom dependency found at ../quarkstrom/quarkstrom
    Finished `release` profile [optimized] target(s) in 0.20s
     Running `target\release\eis_quick_sweep.exe --amplitude 0.1 --f-min 5e-3 --f-max 5e-2`
Successfully placed 86 random bodies
Successfully placed 86 random bodies
Successfully placed 598 random bodies
Successfully placed 599 random bodies
scenario=measurement_configs/eis_validation_flat_symmetric.toml seed=0xC0FFEE
bodies=3449 foils=2
dt=5 fs  group_a=[1]  group_b=[2]
equilibrating 50000 fs (10000 steps)
zero-current pre-hold 10000 fs (2000 steps)
[EIS] Started sweep (Galvanostatic): 3 frequencies from 5.00e-2 to 5.00e-3 (1/fs)
[EIS] Estimated total time: 2266 fs (2.3 ps), amplitude=1.0000e-1
[EIS] Group A (+ perturbation): [1], Group B (- perturbation): [2]
[EIS] Voltage probes: 0 per group (A=130, B=130)
EIS sweep started (Galvanostatic)
[EIS] freq 1/3 (5.00e-2 1/fs) phase=Settling elapsed=5fs/160fs cycles=0.25 samples=0 V=-3.2814e-3 I=-1.0000e-1
[EIS] Freq 1/3 (5.00e-2): settling complete, now recording
[EIS] Completed freq 1/3: 5.00e-2 1/fs -> Z = (9.3901e-5, -4.4704e-5), |Z|=1.0400e-4, phase=-25.5 deg, 17 samples
[EIS]   Z_actual = (0.0000e0, 0.0000e0), Z_cap = (2.5000e3, -2.5000e3)
[EIS] Saved time-series: eis_timeseries\eis_ts_001_5.000e-2.csv (34 pts, v_dc=-3.060e-3, i_dc=-2.557e-8)
[EIS] Freq 2/3 (1.58e-2): settling complete, now recording
[EIS] Completed freq 2/3: 1.58e-2 1/fs -> Z = (-3.8117e-2, 3.2642e-3), |Z|=3.8257e-2, phase=175.1 deg, 51 samples
[EIS]   Z_actual = (-5.6103e-2, -2.3894e-2), Z_cap = (2.5000e3, -9.8580e3)
[EIS] Saved time-series: eis_timeseries\eis_ts_002_1.581e-2.csv (102 pts, v_dc=-1.083e-2, i_dc=-4.165e-4)
[EIS] Freq 3/3 (5.00e-3): settling complete, now recording
[EIS] Completed freq 3/3: 5.00e-3 1/fs -> Z = (-7.2716e-2, -1.3403e-1), |Z|=1.5248e-1, phase=-118.5 deg, 160 samples
[EIS]   Z_actual = (-4.6268e-2, -1.5132e-1), Z_cap = (2.5000e3, -3.1766e4)
[EIS] Saved time-series: eis_timeseries\eis_ts_003_5.000e-3.csv (320 pts, v_dc=-2.121e-2, i_dc=-4.514e-10)
[EIS] Sweep complete! 3 points collected
sweep finished in 456 steps (7.6s wall, sim time 2.28e3 fs)

=== 3 EisPoints ===
   i        freq       z_real       z_imag         |Z|     phase     R²(V)     R²(I)       V_amp       I_amp
   0    5.000e-2    +9.390e-5    -4.470e-5    1.040e-4    -25.5°    0.0620    1.0000    1.040e-5    1.000e-1
   1    1.581e-2    -3.812e-2    +3.264e-3    3.826e-2   +175.1°    0.2923    1.0000    3.826e-3    1.000e-1
   2    5.000e-3    -7.272e-2    -1.340e-1    1.525e-1   -118.5°    0.6396    1.0000    1.525e-2    1.000e-1
