warning: particle_sim@0.1.6: Quarkstrom dependency found at ../quarkstrom/quarkstrom
    Finished `release` profile [optimized] target(s) in 0.18s
     Running `target\release\eis_quick_sweep.exe --amplitude 0.1 --f-min 5e-5 --f-max 5e-4`
Successfully placed 86 random bodies
Successfully placed 86 random bodies
Successfully placed 598 random bodies
Successfully placed 599 random bodies
scenario=measurement_configs/eis_validation_flat_symmetric.toml seed=0xC0FFEE
bodies=3449 foils=2
dt=5 fs  group_a=[1]  group_b=[2]
equilibrating 50000 fs (10000 steps)
zero-current pre-hold 10000 fs (2000 steps)
[EIS] Started sweep (Galvanostatic): 4 frequencies from 5.00e-4 to 5.00e-5 (1/fs)
[EIS] Estimated total time: 284736 fs (284.7 ps), amplitude=1.0000e-1
[EIS] Group A (+ perturbation): [1], Group B (- perturbation): [2]
[EIS] Voltage probes: 0 per group (A=130, B=130)
EIS sweep started (Galvanostatic)
[EIS] freq 1/4 (5.00e-4 1/fs) phase=Settling elapsed=5fs/16000fs cycles=0.00 samples=0 V=-8.8941e-4 I=-1.5707e-3
[EIS] Freq 1/4 (5.00e-4): settling complete, now recording
[EIS] Completed freq 1/4: 5.00e-4 1/fs -> Z = (-3.2398e-2, -1.5395e0), |Z|=1.5399e0, phase=-91.2 deg, 1600 samples
[EIS]   Z_actual = (-7.0970e-3, -1.5342e0), Z_cap = (2.5000e3, -3.1830e5)
[EIS] Saved time-series: eis_timeseries\eis_ts_001_5.000e-4.csv (1600 pts, v_dc=-1.338e-1, i_dc=-1.867e-9)
[EIS] Freq 2/4 (2.32e-4): settling complete, now recording
[EIS] freq 2/4 (2.32e-4 1/fs) phase=Recording elapsed=34005fs/34471fs cycles=7.89 samples=3352 V=-3.8231e-2 I=6.2837e-2
[EIS] Completed freq 2/4: 2.32e-4 1/fs -> Z = (1.8887e-3, -3.4023e0), |Z|=3.4023e0, phase=-90.0 deg, 3448 samples
[EIS]   Z_actual = (4.4211e-2, -3.3626e0), Z_cap = (2.5000e3, -6.8577e5)
[EIS] Saved time-series: eis_timeseries\eis_ts_002_2.321e-4.csv (1724 pts, v_dc=-2.999e-1, i_dc=-6.413e-7)
[EIS] Freq 3/4 (1.08e-4): settling complete, now recording
[EIS] freq 3/4 (1.08e-4 1/fs) phase=Recording elapsed=49525fs/74265fs cycles=5.33 samples=2477 V=-1.0456e0 I=-8.6100e-2
[EIS] Completed freq 3/4: 1.08e-4 1/fs -> Z = (1.7285e-1, -7.3411e0), |Z|=7.3431e0, phase=-88.7 deg, 7427 samples
[EIS]   Z_actual = (3.5866e-1, -7.1146e0), Z_cap = (2.5000e3, -1.4775e6)
[EIS] Saved time-series: eis_timeseries\eis_ts_003_1.077e-4.csv (1856 pts, v_dc=-6.830e-1, i_dc=2.119e-8)
[EIS] freq 4/4 (5.00e-5 1/fs) phase=Settling elapsed=25255fs/160000fs cycles=1.26 samples=0 V=-1.7247e0 I=-9.9679e-2
