warning: particle_sim@0.1.6: Quarkstrom dependency found at ../quarkstrom/quarkstrom
    Finished `release` profile [optimized] target(s) in 0.21s
     Running `target\release\eis_quick_sweep.exe --amplitude 0.1 --f-min 4e-4 --f-max 5e-3`
Successfully placed 86 random bodies
Successfully placed 86 random bodies
Successfully placed 598 random bodies
Successfully placed 599 random bodies
scenario=measurement_configs/eis_validation_flat_symmetric.toml seed=0xC0FFEE
bodies=3449 foils=2
dt=5 fs  group_a=[1]  group_b=[2]
equilibrating 50000 fs (10000 steps)
zero-current pre-hold 10000 fs (2000 steps)
[EIS] Started sweep (Galvanostatic): 4 frequencies from 5.00e-3 to 4.00e-4 (1/fs)
[EIS] Estimated total time: 33931 fs (33.9 ps), amplitude=1.0000e-1
[EIS] Group A (+ perturbation): [1], Group B (- perturbation): [2]
[EIS] Voltage probes: 0 per group (A=130, B=130)
EIS sweep started (Galvanostatic)
[EIS] freq 1/4 (5.00e-3 1/fs) phase=Settling elapsed=5fs/1600fs cycles=0.03 samples=0 V=-4.0630e-3 I=-1.5643e-2
[EIS] Freq 1/4 (5.00e-3): settling complete, now recording
[EIS] Completed freq 1/4: 5.00e-3 1/fs -> Z = (-6.9750e-2, -1.1655e-1), |Z|=1.3583e-1, phase=-120.9 deg, 160 samples
[EIS]   Z_actual = (-5.4002e-2, -1.4153e-1), Z_cap = (2.5000e3, -3.1766e4)
[EIS] Saved time-series: eis_timeseries\eis_ts_001_5.000e-3.csv (320 pts, v_dc=-3.041e-2, i_dc=-4.514e-10)
[EIS] Freq 2/4 (2.15e-3): settling complete, now recording
[EIS] Completed freq 2/4: 2.15e-3 1/fs -> Z = (-2.3695e-2, -3.5696e-1), |Z|=3.5774e-1, phase=-93.8 deg, 372 samples
[EIS]   Z_actual = (1.0341e-2, -3.6550e-1), Z_cap = (2.5000e3, -7.3845e4)
[EIS] Saved time-series: eis_timeseries\eis_ts_002_2.154e-3.csv (744 pts, v_dc=-4.495e-2, i_dc=-1.845e-5)
[EIS] Freq 3/4 (9.28e-4): settling complete, now recording
[EIS] Completed freq 3/4: 9.28e-4 1/fs -> Z = (-5.0216e-2, -8.2541e-1), |Z|=8.2694e-1, phase=-93.5 deg, 862 samples
[EIS]   Z_actual = (-2.0573e-2, -8.2692e-1), Z_cap = (2.5000e3, -1.7143e5)
[EIS] Saved time-series: eis_timeseries\eis_ts_003_9.283e-4.csv (1724 pts, v_dc=-9.976e-2, i_dc=-6.417e-7)
[EIS] Freq 4/4 (4.00e-4): settling complete, now recording
[EIS] Completed freq 4/4: 4.00e-4 1/fs -> Z = (-1.6502e-2, -1.9776e0), |Z|=1.9776e0, phase=-90.5 deg, 2000 samples
[EIS]   Z_actual = (1.3664e-2, -1.9637e0), Z_cap = (2.5000e3, -3.9788e5)
[EIS] Saved time-series: eis_timeseries\eis_ts_004_4.000e-4.csv (2000 pts, v_dc=-2.219e-1, i_dc=-5.184e-9)
[EIS] Sweep complete! 4 points collected
sweep finished in 6788 steps (116.7s wall, sim time 3.39e4 fs)

=== 4 EisPoints ===
   i        freq       z_real       z_imag         |Z|     phase     R²(V)     R²(I)       V_amp       I_amp
   0    5.000e-3    -6.975e-2    -1.166e-1    1.358e-1   -120.9°    0.6324    1.0000    1.358e-2    1.000e-1
   1    2.154e-3    -2.369e-2    -3.570e-1    3.577e-1    -93.8°    0.9032    1.0000    3.577e-2    1.000e-1
   2    9.283e-4    -5.022e-2    -8.254e-1    8.269e-1    -93.5°    0.9804    1.0000    8.269e-2    1.000e-1
   3    4.000e-4    -1.650e-2     -1.978e0     1.978e0    -90.5°    0.9937    1.0000    1.978e-1    1.000e-1
