[run_job] id=doe-cos-011
[run_job] workdir=/c/Users/Yeyian PC/Desktop/ParticleSim-master/ParticleSim/runs/doe-cos-011
[run_job] exe=/c/Users/Yeyian PC/Desktop/ParticleSim-master/ParticleSim/target/release/eis_quick_sweep.exe
[run_job] log=/c/Users/Yeyian PC/Desktop/ParticleSim-master/ParticleSim/doe_results/eis_doe_lf/doe-cos-011_amp0.005_freq5e-6to5e-5_cos.log
[run_job] args: --amplitude 0.005 --f-min 5e-6 --f-max 5e-5 --points-per-decade 3 --scenario /c/Users/Yeyian PC/Desktop/ParticleSim-master/ParticleSim/measurement_configs/eis_validation_flat_symmetric.toml
[run_job] start=2026-05-03T10:22:32Z
Successfully placed 86 random bodies
Successfully placed 86 random bodies
Successfully placed 598 random bodies
Successfully placed 599 random bodies
scenario=C:/Users/Yeyian PC/Desktop/ParticleSim-master/ParticleSim/measurement_configs/eis_validation_flat_symmetric.toml seed=0xC0FFEE
bodies=3449 foils=2
dt=5 fs  group_a=[1]  group_b=[2]
equilibrating 50000 fs (10000 steps)
zero-current pre-hold 10000 fs (2000 steps)
[EIS] Started sweep (Galvanostatic): 4 frequencies from 5.00e-5 to 5.00e-6 (1/fs)
[EIS] Estimated total time: 2847364 fs (2847.4 ps), amplitude=5.0000e-3
[EIS] Group A (+ perturbation): [1], Group B (- perturbation): [2]
[EIS] Voltage probes: 0 per group (A=130, B=130)
EIS sweep started (Galvanostatic)
[EIS] freq 1/4 (5.00e-5 1/fs) phase=Settling elapsed=5fs/160000fs cycles=0.00 samples=0 V=-5.6290e-3 I=-5.0000e-3
[EIS] freq 1/4 (5.00e-5 1/fs) phase=Settling elapsed=50005fs/160000fs cycles=2.50 samples=0 V=-1.8358e-2 I=5.0000e-3
[EIS] Freq 1/4 (5.00e-5): settling complete, now recording
[EIS] freq 1/4 (5.00e-5 1/fs) phase=Recording elapsed=100005fs/160000fs cycles=5.00 samples=3999 V=-6.3097e-3 I=-5.0000e-3
[EIS] freq 1/4 (5.00e-5 1/fs) phase=Recording elapsed=150005fs/160000fs cycles=7.50 samples=13999 V=-1.2694e-2 I=5.0000e-3
[EIS] Completed freq 1/4: 5.00e-5 1/fs -> Z = (-2.9019e-1, -1.5125e1), |Z|=1.5128e1, phase=-91.1 deg, 16001 samples
[EIS]   Z_actual = (3.5723e-1, -1.5337e1), Z_cap = (2.5000e3, -3.1831e6)
[EIS] Saved time-series: eis_timeseries\eis_ts_001_5.000e-5.csv (1882 pts, v_dc=-8.890e-3, i_dc=9.396e-7)
[EIS] freq 2/4 (2.32e-5 1/fs) phase=Settling elapsed=39995fs/344710fs cycles=0.93 samples=0 V=5.6799e-2 I=-4.4998e-3
[EIS] freq 2/4 (2.32e-5 1/fs) phase=Settling elapsed=89995fs/344710fs cycles=2.09 samples=0 V=-9.3912e-2 I=-4.2451e-3
[EIS] freq 2/4 (2.32e-5 1/fs) phase=Settling elapsed=139995fs/344710fs cycles=3.25 samples=0 V=-1.7364e-1 I=-3.1611e-5
[EIS] Freq 2/4 (2.32e-5): settling complete, now recording
[EIS] freq 2/4 (2.32e-5 1/fs) phase=Recording elapsed=189995fs/344710fs cycles=4.41 samples=3527 V=-9.7073e-2 I=4.2113e-3
[EIS] freq 2/4 (2.32e-5 1/fs) phase=Recording elapsed=239995fs/344710fs cycles=5.57 samples=13527 V=7.9428e-2 I=4.5270e-3
[EIS] freq 2/4 (2.32e-5 1/fs) phase=Recording elapsed=289995fs/344710fs cycles=6.73 samples=23527 V=1.6880e-1 I=6.2096e-4
[EIS] freq 2/4 (2.32e-5 1/fs) phase=Recording elapsed=339995fs/344710fs cycles=7.89 samples=33527 V=1.0983e-1 I=-3.8641e-3
[EIS] Completed freq 2/4: 2.32e-5 1/fs -> Z = (1.4971e-1, -3.3200e1), |Z|=3.3200e1, phase=-89.7 deg, 34471 samples
[EIS]   Z_actual = (8.2979e-1, -3.2975e1), Z_cap = (2.5000e3, -6.8578e6)
[EIS] Saved time-series: eis_timeseries\eis_ts_002_2.321e-5.csv (1969 pts, v_dc=-8.579e-4, i_dc=-5.830e-7)
[EIS] freq 3/4 (1.08e-5 1/fs) phase=Settling elapsed=45285fs/742654fs cycles=0.49 samples=0 V=-2.5768e-3 I=4.9854e-3
[EIS] freq 3/4 (1.08e-5 1/fs) phase=Settling elapsed=95285fs/742654fs cycles=1.03 samples=0 V=-6.5599e-2 I=-4.9312e-3
[EIS] freq 3/4 (1.08e-5 1/fs) phase=Settling elapsed=145285fs/742654fs cycles=1.57 samples=0 V=1.8286e-1 I=4.5883e-3
[EIS] freq 3/4 (1.08e-5 1/fs) phase=Settling elapsed=195285fs/742654fs cycles=2.10 samples=0 V=-2.3127e-1 I=-3.9767e-3
[EIS] freq 3/4 (1.08e-5 1/fs) phase=Settling elapsed=245285fs/742654fs cycles=2.64 samples=0 V=3.0506e-1 I=3.1323e-3
[EIS] freq 3/4 (1.08e-5 1/fs) phase=Settling elapsed=295285fs/742654fs cycles=3.18 samples=0 V=-2.8841e-1 I=-2.1044e-3
[EIS] freq 3/4 (1.08e-5 1/fs) phase=Settling elapsed=345285fs/742654fs cycles=3.72 samples=0 V=3.9002e-1 I=9.5326e-4
[EIS] Freq 3/4 (1.08e-5): settling complete, now recording
[EIS] freq 3/4 (1.08e-5 1/fs) phase=Recording elapsed=395285fs/742654fs cycles=4.26 samples=4790 V=-2.9092e-1 I=2.5369e-4
[EIS] freq 3/4 (1.08e-5 1/fs) phase=Recording elapsed=445285fs/742654fs cycles=4.80 samples=14790 V=3.1847e-1 I=-1.4458e-3
[EIS] freq 3/4 (1.08e-5 1/fs) phase=Recording elapsed=495285fs/742654fs cycles=5.34 samples=24790 V=-2.1606e-1 I=2.5532e-3
[EIS] freq 3/4 (1.08e-5 1/fs) phase=Recording elapsed=545285fs/742654fs cycles=5.87 samples=34790 V=2.1619e-1 I=-3.5111e-3
[EIS] freq 3/4 (1.08e-5 1/fs) phase=Recording elapsed=595285fs/742654fs cycles=6.41 samples=44790 V=-7.7561e-2 I=4.2634e-3
[EIS] freq 3/4 (1.08e-5 1/fs) phase=Recording elapsed=645285fs/742654fs cycles=6.95 samples=54790 V=8.4768e-2 I=-4.7661e-3
[EIS] freq 3/4 (1.08e-5 1/fs) phase=Recording elapsed=695285fs/742654fs cycles=7.49 samples=64790 V=5.3281e-2 I=4.9896e-3
[EIS] Completed freq 3/4: 1.08e-5 1/fs -> Z = (9.9320e0, -6.4779e1), |Z|=6.5536e1, phase=-81.3 deg, 74266 samples
[EIS]   Z_actual = (1.0565e1, -6.4528e1), Z_cap = (2.5000e3, -1.4775e7)
[EIS] Saved time-series: eis_timeseries\eis_ts_003_1.077e-5.csv (1980 pts, v_dc=3.206e-2, i_dc=1.038e-6)
[EIS] freq 4/4 (5.00e-6 1/fs) phase=Settling elapsed=2625fs/1600001fs cycles=0.01 samples=0 V=-9.4279e-2 I=-4.9830e-3
[EIS] freq 4/4 (5.00e-6 1/fs) phase=Settling elapsed=52625fs/1600001fs cycles=0.26 samples=0 V=-4.8774e-1 I=4.1186e-4
[EIS] freq 4/4 (5.00e-6 1/fs) phase=Settling elapsed=102625fs/1600001fs cycles=0.51 samples=0 V=3.3088e-1 I=4.9830e-3
[EIS] freq 4/4 (5.00e-6 1/fs) phase=Settling elapsed=152625fs/1600001fs cycles=0.76 samples=0 V=6.7521e-1 I=-4.1186e-4
[EIS] freq 4/4 (5.00e-6 1/fs) phase=Settling elapsed=202625fs/1600001fs cycles=1.01 samples=0 V=-1.4899e-1 I=-4.9830e-3
[EIS] freq 4/4 (5.00e-6 1/fs) phase=Settling elapsed=252625fs/1600001fs cycles=1.26 samples=0 V=-5.5622e-1 I=4.1185e-4
[EIS] freq 4/4 (5.00e-6 1/fs) phase=Settling elapsed=302625fs/1600001fs cycles=1.51 samples=0 V=2.2852e-1 I=4.9830e-3
[EIS] freq 4/4 (5.00e-6 1/fs) phase=Settling elapsed=352625fs/1600001fs cycles=1.76 samples=0 V=6.2477e-1 I=-4.1185e-4
[EIS] freq 4/4 (5.00e-6 1/fs) phase=Settling elapsed=402625fs/1600001fs cycles=2.01 samples=0 V=-1.4318e-1 I=-4.9830e-3
[EIS] freq 4/4 (5.00e-6 1/fs) phase=Settling elapsed=452625fs/1600001fs cycles=2.26 samples=0 V=-4.9814e-1 I=4.1184e-4
[EIS] freq 4/4 (5.00e-6 1/fs) phase=Settling elapsed=502625fs/1600001fs cycles=2.51 samples=0 V=2.5612e-1 I=4.9830e-3
[EIS] freq 4/4 (5.00e-6 1/fs) phase=Settling elapsed=552625fs/1600001fs cycles=2.76 samples=0 V=6.0813e-1 I=-4.1183e-4
[EIS] freq 4/4 (5.00e-6 1/fs) phase=Settling elapsed=602625fs/1600001fs cycles=3.01 samples=0 V=-1.2886e-1 I=-4.9830e-3
[EIS] freq 4/4 (5.00e-6 1/fs) phase=Settling elapsed=652625fs/1600001fs cycles=3.26 samples=0 V=-4.6955e-1 I=4.1183e-4
[EIS] freq 4/4 (5.00e-6 1/fs) phase=Settling elapsed=702625fs/1600001fs cycles=3.51 samples=0 V=2.6670e-1 I=4.9830e-3
[EIS] freq 4/4 (5.00e-6 1/fs) phase=Settling elapsed=752625fs/1600001fs cycles=3.76 samples=0 V=6.6963e-1 I=-4.1183e-4
[EIS] Freq 4/4 (5.00e-6): settling complete, now recording
[EIS] freq 4/4 (5.00e-6 1/fs) phase=Recording elapsed=802625fs/1600001fs cycles=4.01 samples=523 V=-1.6666e-1 I=-4.9830e-3
[EIS] freq 4/4 (5.00e-6 1/fs) phase=Recording elapsed=852625fs/1600001fs cycles=4.26 samples=10523 V=-5.3209e-1 I=4.1182e-4
[EIS] freq 4/4 (5.00e-6 1/fs) phase=Recording elapsed=902625fs/1600001fs cycles=4.51 samples=20523 V=2.6930e-1 I=4.9830e-3
[EIS] freq 4/4 (5.00e-6 1/fs) phase=Recording elapsed=952625fs/1600001fs cycles=4.76 samples=30523 V=5.8612e-1 I=-4.1181e-4
[EIS] freq 4/4 (5.00e-6 1/fs) phase=Recording elapsed=1002625fs/1600001fs cycles=5.01 samples=40523 V=-2.1181e-1 I=-4.9830e-3
[EIS] freq 4/4 (5.00e-6 1/fs) phase=Recording elapsed=1052625fs/1600001fs cycles=5.26 samples=50523 V=-6.0116e-1 I=4.1182e-4
[EIS] freq 4/4 (5.00e-6 1/fs) phase=Recording elapsed=1102625fs/1600001fs cycles=5.51 samples=60523 V=1.9825e-1 I=4.9830e-3
[EIS] freq 4/4 (5.00e-6 1/fs) phase=Recording elapsed=1152625fs/1600001fs cycles=5.76 samples=70523 V=5.2703e-1 I=-4.1180e-4
[EIS] freq 4/4 (5.00e-6 1/fs) phase=Recording elapsed=1202625fs/1600001fs cycles=6.01 samples=80523 V=-2.6511e-1 I=-4.9830e-3
[EIS] freq 4/4 (5.00e-6 1/fs) phase=Recording elapsed=1252625fs/1600001fs cycles=6.26 samples=90523 V=-6.1261e-1 I=4.1179e-4
[EIS] freq 4/4 (5.00e-6 1/fs) phase=Recording elapsed=1302625fs/1600001fs cycles=6.51 samples=100523 V=1.6847e-1 I=4.9830e-3
[EIS] freq 4/4 (5.00e-6 1/fs) phase=Recording elapsed=1352625fs/1600001fs cycles=6.76 samples=110523 V=5.2045e-1 I=-4.1180e-4
[EIS] freq 4/4 (5.00e-6 1/fs) phase=Recording elapsed=1402625fs/1600001fs cycles=7.01 samples=120523 V=-2.5462e-1 I=-4.9830e-3
[EIS] freq 4/4 (5.00e-6 1/fs) phase=Recording elapsed=1452625fs/1600001fs cycles=7.26 samples=130523 V=-5.9704e-1 I=4.1178e-4
[EIS] freq 4/4 (5.00e-6 1/fs) phase=Recording elapsed=1502625fs/1600001fs cycles=7.51 samples=140523 V=2.4756e-1 I=4.9830e-3
[EIS] freq 4/4 (5.00e-6 1/fs) phase=Recording elapsed=1552625fs/1600001fs cycles=7.76 samples=150523 V=5.8333e-1 I=-4.1177e-4
[EIS] Completed freq 4/4: 5.00e-6 1/fs -> Z = (3.6734e1, -1.1480e2), |Z|=1.2054e2, phase=-72.3 deg, 160001 samples
[EIS]   Z_actual = (3.8780e1, -1.1084e2), Z_cap = (2.5000e3, -3.1831e7)
[EIS] Saved time-series: eis_timeseries\eis_ts_004_5.000e-6.csv (1987 pts, v_dc=-4.260e-3, i_dc=-1.060e-6)
[EIS] Sweep complete! 4 points collected
sweep finished in 569478 steps (9156.3s wall, sim time 2.85e6 fs)

=== 4 EisPoints ===
   i        freq       z_real       z_imag         |Z|     phase     R²(V)     R²(I)       V_amp       I_amp
   0    5.000e-5    -2.902e-1     -1.513e1     1.513e1    -91.1°    0.9851    0.9999    7.564e-2    5.000e-3
   1    2.321e-5    +1.497e-1     -3.320e1     3.320e1    -89.7°    0.9954    1.0000    1.660e-1    5.000e-3
   2    1.077e-5     +9.932e0     -6.478e1     6.554e1    -81.3°    0.9970    1.0000    3.277e-1    5.000e-3
   3    5.000e-6     +3.673e1     -1.148e2     1.205e2    -72.3°    0.9914    1.0000    6.027e-1    5.000e-3
[run_job] end=2026-05-03T12:56:44Z rc=0
