[run_job] id=doe-cos-006
[run_job] workdir=/c/Users/Yeyian PC/Desktop/ParticleSim-master/ParticleSim/runs/doe-cos-006
[run_job] exe=/c/Users/Yeyian PC/Desktop/ParticleSim-master/ParticleSim/target/release/eis_quick_sweep.exe
[run_job] log=/c/Users/Yeyian PC/Desktop/ParticleSim-master/ParticleSim/doe_results/eis_doe_lf/doe-cos-006_amp0.06_freq5e-4to5e-3_cos.log
[run_job] args: --amplitude 0.06 --f-min 5e-4 --f-max 5e-3 --points-per-decade 3 --scenario /c/Users/Yeyian PC/Desktop/ParticleSim-master/ParticleSim/measurement_configs/eis_validation_flat_symmetric.toml
[run_job] start=2026-05-02T23:42:24Z
Successfully placed 86 random bodies
Successfully placed 86 random bodies
Successfully placed 598 random bodies
Successfully placed 599 random bodies
scenario=C:/Users/Yeyian PC/Desktop/ParticleSim-master/ParticleSim/measurement_configs/eis_validation_flat_symmetric.toml seed=0xC0FFEE
bodies=3449 foils=2
dt=5 fs  group_a=[1]  group_b=[2]
equilibrating 50000 fs (10000 steps)
zero-current pre-hold 10000 fs (2000 steps)
[EIS] Started sweep (Galvanostatic): 4 frequencies from 5.00e-3 to 5.00e-4 (1/fs)
[EIS] Estimated total time: 28474 fs (28.5 ps), amplitude=6.0000e-2
[EIS] Group A (+ perturbation): [1], Group B (- perturbation): [2]
[EIS] Voltage probes: 0 per group (A=130, B=130)
EIS sweep started (Galvanostatic)
[EIS] freq 1/4 (5.00e-3 1/fs) phase=Settling elapsed=5fs/1600fs cycles=0.03 samples=0 V=-3.6427e-3 I=-5.9261e-2
[EIS] Freq 1/4 (5.00e-3): settling complete, now recording
[EIS] Completed freq 1/4: 5.00e-3 1/fs -> Z = (-8.0428e-2, -1.5106e-1), |Z|=1.7114e-1, phase=-118.0 deg, 160 samples
[EIS]   Z_actual = (-4.2852e-2, -1.9756e-1), Z_cap = (2.5000e3, -3.1766e4)
[EIS] Saved time-series: eis_timeseries\eis_ts_001_5.000e-3.csv (320 pts, v_dc=-5.431e-3, i_dc=-2.799e-10)
[EIS] Freq 2/4 (2.32e-3): settling complete, now recording
[EIS] Completed freq 2/4: 2.32e-3 1/fs -> Z = (-6.9885e-2, -3.0569e-1), |Z|=3.1358e-1, phase=-102.9 deg, 345 samples
[EIS]   Z_actual = (-2.3464e-2, -3.3369e-1), Z_cap = (2.5000e3, -6.8547e4)
[EIS] Saved time-series: eis_timeseries\eis_ts_002_2.321e-3.csv (690 pts, v_dc=-7.789e-3, i_dc=-5.043e-5)
[EIS] Freq 3/4 (1.08e-3): settling complete, now recording
[EIS] Completed freq 3/4: 1.08e-3 1/fs -> Z = (-4.4179e-2, -7.2026e-1), |Z|=7.2161e-1, phase=-93.5 deg, 743 samples
[EIS]   Z_actual = (5.5874e-3, -7.4968e-1), Z_cap = (2.5000e3, -1.4773e5)
[EIS] Saved time-series: eis_timeseries\eis_ts_003_1.077e-3.csv (1486 pts, v_dc=-8.924e-3, i_dc=-2.791e-5)
[EIS] Freq 4/4 (5.00e-4): settling complete, now recording
[EIS] Completed freq 4/4: 5.00e-4 1/fs -> Z = (-3.1138e-2, -1.4966e0), |Z|=1.4969e0, phase=-91.2 deg, 1600 samples
[EIS]   Z_actual = (2.2963e-2, -1.5054e0), Z_cap = (2.5000e3, -3.1830e5)
[EIS] Saved time-series: eis_timeseries\eis_ts_004_5.000e-4.csv (1600 pts, v_dc=-1.297e-2, i_dc=3.940e-10)
[EIS] Sweep complete! 4 points collected
sweep finished in 5696 steps (120.4s wall, sim time 2.85e4 fs)

=== 4 EisPoints ===
   i        freq       z_real       z_imag         |Z|     phase     R²(V)     R²(I)       V_amp       I_amp
   0    5.000e-3    -8.043e-2    -1.511e-1    1.711e-1   -118.0°    0.5285    1.0000    1.027e-2    6.000e-2
   1    2.321e-3    -6.989e-2    -3.057e-1    3.136e-1   -102.9°    0.8355    0.9992    1.881e-2    6.000e-2
   2    1.077e-3    -4.418e-2    -7.203e-1    7.216e-1    -93.5°    0.9597    0.9995    4.330e-2    6.000e-2
   3    5.000e-4    -3.114e-2     -1.497e0     1.497e0    -91.2°    0.9876    1.0000    8.982e-2    6.000e-2
[run_job] end=2026-05-02T23:46:29Z rc=0
