[run_job] id=doe-cos-002
[run_job] workdir=/c/Users/Yeyian PC/Desktop/ParticleSim-master/ParticleSim/runs/doe-cos-002
[run_job] exe=/c/Users/Yeyian PC/Desktop/ParticleSim-master/ParticleSim/target/release/eis_quick_sweep.exe
[run_job] log=/c/Users/Yeyian PC/Desktop/ParticleSim-master/ParticleSim/doe_results/eis_doe_lf/doe-cos-002_amp0.02_freq5e-6to5e-5_cos.log
[run_job] args: --amplitude 0.02 --f-min 5e-6 --f-max 5e-5 --points-per-decade 3 --scenario /c/Users/Yeyian PC/Desktop/ParticleSim-master/ParticleSim/measurement_configs/eis_validation_flat_symmetric.toml
[run_job] start=2026-05-02T23:41:14Z
Successfully placed 86 random bodies
Successfully placed 86 random bodies
Successfully placed 598 random bodies
Successfully placed 599 random bodies
scenario=C:/Users/Yeyian PC/Desktop/ParticleSim-master/ParticleSim/measurement_configs/eis_validation_flat_symmetric.toml seed=0xC0FFEE
bodies=3449 foils=2
dt=5 fs  group_a=[1]  group_b=[2]
equilibrating 50000 fs (10000 steps)
zero-current pre-hold 10000 fs (2000 steps)
[EIS] Started sweep (Galvanostatic): 4 frequencies from 5.00e-5 to 5.00e-6 (1/fs)
[EIS] Estimated total time: 2847364 fs (2847.4 ps), amplitude=2.0000e-2
[EIS] Group A (+ perturbation): [1], Group B (- perturbation): [2]
[EIS] Voltage probes: 0 per group (A=130, B=130)
EIS sweep started (Galvanostatic)
[EIS] freq 1/4 (5.00e-5 1/fs) phase=Settling elapsed=5fs/160000fs cycles=0.00 samples=0 V=-3.5937e-3 I=-2.0000e-2
[EIS] freq 1/4 (5.00e-5 1/fs) phase=Settling elapsed=50005fs/160000fs cycles=2.50 samples=0 V=-1.7495e-2 I=2.0000e-2
[EIS] Freq 1/4 (5.00e-5): settling complete, now recording
[EIS] freq 1/4 (5.00e-5 1/fs) phase=Recording elapsed=100005fs/160000fs cycles=5.00 samples=3999 V=-3.9326e-3 I=-2.0000e-2
[EIS] freq 1/4 (5.00e-5 1/fs) phase=Recording elapsed=150005fs/160000fs cycles=7.50 samples=13999 V=-6.6649e-3 I=2.0000e-2
[EIS] Completed freq 1/4: 5.00e-5 1/fs -> Z = (9.6302e-2, -1.5478e1), |Z|=1.5479e1, phase=-89.6 deg, 16001 samples
[EIS]   Z_actual = (3.4321e-1, -1.5408e1), Z_cap = (2.5000e3, -3.1831e6)
[EIS] Saved time-series: eis_timeseries\eis_ts_001_5.000e-5.csv (1882 pts, v_dc=-6.859e-3, i_dc=3.759e-6)
[EIS] freq 2/4 (2.32e-5 1/fs) phase=Settling elapsed=39995fs/344710fs cycles=0.93 samples=0 V=2.6100e-1 I=-1.7999e-2
[EIS] freq 2/4 (2.32e-5 1/fs) phase=Settling elapsed=89995fs/344710fs cycles=2.09 samples=0 V=-4.0325e-1 I=-1.6980e-2
[EIS] freq 2/4 (2.32e-5 1/fs) phase=Settling elapsed=139995fs/344710fs cycles=3.25 samples=0 V=-6.1232e-1 I=-1.2644e-4
[EIS] Freq 2/4 (2.32e-5): settling complete, now recording
[EIS] freq 2/4 (2.32e-5 1/fs) phase=Recording elapsed=189995fs/344710fs cycles=4.41 samples=3527 V=-2.6452e-1 I=1.6845e-2
[EIS] freq 2/4 (2.32e-5 1/fs) phase=Recording elapsed=239995fs/344710fs cycles=5.57 samples=13527 V=3.4865e-1 I=1.8108e-2
[EIS] freq 2/4 (2.32e-5 1/fs) phase=Recording elapsed=289995fs/344710fs cycles=6.73 samples=23527 V=6.3010e-1 I=2.4838e-3
[EIS] freq 2/4 (2.32e-5 1/fs) phase=Recording elapsed=339995fs/344710fs cycles=7.89 samples=33527 V=3.4049e-1 I=-1.5457e-2
[EIS] Completed freq 2/4: 2.32e-5 1/fs -> Z = (3.4420e0, -3.1757e1), |Z|=3.1943e1, phase=-83.8 deg, 34471 samples
[EIS]   Z_actual = (3.8269e0, -3.1449e1), Z_cap = (2.5000e3, -6.8578e6)
[EIS] Saved time-series: eis_timeseries\eis_ts_002_2.321e-5.csv (1969 pts, v_dc=1.026e-2, i_dc=-2.332e-6)
[EIS] freq 3/4 (1.08e-5 1/fs) phase=Settling elapsed=45285fs/742654fs cycles=0.49 samples=0 V=1.8357e-1 I=1.9941e-2
[EIS] freq 3/4 (1.08e-5 1/fs) phase=Settling elapsed=95285fs/742654fs cycles=1.03 samples=0 V=-3.6945e-1 I=-1.9725e-2
[EIS] freq 3/4 (1.08e-5 1/fs) phase=Settling elapsed=145285fs/742654fs cycles=1.57 samples=0 V=7.6359e-1 I=1.8353e-2
[EIS] freq 3/4 (1.08e-5 1/fs) phase=Settling elapsed=195285fs/742654fs cycles=2.10 samples=0 V=-9.1477e-1 I=-1.5907e-2
[EIS] freq 3/4 (1.08e-5 1/fs) phase=Settling elapsed=245285fs/742654fs cycles=2.64 samples=0 V=1.3114e0 I=1.2529e-2
[EIS] freq 3/4 (1.08e-5 1/fs) phase=Settling elapsed=295285fs/742654fs cycles=3.18 samples=0 V=-1.1599e0 I=-8.4175e-3
[EIS] freq 3/4 (1.08e-5 1/fs) phase=Settling elapsed=345285fs/742654fs cycles=3.72 samples=0 V=1.4337e0 I=3.8130e-3
[EIS] Freq 3/4 (1.08e-5): settling complete, now recording
[EIS] freq 3/4 (1.08e-5 1/fs) phase=Recording elapsed=395285fs/742654fs cycles=4.26 samples=4790 V=-1.2297e0 I=1.0148e-3
[EIS] freq 3/4 (1.08e-5 1/fs) phase=Recording elapsed=445285fs/742654fs cycles=4.80 samples=14790 V=1.0459e0 I=-5.7831e-3
[EIS] freq 3/4 (1.08e-5 1/fs) phase=Recording elapsed=495285fs/742654fs cycles=5.34 samples=24790 V=-1.0099e0 I=1.0213e-2
[EIS] freq 3/4 (1.08e-5 1/fs) phase=Recording elapsed=545285fs/742654fs cycles=5.87 samples=34790 V=7.2433e-1 I=-1.4044e-2
[EIS] freq 3/4 (1.08e-5 1/fs) phase=Recording elapsed=595285fs/742654fs cycles=6.41 samples=44790 V=-5.2948e-1 I=1.7054e-2
[EIS] freq 3/4 (1.08e-5 1/fs) phase=Recording elapsed=645285fs/742654fs cycles=6.95 samples=54790 V=1.6849e-1 I=-1.9064e-2
[EIS] freq 3/4 (1.08e-5 1/fs) phase=Recording elapsed=695285fs/742654fs cycles=7.49 samples=64790 V=6.0319e-2 I=1.9958e-2
[EIS] Completed freq 3/4: 1.08e-5 1/fs -> Z = (1.0366e1, -6.2546e1), |Z|=6.3399e1, phase=-80.6 deg, 74266 samples
[EIS]   Z_actual = (1.1616e1, -6.0408e1), Z_cap = (2.5000e3, -1.4775e7)
[EIS] Saved time-series: eis_timeseries\eis_ts_003_1.077e-5.csv (1980 pts, v_dc=-3.336e-2, i_dc=4.154e-6)
[EIS] freq 4/4 (5.00e-6 1/fs) phase=Settling elapsed=2625fs/1600001fs cycles=0.01 samples=0 V=-4.0774e-1 I=-1.9932e-2
[EIS] freq 4/4 (5.00e-6 1/fs) phase=Settling elapsed=52625fs/1600001fs cycles=0.26 samples=0 V=-1.4259e0 I=1.6475e-3
[EIS] freq 4/4 (5.00e-6 1/fs) phase=Settling elapsed=102625fs/1600001fs cycles=0.51 samples=0 V=7.9288e-1 I=1.9932e-2
[EIS] freq 4/4 (5.00e-6 1/fs) phase=Settling elapsed=152625fs/1600001fs cycles=0.76 samples=0 V=9.8022e-1 I=-1.6474e-3
[EIS] freq 4/4 (5.00e-6 1/fs) phase=Settling elapsed=202625fs/1600001fs cycles=1.01 samples=0 V=2.5679e-1 I=-1.9932e-2
[EIS] freq 4/4 (5.00e-6 1/fs) phase=Settling elapsed=252625fs/1600001fs cycles=1.26 samples=0 V=-1.4252e0 I=1.6474e-3
[EIS] freq 4/4 (5.00e-6 1/fs) phase=Settling elapsed=302625fs/1600001fs cycles=1.51 samples=0 V=4.5651e-1 I=1.9932e-2
[EIS] freq 4/4 (5.00e-6 1/fs) phase=Settling elapsed=352625fs/1600001fs cycles=1.76 samples=0 V=7.0770e-1 I=-1.6474e-3
[EIS] freq 4/4 (5.00e-6 1/fs) phase=Settling elapsed=402625fs/1600001fs cycles=2.01 samples=0 V=3.9282e-1 I=-1.9932e-2
[EIS] freq 4/4 (5.00e-6 1/fs) phase=Settling elapsed=452625fs/1600001fs cycles=2.26 samples=0 V=-7.0281e-1 I=1.6474e-3
[EIS] freq 4/4 (5.00e-6 1/fs) phase=Settling elapsed=502625fs/1600001fs cycles=2.51 samples=0 V=1.4793e-1 I=1.9932e-2
[EIS] freq 4/4 (5.00e-6 1/fs) phase=Settling elapsed=552625fs/1600001fs cycles=2.76 samples=0 V=6.4734e-1 I=-1.6473e-3
[EIS] freq 4/4 (5.00e-6 1/fs) phase=Settling elapsed=602625fs/1600001fs cycles=3.01 samples=0 V=4.5044e-1 I=-1.9932e-2
[EIS] freq 4/4 (5.00e-6 1/fs) phase=Settling elapsed=652625fs/1600001fs cycles=3.26 samples=0 V=-6.8670e-1 I=1.6473e-3
[EIS] freq 4/4 (5.00e-6 1/fs) phase=Settling elapsed=702625fs/1600001fs cycles=3.51 samples=0 V=1.0858e-1 I=1.9932e-2
[EIS] freq 4/4 (5.00e-6 1/fs) phase=Settling elapsed=752625fs/1600001fs cycles=3.76 samples=0 V=2.3377e-1 I=-1.6473e-3
[EIS] Freq 4/4 (5.00e-6): settling complete, now recording
[EIS] freq 4/4 (5.00e-6 1/fs) phase=Recording elapsed=802625fs/1600001fs cycles=4.01 samples=523 V=2.2471e-1 I=-1.9932e-2
[EIS] freq 4/4 (5.00e-6 1/fs) phase=Recording elapsed=852625fs/1600001fs cycles=4.26 samples=10523 V=-5.8624e-1 I=1.6473e-3
[EIS] freq 4/4 (5.00e-6 1/fs) phase=Recording elapsed=902625fs/1600001fs cycles=4.51 samples=20523 V=-1.6591e-1 I=1.9932e-2
[EIS] freq 4/4 (5.00e-6 1/fs) phase=Recording elapsed=952625fs/1600001fs cycles=4.76 samples=30523 V=-1.0577e-1 I=-1.6472e-3
[EIS] freq 4/4 (5.00e-6 1/fs) phase=Recording elapsed=1002625fs/1600001fs cycles=5.01 samples=40523 V=-8.0310e-2 I=-1.9932e-2
[EIS] freq 4/4 (5.00e-6 1/fs) phase=Recording elapsed=1052625fs/1600001fs cycles=5.26 samples=50523 V=-4.0754e-1 I=1.6473e-3
[EIS] freq 4/4 (5.00e-6 1/fs) phase=Recording elapsed=1102625fs/1600001fs cycles=5.51 samples=60523 V=-1.4142e-1 I=1.9932e-2
[EIS] freq 4/4 (5.00e-6 1/fs) phase=Recording elapsed=1152625fs/1600001fs cycles=5.76 samples=70523 V=-5.1684e-2 I=-1.6472e-3
[EIS] freq 4/4 (5.00e-6 1/fs) phase=Recording elapsed=1202625fs/1600001fs cycles=6.01 samples=80523 V=-3.3490e-2 I=-1.9932e-2
[EIS] freq 4/4 (5.00e-6 1/fs) phase=Recording elapsed=1252625fs/1600001fs cycles=6.26 samples=90523 V=-4.3349e-1 I=1.6472e-3
[EIS] freq 4/4 (5.00e-6 1/fs) phase=Recording elapsed=1302625fs/1600001fs cycles=6.51 samples=100523 V=-2.6034e-1 I=1.9932e-2
[EIS] freq 4/4 (5.00e-6 1/fs) phase=Recording elapsed=1352625fs/1600001fs cycles=6.76 samples=110523 V=-2.6562e-1 I=-1.6472e-3
[EIS] freq 4/4 (5.00e-6 1/fs) phase=Recording elapsed=1402625fs/1600001fs cycles=7.01 samples=120523 V=-2.5102e-1 I=-1.9932e-2
[EIS] freq 4/4 (5.00e-6 1/fs) phase=Recording elapsed=1452625fs/1600001fs cycles=7.26 samples=130523 V=-4.2703e-1 I=1.6471e-3
[EIS] freq 4/4 (5.00e-6 1/fs) phase=Recording elapsed=1502625fs/1600001fs cycles=7.51 samples=140523 V=-1.3329e-1 I=1.9932e-2
[EIS] freq 4/4 (5.00e-6 1/fs) phase=Recording elapsed=1552625fs/1600001fs cycles=7.76 samples=150523 V=-1.1375e-1 I=-1.6471e-3
[EIS] Completed freq 4/4: 5.00e-6 1/fs -> Z = (-2.8906e0, -8.7359e0), |Z|=9.2017e0, phase=-108.3 deg, 160001 samples
[EIS]   Z_actual = (-1.0759e1, -4.5680e1), Z_cap = (2.5000e3, -3.1831e7)
[EIS] Saved time-series: eis_timeseries\eis_ts_004_5.000e-6.csv (1987 pts, v_dc=-2.518e-1, i_dc=-4.242e-6)
[EIS] Sweep complete! 4 points collected
sweep finished in 569478 steps (9100.1s wall, sim time 2.85e6 fs)

=== 4 EisPoints ===
   i        freq       z_real       z_imag         |Z|     phase     R²(V)     R²(I)       V_amp       I_amp
   0    5.000e-5    +9.630e-2     -1.548e1     1.548e1    -89.6°    0.9978    0.9999    3.096e-1    2.000e-2
   1    2.321e-5     +3.442e0     -3.176e1     3.194e1    -83.8°    0.9982    1.0000    6.389e-1    2.000e-2
   2    1.077e-5     +1.037e1     -6.255e1     6.340e1    -80.6°    0.9974    1.0000     1.268e0    2.000e-2
   3    5.000e-6     -2.891e0     -8.736e0     9.202e0   -108.3°    0.6147    1.0000    1.840e-1    2.000e-2
[run_job] end=2026-05-03T02:14:47Z rc=0
