[run_job] id=doe-023
[run_job] workdir=/c/Users/Yeyian PC/Desktop/ParticleSim-master/ParticleSim/runs/doe-023
[run_job] exe=/c/Users/Yeyian PC/Desktop/ParticleSim-master/ParticleSim/target/release/eis_quick_sweep.exe
[run_job] log=/c/Users/Yeyian PC/Desktop/ParticleSim-master/ParticleSim/doe_results/eis_doe_lf/doe-023_amp2e-4_freq5e-7to5e-6.log
[run_job] args: --amplitude 2e-4 --f-min 5e-7 --f-max 5e-6 --scenario /c/Users/Yeyian PC/Desktop/ParticleSim-master/ParticleSim/measurement_configs/eis_validation_flat_symmetric.toml
[run_job] start=2026-05-02T16:17:22Z
Successfully placed 86 random bodies
Successfully placed 86 random bodies
Successfully placed 598 random bodies
Successfully placed 599 random bodies
scenario=C:/Users/Yeyian PC/Desktop/ParticleSim-master/ParticleSim/measurement_configs/eis_validation_flat_symmetric.toml seed=0xC0FFEE
bodies=3449 foils=2
dt=5 fs  group_a=[1]  group_b=[2]
equilibrating 50000 fs (10000 steps)
zero-current pre-hold 10000 fs (2000 steps)
[EIS] Started sweep (Galvanostatic): 3 frequencies from 5.00e-6 to 5.00e-7 (1/fs)
[EIS] Estimated total time: 22659652 fs (22659.7 ps), amplitude=2.0000e-4
[EIS] Group A (+ perturbation): [1], Group B (- perturbation): [2]
[EIS] Voltage probes: 0 per group (A=130, B=130)
EIS sweep started (Galvanostatic)
[EIS] freq 1/3 (5.00e-6 1/fs) phase=Settling elapsed=5fs/1600001fs cycles=0.00 samples=0 V=-6.7838e-3 I=-3.1416e-8
[EIS] freq 1/3 (5.00e-6 1/fs) phase=Settling elapsed=50005fs/1600001fs cycles=0.25 samples=0 V=-2.1210e-2 I=-2.0000e-4
[EIS] freq 1/3 (5.00e-6 1/fs) phase=Settling elapsed=100005fs/1600001fs cycles=0.50 samples=0 V=-1.6494e-2 I=3.1203e-8
[EIS] freq 1/3 (5.00e-6 1/fs) phase=Settling elapsed=150005fs/1600001fs cycles=0.75 samples=0 V=-1.2435e-4 I=2.0000e-4
[EIS] freq 1/3 (5.00e-6 1/fs) phase=Settling elapsed=200005fs/1600001fs cycles=1.00 samples=0 V=2.1402e-2 I=-3.0934e-8
[EIS] freq 1/3 (5.00e-6 1/fs) phase=Settling elapsed=250005fs/1600001fs cycles=1.25 samples=0 V=-1.4944e-2 I=-2.0000e-4
[EIS] freq 1/3 (5.00e-6 1/fs) phase=Settling elapsed=300005fs/1600001fs cycles=1.50 samples=0 V=-3.6902e-2 I=3.0713e-8
[EIS] freq 1/3 (5.00e-6 1/fs) phase=Settling elapsed=350005fs/1600001fs cycles=1.75 samples=0 V=-5.1590e-3 I=2.0000e-4
[EIS] freq 1/3 (5.00e-6 1/fs) phase=Settling elapsed=400005fs/1600001fs cycles=2.00 samples=0 V=1.5070e-2 I=-3.0588e-8
[EIS] freq 1/3 (5.00e-6 1/fs) phase=Settling elapsed=450005fs/1600001fs cycles=2.25 samples=0 V=2.6470e-3 I=-2.0000e-4
[EIS] freq 1/3 (5.00e-6 1/fs) phase=Settling elapsed=500005fs/1600001fs cycles=2.50 samples=0 V=-3.2359e-2 I=3.0271e-8
[EIS] freq 1/3 (5.00e-6 1/fs) phase=Settling elapsed=550005fs/1600001fs cycles=2.75 samples=0 V=-1.3287e-3 I=2.0000e-4
[EIS] freq 1/3 (5.00e-6 1/fs) phase=Settling elapsed=600005fs/1600001fs cycles=3.00 samples=0 V=2.6377e-2 I=-3.0146e-8
[EIS] freq 1/3 (5.00e-6 1/fs) phase=Settling elapsed=650005fs/1600001fs cycles=3.25 samples=0 V=-1.0234e-2 I=-2.0000e-4
[EIS] freq 1/3 (5.00e-6 1/fs) phase=Settling elapsed=700005fs/1600001fs cycles=3.50 samples=0 V=-4.2678e-2 I=2.9639e-8
[EIS] freq 1/3 (5.00e-6 1/fs) phase=Settling elapsed=750005fs/1600001fs cycles=3.75 samples=0 V=-1.4640e-2 I=2.0000e-4
[EIS] freq 1/3 (5.00e-6 1/fs) phase=Settling elapsed=800005fs/1600001fs cycles=4.00 samples=0 V=2.8356e-2 I=-2.9513e-8
[EIS] Freq 1/3 (5.00e-6): settling complete, now recording
[EIS] freq 1/3 (5.00e-6 1/fs) phase=Recording elapsed=850005fs/1600001fs cycles=4.25 samples=9999 V=-5.3868e-3 I=-2.0000e-4
[EIS] freq 1/3 (5.00e-6 1/fs) phase=Recording elapsed=900005fs/1600001fs cycles=4.50 samples=19999 V=-3.7115e-2 I=2.9387e-8
[EIS] freq 1/3 (5.00e-6 1/fs) phase=Recording elapsed=950005fs/1600001fs cycles=4.75 samples=29999 V=-3.8338e-3 I=2.0000e-4
[EIS] freq 1/3 (5.00e-6 1/fs) phase=Recording elapsed=1000005fs/1600001fs cycles=5.00 samples=39999 V=2.2970e-2 I=-2.9262e-8
[EIS] freq 1/3 (5.00e-6 1/fs) phase=Recording elapsed=1050005fs/1600001fs cycles=5.25 samples=49999 V=-3.2674e-3 I=-2.0000e-4
[EIS] freq 1/3 (5.00e-6 1/fs) phase=Recording elapsed=1100005fs/1600001fs cycles=5.50 samples=59999 V=-2.3733e-2 I=2.8755e-8
[EIS] freq 1/3 (5.00e-6 1/fs) phase=Recording elapsed=1150005fs/1600001fs cycles=5.75 samples=69999 V=-1.3492e-2 I=2.0000e-4
[EIS] freq 1/3 (5.00e-6 1/fs) phase=Recording elapsed=1200005fs/1600001fs cycles=6.00 samples=79999 V=2.4368e-2 I=-2.9011e-8
[EIS] freq 1/3 (5.00e-6 1/fs) phase=Recording elapsed=1250005fs/1600001fs cycles=6.25 samples=89999 V=-1.8259e-2 I=-2.0000e-4
[EIS] freq 1/3 (5.00e-6 1/fs) phase=Recording elapsed=1300005fs/1600001fs cycles=6.50 samples=99999 V=-3.1876e-2 I=2.8504e-8
[EIS] freq 1/3 (5.00e-6 1/fs) phase=Recording elapsed=1350005fs/1600001fs cycles=6.75 samples=109999 V=-5.5198e-3 I=2.0000e-4
[EIS] freq 1/3 (5.00e-6 1/fs) phase=Recording elapsed=1400005fs/1600001fs cycles=7.00 samples=119999 V=3.9414e-2 I=-2.7997e-8
[EIS] freq 1/3 (5.00e-6 1/fs) phase=Recording elapsed=1450005fs/1600001fs cycles=7.25 samples=129999 V=2.8348e-4 I=-2.0000e-4
[EIS] freq 1/3 (5.00e-6 1/fs) phase=Recording elapsed=1500005fs/1600001fs cycles=7.50 samples=139999 V=-3.3173e-2 I=2.8253e-8
[EIS] freq 1/3 (5.00e-6 1/fs) phase=Recording elapsed=1550005fs/1600001fs cycles=7.75 samples=149999 V=-3.9943e-3 I=2.0000e-4
[EIS] freq 1/3 (5.00e-6 1/fs) phase=Recording elapsed=1600005fs/1600001fs cycles=8.00 samples=159999 V=2.6444e-2 I=-2.7746e-8
[EIS] Completed freq 1/3: 5.00e-6 1/fs -> Z = (-6.3341e0, -1.4191e2), |Z|=1.4205e2, phase=-92.6 deg, 160001 samples
[EIS]   Z_actual = (5.8877e0, -1.4687e2), Z_cap = (2.5000e3, -3.1831e7)
[EIS] Saved time-series: eis_timeseries\eis_ts_001_5.000e-6.csv (1987 pts, v_dc=-3.507e-3, i_dc=1.963e-10)
[EIS] freq 2/3 (1.58e-6 1/fs) phase=Settling elapsed=49995fs/5059646fs cycles=0.08 samples=0 V=1.3505e-2 I=-9.5302e-5
[EIS] freq 2/3 (1.58e-6 1/fs) phase=Settling elapsed=99995fs/5059646fs cycles=0.16 samples=0 V=-1.5338e-2 I=-1.6758e-4
[EIS] freq 2/3 (1.58e-6 1/fs) phase=Settling elapsed=149995fs/5059646fs cycles=0.24 samples=0 V=-5.5653e-2 I=-1.9935e-4
[EIS] freq 2/3 (1.58e-6 1/fs) phase=Settling elapsed=199995fs/5059646fs cycles=0.32 samples=0 V=-9.5012e-2 I=-1.8294e-4
[EIS] freq 2/3 (1.58e-6 1/fs) phase=Settling elapsed=249995fs/5059646fs cycles=0.40 samples=0 V=-1.1199e-1 I=-1.2231e-4
[EIS] freq 2/3 (1.58e-6 1/fs) phase=Settling elapsed=299995fs/5059646fs cycles=0.47 samples=0 V=-1.1124e-1 I=-3.2114e-5
[EIS] freq 2/3 (1.58e-6 1/fs) phase=Settling elapsed=349995fs/5059646fs cycles=0.55 samples=0 V=-9.9844e-2 I=6.5841e-5
[EIS] freq 2/3 (1.58e-6 1/fs) phase=Settling elapsed=399995fs/5059646fs cycles=0.63 samples=0 V=-7.9372e-2 I=1.4788e-4
[EIS] freq 2/3 (1.58e-6 1/fs) phase=Settling elapsed=449995fs/5059646fs cycles=0.71 samples=0 V=-1.8792e-2 I=1.9418e-4
[EIS] freq 2/3 (1.58e-6 1/fs) phase=Settling elapsed=499995fs/5059646fs cycles=0.79 samples=0 V=2.6509e-3 I=1.9354e-4
[EIS] freq 2/3 (1.58e-6 1/fs) phase=Settling elapsed=549995fs/5059646fs cycles=0.87 samples=0 V=3.4244e-2 I=1.4612e-4
[EIS] freq 2/3 (1.58e-6 1/fs) phase=Settling elapsed=599995fs/5059646fs cycles=0.95 samples=0 V=5.2748e-2 I=6.3385e-5
[EIS] freq 2/3 (1.58e-6 1/fs) phase=Settling elapsed=649995fs/5059646fs cycles=1.03 samples=0 V=4.0974e-2 I=-3.4673e-5
[EIS] freq 2/3 (1.58e-6 1/fs) phase=Settling elapsed=699995fs/5059646fs cycles=1.11 samples=0 V=2.5440e-2 I=-1.2435e-4
[EIS] freq 2/3 (1.58e-6 1/fs) phase=Settling elapsed=749995fs/5059646fs cycles=1.19 samples=0 V=-8.9400e-3 I=-1.8397e-4
[EIS] freq 2/3 (1.58e-6 1/fs) phase=Settling elapsed=799995fs/5059646fs cycles=1.26 samples=0 V=-4.5560e-2 I=-1.9912e-4
[EIS] freq 2/3 (1.58e-6 1/fs) phase=Settling elapsed=849995fs/5059646fs cycles=1.34 samples=0 V=-8.6530e-2 I=-1.6615e-4
[EIS] freq 2/3 (1.58e-6 1/fs) phase=Settling elapsed=899995fs/5059646fs cycles=1.42 samples=0 V=-1.1062e-1 I=-9.3012e-5
[EIS] freq 2/3 (1.58e-6 1/fs) phase=Settling elapsed=949995fs/5059646fs cycles=1.50 samples=0 V=-9.3862e-2 I=2.6056e-6
[EIS] freq 2/3 (1.58e-6 1/fs) phase=Settling elapsed=999995fs/5059646fs cycles=1.58 samples=0 V=-8.4253e-2 I=9.7593e-5
[EIS] freq 2/3 (1.58e-6 1/fs) phase=Settling elapsed=1049995fs/5059646fs cycles=1.66 samples=0 V=-3.5567e-2 I=1.6899e-4
[EIS] freq 2/3 (1.58e-6 1/fs) phase=Settling elapsed=1099995fs/5059646fs cycles=1.74 samples=0 V=2.0416e-3 I=1.9954e-4
[EIS] freq 2/3 (1.58e-6 1/fs) phase=Settling elapsed=1149995fs/5059646fs cycles=1.82 samples=0 V=3.6417e-2 I=1.8186e-4
[EIS] freq 2/3 (1.58e-6 1/fs) phase=Settling elapsed=1199995fs/5059646fs cycles=1.90 samples=0 V=4.7997e-2 I=1.2023e-4
[EIS] freq 2/3 (1.58e-6 1/fs) phase=Settling elapsed=1249995fs/5059646fs cycles=1.98 samples=0 V=4.9869e-2 I=2.9529e-5
[EIS] freq 2/3 (1.58e-6 1/fs) phase=Settling elapsed=1299995fs/5059646fs cycles=2.06 samples=0 V=4.6919e-2 I=-6.8305e-5
[EIS] freq 2/3 (1.58e-6 1/fs) phase=Settling elapsed=1349995fs/5059646fs cycles=2.13 samples=0 V=2.8013e-2 I=-1.4963e-4
[EIS] freq 2/3 (1.58e-6 1/fs) phase=Settling elapsed=1399995fs/5059646fs cycles=2.21 samples=0 V=-8.4615e-3 I=-1.9479e-4
[EIS] freq 2/3 (1.58e-6 1/fs) phase=Settling elapsed=1449995fs/5059646fs cycles=2.29 samples=0 V=-4.5005e-2 I=-1.9286e-4
[EIS] freq 2/3 (1.58e-6 1/fs) phase=Settling elapsed=1499995fs/5059646fs cycles=2.37 samples=0 V=-9.0786e-2 I=-1.4432e-4
[EIS] freq 2/3 (1.58e-6 1/fs) phase=Settling elapsed=1549995fs/5059646fs cycles=2.45 samples=0 V=-8.3683e-2 I=-6.0899e-5
[EIS] freq 2/3 (1.58e-6 1/fs) phase=Settling elapsed=1599995fs/5059646fs cycles=2.53 samples=0 V=-9.6114e-2 I=3.7246e-5
[EIS] freq 2/3 (1.58e-6 1/fs) phase=Settling elapsed=1649995fs/5059646fs cycles=2.61 samples=0 V=-5.8897e-2 I=1.2639e-4
[EIS] freq 2/3 (1.58e-6 1/fs) phase=Settling elapsed=1699995fs/5059646fs cycles=2.69 samples=0 V=-3.2588e-2 I=1.8498e-4
[EIS] freq 2/3 (1.58e-6 1/fs) phase=Settling elapsed=1749995fs/5059646fs cycles=2.77 samples=0 V=3.0432e-2 I=1.9886e-4
[EIS] freq 2/3 (1.58e-6 1/fs) phase=Settling elapsed=1799995fs/5059646fs cycles=2.85 samples=0 V=5.0444e-2 I=1.6468e-4
[EIS] freq 2/3 (1.58e-6 1/fs) phase=Settling elapsed=1849995fs/5059646fs cycles=2.93 samples=0 V=4.7130e-2 I=9.0688e-5
[EIS] freq 2/3 (1.58e-6 1/fs) phase=Settling elapsed=1899995fs/5059646fs cycles=3.00 samples=0 V=5.6496e-2 I=-5.2206e-6
[EIS] freq 2/3 (1.58e-6 1/fs) phase=Settling elapsed=1949995fs/5059646fs cycles=3.08 samples=0 V=5.2604e-2 I=-9.9868e-5
[EIS] freq 2/3 (1.58e-6 1/fs) phase=Settling elapsed=1999995fs/5059646fs cycles=3.16 samples=0 V=1.4547e-2 I=-1.7038e-4
[EIS] freq 2/3 (1.58e-6 1/fs) phase=Settling elapsed=2049995fs/5059646fs cycles=3.24 samples=0 V=-2.4117e-2 I=-1.9970e-4
[EIS] freq 2/3 (1.58e-6 1/fs) phase=Settling elapsed=2099995fs/5059646fs cycles=3.32 samples=0 V=-6.2984e-2 I=-1.8076e-4
[EIS] freq 2/3 (1.58e-6 1/fs) phase=Settling elapsed=2149995fs/5059646fs cycles=3.40 samples=0 V=-8.8984e-2 I=-1.1813e-4
[EIS] freq 2/3 (1.58e-6 1/fs) phase=Settling elapsed=2199995fs/5059646fs cycles=3.48 samples=0 V=-9.8239e-2 I=-2.6940e-5
[EIS] freq 2/3 (1.58e-6 1/fs) phase=Settling elapsed=2249995fs/5059646fs cycles=3.56 samples=0 V=-7.8895e-2 I=7.0758e-5
[EIS] freq 2/3 (1.58e-6 1/fs) phase=Settling elapsed=2299995fs/5059646fs cycles=3.64 samples=0 V=-5.9195e-2 I=1.5135e-4
[EIS] freq 2/3 (1.58e-6 1/fs) phase=Settling elapsed=2349995fs/5059646fs cycles=3.72 samples=0 V=-2.1340e-2 I=1.9536e-4
[EIS] freq 2/3 (1.58e-6 1/fs) phase=Settling elapsed=2399995fs/5059646fs cycles=3.79 samples=0 V=2.1928e-2 I=1.9216e-4
[EIS] freq 2/3 (1.58e-6 1/fs) phase=Settling elapsed=2449995fs/5059646fs cycles=3.87 samples=0 V=4.3739e-2 I=1.4250e-4
[EIS] freq 2/3 (1.58e-6 1/fs) phase=Settling elapsed=2499995fs/5059646fs cycles=3.95 samples=0 V=5.8605e-2 I=5.8402e-5
[EIS] Freq 2/3 (1.58e-6): settling complete, now recording
[EIS] freq 2/3 (1.58e-6 1/fs) phase=Recording elapsed=2549995fs/5059646fs cycles=4.03 samples=4033 V=4.9835e-2 I=-3.9813e-5
[EIS] freq 2/3 (1.58e-6 1/fs) phase=Recording elapsed=2599995fs/5059646fs cycles=4.11 samples=14033 V=3.6878e-2 I=-1.2840e-4
[EIS] freq 2/3 (1.58e-6 1/fs) phase=Recording elapsed=2649995fs/5059646fs cycles=4.19 samples=24033 V=8.1644e-3 I=-1.8596e-4
[EIS] freq 2/3 (1.58e-6 1/fs) phase=Recording elapsed=2699995fs/5059646fs cycles=4.27 samples=34033 V=-3.2346e-2 I=-1.9857e-4
[EIS] freq 2/3 (1.58e-6 1/fs) phase=Recording elapsed=2749995fs/5059646fs cycles=4.35 samples=44033 V=-6.4147e-2 I=-1.6318e-4
[EIS] freq 2/3 (1.58e-6 1/fs) phase=Recording elapsed=2799995fs/5059646fs cycles=4.43 samples=54033 V=-6.7453e-2 I=-8.8349e-5
[EIS] freq 2/3 (1.58e-6 1/fs) phase=Recording elapsed=2849995fs/5059646fs cycles=4.51 samples=64033 V=-7.0366e-2 I=7.8349e-6
[EIS] freq 2/3 (1.58e-6 1/fs) phase=Recording elapsed=2899995fs/5059646fs cycles=4.59 samples=74033 V=-6.0273e-2 I=1.0213e-4
[EIS] freq 2/3 (1.58e-6 1/fs) phase=Recording elapsed=2949995fs/5059646fs cycles=4.66 samples=84033 V=-2.5191e-2 I=1.7173e-4
[EIS] freq 2/3 (1.58e-6 1/fs) phase=Recording elapsed=2999995fs/5059646fs cycles=4.74 samples=94033 V=1.3519e-2 I=1.9983e-4
[EIS] freq 2/3 (1.58e-6 1/fs) phase=Recording elapsed=3049995fs/5059646fs cycles=4.82 samples=104033 V=5.1412e-2 I=1.7963e-4
[EIS] freq 2/3 (1.58e-6 1/fs) phase=Recording elapsed=3099995fs/5059646fs cycles=4.90 samples=114033 V=5.2010e-2 I=1.1601e-4
[EIS] freq 2/3 (1.58e-6 1/fs) phase=Recording elapsed=3149995fs/5059646fs cycles=4.98 samples=124033 V=4.7998e-2 I=2.4346e-5
[EIS] freq 2/3 (1.58e-6 1/fs) phase=Recording elapsed=3199995fs/5059646fs cycles=5.06 samples=134033 V=5.0770e-2 I=-7.3198e-5
[EIS] freq 2/3 (1.58e-6 1/fs) phase=Recording elapsed=3249995fs/5059646fs cycles=5.14 samples=144033 V=2.4997e-2 I=-1.5305e-4
[EIS] freq 2/3 (1.58e-6 1/fs) phase=Recording elapsed=3299995fs/5059646fs cycles=5.22 samples=154033 V=-1.2950e-2 I=-1.9591e-4
[EIS] freq 2/3 (1.58e-6 1/fs) phase=Recording elapsed=3349995fs/5059646fs cycles=5.30 samples=164033 V=-3.3651e-2 I=-1.9141e-4
[EIS] freq 2/3 (1.58e-6 1/fs) phase=Recording elapsed=3399995fs/5059646fs cycles=5.38 samples=174033 V=-6.0416e-2 I=-1.4065e-4
[EIS] freq 2/3 (1.58e-6 1/fs) phase=Recording elapsed=3449995fs/5059646fs cycles=5.45 samples=184033 V=-7.1921e-2 I=-5.5896e-5
[EIS] freq 2/3 (1.58e-6 1/fs) phase=Recording elapsed=3499995fs/5059646fs cycles=5.53 samples=194033 V=-6.9517e-2 I=4.2373e-5
[EIS] freq 2/3 (1.58e-6 1/fs) phase=Recording elapsed=3549995fs/5059646fs cycles=5.61 samples=204033 V=-5.3297e-2 I=1.3040e-4
[EIS] freq 2/3 (1.58e-6 1/fs) phase=Recording elapsed=3599995fs/5059646fs cycles=5.69 samples=214033 V=-9.0379e-3 I=1.8691e-4
[EIS] freq 2/3 (1.58e-6 1/fs) phase=Recording elapsed=3649995fs/5059646fs cycles=5.77 samples=224033 V=1.6631e-2 I=1.9824e-4
[EIS] freq 2/3 (1.58e-6 1/fs) phase=Recording elapsed=3699995fs/5059646fs cycles=5.85 samples=234033 V=4.9434e-2 I=1.6165e-4
[EIS] freq 2/3 (1.58e-6 1/fs) phase=Recording elapsed=3749995fs/5059646fs cycles=5.93 samples=244033 V=5.1777e-2 I=8.5995e-5
[EIS] freq 2/3 (1.58e-6 1/fs) phase=Recording elapsed=3799995fs/5059646fs cycles=6.01 samples=254033 V=5.2589e-2 I=-1.0448e-5
[EIS] freq 2/3 (1.58e-6 1/fs) phase=Recording elapsed=3849995fs/5059646fs cycles=6.09 samples=264033 V=4.8611e-2 I=-1.0437e-4
[EIS] freq 2/3 (1.58e-6 1/fs) phase=Recording elapsed=3899995fs/5059646fs cycles=6.17 samples=274033 V=1.4428e-2 I=-1.7306e-4
[EIS] freq 2/3 (1.58e-6 1/fs) phase=Recording elapsed=3949995fs/5059646fs cycles=6.25 samples=284033 V=-2.1445e-2 I=-1.9992e-4
[EIS] freq 2/3 (1.58e-6 1/fs) phase=Recording elapsed=3999995fs/5059646fs cycles=6.32 samples=294033 V=-5.8955e-2 I=-1.7846e-4
[EIS] freq 2/3 (1.58e-6 1/fs) phase=Recording elapsed=4049995fs/5059646fs cycles=6.40 samples=304033 V=-7.5849e-2 I=-1.1387e-4
[EIS] freq 2/3 (1.58e-6 1/fs) phase=Recording elapsed=4099995fs/5059646fs cycles=6.48 samples=314033 V=-7.8725e-2 I=-2.1748e-5
[EIS] freq 2/3 (1.58e-6 1/fs) phase=Recording elapsed=4149995fs/5059646fs cycles=6.56 samples=324033 V=-7.3635e-2 I=7.5626e-5
[EIS] freq 2/3 (1.58e-6 1/fs) phase=Recording elapsed=4199995fs/5059646fs cycles=6.64 samples=334033 V=-4.2558e-2 I=1.5472e-4
[EIS] freq 2/3 (1.58e-6 1/fs) phase=Recording elapsed=4249995fs/5059646fs cycles=6.72 samples=344033 V=-2.6916e-3 I=1.9642e-4
[EIS] freq 2/3 (1.58e-6 1/fs) phase=Recording elapsed=4299995fs/5059646fs cycles=6.80 samples=354033 V=2.3535e-2 I=1.9064e-4
[EIS] freq 2/3 (1.58e-6 1/fs) phase=Recording elapsed=4349995fs/5059646fs cycles=6.88 samples=364033 V=4.4083e-2 I=1.3878e-4
[EIS] freq 2/3 (1.58e-6 1/fs) phase=Recording elapsed=4399995fs/5059646fs cycles=6.96 samples=374033 V=6.7907e-2 I=5.3380e-5
[EIS] freq 2/3 (1.58e-6 1/fs) phase=Recording elapsed=4449995fs/5059646fs cycles=7.04 samples=384033 V=5.8779e-2 I=-4.4925e-5
[EIS] freq 2/3 (1.58e-6 1/fs) phase=Recording elapsed=4499995fs/5059646fs cycles=7.12 samples=394033 V=4.4111e-2 I=-1.3237e-4
[EIS] freq 2/3 (1.58e-6 1/fs) phase=Recording elapsed=4549995fs/5059646fs cycles=7.19 samples=404033 V=1.5282e-2 I=-1.8782e-4
[EIS] freq 2/3 (1.58e-6 1/fs) phase=Recording elapsed=4599995fs/5059646fs cycles=7.27 samples=414033 V=-2.1622e-2 I=-1.9787e-4
[EIS] freq 2/3 (1.58e-6 1/fs) phase=Recording elapsed=4649995fs/5059646fs cycles=7.35 samples=424033 V=-4.9472e-2 I=-1.6010e-4
[EIS] freq 2/3 (1.58e-6 1/fs) phase=Recording elapsed=4699995fs/5059646fs cycles=7.43 samples=434033 V=-5.4713e-2 I=-8.3627e-5
[EIS] freq 2/3 (1.58e-6 1/fs) phase=Recording elapsed=4749995fs/5059646fs cycles=7.51 samples=444033 V=-7.2475e-2 I=1.3059e-5
[EIS] freq 2/3 (1.58e-6 1/fs) phase=Recording elapsed=4799995fs/5059646fs cycles=7.59 samples=454033 V=-5.4765e-2 I=1.0659e-4
[EIS] freq 2/3 (1.58e-6 1/fs) phase=Recording elapsed=4849995fs/5059646fs cycles=7.67 samples=464033 V=-2.0832e-2 I=1.7435e-4
[EIS] freq 2/3 (1.58e-6 1/fs) phase=Recording elapsed=4899995fs/5059646fs cycles=7.75 samples=474033 V=1.6520e-2 I=1.9998e-4
[EIS] freq 2/3 (1.58e-6 1/fs) phase=Recording elapsed=4949995fs/5059646fs cycles=7.83 samples=484033 V=5.1382e-2 I=1.7726e-4
[EIS] freq 2/3 (1.58e-6 1/fs) phase=Recording elapsed=4999995fs/5059646fs cycles=7.91 samples=494033 V=7.0072e-2 I=1.1170e-4
[EIS] freq 2/3 (1.58e-6 1/fs) phase=Recording elapsed=5049995fs/5059646fs cycles=7.98 samples=504033 V=7.4746e-2 I=1.9146e-5
[EIS] Completed freq 2/3: 1.58e-6 1/fs -> Z = (7.0742e1, -3.3669e2), |Z|=3.4404e2, phase=-78.1 deg, 505965 samples
[EIS]   Z_actual = (8.0653e1, -3.3462e2), Z_cap = (2.5000e3, -1.0066e8)
[EIS] Saved time-series: eis_timeseries\eis_ts_002_1.581e-6.csv (1999 pts, v_dc=-6.078e-3, i_dc=1.398e-10)
[EIS] freq 3/3 (5.00e-7 1/fs) phase=Settling elapsed=40345fs/16000005fs cycles=0.02 samples=0 V=5.3554e-2 I=-2.5282e-5
[EIS] freq 3/3 (5.00e-7 1/fs) phase=Settling elapsed=90345fs/16000005fs cycles=0.05 samples=0 V=4.1184e-2 I=-5.6006e-5
[EIS] freq 3/3 (5.00e-7 1/fs) phase=Settling elapsed=140345fs/16000005fs cycles=0.07 samples=0 V=3.3721e-2 I=-8.5352e-5
[EIS] freq 3/3 (5.00e-7 1/fs) phase=Settling elapsed=190345fs/16000005fs cycles=0.10 samples=0 V=9.1005e-3 I=-1.1260e-4
[EIS] freq 3/3 (5.00e-7 1/fs) phase=Settling elapsed=240345fs/16000005fs cycles=0.12 samples=0 V=-1.8227e-2 I=-1.3707e-4
[EIS] freq 3/3 (5.00e-7 1/fs) phase=Settling elapsed=290345fs/16000005fs cycles=0.15 samples=0 V=-3.6270e-2 I=-1.5816e-4
[EIS] freq 3/3 (5.00e-7 1/fs) phase=Settling elapsed=340345fs/16000005fs cycles=0.17 samples=0 V=-5.9844e-2 I=-1.7537e-4
[EIS] freq 3/3 (5.00e-7 1/fs) phase=Settling elapsed=390345fs/16000005fs cycles=0.20 samples=0 V=-9.1102e-2 I=-1.8825e-4
[EIS] freq 3/3 (5.00e-7 1/fs) phase=Settling elapsed=440345fs/16000005fs cycles=0.22 samples=0 V=-1.0541e-1 I=-1.9650e-4
[EIS] freq 3/3 (5.00e-7 1/fs) phase=Settling elapsed=490345fs/16000005fs cycles=0.25 samples=0 V=-1.5809e-1 I=-1.9991e-4
[EIS] freq 3/3 (5.00e-7 1/fs) phase=Settling elapsed=540345fs/16000005fs cycles=0.27 samples=0 V=-1.9707e-1 I=-1.9840e-4
[EIS] freq 3/3 (5.00e-7 1/fs) phase=Settling elapsed=590345fs/16000005fs cycles=0.30 samples=0 V=-2.2317e-1 I=-1.9200e-4
[EIS] freq 3/3 (5.00e-7 1/fs) phase=Settling elapsed=640345fs/16000005fs cycles=0.32 samples=0 V=-1.8959e-1 I=-1.8087e-4
[EIS] freq 3/3 (5.00e-7 1/fs) phase=Settling elapsed=690345fs/16000005fs cycles=0.35 samples=0 V=-2.0571e-1 I=-1.6529e-4
[EIS] freq 3/3 (5.00e-7 1/fs) phase=Settling elapsed=740345fs/16000005fs cycles=0.37 samples=0 V=-2.3847e-1 I=-1.4565e-4
[EIS] freq 3/3 (5.00e-7 1/fs) phase=Settling elapsed=790345fs/16000005fs cycles=0.40 samples=0 V=-2.2872e-1 I=-1.2241e-4
[EIS] freq 3/3 (5.00e-7 1/fs) phase=Settling elapsed=840345fs/16000005fs cycles=0.42 samples=0 V=-2.2523e-1 I=-9.6161e-5
[EIS] freq 3/3 (5.00e-7 1/fs) phase=Settling elapsed=890345fs/16000005fs cycles=0.45 samples=0 V=-2.2829e-1 I=-6.7544e-5
[EIS] freq 3/3 (5.00e-7 1/fs) phase=Settling elapsed=940345fs/16000005fs cycles=0.47 samples=0 V=-2.2612e-1 I=-3.7263e-5
[EIS] freq 3/3 (5.00e-7 1/fs) phase=Settling elapsed=990345fs/16000005fs cycles=0.50 samples=0 V=-2.2405e-1 I=-6.0657e-6
[EIS] freq 3/3 (5.00e-7 1/fs) phase=Settling elapsed=1040345fs/16000005fs cycles=0.52 samples=0 V=-2.1207e-1 I=2.5281e-5
[run_job] end=2026-05-02T23:39:38Z rc=127
