[run_job] id=doe-cos-007
[run_job] workdir=/c/Users/Yeyian PC/Desktop/ParticleSim-master/ParticleSim/runs/doe-cos-007
[run_job] exe=/c/Users/Yeyian PC/Desktop/ParticleSim-master/ParticleSim/target/release/eis_quick_sweep.exe
[run_job] log=/c/Users/Yeyian PC/Desktop/ParticleSim-master/ParticleSim/doe_results/eis_doe_lf/doe-cos-007_amp0.04_freq5e-5to2e-4_cos.log
[run_job] args: --amplitude 0.04 --f-min 5e-5 --f-max 2e-4 --points-per-decade 4 --scenario /c/Users/Yeyian PC/Desktop/ParticleSim-master/ParticleSim/measurement_configs/eis_validation_flat_symmetric.toml
[run_job] start=2026-05-02T23:42:41Z
Successfully placed 86 random bodies
Successfully placed 86 random bodies
Successfully placed 598 random bodies
Successfully placed 599 random bodies
scenario=C:/Users/Yeyian PC/Desktop/ParticleSim-master/ParticleSim/measurement_configs/eis_validation_flat_symmetric.toml seed=0xC0FFEE
bodies=3449 foils=2
dt=5 fs  group_a=[1]  group_b=[2]
equilibrating 50000 fs (10000 steps)
zero-current pre-hold 10000 fs (2000 steps)
[EIS] Started sweep (Galvanostatic): 4 frequencies from 2.00e-4 to 5.00e-5 (1/fs)
[EIS] Estimated total time: 364290 fs (364.3 ps), amplitude=4.0000e-2
[EIS] Group A (+ perturbation): [1], Group B (- perturbation): [2]
[EIS] Voltage probes: 0 per group (A=130, B=130)
EIS sweep started (Galvanostatic)
[EIS] freq 1/4 (2.00e-4 1/fs) phase=Settling elapsed=5fs/40000fs cycles=0.00 samples=0 V=-6.5991e-3 I=-3.9999e-2
[EIS] Freq 1/4 (2.00e-4): settling complete, now recording
[EIS] Completed freq 1/4: 2.00e-4 1/fs -> Z = (-7.3552e-2, -3.7954e0), |Z|=3.7961e0, phase=-91.1 deg, 4001 samples
[EIS]   Z_actual = (8.6987e-3, -3.8021e0), Z_cap = (2.5000e3, -7.9577e5)
[EIS] Saved time-series: eis_timeseries\eis_ts_001_2.000e-4.csv (1600 pts, v_dc=-2.624e-2, i_dc=4.851e-9)
[EIS] freq 2/4 (1.26e-4 1/fs) phase=Settling elapsed=9995fs/63496fs cycles=1.26 samples=0 V=-2.5938e-1 I=2.3337e-3
[EIS] Freq 2/4 (1.26e-4): settling complete, now recording
[EIS] freq 2/4 (1.26e-4 1/fs) phase=Recording elapsed=59995fs/63496fs cycles=7.56 samples=5648 V=5.1328e-2 I=3.7292e-2
[EIS] Completed freq 2/4: 1.26e-4 1/fs -> Z = (-4.3919e-2, -6.1343e0), |Z|=6.1345e0, phase=-90.4 deg, 6350 samples
[EIS]   Z_actual = (6.7686e-2, -6.0875e0), Z_cap = (2.5000e3, -1.2632e6)
[EIS] Saved time-series: eis_timeseries\eis_ts_002_1.260e-4.csv (1814 pts, v_dc=-2.484e-2, i_dc=3.818e-6)
[EIS] freq 3/4 (7.94e-5 1/fs) phase=Settling elapsed=46495fs/100794fs cycles=3.69 samples=0 V=3.1495e-1 I=1.4653e-2
[EIS] Freq 3/4 (7.94e-5): settling complete, now recording
[EIS] freq 3/4 (7.94e-5 1/fs) phase=Recording elapsed=96495fs/100794fs cycles=7.66 samples=9218 V=3.1674e-1 I=2.1686e-2
[EIS] Completed freq 3/4: 7.94e-5 1/fs -> Z = (1.0699e-1, -9.7855e0), |Z|=9.7861e0, phase=-89.4 deg, 10080 samples
[EIS]   Z_actual = (2.2089e-1, -9.7459e0), Z_cap = (2.5000e3, -2.0052e6)
[EIS] Saved time-series: eis_timeseries\eis_ts_003_7.937e-5.csv (1832 pts, v_dc=-3.388e-2, i_dc=1.340e-5)
[EIS] freq 4/4 (5.00e-5 1/fs) phase=Settling elapsed=45695fs/160000fs cycles=2.28 samples=0 V=-5.9074e-1 I=8.6642e-3
[EIS] Freq 4/4 (5.00e-5): settling complete, now recording
[EIS] freq 4/4 (5.00e-5 1/fs) phase=Recording elapsed=95695fs/160000fs cycles=4.78 samples=3137 V=6.2316e-1 I=-8.6640e-3
[EIS] freq 4/4 (5.00e-5 1/fs) phase=Recording elapsed=145695fs/160000fs cycles=7.28 samples=13137 V=-5.5825e-1 I=8.6637e-3
[EIS] Completed freq 4/4: 5.00e-5 1/fs -> Z = (9.6976e-1, -1.5167e1), |Z|=1.5198e1, phase=-86.3 deg, 16001 samples
[EIS]   Z_actual = (1.1688e0, -1.5064e1), Z_cap = (2.5000e3, -3.1831e6)
[EIS] Saved time-series: eis_timeseries\eis_ts_004_5.000e-5.csv (1882 pts, v_dc=2.363e-2, i_dc=7.517e-6)
[EIS] Sweep complete! 4 points collected
sweep finished in 72864 steps (1439.9s wall, sim time 3.64e5 fs)

=== 4 EisPoints ===
   i        freq       z_real       z_imag         |Z|     phase     R²(V)     R²(I)       V_amp       I_amp
   0    2.000e-4    -7.355e-2     -3.795e0     3.796e0    -91.1°    0.9943    0.9998    1.518e-1    4.000e-2
   1    1.260e-4    -4.392e-2     -6.134e0     6.134e0    -90.4°    0.9960    0.9999    2.454e-1    4.000e-2
   2    7.937e-5    +1.070e-1     -9.786e0     9.786e0    -89.4°    0.9982    0.9999    3.914e-1    4.000e-2
   3    5.000e-5    +9.698e-1     -1.517e1     1.520e1    -86.3°    0.9987    0.9999    6.079e-1    4.000e-2
[run_job] end=2026-05-03T00:08:46Z rc=0
