[run_job] id=doe-cos-026
[run_job] workdir=/c/Users/Yeyian PC/Desktop/ParticleSim-master/ParticleSim/runs/doe-cos-026
[run_job] exe=/c/Users/Yeyian PC/Desktop/ParticleSim-master/ParticleSim/target/release/eis_quick_sweep.exe
[run_job] log=/c/Users/Yeyian PC/Desktop/ParticleSim-master/ParticleSim/doe_results/eis_doe_lf/doe-cos-026_amp1.5e-4_freq1e-6to3e-6_cos.log
[run_job] args: --amplitude 1.5e-4 --f-min 1e-6 --f-max 3e-6 --points-per-decade 4 --scenario /c/Users/Yeyian PC/Desktop/ParticleSim-master/ParticleSim/measurement_configs/eis_validation_flat_symmetric.toml
[run_job] start=2026-05-04T23:29:15Z
Successfully placed 86 random bodies
Successfully placed 86 random bodies
Successfully placed 598 random bodies
Successfully placed 599 random bodies
scenario=C:/Users/Yeyian PC/Desktop/ParticleSim-master/ParticleSim/measurement_configs/eis_validation_flat_symmetric.toml seed=0xC0FFEE
bodies=3449 foils=2
dt=5 fs  group_a=[1]  group_b=[2]
equilibrating 50000 fs (10000 steps)
zero-current pre-hold 10000 fs (2000 steps)
[EIS] Started sweep (Galvanostatic): 3 frequencies from 3.00e-6 to 1.00e-6 (1/fs)
[EIS] Estimated total time: 15285468 fs (15285.5 ps), amplitude=1.5000e-4
[EIS] Group A (+ perturbation): [1], Group B (- perturbation): [2]
[EIS] Voltage probes: 0 per group (A=130, B=130)
EIS sweep started (Galvanostatic)
[EIS] freq 1/3 (3.00e-6 1/fs) phase=Settling elapsed=5fs/2666666fs cycles=0.00 samples=0 V=-5.6038e-3 I=-1.5000e-4
[EIS] freq 1/3 (3.00e-6 1/fs) phase=Settling elapsed=50005fs/2666666fs cycles=0.15 samples=0 V=-1.8142e-2 I=-8.8156e-5
[EIS] freq 1/3 (3.00e-6 1/fs) phase=Settling elapsed=100005fs/2666666fs cycles=0.30 samples=0 V=-1.8687e-2 I=4.6366e-5
[EIS] freq 1/3 (3.00e-6 1/fs) phase=Settling elapsed=150005fs/2666666fs cycles=0.45 samples=0 V=-7.2998e-3 I=1.4266e-4
[EIS] freq 1/3 (3.00e-6 1/fs) phase=Settling elapsed=200005fs/2666666fs cycles=0.60 samples=0 V=1.5396e-2 I=1.2134e-4
[EIS] freq 1/3 (3.00e-6 1/fs) phase=Settling elapsed=250005fs/2666666fs cycles=0.75 samples=0 V=2.0689e-2 I=-1.4378e-8
[EIS] freq 1/3 (3.00e-6 1/fs) phase=Settling elapsed=300005fs/2666666fs cycles=0.90 samples=0 V=1.1371e-2 I=-1.2136e-4
[EIS] freq 1/3 (3.00e-6 1/fs) phase=Settling elapsed=350005fs/2666666fs cycles=1.05 samples=0 V=-2.0244e-2 I=-1.4265e-4
[EIS] freq 1/3 (3.00e-6 1/fs) phase=Settling elapsed=400005fs/2666666fs cycles=1.20 samples=0 V=-3.3811e-2 I=-4.6339e-5
[EIS] freq 1/3 (3.00e-6 1/fs) phase=Settling elapsed=450005fs/2666666fs cycles=1.35 samples=0 V=-2.2219e-2 I=8.8180e-5
[EIS] freq 1/3 (3.00e-6 1/fs) phase=Settling elapsed=500005fs/2666666fs cycles=1.50 samples=0 V=-5.5244e-4 I=1.5000e-4
[EIS] freq 1/3 (3.00e-6 1/fs) phase=Settling elapsed=550005fs/2666666fs cycles=1.65 samples=0 V=2.1766e-2 I=8.8156e-5
[EIS] freq 1/3 (3.00e-6 1/fs) phase=Settling elapsed=600005fs/2666666fs cycles=1.80 samples=0 V=2.6664e-2 I=-4.6366e-5
[EIS] freq 1/3 (3.00e-6 1/fs) phase=Settling elapsed=650005fs/2666666fs cycles=1.95 samples=0 V=3.6203e-3 I=-1.4266e-4
[EIS] freq 1/3 (3.00e-6 1/fs) phase=Settling elapsed=700005fs/2666666fs cycles=2.10 samples=0 V=-3.0252e-2 I=-1.2134e-4
[EIS] freq 1/3 (3.00e-6 1/fs) phase=Settling elapsed=750005fs/2666666fs cycles=2.25 samples=0 V=-4.7328e-2 I=1.4740e-8
[EIS] freq 1/3 (3.00e-6 1/fs) phase=Settling elapsed=800005fs/2666666fs cycles=2.40 samples=0 V=-3.1301e-2 I=1.2136e-4
[EIS] freq 1/3 (3.00e-6 1/fs) phase=Settling elapsed=850005fs/2666666fs cycles=2.55 samples=0 V=-2.6460e-3 I=1.4265e-4
[EIS] freq 1/3 (3.00e-6 1/fs) phase=Settling elapsed=900005fs/2666666fs cycles=2.70 samples=0 V=3.2162e-2 I=4.6339e-5
[EIS] freq 1/3 (3.00e-6 1/fs) phase=Settling elapsed=950005fs/2666666fs cycles=2.85 samples=0 V=2.2489e-2 I=-8.8180e-5
[EIS] freq 1/3 (3.00e-6 1/fs) phase=Settling elapsed=1000005fs/2666666fs cycles=3.00 samples=0 V=1.9865e-3 I=-1.5000e-4
[EIS] freq 1/3 (3.00e-6 1/fs) phase=Settling elapsed=1050005fs/2666666fs cycles=3.15 samples=0 V=-3.5008e-2 I=-8.8156e-5
[EIS] freq 1/3 (3.00e-6 1/fs) phase=Settling elapsed=1100005fs/2666666fs cycles=3.30 samples=0 V=-3.4173e-2 I=4.6367e-5
[EIS] freq 1/3 (3.00e-6 1/fs) phase=Settling elapsed=1150005fs/2666666fs cycles=3.45 samples=0 V=-8.7556e-3 I=1.4266e-4
[EIS] freq 1/3 (3.00e-6 1/fs) phase=Settling elapsed=1200005fs/2666666fs cycles=3.60 samples=0 V=2.1624e-2 I=1.2134e-4
[EIS] freq 1/3 (3.00e-6 1/fs) phase=Settling elapsed=1250005fs/2666666fs cycles=3.75 samples=0 V=1.9357e-2 I=-1.5172e-8
[EIS] freq 1/3 (3.00e-6 1/fs) phase=Settling elapsed=1300005fs/2666666fs cycles=3.90 samples=0 V=2.3356e-2 I=-1.2136e-4
[EIS] Freq 1/3 (3.00e-6): settling complete, now recording
[EIS] freq 1/3 (3.00e-6 1/fs) phase=Recording elapsed=1350005fs/2666666fs cycles=4.05 samples=3333 V=-1.7762e-2 I=-1.4265e-4
[EIS] freq 1/3 (3.00e-6 1/fs) phase=Recording elapsed=1400005fs/2666666fs cycles=4.20 samples=13333 V=-3.9297e-2 I=-4.6338e-5
[EIS] freq 1/3 (3.00e-6 1/fs) phase=Recording elapsed=1450005fs/2666666fs cycles=4.35 samples=23333 V=-3.3184e-2 I=8.8180e-5
[EIS] freq 1/3 (3.00e-6 1/fs) phase=Recording elapsed=1500005fs/2666666fs cycles=4.50 samples=33333 V=5.3939e-3 I=1.5000e-4
[EIS] freq 1/3 (3.00e-6 1/fs) phase=Recording elapsed=1550005fs/2666666fs cycles=4.65 samples=43333 V=3.0510e-2 I=8.8155e-5
[EIS] freq 1/3 (3.00e-6 1/fs) phase=Recording elapsed=1600005fs/2666666fs cycles=4.80 samples=53333 V=2.8050e-2 I=-4.6367e-5
[EIS] freq 1/3 (3.00e-6 1/fs) phase=Recording elapsed=1650005fs/2666666fs cycles=4.95 samples=63333 V=6.3423e-3 I=-1.4266e-4
[EIS] freq 1/3 (3.00e-6 1/fs) phase=Recording elapsed=1700005fs/2666666fs cycles=5.10 samples=73333 V=-2.6381e-2 I=-1.2134e-4
[EIS] freq 1/3 (3.00e-6 1/fs) phase=Recording elapsed=1750005fs/2666666fs cycles=5.25 samples=83333 V=-2.8116e-2 I=1.5748e-8
[EIS] freq 1/3 (3.00e-6 1/fs) phase=Recording elapsed=1800005fs/2666666fs cycles=5.40 samples=93333 V=-2.7642e-2 I=1.2136e-4
[EIS] freq 1/3 (3.00e-6 1/fs) phase=Recording elapsed=1850005fs/2666666fs cycles=5.55 samples=103333 V=8.2812e-3 I=1.4265e-4
[EIS] freq 1/3 (3.00e-6 1/fs) phase=Recording elapsed=1900005fs/2666666fs cycles=5.70 samples=113333 V=3.5835e-2 I=4.6337e-5
[EIS] freq 1/3 (3.00e-6 1/fs) phase=Recording elapsed=1950005fs/2666666fs cycles=5.85 samples=123333 V=3.7437e-2 I=-8.8181e-5
[EIS] freq 1/3 (3.00e-6 1/fs) phase=Recording elapsed=2000005fs/2666666fs cycles=6.00 samples=133333 V=-7.6258e-3 I=-1.5000e-4
[EIS] freq 1/3 (3.00e-6 1/fs) phase=Recording elapsed=2050005fs/2666666fs cycles=6.15 samples=143333 V=-3.5735e-2 I=-8.8155e-5
[EIS] freq 1/3 (3.00e-6 1/fs) phase=Recording elapsed=2100005fs/2666666fs cycles=6.30 samples=153333 V=-3.3588e-2 I=4.6368e-5
[EIS] freq 1/3 (3.00e-6 1/fs) phase=Recording elapsed=2150005fs/2666666fs cycles=6.45 samples=163333 V=-1.5117e-2 I=1.4266e-4
[EIS] freq 1/3 (3.00e-6 1/fs) phase=Recording elapsed=2200005fs/2666666fs cycles=6.60 samples=173333 V=1.9128e-2 I=1.2134e-4
[EIS] freq 1/3 (3.00e-6 1/fs) phase=Recording elapsed=2250005fs/2666666fs cycles=6.75 samples=183333 V=3.2128e-2 I=-1.5752e-8
[EIS] freq 1/3 (3.00e-6 1/fs) phase=Recording elapsed=2300005fs/2666666fs cycles=6.90 samples=193333 V=2.6618e-2 I=-1.2136e-4
[EIS] freq 1/3 (3.00e-6 1/fs) phase=Recording elapsed=2350005fs/2666666fs cycles=7.05 samples=203333 V=-1.8276e-2 I=-1.4265e-4
[EIS] freq 1/3 (3.00e-6 1/fs) phase=Recording elapsed=2400005fs/2666666fs cycles=7.20 samples=213333 V=-4.2926e-2 I=-4.6337e-5
[EIS] freq 1/3 (3.00e-6 1/fs) phase=Recording elapsed=2450005fs/2666666fs cycles=7.35 samples=223333 V=-3.4841e-2 I=8.8181e-5
[EIS] freq 1/3 (3.00e-6 1/fs) phase=Recording elapsed=2500005fs/2666666fs cycles=7.50 samples=233333 V=5.9563e-3 I=1.5000e-4
[EIS] freq 1/3 (3.00e-6 1/fs) phase=Recording elapsed=2550005fs/2666666fs cycles=7.65 samples=243333 V=3.3610e-2 I=8.8155e-5
[EIS] freq 1/3 (3.00e-6 1/fs) phase=Recording elapsed=2600005fs/2666666fs cycles=7.80 samples=253333 V=3.2518e-2 I=-4.6368e-5
[EIS] freq 1/3 (3.00e-6 1/fs) phase=Recording elapsed=2650005fs/2666666fs cycles=7.95 samples=263333 V=1.0013e-2 I=-1.4266e-4
[EIS] Completed freq 1/3: 3.00e-6 1/fs -> Z = (8.7641e-2, -2.4084e2), |Z|=2.4084e2, phase=-90.0 deg, 266667 samples
[EIS]   Z_actual = (2.0183e1, -2.5044e2), Z_cap = (2.5000e3, -5.3052e7)
[EIS] Saved time-series: eis_timeseries\eis_ts_001_3.000e-6.csv (1997 pts, v_dc=-1.530e-3, i_dc=-3.735e-8)
[EIS] freq 2/3 (1.73e-6 1/fs) phase=Settling elapsed=33335fs/4618802fs cycles=0.06 samples=0 V=-3.2911e-2 I=-1.4024e-4
[EIS] freq 2/3 (1.73e-6 1/fs) phase=Settling elapsed=83335fs/4618802fs cycles=0.14 samples=0 V=-5.4060e-2 I=-9.2426e-5
[EIS] freq 2/3 (1.73e-6 1/fs) phase=Settling elapsed=133335fs/4618802fs cycles=0.23 samples=0 V=-5.1718e-2 I=-1.7918e-5
[EIS] freq 2/3 (1.73e-6 1/fs) phase=Settling elapsed=183335fs/4618802fs cycles=0.32 samples=0 V=-5.1850e-2 I=6.1766e-5
[EIS] freq 2/3 (1.73e-6 1/fs) phase=Settling elapsed=233335fs/4618802fs cycles=0.40 samples=0 V=-3.3067e-2 I=1.2361e-4
[EIS] freq 2/3 (1.73e-6 1/fs) phase=Settling elapsed=283335fs/4618802fs cycles=0.49 samples=0 V=-1.6672e-3 I=1.4975e-4
[EIS] freq 2/3 (1.73e-6 1/fs) phase=Settling elapsed=333335fs/4618802fs cycles=0.58 samples=0 V=3.4014e-2 I=1.3263e-4
[EIS] freq 2/3 (1.73e-6 1/fs) phase=Settling elapsed=383335fs/4618802fs cycles=0.66 samples=0 V=4.2216e-2 I=7.7202e-5
[EIS] freq 2/3 (1.73e-6 1/fs) phase=Settling elapsed=433335fs/4618802fs cycles=0.75 samples=0 V=5.6755e-2 I=-5.2621e-7
[EIS] freq 2/3 (1.73e-6 1/fs) phase=Settling elapsed=483335fs/4618802fs cycles=0.84 samples=0 V=5.4324e-2 I=-7.8102e-5
[EIS] freq 2/3 (1.73e-6 1/fs) phase=Settling elapsed=533335fs/4618802fs cycles=0.92 samples=0 V=2.8870e-2 I=-1.3312e-4
[EIS] freq 2/3 (1.73e-6 1/fs) phase=Settling elapsed=583335fs/4618802fs cycles=1.01 samples=0 V=-1.0695e-2 I=-1.4968e-4
[EIS] freq 2/3 (1.73e-6 1/fs) phase=Settling elapsed=633335fs/4618802fs cycles=1.10 samples=0 V=-4.1820e-2 I=-1.2301e-4
[EIS] freq 2/3 (1.73e-6 1/fs) phase=Settling elapsed=683335fs/4618802fs cycles=1.18 samples=0 V=-7.0813e-2 I=-6.0806e-5
[EIS] freq 2/3 (1.73e-6 1/fs) phase=Settling elapsed=733335fs/4618802fs cycles=1.27 samples=0 V=-5.4463e-2 I=1.8962e-5
[EIS] freq 2/3 (1.73e-6 1/fs) phase=Settling elapsed=783335fs/4618802fs cycles=1.36 samples=0 V=-3.9410e-2 I=9.3253e-5
[EIS] freq 2/3 (1.73e-6 1/fs) phase=Settling elapsed=833335fs/4618802fs cycles=1.44 samples=0 V=-1.6676e-2 I=1.4061e-4
[EIS] freq 2/3 (1.73e-6 1/fs) phase=Settling elapsed=883335fs/4618802fs cycles=1.53 samples=0 V=1.6856e-2 I=1.4735e-4
[EIS] freq 2/3 (1.73e-6 1/fs) phase=Settling elapsed=933335fs/4618802fs cycles=1.62 samples=0 V=4.6375e-2 I=1.1152e-4
[EIS] freq 2/3 (1.73e-6 1/fs) phase=Settling elapsed=983335fs/4618802fs cycles=1.70 samples=0 V=5.8912e-2 I=4.3487e-5
[EIS] freq 2/3 (1.73e-6 1/fs) phase=Settling elapsed=1033335fs/4618802fs cycles=1.79 samples=0 V=5.5621e-2 I=-3.7111e-5
[EIS] freq 2/3 (1.73e-6 1/fs) phase=Settling elapsed=1083335fs/4618802fs cycles=1.88 samples=0 V=4.0649e-2 I=-1.0699e-4
[EIS] freq 2/3 (1.73e-6 1/fs) phase=Settling elapsed=1133335fs/4618802fs cycles=1.96 samples=0 V=1.6899e-2 I=-1.4596e-4
[EIS] freq 2/3 (1.73e-6 1/fs) phase=Settling elapsed=1183335fs/4618802fs cycles=2.05 samples=0 V=-2.5684e-2 I=-1.4278e-4
[EIS] freq 2/3 (1.73e-6 1/fs) phase=Settling elapsed=1233335fs/4618802fs cycles=2.14 samples=0 V=-4.6610e-2 I=-9.8346e-5
[EIS] freq 2/3 (1.73e-6 1/fs) phase=Settling elapsed=1283335fs/4618802fs cycles=2.22 samples=0 V=-5.0299e-2 I=-2.5509e-5
[EIS] freq 2/3 (1.73e-6 1/fs) phase=Settling elapsed=1333335fs/4618802fs cycles=2.31 samples=0 V=-5.8287e-2 I=5.4696e-5
[EIS] freq 2/3 (1.73e-6 1/fs) phase=Settling elapsed=1383335fs/4618802fs cycles=2.40 samples=0 V=-2.7761e-2 I=1.1910e-4
[EIS] freq 2/3 (1.73e-6 1/fs) phase=Settling elapsed=1433335fs/4618802fs cycles=2.48 samples=0 V=6.9851e-3 I=1.4911e-4
[EIS] freq 2/3 (1.73e-6 1/fs) phase=Settling elapsed=1483335fs/4618802fs cycles=2.57 samples=0 V=2.8431e-2 I=1.3604e-4
[EIS] freq 2/3 (1.73e-6 1/fs) phase=Settling elapsed=1533335fs/4618802fs cycles=2.66 samples=0 V=5.2465e-2 I=8.3676e-5
[EIS] freq 2/3 (1.73e-6 1/fs) phase=Settling elapsed=1583335fs/4618802fs cycles=2.74 samples=0 V=6.9304e-2 I=7.1439e-6
[EIS] freq 2/3 (1.73e-6 1/fs) phase=Settling elapsed=1633335fs/4618802fs cycles=2.83 samples=0 V=6.4719e-2 I=-7.1452e-5
[EIS] freq 2/3 (1.73e-6 1/fs) phase=Settling elapsed=1683335fs/4618802fs cycles=2.92 samples=0 V=2.9168e-2 I=-1.2941e-4
[EIS] freq 2/3 (1.73e-6 1/fs) phase=Settling elapsed=1733335fs/4618802fs cycles=3.00 samples=0 V=7.8613e-3 I=-1.4999e-4
[EIS] freq 2/3 (1.73e-6 1/fs) phase=Settling elapsed=1783335fs/4618802fs cycles=3.09 samples=0 V=-2.9955e-2 I=-1.2724e-4
[EIS] freq 2/3 (1.73e-6 1/fs) phase=Settling elapsed=1833335fs/4618802fs cycles=3.18 samples=0 V=-4.7054e-2 I=-6.7737e-5
[EIS] freq 2/3 (1.73e-6 1/fs) phase=Settling elapsed=1883335fs/4618802fs cycles=3.26 samples=0 V=-5.6028e-2 I=1.1330e-5
[EIS] freq 2/3 (1.73e-6 1/fs) phase=Settling elapsed=1933335fs/4618802fs cycles=3.35 samples=0 V=-4.8312e-2 I=8.7124e-5
[EIS] freq 2/3 (1.73e-6 1/fs) phase=Settling elapsed=1983335fs/4618802fs cycles=3.44 samples=0 V=-1.5288e-2 I=1.3775e-4
[EIS] freq 2/3 (1.73e-6 1/fs) phase=Settling elapsed=2033335fs/4618802fs cycles=3.52 samples=0 V=1.1350e-2 I=1.4859e-4
[EIS] freq 2/3 (1.73e-6 1/fs) phase=Settling elapsed=2083335fs/4618802fs cycles=3.61 samples=0 V=4.6263e-2 I=1.1651e-4
[EIS] freq 2/3 (1.73e-6 1/fs) phase=Settling elapsed=2133335fs/4618802fs cycles=3.70 samples=0 V=5.2819e-2 I=5.0771e-5
[EIS] freq 2/3 (1.73e-6 1/fs) phase=Settling elapsed=2183335fs/4618802fs cycles=3.78 samples=0 V=6.2139e-2 I=-2.9631e-5
[EIS] freq 2/3 (1.73e-6 1/fs) phase=Settling elapsed=2233335fs/4618802fs cycles=3.87 samples=0 V=4.3381e-2 I=-1.0147e-4
[EIS] freq 2/3 (1.73e-6 1/fs) phase=Settling elapsed=2283335fs/4618802fs cycles=3.95 samples=0 V=1.0736e-2 I=-1.4401e-4
[EIS] Freq 2/3 (1.73e-6): settling complete, now recording
[EIS] freq 2/3 (1.73e-6 1/fs) phase=Recording elapsed=2333335fs/4618802fs cycles=4.04 samples=4785 V=-1.4765e-2 I=-1.4494e-4
[EIS] freq 2/3 (1.73e-6 1/fs) phase=Recording elapsed=2383335fs/4618802fs cycles=4.13 samples=14785 V=-4.9218e-2 I=-1.0401e-4
[EIS] freq 2/3 (1.73e-6 1/fs) phase=Recording elapsed=2433335fs/4618802fs cycles=4.21 samples=24785 V=-5.9313e-2 I=-3.3034e-5
[EIS] freq 2/3 (1.73e-6 1/fs) phase=Recording elapsed=2483335fs/4618802fs cycles=4.30 samples=34785 V=-5.2684e-2 I=4.7483e-5
[EIS] freq 2/3 (1.73e-6 1/fs) phase=Recording elapsed=2533335fs/4618802fs cycles=4.39 samples=44785 V=-3.0566e-2 I=1.1428e-4
[EIS] freq 2/3 (1.73e-6 1/fs) phase=Recording elapsed=2583335fs/4618802fs cycles=4.47 samples=54785 V=-7.1920e-3 I=1.4807e-4
[EIS] freq 2/3 (1.73e-6 1/fs) phase=Recording elapsed=2633335fs/4618802fs cycles=4.56 samples=64785 V=3.7786e-2 I=1.3909e-4
[EIS] freq 2/3 (1.73e-6 1/fs) phase=Recording elapsed=2683335fs/4618802fs cycles=4.65 samples=74785 V=5.6223e-2 I=8.9932e-5
[EIS] freq 2/3 (1.73e-6 1/fs) phase=Recording elapsed=2733335fs/4618802fs cycles=4.73 samples=84785 V=5.4507e-2 I=1.4796e-5
[EIS] freq 2/3 (1.73e-6 1/fs) phase=Recording elapsed=2783335fs/4618802fs cycles=4.82 samples=94785 V=3.6848e-2 I=-6.4615e-5
[EIS] freq 2/3 (1.73e-6 1/fs) phase=Recording elapsed=2833335fs/4618802fs cycles=4.91 samples=104785 V=1.4644e-2 I=-1.2536e-4
[EIS] freq 2/3 (1.73e-6 1/fs) phase=Recording elapsed=2883335fs/4618802fs cycles=4.99 samples=114785 V=-7.7614e-3 I=-1.4990e-4
[EIS] freq 2/3 (1.73e-6 1/fs) phase=Recording elapsed=2933335fs/4618802fs cycles=5.08 samples=124785 V=-4.1847e-2 I=-1.3113e-4
[EIS] freq 2/3 (1.73e-6 1/fs) phase=Recording elapsed=2983335fs/4618802fs cycles=5.17 samples=134785 V=-6.6475e-2 I=-7.4492e-5
[EIS] freq 2/3 (1.73e-6 1/fs) phase=Recording elapsed=3033335fs/4618802fs cycles=5.25 samples=144785 V=-6.8012e-2 I=3.6672e-6
[EIS] freq 2/3 (1.73e-6 1/fs) phase=Recording elapsed=3083335fs/4618802fs cycles=5.34 samples=154785 V=-5.5403e-2 I=8.0767e-5
[EIS] freq 2/3 (1.73e-6 1/fs) phase=Recording elapsed=3133335fs/4618802fs cycles=5.43 samples=164785 V=-3.3718e-2 I=1.3454e-4
[EIS] freq 2/3 (1.73e-6 1/fs) phase=Recording elapsed=3183335fs/4618802fs cycles=5.51 samples=174785 V=1.9348e-2 I=1.4944e-4
[EIS] freq 2/3 (1.73e-6 1/fs) phase=Recording elapsed=3233335fs/4618802fs cycles=5.60 samples=184785 V=4.3347e-2 I=1.2119e-4
[EIS] freq 2/3 (1.73e-6 1/fs) phase=Recording elapsed=3283335fs/4618802fs cycles=5.69 samples=194785 V=4.6152e-2 I=5.7921e-5
[EIS] freq 2/3 (1.73e-6 1/fs) phase=Recording elapsed=3333335fs/4618802fs cycles=5.77 samples=204785 V=3.8425e-2 I=-2.2074e-5
[EIS] freq 2/3 (1.73e-6 1/fs) phase=Recording elapsed=3383335fs/4618802fs cycles=5.86 samples=214785 V=5.1819e-2 I=-9.5693e-5
[EIS] freq 2/3 (1.73e-6 1/fs) phase=Recording elapsed=3433335fs/4618802fs cycles=5.95 samples=224785 V=8.7299e-3 I=-1.4167e-4
[EIS] freq 2/3 (1.73e-6 1/fs) phase=Recording elapsed=3483335fs/4618802fs cycles=6.03 samples=234785 V=-2.5715e-2 I=-1.4673e-4
[EIS] freq 2/3 (1.73e-6 1/fs) phase=Recording elapsed=3533335fs/4618802fs cycles=6.12 samples=244785 V=-4.3172e-2 I=-1.0940e-4
[EIS] freq 2/3 (1.73e-6 1/fs) phase=Recording elapsed=3583335fs/4618802fs cycles=6.21 samples=254785 V=-6.3734e-2 I=-4.0472e-5
[EIS] freq 2/3 (1.73e-6 1/fs) phase=Recording elapsed=3633335fs/4618802fs cycles=6.29 samples=264785 V=-5.1505e-2 I=4.0146e-5
[EIS] freq 2/3 (1.73e-6 1/fs) phase=Recording elapsed=3683335fs/4618802fs cycles=6.38 samples=274785 V=-4.9814e-2 I=1.0917e-4
[EIS] freq 2/3 (1.73e-6 1/fs) phase=Recording elapsed=3733335fs/4618802fs cycles=6.47 samples=284785 V=-1.4852e-2 I=1.4666e-4
[EIS] freq 2/3 (1.73e-6 1/fs) phase=Recording elapsed=3783335fs/4618802fs cycles=6.55 samples=294785 V=2.3448e-2 I=1.4178e-4
[EIS] freq 2/3 (1.73e-6 1/fs) phase=Recording elapsed=3833335fs/4618802fs cycles=6.64 samples=304785 V=4.8932e-2 I=9.5953e-5
[EIS] freq 2/3 (1.73e-6 1/fs) phase=Recording elapsed=3883335fs/4618802fs cycles=6.73 samples=314785 V=3.9245e-2 I=2.2408e-5
[EIS] freq 2/3 (1.73e-6 1/fs) phase=Recording elapsed=3933335fs/4618802fs cycles=6.81 samples=324785 V=4.5257e-2 I=-5.7609e-5
[EIS] freq 2/3 (1.73e-6 1/fs) phase=Recording elapsed=3983335fs/4618802fs cycles=6.90 samples=334785 V=2.2457e-2 I=-1.2099e-4
[EIS] freq 2/3 (1.73e-6 1/fs) phase=Recording elapsed=4033335fs/4618802fs cycles=6.99 samples=344785 V=-3.3370e-3 I=-1.4942e-4
[EIS] freq 2/3 (1.73e-6 1/fs) phase=Recording elapsed=4083335fs/4618802fs cycles=7.07 samples=354785 V=-4.4300e-2 I=-1.3469e-4
[EIS] freq 2/3 (1.73e-6 1/fs) phase=Recording elapsed=4133335fs/4618802fs cycles=7.16 samples=364785 V=-6.1711e-2 I=-8.1051e-5
[EIS] freq 2/3 (1.73e-6 1/fs) phase=Recording elapsed=4183335fs/4618802fs cycles=7.25 samples=374785 V=-6.0552e-2 I=-4.0050e-6
[EIS] freq 2/3 (1.73e-6 1/fs) phase=Recording elapsed=4233335fs/4618802fs cycles=7.33 samples=384785 V=-3.9644e-2 I=7.4198e-5
[EIS] freq 2/3 (1.73e-6 1/fs) phase=Recording elapsed=4283335fs/4618802fs cycles=7.42 samples=394785 V=-1.8698e-2 I=1.3097e-4
[EIS] freq 2/3 (1.73e-6 1/fs) phase=Recording elapsed=4333335fs/4618802fs cycles=7.51 samples=404785 V=-5.7718e-3 I=1.4991e-4
[EIS] freq 2/3 (1.73e-6 1/fs) phase=Recording elapsed=4383335fs/4618802fs cycles=7.59 samples=414785 V=2.7547e-2 I=1.2555e-4
[EIS] freq 2/3 (1.73e-6 1/fs) phase=Recording elapsed=4433335fs/4618802fs cycles=7.68 samples=424785 V=3.8403e-2 I=6.4920e-5
[EIS] freq 2/3 (1.73e-6 1/fs) phase=Recording elapsed=4483335fs/4618802fs cycles=7.77 samples=434785 V=4.0616e-2 I=-1.4459e-5
[EIS] freq 2/3 (1.73e-6 1/fs) phase=Recording elapsed=4533335fs/4618802fs cycles=7.85 samples=444785 V=3.2968e-2 I=-8.9661e-5
[EIS] freq 2/3 (1.73e-6 1/fs) phase=Recording elapsed=4583335fs/4618802fs cycles=7.94 samples=454785 V=1.2228e-2 I=-1.3896e-4
[EIS] Completed freq 2/3: 1.73e-6 1/fs -> Z = (4.9032e1, -3.7013e2), |Z|=3.7336e2, phase=-82.5 deg, 461881 samples
[EIS]   Z_actual = (6.6506e1, -3.6954e2), Z_cap = (2.5000e3, -9.1888e7)
[EIS] Saved time-series: eis_timeseries\eis_ts_002_1.732e-6.csv (1999 pts, v_dc=-5.948e-3, i_dc=-3.892e-8)
[EIS] freq 3/3 (1.00e-6 1/fs) phase=Settling elapsed=14525fs/8000000fs cycles=0.01 samples=0 V=-2.4036e-2 I=-1.4938e-4
[EIS] freq 3/3 (1.00e-6 1/fs) phase=Settling elapsed=64525fs/8000000fs cycles=0.06 samples=0 V=-4.2427e-2 I=-1.3784e-4
[EIS] freq 3/3 (1.00e-6 1/fs) phase=Settling elapsed=114525fs/8000000fs cycles=0.11 samples=0 V=-6.9433e-2 I=-1.1281e-4
[EIS] freq 3/3 (1.00e-6 1/fs) phase=Settling elapsed=164525fs/8000000fs cycles=0.16 samples=0 V=-8.3329e-2 I=-7.6741e-5
[EIS] freq 3/3 (1.00e-6 1/fs) phase=Settling elapsed=214525fs/8000000fs cycles=0.21 samples=0 V=-1.0113e-1 I=-3.3158e-5
[EIS] freq 3/3 (1.00e-6 1/fs) phase=Settling elapsed=264525fs/8000000fs cycles=0.26 samples=0 V=-8.9702e-2 I=1.3671e-5
[EIS] freq 3/3 (1.00e-6 1/fs) phase=Settling elapsed=314525fs/8000000fs cycles=0.31 samples=0 V=-8.3982e-2 I=5.9161e-5
[EIS] freq 3/3 (1.00e-6 1/fs) phase=Settling elapsed=364525fs/8000000fs cycles=0.36 samples=0 V=-6.3157e-2 I=9.8861e-5
[EIS] freq 3/3 (1.00e-6 1/fs) phase=Settling elapsed=414525fs/8000000fs cycles=0.41 samples=0 V=-3.4249e-2 I=1.2888e-4
[EIS] freq 3/3 (1.00e-6 1/fs) phase=Settling elapsed=464525fs/8000000fs cycles=0.46 samples=0 V=-7.6960e-3 I=1.4629e-4
[EIS] freq 3/3 (1.00e-6 1/fs) phase=Settling elapsed=514525fs/8000000fs cycles=0.51 samples=0 V=2.0705e-2 I=1.4938e-4
[EIS] freq 3/3 (1.00e-6 1/fs) phase=Settling elapsed=564525fs/8000000fs cycles=0.56 samples=0 V=3.4603e-2 I=1.3784e-4
[EIS] freq 3/3 (1.00e-6 1/fs) phase=Settling elapsed=614525fs/8000000fs cycles=0.61 samples=0 V=5.6812e-2 I=1.1281e-4
[EIS] freq 3/3 (1.00e-6 1/fs) phase=Settling elapsed=664525fs/8000000fs cycles=0.66 samples=0 V=6.9374e-2 I=7.6741e-5
[EIS] freq 3/3 (1.00e-6 1/fs) phase=Settling elapsed=714525fs/8000000fs cycles=0.71 samples=0 V=6.0119e-2 I=3.3158e-5
[EIS] freq 3/3 (1.00e-6 1/fs) phase=Settling elapsed=764525fs/8000000fs cycles=0.76 samples=0 V=6.6900e-2 I=-1.3671e-5
[EIS] freq 3/3 (1.00e-6 1/fs) phase=Settling elapsed=814525fs/8000000fs cycles=0.81 samples=0 V=5.5746e-2 I=-5.9161e-5
[EIS] freq 3/3 (1.00e-6 1/fs) phase=Settling elapsed=864525fs/8000000fs cycles=0.86 samples=0 V=3.8895e-2 I=-9.8861e-5
[EIS] freq 3/3 (1.00e-6 1/fs) phase=Settling elapsed=914525fs/8000000fs cycles=0.91 samples=0 V=1.4059e-2 I=-1.2888e-4
[EIS] freq 3/3 (1.00e-6 1/fs) phase=Settling elapsed=964525fs/8000000fs cycles=0.96 samples=0 V=4.3232e-4 I=-1.4629e-4
[EIS] freq 3/3 (1.00e-6 1/fs) phase=Settling elapsed=1014525fs/8000000fs cycles=1.01 samples=0 V=-1.9795e-2 I=-1.4938e-4
[EIS] freq 3/3 (1.00e-6 1/fs) phase=Settling elapsed=1064525fs/8000000fs cycles=1.06 samples=0 V=-6.2570e-2 I=-1.3784e-4
[EIS] freq 3/3 (1.00e-6 1/fs) phase=Settling elapsed=1114525fs/8000000fs cycles=1.11 samples=0 V=-6.1071e-2 I=-1.1281e-4
[EIS] freq 3/3 (1.00e-6 1/fs) phase=Settling elapsed=1164525fs/8000000fs cycles=1.16 samples=0 V=-8.4683e-2 I=-7.6741e-5
[EIS] freq 3/3 (1.00e-6 1/fs) phase=Settling elapsed=1214525fs/8000000fs cycles=1.21 samples=0 V=-8.0479e-2 I=-3.3158e-5
[EIS] freq 3/3 (1.00e-6 1/fs) phase=Settling elapsed=1264525fs/8000000fs cycles=1.26 samples=0 V=-8.3563e-2 I=1.3671e-5
[EIS] freq 3/3 (1.00e-6 1/fs) phase=Settling elapsed=1314525fs/8000000fs cycles=1.31 samples=0 V=-5.3807e-2 I=5.9161e-5
[EIS] freq 3/3 (1.00e-6 1/fs) phase=Settling elapsed=1364525fs/8000000fs cycles=1.36 samples=0 V=-3.2720e-2 I=9.8861e-5
[EIS] freq 3/3 (1.00e-6 1/fs) phase=Settling elapsed=1414525fs/8000000fs cycles=1.41 samples=0 V=-1.6610e-2 I=1.2888e-4
[EIS] freq 3/3 (1.00e-6 1/fs) phase=Settling elapsed=1464525fs/8000000fs cycles=1.46 samples=0 V=3.1634e-3 I=1.4629e-4
[EIS] freq 3/3 (1.00e-6 1/fs) phase=Settling elapsed=1514525fs/8000000fs cycles=1.51 samples=0 V=4.2915e-2 I=1.4938e-4
[EIS] freq 3/3 (1.00e-6 1/fs) phase=Settling elapsed=1564525fs/8000000fs cycles=1.56 samples=0 V=3.9219e-2 I=1.3784e-4
[EIS] freq 3/3 (1.00e-6 1/fs) phase=Settling elapsed=1614525fs/8000000fs cycles=1.61 samples=0 V=5.8251e-2 I=1.1281e-4
[EIS] freq 3/3 (1.00e-6 1/fs) phase=Settling elapsed=1664525fs/8000000fs cycles=1.66 samples=0 V=6.5358e-2 I=7.6741e-5
[EIS] freq 3/3 (1.00e-6 1/fs) phase=Settling elapsed=1714525fs/8000000fs cycles=1.71 samples=0 V=5.6985e-2 I=3.3158e-5
[EIS] freq 3/3 (1.00e-6 1/fs) phase=Settling elapsed=1764525fs/8000000fs cycles=1.76 samples=0 V=6.2799e-2 I=-1.3671e-5
[EIS] freq 3/3 (1.00e-6 1/fs) phase=Settling elapsed=1814525fs/8000000fs cycles=1.81 samples=0 V=6.1147e-2 I=-5.9161e-5
[EIS] freq 3/3 (1.00e-6 1/fs) phase=Settling elapsed=1864525fs/8000000fs cycles=1.86 samples=0 V=6.1060e-2 I=-9.8861e-5
[EIS] freq 3/3 (1.00e-6 1/fs) phase=Settling elapsed=1914525fs/8000000fs cycles=1.91 samples=0 V=2.8546e-2 I=-1.2888e-4
[EIS] freq 3/3 (1.00e-6 1/fs) phase=Settling elapsed=1964525fs/8000000fs cycles=1.96 samples=0 V=-1.0785e-2 I=-1.4629e-4
[EIS] freq 3/3 (1.00e-6 1/fs) phase=Settling elapsed=2014525fs/8000000fs cycles=2.01 samples=0 V=-3.2958e-2 I=-1.4938e-4
[EIS] freq 3/3 (1.00e-6 1/fs) phase=Settling elapsed=2064525fs/8000000fs cycles=2.06 samples=0 V=-5.0894e-2 I=-1.3784e-4
[EIS] freq 3/3 (1.00e-6 1/fs) phase=Settling elapsed=2114525fs/8000000fs cycles=2.11 samples=0 V=-5.7664e-2 I=-1.1281e-4
[EIS] freq 3/3 (1.00e-6 1/fs) phase=Settling elapsed=2164525fs/8000000fs cycles=2.16 samples=0 V=-7.0624e-2 I=-7.6741e-5
[EIS] freq 3/3 (1.00e-6 1/fs) phase=Settling elapsed=2214525fs/8000000fs cycles=2.21 samples=0 V=-7.4929e-2 I=-3.3158e-5
[EIS] freq 3/3 (1.00e-6 1/fs) phase=Settling elapsed=2264525fs/8000000fs cycles=2.26 samples=0 V=-8.1305e-2 I=1.3671e-5
[EIS] freq 3/3 (1.00e-6 1/fs) phase=Settling elapsed=2314525fs/8000000fs cycles=2.31 samples=0 V=-6.2426e-2 I=5.9161e-5
[EIS] freq 3/3 (1.00e-6 1/fs) phase=Settling elapsed=2364525fs/8000000fs cycles=2.36 samples=0 V=-5.4031e-2 I=9.8861e-5
[EIS] freq 3/3 (1.00e-6 1/fs) phase=Settling elapsed=2414525fs/8000000fs cycles=2.41 samples=0 V=-2.2947e-2 I=1.2888e-4
[EIS] freq 3/3 (1.00e-6 1/fs) phase=Settling elapsed=2464525fs/8000000fs cycles=2.46 samples=0 V=7.0116e-3 I=1.4629e-4
[EIS] freq 3/3 (1.00e-6 1/fs) phase=Settling elapsed=2514525fs/8000000fs cycles=2.51 samples=0 V=1.6474e-2 I=1.4938e-4
[EIS] freq 3/3 (1.00e-6 1/fs) phase=Settling elapsed=2564525fs/8000000fs cycles=2.56 samples=0 V=5.1485e-2 I=1.3784e-4
[EIS] freq 3/3 (1.00e-6 1/fs) phase=Settling elapsed=2614525fs/8000000fs cycles=2.61 samples=0 V=5.6475e-2 I=1.1281e-4
[EIS] freq 3/3 (1.00e-6 1/fs) phase=Settling elapsed=2664525fs/8000000fs cycles=2.66 samples=0 V=6.1669e-2 I=7.6741e-5
[EIS] freq 3/3 (1.00e-6 1/fs) phase=Settling elapsed=2714525fs/8000000fs cycles=2.71 samples=0 V=6.9010e-2 I=3.3158e-5
[EIS] freq 3/3 (1.00e-6 1/fs) phase=Settling elapsed=2764525fs/8000000fs cycles=2.76 samples=0 V=7.3210e-2 I=-1.3671e-5
[EIS] freq 3/3 (1.00e-6 1/fs) phase=Settling elapsed=2814525fs/8000000fs cycles=2.81 samples=0 V=5.5810e-2 I=-5.9161e-5
[EIS] freq 3/3 (1.00e-6 1/fs) phase=Settling elapsed=2864525fs/8000000fs cycles=2.86 samples=0 V=4.2694e-2 I=-9.8861e-5
[EIS] freq 3/3 (1.00e-6 1/fs) phase=Settling elapsed=2914525fs/8000000fs cycles=2.91 samples=0 V=1.6688e-2 I=-1.2888e-4
[EIS] freq 3/3 (1.00e-6 1/fs) phase=Settling elapsed=2964525fs/8000000fs cycles=2.96 samples=0 V=1.0057e-3 I=-1.4629e-4
[EIS] freq 3/3 (1.00e-6 1/fs) phase=Settling elapsed=3014525fs/8000000fs cycles=3.01 samples=0 V=-2.8421e-2 I=-1.4938e-4
[EIS] freq 3/3 (1.00e-6 1/fs) phase=Settling elapsed=3064525fs/8000000fs cycles=3.06 samples=0 V=-5.0365e-2 I=-1.3784e-4
[EIS] freq 3/3 (1.00e-6 1/fs) phase=Settling elapsed=3114525fs/8000000fs cycles=3.11 samples=0 V=-7.0031e-2 I=-1.1281e-4
[EIS] freq 3/3 (1.00e-6 1/fs) phase=Settling elapsed=3164525fs/8000000fs cycles=3.16 samples=0 V=-6.8061e-2 I=-7.6741e-5
[EIS] freq 3/3 (1.00e-6 1/fs) phase=Settling elapsed=3214525fs/8000000fs cycles=3.21 samples=0 V=-9.0197e-2 I=-3.3158e-5
[EIS] freq 3/3 (1.00e-6 1/fs) phase=Settling elapsed=3264525fs/8000000fs cycles=3.26 samples=0 V=-7.7551e-2 I=1.3671e-5
[EIS] freq 3/3 (1.00e-6 1/fs) phase=Settling elapsed=3314525fs/8000000fs cycles=3.31 samples=0 V=-7.3726e-2 I=5.9161e-5
[EIS] freq 3/3 (1.00e-6 1/fs) phase=Settling elapsed=3364525fs/8000000fs cycles=3.36 samples=0 V=-4.5043e-2 I=9.8861e-5
[EIS] freq 3/3 (1.00e-6 1/fs) phase=Settling elapsed=3414525fs/8000000fs cycles=3.41 samples=0 V=-1.9713e-2 I=1.2888e-4
[EIS] freq 3/3 (1.00e-6 1/fs) phase=Settling elapsed=3464525fs/8000000fs cycles=3.46 samples=0 V=8.1432e-3 I=1.4629e-4
[EIS] freq 3/3 (1.00e-6 1/fs) phase=Settling elapsed=3514525fs/8000000fs cycles=3.51 samples=0 V=2.5636e-2 I=1.4938e-4
[EIS] freq 3/3 (1.00e-6 1/fs) phase=Settling elapsed=3564525fs/8000000fs cycles=3.56 samples=0 V=4.0220e-2 I=1.3784e-4
[EIS] freq 3/3 (1.00e-6 1/fs) phase=Settling elapsed=3614525fs/8000000fs cycles=3.61 samples=0 V=5.9989e-2 I=1.1281e-4
[EIS] freq 3/3 (1.00e-6 1/fs) phase=Settling elapsed=3664525fs/8000000fs cycles=3.66 samples=0 V=6.5479e-2 I=7.6741e-5
[EIS] freq 3/3 (1.00e-6 1/fs) phase=Settling elapsed=3714525fs/8000000fs cycles=3.71 samples=0 V=8.8711e-2 I=3.3158e-5
[EIS] freq 3/3 (1.00e-6 1/fs) phase=Settling elapsed=3764525fs/8000000fs cycles=3.76 samples=0 V=7.6823e-2 I=-1.3671e-5
[EIS] freq 3/3 (1.00e-6 1/fs) phase=Settling elapsed=3814525fs/8000000fs cycles=3.81 samples=0 V=5.8976e-2 I=-5.9161e-5
[EIS] freq 3/3 (1.00e-6 1/fs) phase=Settling elapsed=3864525fs/8000000fs cycles=3.86 samples=0 V=4.0069e-2 I=-9.8861e-5
[EIS] freq 3/3 (1.00e-6 1/fs) phase=Settling elapsed=3914525fs/8000000fs cycles=3.91 samples=0 V=2.2834e-2 I=-1.2888e-4
[EIS] freq 3/3 (1.00e-6 1/fs) phase=Settling elapsed=3964525fs/8000000fs cycles=3.96 samples=0 V=-5.1477e-3 I=-1.4629e-4
[EIS] Freq 3/3 (1.00e-6): settling complete, now recording
[EIS] freq 3/3 (1.00e-6 1/fs) phase=Recording elapsed=4014525fs/8000000fs cycles=4.01 samples=2904 V=-2.9239e-2 I=-1.4938e-4
[EIS] freq 3/3 (1.00e-6 1/fs) phase=Recording elapsed=4064525fs/8000000fs cycles=4.06 samples=12904 V=-5.6321e-2 I=-1.3784e-4
[EIS] freq 3/3 (1.00e-6 1/fs) phase=Recording elapsed=4114525fs/8000000fs cycles=4.11 samples=22904 V=-6.2184e-2 I=-1.1281e-4
[EIS] freq 3/3 (1.00e-6 1/fs) phase=Recording elapsed=4164525fs/8000000fs cycles=4.16 samples=32904 V=-7.1245e-2 I=-7.6741e-5
[EIS] freq 3/3 (1.00e-6 1/fs) phase=Recording elapsed=4214525fs/8000000fs cycles=4.21 samples=42904 V=-9.1350e-2 I=-3.3158e-5
[EIS] freq 3/3 (1.00e-6 1/fs) phase=Recording elapsed=4264525fs/8000000fs cycles=4.26 samples=52904 V=-7.8366e-2 I=1.3671e-5
[EIS] freq 3/3 (1.00e-6 1/fs) phase=Recording elapsed=4314525fs/8000000fs cycles=4.31 samples=62904 V=-6.7526e-2 I=5.9161e-5
[EIS] freq 3/3 (1.00e-6 1/fs) phase=Recording elapsed=4364525fs/8000000fs cycles=4.36 samples=72904 V=-4.7050e-2 I=9.8861e-5
[EIS] freq 3/3 (1.00e-6 1/fs) phase=Recording elapsed=4414525fs/8000000fs cycles=4.41 samples=82904 V=-3.6634e-2 I=1.2888e-4
[EIS] freq 3/3 (1.00e-6 1/fs) phase=Recording elapsed=4464525fs/8000000fs cycles=4.46 samples=92904 V=-4.0406e-3 I=1.4629e-4
[EIS] freq 3/3 (1.00e-6 1/fs) phase=Recording elapsed=4514525fs/8000000fs cycles=4.51 samples=102904 V=2.9769e-2 I=1.4938e-4
[EIS] freq 3/3 (1.00e-6 1/fs) phase=Recording elapsed=4564525fs/8000000fs cycles=4.56 samples=112904 V=2.7808e-2 I=1.3784e-4
[EIS] freq 3/3 (1.00e-6 1/fs) phase=Recording elapsed=4614525fs/8000000fs cycles=4.61 samples=122904 V=5.2661e-2 I=1.1281e-4
[EIS] freq 3/3 (1.00e-6 1/fs) phase=Recording elapsed=4664525fs/8000000fs cycles=4.66 samples=132904 V=6.8423e-2 I=7.6741e-5
[EIS] freq 3/3 (1.00e-6 1/fs) phase=Recording elapsed=4714525fs/8000000fs cycles=4.71 samples=142904 V=7.7324e-2 I=3.3158e-5
[EIS] freq 3/3 (1.00e-6 1/fs) phase=Recording elapsed=4764525fs/8000000fs cycles=4.76 samples=152904 V=6.1241e-2 I=-1.3671e-5
[EIS] freq 3/3 (1.00e-6 1/fs) phase=Recording elapsed=4814525fs/8000000fs cycles=4.81 samples=162904 V=5.3979e-2 I=-5.9161e-5
[EIS] freq 3/3 (1.00e-6 1/fs) phase=Recording elapsed=4864525fs/8000000fs cycles=4.86 samples=172904 V=4.4337e-2 I=-9.8861e-5
[EIS] freq 3/3 (1.00e-6 1/fs) phase=Recording elapsed=4914525fs/8000000fs cycles=4.91 samples=182904 V=1.7592e-2 I=-1.2888e-4
[EIS] freq 3/3 (1.00e-6 1/fs) phase=Recording elapsed=4964525fs/8000000fs cycles=4.96 samples=192904 V=1.3750e-2 I=-1.4629e-4
[EIS] freq 3/3 (1.00e-6 1/fs) phase=Recording elapsed=5014525fs/8000000fs cycles=5.01 samples=202904 V=-2.1673e-2 I=-1.4938e-4
[EIS] freq 3/3 (1.00e-6 1/fs) phase=Recording elapsed=5064525fs/8000000fs cycles=5.06 samples=212904 V=-4.3666e-2 I=-1.3784e-4
[EIS] freq 3/3 (1.00e-6 1/fs) phase=Recording elapsed=5114525fs/8000000fs cycles=5.11 samples=222904 V=-5.9400e-2 I=-1.1281e-4
[EIS] freq 3/3 (1.00e-6 1/fs) phase=Recording elapsed=5164525fs/8000000fs cycles=5.16 samples=232904 V=-4.8638e-2 I=-7.6741e-5
[EIS] freq 3/3 (1.00e-6 1/fs) phase=Recording elapsed=5214525fs/8000000fs cycles=5.21 samples=242904 V=-7.3457e-2 I=-3.3158e-5
[EIS] freq 3/3 (1.00e-6 1/fs) phase=Recording elapsed=5264525fs/8000000fs cycles=5.26 samples=252904 V=-6.8919e-2 I=1.3671e-5
[EIS] freq 3/3 (1.00e-6 1/fs) phase=Recording elapsed=5314525fs/8000000fs cycles=5.31 samples=262904 V=-6.0624e-2 I=5.9161e-5
[EIS] freq 3/3 (1.00e-6 1/fs) phase=Recording elapsed=5364525fs/8000000fs cycles=5.36 samples=272904 V=-4.6606e-2 I=9.8861e-5
[EIS] freq 3/3 (1.00e-6 1/fs) phase=Recording elapsed=5414525fs/8000000fs cycles=5.41 samples=282904 V=-3.6848e-2 I=1.2888e-4
[EIS] freq 3/3 (1.00e-6 1/fs) phase=Recording elapsed=5464525fs/8000000fs cycles=5.46 samples=292904 V=5.0852e-4 I=1.4629e-4
[EIS] freq 3/3 (1.00e-6 1/fs) phase=Recording elapsed=5514525fs/8000000fs cycles=5.51 samples=302904 V=3.4983e-2 I=1.4938e-4
[EIS] freq 3/3 (1.00e-6 1/fs) phase=Recording elapsed=5564525fs/8000000fs cycles=5.56 samples=312904 V=4.8798e-2 I=1.3784e-4
[EIS] freq 3/3 (1.00e-6 1/fs) phase=Recording elapsed=5614525fs/8000000fs cycles=5.61 samples=322904 V=4.7050e-2 I=1.1281e-4
[EIS] freq 3/3 (1.00e-6 1/fs) phase=Recording elapsed=5664525fs/8000000fs cycles=5.66 samples=332904 V=8.9378e-2 I=7.6741e-5
[EIS] freq 3/3 (1.00e-6 1/fs) phase=Recording elapsed=5714525fs/8000000fs cycles=5.71 samples=342904 V=7.9899e-2 I=3.3158e-5
[EIS] freq 3/3 (1.00e-6 1/fs) phase=Recording elapsed=5764525fs/8000000fs cycles=5.76 samples=352904 V=7.1887e-2 I=-1.3671e-5
[EIS] freq 3/3 (1.00e-6 1/fs) phase=Recording elapsed=5814525fs/8000000fs cycles=5.81 samples=362904 V=7.0112e-2 I=-5.9161e-5
[EIS] freq 3/3 (1.00e-6 1/fs) phase=Recording elapsed=5864525fs/8000000fs cycles=5.86 samples=372904 V=4.7538e-2 I=-9.8860e-5
[EIS] freq 3/3 (1.00e-6 1/fs) phase=Recording elapsed=5914525fs/8000000fs cycles=5.91 samples=382904 V=3.0708e-2 I=-1.2888e-4
[EIS] freq 3/3 (1.00e-6 1/fs) phase=Recording elapsed=5964525fs/8000000fs cycles=5.96 samples=392904 V=2.5824e-3 I=-1.4629e-4
[EIS] freq 3/3 (1.00e-6 1/fs) phase=Recording elapsed=6014525fs/8000000fs cycles=6.01 samples=402904 V=-1.9276e-2 I=-1.4938e-4
[EIS] freq 3/3 (1.00e-6 1/fs) phase=Recording elapsed=6064525fs/8000000fs cycles=6.06 samples=412904 V=-5.4979e-2 I=-1.3784e-4
[EIS] freq 3/3 (1.00e-6 1/fs) phase=Recording elapsed=6114525fs/8000000fs cycles=6.11 samples=422904 V=-6.8546e-2 I=-1.1281e-4
[EIS] freq 3/3 (1.00e-6 1/fs) phase=Recording elapsed=6164525fs/8000000fs cycles=6.16 samples=432904 V=-8.0451e-2 I=-7.6741e-5
[EIS] freq 3/3 (1.00e-6 1/fs) phase=Recording elapsed=6214525fs/8000000fs cycles=6.21 samples=442904 V=-6.8746e-2 I=-3.3158e-5
[EIS] freq 3/3 (1.00e-6 1/fs) phase=Recording elapsed=6264525fs/8000000fs cycles=6.26 samples=452904 V=-7.8004e-2 I=1.3671e-5
[EIS] freq 3/3 (1.00e-6 1/fs) phase=Recording elapsed=6314525fs/8000000fs cycles=6.31 samples=462904 V=-6.6993e-2 I=5.9161e-5
[EIS] freq 3/3 (1.00e-6 1/fs) phase=Recording elapsed=6364525fs/8000000fs cycles=6.36 samples=472904 V=-4.5394e-2 I=9.8861e-5
[EIS] freq 3/3 (1.00e-6 1/fs) phase=Recording elapsed=6414525fs/8000000fs cycles=6.41 samples=482904 V=-2.4951e-2 I=1.2888e-4
[EIS] freq 3/3 (1.00e-6 1/fs) phase=Recording elapsed=6464525fs/8000000fs cycles=6.46 samples=492904 V=-2.9610e-3 I=1.4629e-4
[EIS] freq 3/3 (1.00e-6 1/fs) phase=Recording elapsed=6514525fs/8000000fs cycles=6.51 samples=502904 V=2.6165e-2 I=1.4938e-4
[EIS] freq 3/3 (1.00e-6 1/fs) phase=Recording elapsed=6564525fs/8000000fs cycles=6.56 samples=512904 V=5.1160e-2 I=1.3784e-4
[EIS] freq 3/3 (1.00e-6 1/fs) phase=Recording elapsed=6614525fs/8000000fs cycles=6.61 samples=522904 V=6.0052e-2 I=1.1281e-4
[EIS] freq 3/3 (1.00e-6 1/fs) phase=Recording elapsed=6664525fs/8000000fs cycles=6.66 samples=532904 V=8.4600e-2 I=7.6741e-5
[EIS] freq 3/3 (1.00e-6 1/fs) phase=Recording elapsed=6714525fs/8000000fs cycles=6.71 samples=542904 V=7.8689e-2 I=3.3158e-5
[EIS] freq 3/3 (1.00e-6 1/fs) phase=Recording elapsed=6764525fs/8000000fs cycles=6.76 samples=552904 V=7.2494e-2 I=-1.3671e-5
[EIS] freq 3/3 (1.00e-6 1/fs) phase=Recording elapsed=6814525fs/8000000fs cycles=6.81 samples=562904 V=7.7051e-2 I=-5.9161e-5
[EIS] freq 3/3 (1.00e-6 1/fs) phase=Recording elapsed=6864525fs/8000000fs cycles=6.86 samples=572904 V=5.6921e-2 I=-9.8861e-5
[EIS] freq 3/3 (1.00e-6 1/fs) phase=Recording elapsed=6914525fs/8000000fs cycles=6.91 samples=582904 V=1.9282e-2 I=-1.2888e-4
[EIS] freq 3/3 (1.00e-6 1/fs) phase=Recording elapsed=6964525fs/8000000fs cycles=6.96 samples=592904 V=8.4799e-3 I=-1.4629e-4
[EIS] freq 3/3 (1.00e-6 1/fs) phase=Recording elapsed=7014525fs/8000000fs cycles=7.01 samples=602904 V=-1.8946e-2 I=-1.4938e-4
[EIS] freq 3/3 (1.00e-6 1/fs) phase=Recording elapsed=7064525fs/8000000fs cycles=7.06 samples=612904 V=-5.4015e-2 I=-1.3784e-4
[EIS] freq 3/3 (1.00e-6 1/fs) phase=Recording elapsed=7114525fs/8000000fs cycles=7.11 samples=622904 V=-7.1174e-2 I=-1.1281e-4
[EIS] freq 3/3 (1.00e-6 1/fs) phase=Recording elapsed=7164525fs/8000000fs cycles=7.16 samples=632904 V=-7.8642e-2 I=-7.6741e-5
[EIS] freq 3/3 (1.00e-6 1/fs) phase=Recording elapsed=7214525fs/8000000fs cycles=7.21 samples=642904 V=-9.0052e-2 I=-3.3158e-5
[EIS] freq 3/3 (1.00e-6 1/fs) phase=Recording elapsed=7264525fs/8000000fs cycles=7.26 samples=652904 V=-7.2673e-2 I=1.3671e-5
[EIS] freq 3/3 (1.00e-6 1/fs) phase=Recording elapsed=7314525fs/8000000fs cycles=7.31 samples=662904 V=-5.8650e-2 I=5.9161e-5
[EIS] freq 3/3 (1.00e-6 1/fs) phase=Recording elapsed=7364525fs/8000000fs cycles=7.36 samples=672904 V=-4.3402e-2 I=9.8861e-5
[EIS] freq 3/3 (1.00e-6 1/fs) phase=Recording elapsed=7414525fs/8000000fs cycles=7.41 samples=682904 V=-3.5978e-2 I=1.2888e-4
[EIS] freq 3/3 (1.00e-6 1/fs) phase=Recording elapsed=7464525fs/8000000fs cycles=7.46 samples=692904 V=-1.9488e-3 I=1.4629e-4
[EIS] freq 3/3 (1.00e-6 1/fs) phase=Recording elapsed=7514525fs/8000000fs cycles=7.51 samples=702904 V=2.2232e-2 I=1.4938e-4
[EIS] freq 3/3 (1.00e-6 1/fs) phase=Recording elapsed=7564525fs/8000000fs cycles=7.56 samples=712904 V=5.0299e-2 I=1.3784e-4
[EIS] freq 3/3 (1.00e-6 1/fs) phase=Recording elapsed=7614525fs/8000000fs cycles=7.61 samples=722904 V=6.9997e-2 I=1.1281e-4
[EIS] freq 3/3 (1.00e-6 1/fs) phase=Recording elapsed=7664525fs/8000000fs cycles=7.66 samples=732904 V=7.9129e-2 I=7.6741e-5
[EIS] freq 3/3 (1.00e-6 1/fs) phase=Recording elapsed=7714525fs/8000000fs cycles=7.71 samples=742904 V=7.9788e-2 I=3.3158e-5
[EIS] freq 3/3 (1.00e-6 1/fs) phase=Recording elapsed=7764525fs/8000000fs cycles=7.76 samples=752904 V=7.2707e-2 I=-1.3671e-5
[EIS] freq 3/3 (1.00e-6 1/fs) phase=Recording elapsed=7814525fs/8000000fs cycles=7.81 samples=762904 V=5.5785e-2 I=-5.9161e-5
[EIS] freq 3/3 (1.00e-6 1/fs) phase=Recording elapsed=7864525fs/8000000fs cycles=7.86 samples=772904 V=4.7793e-2 I=-9.8861e-5
[EIS] freq 3/3 (1.00e-6 1/fs) phase=Recording elapsed=7914525fs/8000000fs cycles=7.91 samples=782904 V=3.6588e-2 I=-1.2888e-4
[EIS] freq 3/3 (1.00e-6 1/fs) phase=Recording elapsed=7964525fs/8000000fs cycles=7.96 samples=792904 V=-4.8340e-3 I=-1.4629e-4
[EIS] Completed freq 3/3: 1.00e-6 1/fs -> Z = (1.0390e2, -5.1761e2), |Z|=5.2793e2, phase=-78.7 deg, 800000 samples
[EIS]   Z_actual = (1.2139e2, -5.1745e2), Z_cap = (2.5000e3, -1.5915e8)
[EIS] Saved time-series: eis_timeseries\eis_ts_003_1.000e-6.csv (2000 pts, v_dc=4.581e-4, i_dc=-3.725e-12)
[EIS] Sweep complete! 3 points collected
sweep finished in 3057096 steps (49670.6s wall, sim time 1.53e7 fs)

=== 3 EisPoints ===
   i        freq       z_real       z_imag         |Z|     phase     R²(V)     R²(I)       V_amp       I_amp
   0    3.000e-6    +8.764e-2     -2.408e2     2.408e2    -90.0°    0.9549    1.0000    3.613e-2    1.500e-4
   1    1.732e-6     +4.903e1     -3.701e2     3.734e2    -82.5°    0.9647    1.0000    5.600e-2    1.500e-4
   2    1.000e-6     +1.039e2     -5.176e2     5.279e2    -78.7°    0.9837    1.0000    7.919e-2    1.500e-4
