[run_job] id=doe-cos-010
[run_job] workdir=/c/Users/Yeyian PC/Desktop/ParticleSim-master/ParticleSim/runs/doe-cos-010
[run_job] exe=/c/Users/Yeyian PC/Desktop/ParticleSim-master/ParticleSim/target/release/eis_quick_sweep.exe
[run_job] log=/c/Users/Yeyian PC/Desktop/ParticleSim-master/ParticleSim/doe_results/eis_doe_lf/doe-cos-010_amp0.005_freq5e-5to5e-4_cos.log
[run_job] args: --amplitude 0.005 --f-min 5e-5 --f-max 5e-4 --points-per-decade 3 --scenario /c/Users/Yeyian PC/Desktop/ParticleSim-master/ParticleSim/measurement_configs/eis_validation_flat_symmetric.toml
[run_job] start=2026-05-03T10:22:15Z
Successfully placed 86 random bodies
Successfully placed 86 random bodies
Successfully placed 598 random bodies
Successfully placed 599 random bodies
scenario=C:/Users/Yeyian PC/Desktop/ParticleSim-master/ParticleSim/measurement_configs/eis_validation_flat_symmetric.toml seed=0xC0FFEE
bodies=3449 foils=2
dt=5 fs  group_a=[1]  group_b=[2]
equilibrating 50000 fs (10000 steps)
zero-current pre-hold 10000 fs (2000 steps)
[EIS] Started sweep (Galvanostatic): 5 frequencies from 5.00e-4 to 5.00e-5 (1/fs)
[EIS] Estimated total time: 345024 fs (345.0 ps), amplitude=5.0000e-3
[EIS] Group A (+ perturbation): [1], Group B (- perturbation): [2]
[EIS] Voltage probes: 0 per group (A=130, B=130)
EIS sweep started (Galvanostatic)
[EIS] freq 1/5 (5.00e-4 1/fs) phase=Settling elapsed=5fs/16000fs cycles=0.00 samples=0 V=-2.9191e-3 I=-4.9994e-3
[EIS] Freq 1/5 (5.00e-4): settling complete, now recording
[EIS] Completed freq 1/5: 5.00e-4 1/fs -> Z = (-4.3204e-1, -1.1761e0), |Z|=1.2529e0, phase=-110.2 deg, 1600 samples
[EIS]   Z_actual = (-2.3844e-2, -1.6645e0), Z_cap = (2.5000e3, -3.1830e5)
[EIS] Saved time-series: eis_timeseries\eis_ts_001_5.000e-4.csv (1600 pts, v_dc=-7.180e-3, i_dc=3.457e-11)
[EIS] Freq 2/5 (2.81e-4): settling complete, now recording
[EIS] Completed freq 2/5: 2.81e-4 1/fs -> Z = (-4.6941e-1, -2.3114e0), |Z|=2.3586e0, phase=-101.5 deg, 2846 samples
[EIS]   Z_actual = (-1.5674e-2, -2.8765e0), Z_cap = (2.5000e3, -5.6604e5)
[EIS] Saved time-series: eis_timeseries\eis_ts_002_2.812e-4.csv (1897 pts, v_dc=-6.095e-3, i_dc=-3.079e-6)
[EIS] freq 3/5 (1.58e-4 1/fs) phase=Settling elapsed=5545fs/50596fs cycles=0.88 samples=0 V=1.1824e-2 I=-3.5740e-3
[EIS] Freq 3/5 (1.58e-4): settling complete, now recording
[EIS] Completed freq 3/5: 1.58e-4 1/fs -> Z = (-4.2876e-1, -4.6921e0), |Z|=4.7117e0, phase=-95.2 deg, 5060 samples
[EIS]   Z_actual = (1.7848e-1, -4.7830e0), Z_cap = (2.5000e3, -1.0066e6)
[EIS] Saved time-series: eis_timeseries\eis_ts_003_1.581e-4.csv (1686 pts, v_dc=-7.456e-3, i_dc=1.627e-6)
[EIS] freq 4/5 (8.89e-5 1/fs) phase=Settling elapsed=4945fs/89975fs cycles=0.44 samples=0 V=-3.0637e-2 I=4.6452e-3
[EIS] Freq 4/5 (8.89e-5): settling complete, now recording
[EIS] freq 4/5 (8.89e-5 1/fs) phase=Recording elapsed=54945fs/89975fs cycles=4.89 samples=1990 V=1.0182e-2 I=-3.7584e-3
[EIS] Completed freq 4/5: 8.89e-5 1/fs -> Z = (-4.6542e-1, -8.4086e0), |Z|=8.4214e0, phase=-93.2 deg, 8998 samples
[EIS]   Z_actual = (9.7582e-2, -8.7856e0), Z_cap = (2.5000e3, -1.7900e6)
[EIS] Saved time-series: eis_timeseries\eis_ts_004_8.891e-5.csv (1999 pts, v_dc=-4.440e-3, i_dc=-1.409e-6)
[EIS] freq 5/5 (5.00e-5 1/fs) phase=Settling elapsed=14965fs/160000fs cycles=0.75 samples=0 V=7.1463e-2 I=5.4985e-5
[EIS] freq 5/5 (5.00e-5 1/fs) phase=Settling elapsed=64965fs/160000fs cycles=3.25 samples=0 V=-7.6902e-2 I=-5.5013e-5
[EIS] Freq 5/5 (5.00e-5): settling complete, now recording
[EIS] freq 5/5 (5.00e-5 1/fs) phase=Recording elapsed=114965fs/160000fs cycles=5.75 samples=6991 V=7.0723e-2 I=5.5048e-5
[EIS] Completed freq 5/5: 5.00e-5 1/fs -> Z = (-4.3200e-1, -1.5263e1), |Z|=1.5269e1, phase=-91.6 deg, 16001 samples
[EIS]   Z_actual = (2.2325e-1, -1.5493e1), Z_cap = (2.5000e3, -3.1831e6)
[EIS] Saved time-series: eis_timeseries\eis_ts_005_5.000e-5.csv (1882 pts, v_dc=-2.686e-3, i_dc=9.396e-7)
[EIS] Sweep complete! 5 points collected
sweep finished in 69010 steps (1162.2s wall, sim time 3.45e5 fs)

=== 5 EisPoints ===
   i        freq       z_real       z_imag         |Z|     phase     R²(V)     R²(I)       V_amp       I_amp
   0    5.000e-4    -4.320e-1     -1.176e0     1.253e0   -110.2°    0.5724    1.0000    6.265e-3    5.000e-3
   1    2.812e-4    -4.694e-1     -2.311e0     2.359e0   -101.5°    0.7825    0.9997    1.179e-2    5.000e-3
   2    1.581e-4    -4.288e-1     -4.692e0     4.712e0    -95.2°    0.9251    0.9999    2.356e-2    5.000e-3
   3    8.891e-5    -4.654e-1     -8.409e0     8.421e0    -93.2°    0.9562    0.9999    4.211e-2    5.000e-3
   4    5.000e-5    -4.320e-1     -1.526e1     1.527e1    -91.6°    0.9848    0.9999    7.635e-2    5.000e-3
[run_job] end=2026-05-03T10:43:09Z rc=0
