[run_job] id=doe-006
[run_job] workdir=/c/Users/Yeyian PC/Desktop/ParticleSim-master/ParticleSim/runs/doe-006
[run_job] exe=/c/Users/Yeyian PC/Desktop/ParticleSim-master/ParticleSim/target/release/eis_quick_sweep.exe
[run_job] log=/c/Users/Yeyian PC/Desktop/ParticleSim-master/ParticleSim/doe_results/eis_doe_lf/doe-006_amp0.06_freq5e-6to5e-5.log
[run_job] args: --amplitude 0.06 --f-min 5e-6 --f-max 5e-5 --scenario /c/Users/Yeyian PC/Desktop/ParticleSim-master/ParticleSim/measurement_configs/eis_validation_flat_symmetric.toml
[run_job] start=2026-05-02T13:26:40Z
Successfully placed 86 random bodies
Successfully placed 86 random bodies
Successfully placed 598 random bodies
Successfully placed 599 random bodies
scenario=C:/Users/Yeyian PC/Desktop/ParticleSim-master/ParticleSim/measurement_configs/eis_validation_flat_symmetric.toml seed=0xC0FFEE
bodies=3449 foils=2
dt=5 fs  group_a=[1]  group_b=[2]
equilibrating 50000 fs (10000 steps)
zero-current pre-hold 10000 fs (2000 steps)
[EIS] Started sweep (Galvanostatic): 3 frequencies from 5.00e-5 to 5.00e-6 (1/fs)
[EIS] Estimated total time: 2265965 fs (2266.0 ps), amplitude=6.0000e-2
[EIS] Group A (+ perturbation): [1], Group B (- perturbation): [2]
[EIS] Voltage probes: 0 per group (A=130, B=130)
EIS sweep started (Galvanostatic)
[EIS] freq 1/3 (5.00e-5 1/fs) phase=Settling elapsed=5fs/160000fs cycles=0.00 samples=0 V=-2.8054e-3 I=-9.4248e-5
[EIS] freq 1/3 (5.00e-5 1/fs) phase=Settling elapsed=50005fs/160000fs cycles=2.50 samples=0 V=-1.8452e0 I=9.3882e-5
[EIS] Freq 1/3 (5.00e-5): settling complete, now recording
[EIS] freq 1/3 (5.00e-5 1/fs) phase=Recording elapsed=100005fs/160000fs cycles=5.00 samples=3999 V=8.5351e-2 I=-9.3465e-5
[EIS] freq 1/3 (5.00e-5 1/fs) phase=Recording elapsed=150005fs/160000fs cycles=7.50 samples=13999 V=-1.7997e0 I=9.3162e-5
[EIS] Completed freq 1/3: 5.00e-5 1/fs -> Z = (8.8568e-1, -1.5751e1), |Z|=1.5775e1, phase=-86.8 deg, 16001 samples
[EIS]   Z_actual = (1.3273e0, -1.5149e1), Z_cap = (2.5000e3, -3.1831e6)
[EIS] Saved time-series: eis_timeseries\eis_ts_001_5.000e-5.csv (1882 pts, v_dc=-8.530e-1, i_dc=7.038e-8)
[EIS] freq 2/3 (1.58e-5 1/fs) phase=Settling elapsed=39995fs/505965fs cycles=0.63 samples=0 V=-2.9134e0 I=4.4346e-2
[EIS] freq 2/3 (1.58e-5 1/fs) phase=Settling elapsed=89995fs/505965fs cycles=1.42 samples=0 V=-2.8170e0 I=-2.7927e-2
[EIS] freq 2/3 (1.58e-5 1/fs) phase=Settling elapsed=139995fs/505965fs cycles=2.21 samples=0 V=-8.4802e-1 I=-5.8430e-2
[EIS] freq 2/3 (1.58e-5 1/fs) phase=Settling elapsed=189995fs/505965fs cycles=3.00 samples=0 V=-5.1973e-1 I=-1.5393e-3
[EIS] freq 2/3 (1.58e-5 1/fs) phase=Settling elapsed=239995fs/505965fs cycles=3.79 samples=0 V=-1.0810e0 I=5.7654e-2
[EIS] Freq 2/3 (1.58e-5): settling complete, now recording
[EIS] freq 2/3 (1.58e-5 1/fs) phase=Recording elapsed=289995fs/505965fs cycles=4.59 samples=7401 V=-1.7200e0 I=3.0614e-2
[EIS] freq 2/3 (1.58e-5 1/fs) phase=Recording elapsed=339995fs/505965fs cycles=5.38 samples=17401 V=-1.6456e0 I=-4.2215e-2
[EIS] freq 2/3 (1.58e-5 1/fs) phase=Recording elapsed=389995fs/505965fs cycles=6.17 samples=27401 V=-1.4415e0 I=-5.1904e-2
[EIS] freq 2/3 (1.58e-5 1/fs) phase=Recording elapsed=439995fs/505965fs cycles=6.96 samples=37401 V=-1.4941e0 I=1.6040e-2
[EIS] freq 2/3 (1.58e-5 1/fs) phase=Recording elapsed=489995fs/505965fs cycles=7.75 samples=47401 V=-1.5083e0 I=5.9993e-2
[EIS] Completed freq 2/3: 1.58e-5 1/fs -> Z = (-9.1819e-1, -4.6072e0), |Z|=4.6978e0, phase=-101.3 deg, 50597 samples
[EIS]   Z_actual = (-2.6247e0, -1.7192e1), Z_cap = (2.5000e3, -1.0066e7)
[EIS] Saved time-series: eis_timeseries\eis_ts_002_1.581e-5.csv (1984 pts, v_dc=-1.419e0, i_dc=4.913e-8)
[EIS] freq 3/3 (5.00e-6 1/fs) phase=Settling elapsed=34025fs/1600001fs cycles=0.17 samples=0 V=-1.5024e0 I=-5.2601e-2
[EIS] freq 3/3 (5.00e-6 1/fs) phase=Settling elapsed=84025fs/1600001fs cycles=0.42 samples=0 V=-1.4582e0 I=-2.8864e-2
[EIS] freq 3/3 (5.00e-6 1/fs) phase=Settling elapsed=134025fs/1600001fs cycles=0.67 samples=0 V=-1.4178e0 I=5.2601e-2
[EIS] freq 3/3 (5.00e-6 1/fs) phase=Settling elapsed=184025fs/1600001fs cycles=0.92 samples=0 V=-1.4733e0 I=2.8864e-2
[EIS] freq 3/3 (5.00e-6 1/fs) phase=Settling elapsed=234025fs/1600001fs cycles=1.17 samples=0 V=-1.3664e0 I=-5.2601e-2
[EIS] freq 3/3 (5.00e-6 1/fs) phase=Settling elapsed=284025fs/1600001fs cycles=1.42 samples=0 V=-1.2983e0 I=-2.8864e-2
[EIS] freq 3/3 (5.00e-6 1/fs) phase=Settling elapsed=334025fs/1600001fs cycles=1.67 samples=0 V=-1.2573e0 I=5.2601e-2
[EIS] freq 3/3 (5.00e-6 1/fs) phase=Settling elapsed=384025fs/1600001fs cycles=1.92 samples=0 V=-1.2063e0 I=2.8864e-2
[EIS] freq 3/3 (5.00e-6 1/fs) phase=Settling elapsed=434025fs/1600001fs cycles=2.17 samples=0 V=-1.1444e0 I=-5.2601e-2
[EIS] freq 3/3 (5.00e-6 1/fs) phase=Settling elapsed=484025fs/1600001fs cycles=2.42 samples=0 V=-1.1206e0 I=-2.8864e-2
[EIS] freq 3/3 (5.00e-6 1/fs) phase=Settling elapsed=534025fs/1600001fs cycles=2.67 samples=0 V=-1.0575e0 I=5.2601e-2
[EIS] freq 3/3 (5.00e-6 1/fs) phase=Settling elapsed=584025fs/1600001fs cycles=2.92 samples=0 V=-1.0808e0 I=2.8864e-2
[EIS] freq 3/3 (5.00e-6 1/fs) phase=Settling elapsed=634025fs/1600001fs cycles=3.17 samples=0 V=-1.0240e0 I=-5.2601e-2
[EIS] freq 3/3 (5.00e-6 1/fs) phase=Settling elapsed=684025fs/1600001fs cycles=3.42 samples=0 V=-1.0186e0 I=-2.8864e-2
[EIS] freq 3/3 (5.00e-6 1/fs) phase=Settling elapsed=734025fs/1600001fs cycles=3.67 samples=0 V=-9.9383e-1 I=5.2601e-2
[EIS] freq 3/3 (5.00e-6 1/fs) phase=Settling elapsed=784025fs/1600001fs cycles=3.92 samples=0 V=-1.0384e0 I=2.8864e-2
[EIS] Freq 3/3 (5.00e-6): settling complete, now recording
[EIS] freq 3/3 (5.00e-6 1/fs) phase=Recording elapsed=834025fs/1600001fs cycles=4.17 samples=6803 V=-9.9298e-1 I=-5.2601e-2
[EIS] freq 3/3 (5.00e-6 1/fs) phase=Recording elapsed=884025fs/1600001fs cycles=4.42 samples=16803 V=-9.7345e-1 I=-2.8864e-2
[EIS] freq 3/3 (5.00e-6 1/fs) phase=Recording elapsed=934025fs/1600001fs cycles=4.67 samples=26803 V=-9.6877e-1 I=5.2601e-2
[EIS] freq 3/3 (5.00e-6 1/fs) phase=Recording elapsed=984025fs/1600001fs cycles=4.92 samples=36803 V=-9.5893e-1 I=2.8865e-2
[EIS] freq 3/3 (5.00e-6 1/fs) phase=Recording elapsed=1034025fs/1600001fs cycles=5.17 samples=46803 V=-8.8898e-1 I=-5.2601e-2
[EIS] freq 3/3 (5.00e-6 1/fs) phase=Recording elapsed=1084025fs/1600001fs cycles=5.42 samples=56803 V=-8.9307e-1 I=-2.8865e-2
[EIS] freq 3/3 (5.00e-6 1/fs) phase=Recording elapsed=1134025fs/1600001fs cycles=5.67 samples=66803 V=-8.7446e-1 I=5.2601e-2
[EIS] freq 3/3 (5.00e-6 1/fs) phase=Recording elapsed=1184025fs/1600001fs cycles=5.92 samples=76803 V=-9.0176e-1 I=2.8865e-2
[EIS] freq 3/3 (5.00e-6 1/fs) phase=Recording elapsed=1234025fs/1600001fs cycles=6.17 samples=86803 V=-8.0451e-1 I=-5.2601e-2
[EIS] freq 3/3 (5.00e-6 1/fs) phase=Recording elapsed=1284025fs/1600001fs cycles=6.42 samples=96803 V=-7.9686e-1 I=-2.8865e-2
[EIS] freq 3/3 (5.00e-6 1/fs) phase=Recording elapsed=1334025fs/1600001fs cycles=6.67 samples=106803 V=-7.8353e-1 I=5.2601e-2
[EIS] freq 3/3 (5.00e-6 1/fs) phase=Recording elapsed=1384025fs/1600001fs cycles=6.92 samples=116803 V=-8.2393e-1 I=2.8865e-2
[EIS] freq 3/3 (5.00e-6 1/fs) phase=Recording elapsed=1434025fs/1600001fs cycles=7.17 samples=126803 V=-6.9338e-1 I=-5.2601e-2
[EIS] freq 3/3 (5.00e-6 1/fs) phase=Recording elapsed=1484025fs/1600001fs cycles=7.42 samples=136803 V=-6.9556e-1 I=-2.8865e-2
[EIS] freq 3/3 (5.00e-6 1/fs) phase=Recording elapsed=1534025fs/1600001fs cycles=7.67 samples=146803 V=-6.7559e-1 I=5.2601e-2
[EIS] freq 3/3 (5.00e-6 1/fs) phase=Recording elapsed=1584025fs/1600001fs cycles=7.92 samples=156803 V=-7.8725e-1 I=2.8865e-2
[EIS] Completed freq 3/3: 5.00e-6 1/fs -> Z = (2.7968e-1, 4.1978e-1), |Z|=5.0442e-1, phase=56.3 deg, 160001 samples
[EIS]   Z_actual = (8.0486e0, 1.4682e1), Z_cap = (2.5000e3, -3.1831e7)
[EIS] Saved time-series: eis_timeseries\eis_ts_003_5.000e-6.csv (1987 pts, v_dc=-8.483e-1, i_dc=5.894e-8)
[EIS] Sweep complete! 3 points collected
sweep finished in 453198 steps (8382.2s wall, sim time 2.27e6 fs)

=== 3 EisPoints ===
   i        freq       z_real       z_imag         |Z|     phase     R²(V)     R²(I)       V_amp       I_amp
   0    5.000e-5    +8.857e-1     -1.575e1     1.578e1    -86.8°    0.9983    1.0000    9.465e-1    6.000e-2
   1    1.581e-5    -9.182e-1     -4.607e0     4.698e0   -101.3°    0.3803    1.0000    2.819e-1    6.000e-2
   2    5.000e-6    +2.797e-1    +4.198e-1    5.044e-1    +56.3°    0.0387    1.0000    3.027e-2    6.000e-2
[run_job] end=2026-05-02T15:47:54Z rc=0
