[run_job] id=doe-cos-005
[run_job] workdir=/c/Users/Yeyian PC/Desktop/ParticleSim-master/ParticleSim/runs/doe-cos-005
[run_job] exe=/c/Users/Yeyian PC/Desktop/ParticleSim-master/ParticleSim/target/release/eis_quick_sweep.exe
[run_job] log=/c/Users/Yeyian PC/Desktop/ParticleSim-master/ParticleSim/doe_results/eis_doe_lf/doe-cos-005_amp0.06_freq5e-6to5e-5_cos.log
[run_job] args: --amplitude 0.06 --f-min 5e-6 --f-max 5e-5 --points-per-decade 3 --scenario /c/Users/Yeyian PC/Desktop/ParticleSim-master/ParticleSim/measurement_configs/eis_validation_flat_symmetric.toml
[run_job] start=2026-05-02T23:42:06Z
Successfully placed 86 random bodies
Successfully placed 86 random bodies
Successfully placed 598 random bodies
Successfully placed 599 random bodies
scenario=C:/Users/Yeyian PC/Desktop/ParticleSim-master/ParticleSim/measurement_configs/eis_validation_flat_symmetric.toml seed=0xC0FFEE
bodies=3449 foils=2
dt=5 fs  group_a=[1]  group_b=[2]
equilibrating 50000 fs (10000 steps)
zero-current pre-hold 10000 fs (2000 steps)
[EIS] Started sweep (Galvanostatic): 4 frequencies from 5.00e-5 to 5.00e-6 (1/fs)
[EIS] Estimated total time: 2847364 fs (2847.4 ps), amplitude=6.0000e-2
[EIS] Group A (+ perturbation): [1], Group B (- perturbation): [2]
[EIS] Voltage probes: 0 per group (A=130, B=130)
EIS sweep started (Galvanostatic)
[EIS] freq 1/4 (5.00e-5 1/fs) phase=Settling elapsed=5fs/160000fs cycles=0.00 samples=0 V=-4.2455e-3 I=-6.0000e-2
[EIS] freq 1/4 (5.00e-5 1/fs) phase=Settling elapsed=50005fs/160000fs cycles=2.50 samples=0 V=2.2100e-2 I=6.0000e-2
[EIS] Freq 1/4 (5.00e-5): settling complete, now recording
[EIS] freq 1/4 (5.00e-5 1/fs) phase=Recording elapsed=100005fs/160000fs cycles=5.00 samples=3999 V=-8.7213e-2 I=-6.0000e-2
[EIS] freq 1/4 (5.00e-5 1/fs) phase=Recording elapsed=150005fs/160000fs cycles=7.50 samples=13999 V=7.1842e-2 I=6.0000e-2
[EIS] Completed freq 1/4: 5.00e-5 1/fs -> Z = (1.1257e0, -1.5298e1), |Z|=1.5339e1, phase=-85.8 deg, 16001 samples
[EIS]   Z_actual = (1.3197e0, -1.5121e1), Z_cap = (2.5000e3, -3.1831e6)
[EIS] Saved time-series: eis_timeseries\eis_ts_001_5.000e-5.csv (1882 pts, v_dc=-1.408e-2, i_dc=1.128e-5)
[EIS] freq 2/4 (2.32e-5 1/fs) phase=Settling elapsed=39995fs/344710fs cycles=0.93 samples=0 V=5.1504e-1 I=-5.3997e-2
[EIS] freq 2/4 (2.32e-5 1/fs) phase=Settling elapsed=89995fs/344710fs cycles=2.09 samples=0 V=-1.2765e0 I=-5.0941e-2
[EIS] freq 2/4 (2.32e-5 1/fs) phase=Settling elapsed=139995fs/344710fs cycles=3.25 samples=0 V=-1.9095e0 I=-3.7933e-4
[EIS] Freq 2/4 (2.32e-5): settling complete, now recording
[EIS] freq 2/4 (2.32e-5 1/fs) phase=Recording elapsed=189995fs/344710fs cycles=4.41 samples=3527 V=-7.3034e-1 I=5.0536e-2
[EIS] freq 2/4 (2.32e-5 1/fs) phase=Recording elapsed=239995fs/344710fs cycles=5.57 samples=13527 V=9.4876e-1 I=5.4324e-2
[EIS] freq 2/4 (2.32e-5 1/fs) phase=Recording elapsed=289995fs/344710fs cycles=6.73 samples=23527 V=1.7860e0 I=7.4515e-3
[EIS] freq 2/4 (2.32e-5 1/fs) phase=Recording elapsed=339995fs/344710fs cycles=7.89 samples=33527 V=1.0998e0 I=-4.6370e-2
[EIS] Completed freq 2/4: 2.32e-5 1/fs -> Z = (3.1300e0, -2.9956e1), |Z|=3.0119e1, phase=-84.0 deg, 34471 samples
[EIS]   Z_actual = (3.8232e0, -2.9354e1), Z_cap = (2.5000e3, -6.8578e6)
[EIS] Saved time-series: eis_timeseries\eis_ts_002_2.321e-5.csv (1969 pts, v_dc=-1.382e-2, i_dc=-6.996e-6)
[EIS] freq 3/4 (1.08e-5 1/fs) phase=Settling elapsed=45285fs/742654fs cycles=0.49 samples=0 V=-2.5768e-2 I=5.9824e-2
[EIS] freq 3/4 (1.08e-5 1/fs) phase=Settling elapsed=95285fs/742654fs cycles=1.03 samples=0 V=-1.9093e-1 I=-5.9175e-2
[EIS] freq 3/4 (1.08e-5 1/fs) phase=Settling elapsed=145285fs/742654fs cycles=1.57 samples=0 V=4.8326e-1 I=5.5060e-2
[EIS] freq 3/4 (1.08e-5 1/fs) phase=Settling elapsed=195285fs/742654fs cycles=2.10 samples=0 V=-7.0551e-1 I=-4.7721e-2
[EIS] freq 3/4 (1.08e-5 1/fs) phase=Settling elapsed=245285fs/742654fs cycles=2.64 samples=0 V=4.9302e-1 I=3.7587e-2
[EIS] freq 3/4 (1.08e-5 1/fs) phase=Settling elapsed=295285fs/742654fs cycles=3.18 samples=0 V=-7.1096e-1 I=-2.5253e-2
[EIS] freq 3/4 (1.08e-5 1/fs) phase=Settling elapsed=345285fs/742654fs cycles=3.72 samples=0 V=4.4244e-1 I=1.1439e-2
[EIS] Freq 3/4 (1.08e-5): settling complete, now recording
[EIS] freq 3/4 (1.08e-5 1/fs) phase=Recording elapsed=395285fs/742654fs cycles=4.26 samples=4790 V=-5.1219e-1 I=3.0443e-3
[EIS] freq 3/4 (1.08e-5 1/fs) phase=Recording elapsed=445285fs/742654fs cycles=4.80 samples=14790 V=5.1844e-1 I=-1.7349e-2
[EIS] freq 3/4 (1.08e-5 1/fs) phase=Recording elapsed=495285fs/742654fs cycles=5.34 samples=24790 V=-3.1196e-1 I=3.0638e-2
[EIS] freq 3/4 (1.08e-5 1/fs) phase=Recording elapsed=545285fs/742654fs cycles=5.87 samples=34790 V=6.0691e-1 I=-4.2133e-2
[EIS] freq 3/4 (1.08e-5 1/fs) phase=Recording elapsed=595285fs/742654fs cycles=6.41 samples=44790 V=-6.0387e-1 I=5.1161e-2
[EIS] freq 3/4 (1.08e-5 1/fs) phase=Recording elapsed=645285fs/742654fs cycles=6.95 samples=54790 V=4.4597e-1 I=-5.7193e-2
[EIS] freq 3/4 (1.08e-5 1/fs) phase=Recording elapsed=695285fs/742654fs cycles=7.49 samples=64790 V=-2.3367e-1 I=5.9875e-2
[EIS] Completed freq 3/4: 1.08e-5 1/fs -> Z = (-2.8470e0, -8.0783e0), |Z|=8.5653e0, phase=-109.4 deg, 74266 samples
[EIS]   Z_actual = (-5.6354e0, -3.9269e1), Z_cap = (2.5000e3, -1.4775e7)
[EIS] Saved time-series: eis_timeseries\eis_ts_003_1.077e-5.csv (1980 pts, v_dc=1.026e-2, i_dc=1.246e-5)
[EIS] freq 4/4 (5.00e-6 1/fs) phase=Settling elapsed=2625fs/1600001fs cycles=0.01 samples=0 V=-1.3898e-1 I=-5.9796e-2
[EIS] freq 4/4 (5.00e-6 1/fs) phase=Settling elapsed=52625fs/1600001fs cycles=0.26 samples=0 V=-5.1385e-1 I=4.9424e-3
[EIS] freq 4/4 (5.00e-6 1/fs) phase=Settling elapsed=102625fs/1600001fs cycles=0.51 samples=0 V=-3.1188e-1 I=5.9796e-2
[EIS] freq 4/4 (5.00e-6 1/fs) phase=Settling elapsed=152625fs/1600001fs cycles=0.76 samples=0 V=-2.5809e-1 I=-4.9423e-3
[EIS] freq 4/4 (5.00e-6 1/fs) phase=Settling elapsed=202625fs/1600001fs cycles=1.01 samples=0 V=-1.7571e-1 I=-5.9796e-2
[EIS] freq 4/4 (5.00e-6 1/fs) phase=Settling elapsed=252625fs/1600001fs cycles=1.26 samples=0 V=-6.0666e-1 I=4.9422e-3
[EIS] freq 4/4 (5.00e-6 1/fs) phase=Settling elapsed=302625fs/1600001fs cycles=1.51 samples=0 V=-2.0251e-1 I=5.9796e-2
[EIS] freq 4/4 (5.00e-6 1/fs) phase=Settling elapsed=352625fs/1600001fs cycles=1.76 samples=0 V=1.5983e-1 I=-4.9422e-3
[EIS] freq 4/4 (5.00e-6 1/fs) phase=Settling elapsed=402625fs/1600001fs cycles=2.01 samples=0 V=-4.2824e-2 I=-5.9796e-2
[EIS] freq 4/4 (5.00e-6 1/fs) phase=Settling elapsed=452625fs/1600001fs cycles=2.26 samples=0 V=-2.7770e-1 I=4.9421e-3
[EIS] freq 4/4 (5.00e-6 1/fs) phase=Settling elapsed=502625fs/1600001fs cycles=2.51 samples=0 V=3.7766e-2 I=5.9796e-2
[EIS] freq 4/4 (5.00e-6 1/fs) phase=Settling elapsed=552625fs/1600001fs cycles=2.76 samples=0 V=1.3271e-1 I=-4.9420e-3
[EIS] freq 4/4 (5.00e-6 1/fs) phase=Settling elapsed=602625fs/1600001fs cycles=3.01 samples=0 V=-9.1743e-2 I=-5.9796e-2
[EIS] freq 4/4 (5.00e-6 1/fs) phase=Settling elapsed=652625fs/1600001fs cycles=3.26 samples=0 V=-3.9094e-1 I=4.9419e-3
[EIS] freq 4/4 (5.00e-6 1/fs) phase=Settling elapsed=702625fs/1600001fs cycles=3.51 samples=0 V=-1.3820e-1 I=5.9796e-2
[EIS] freq 4/4 (5.00e-6 1/fs) phase=Settling elapsed=752625fs/1600001fs cycles=3.76 samples=0 V=1.6090e-1 I=-4.9419e-3
[EIS] Freq 4/4 (5.00e-6): settling complete, now recording
[EIS] freq 4/4 (5.00e-6 1/fs) phase=Recording elapsed=802625fs/1600001fs cycles=4.01 samples=523 V=-1.3339e-1 I=-5.9796e-2
[EIS] freq 4/4 (5.00e-6 1/fs) phase=Recording elapsed=852625fs/1600001fs cycles=4.26 samples=10523 V=-3.5634e-1 I=4.9419e-3
[EIS] freq 4/4 (5.00e-6 1/fs) phase=Recording elapsed=902625fs/1600001fs cycles=4.51 samples=20523 V=-1.0950e-1 I=5.9796e-2
[EIS] freq 4/4 (5.00e-6 1/fs) phase=Recording elapsed=952625fs/1600001fs cycles=4.76 samples=30523 V=1.4318e-1 I=-4.9417e-3
[EIS] freq 4/4 (5.00e-6 1/fs) phase=Recording elapsed=1002625fs/1600001fs cycles=5.01 samples=40523 V=-4.0389e-2 I=-5.9796e-2
[EIS] freq 4/4 (5.00e-6 1/fs) phase=Recording elapsed=1052625fs/1600001fs cycles=5.26 samples=50523 V=-2.3027e-1 I=4.9418e-3
[EIS] freq 4/4 (5.00e-6 1/fs) phase=Recording elapsed=1102625fs/1600001fs cycles=5.51 samples=60523 V=8.2361e-2 I=5.9796e-2
[EIS] freq 4/4 (5.00e-6 1/fs) phase=Recording elapsed=1152625fs/1600001fs cycles=5.76 samples=70523 V=2.6203e-1 I=-4.9416e-3
[EIS] freq 4/4 (5.00e-6 1/fs) phase=Recording elapsed=1202625fs/1600001fs cycles=6.01 samples=80523 V=1.2393e-1 I=-5.9796e-2
[EIS] freq 4/4 (5.00e-6 1/fs) phase=Recording elapsed=1252625fs/1600001fs cycles=6.26 samples=90523 V=-1.5678e-1 I=4.9415e-3
[EIS] freq 4/4 (5.00e-6 1/fs) phase=Recording elapsed=1302625fs/1600001fs cycles=6.51 samples=100523 V=1.8230e-1 I=5.9796e-2
[EIS] freq 4/4 (5.00e-6 1/fs) phase=Recording elapsed=1352625fs/1600001fs cycles=6.76 samples=110523 V=3.8963e-1 I=-4.9416e-3
[EIS] freq 4/4 (5.00e-6 1/fs) phase=Recording elapsed=1402625fs/1600001fs cycles=7.01 samples=120523 V=2.1178e-1 I=-5.9796e-2
[EIS] freq 4/4 (5.00e-6 1/fs) phase=Recording elapsed=1452625fs/1600001fs cycles=7.26 samples=130523 V=-9.0621e-2 I=4.9414e-3
[EIS] freq 4/4 (5.00e-6 1/fs) phase=Recording elapsed=1502625fs/1600001fs cycles=7.51 samples=140523 V=2.2390e-1 I=5.9796e-2
[EIS] freq 4/4 (5.00e-6 1/fs) phase=Recording elapsed=1552625fs/1600001fs cycles=7.76 samples=150523 V=2.8487e-1 I=-4.9413e-3
[EIS] Completed freq 4/4: 5.00e-6 1/fs -> Z = (-6.5105e-1, -4.9160e0), |Z|=4.9589e0, phase=-97.5 deg, 160001 samples
[EIS]   Z_actual = (-4.8107e0, -6.6136e1), Z_cap = (2.5000e3, -3.1831e7)
[EIS] Saved time-series: eis_timeseries\eis_ts_004_5.000e-6.csv (1987 pts, v_dc=3.514e-2, i_dc=-1.273e-5)
[EIS] Sweep complete! 4 points collected
sweep finished in 569478 steps (9100.7s wall, sim time 2.85e6 fs)

=== 4 EisPoints ===
   i        freq       z_real       z_imag         |Z|     phase     R²(V)     R²(I)       V_amp       I_amp
   0    5.000e-5     +1.126e0     -1.530e1     1.534e1    -85.8°    0.9991    0.9999    9.204e-1    6.000e-2
   1    2.321e-5     +3.130e0     -2.996e1     3.012e1    -84.0°    0.9961    1.0000     1.807e0    6.000e-2
   2    1.077e-5     -2.847e0     -8.078e0     8.565e0   -109.4°    0.8034    1.0000    5.139e-1    6.000e-2
   3    5.000e-6    -6.510e-1     -4.916e0     4.959e0    -97.5°    0.7311    1.0000    2.975e-1    6.000e-2
[run_job] end=2026-05-03T02:15:51Z rc=0
