[run_job] id=doe-cos-015
[run_job] workdir=/c/Users/Yeyian PC/Desktop/ParticleSim-master/ParticleSim/runs/doe-cos-015
[run_job] exe=/c/Users/Yeyian PC/Desktop/ParticleSim-master/ParticleSim/target/release/eis_quick_sweep.exe
[run_job] log=/c/Users/Yeyian PC/Desktop/ParticleSim-master/ParticleSim/doe_results/eis_doe_lf/doe-cos-015_amp0.20_freq5e-5to5e-4_cos.log
[run_job] args: --amplitude 0.20 --f-min 5e-5 --f-max 5e-4 --points-per-decade 3 --scenario /c/Users/Yeyian PC/Desktop/ParticleSim-master/ParticleSim/measurement_configs/eis_validation_flat_symmetric.toml
[run_job] start=2026-05-03T10:23:41Z
Successfully placed 86 random bodies
Successfully placed 86 random bodies
Successfully placed 598 random bodies
Successfully placed 599 random bodies
scenario=C:/Users/Yeyian PC/Desktop/ParticleSim-master/ParticleSim/measurement_configs/eis_validation_flat_symmetric.toml seed=0xC0FFEE
bodies=3449 foils=2
dt=5 fs  group_a=[1]  group_b=[2]
equilibrating 50000 fs (10000 steps)
zero-current pre-hold 10000 fs (2000 steps)
[EIS] Started sweep (Galvanostatic): 5 frequencies from 5.00e-4 to 5.00e-5 (1/fs)
[EIS] Estimated total time: 345024 fs (345.0 ps), amplitude=2.0000e-1
[EIS] Group A (+ perturbation): [1], Group B (- perturbation): [2]
[EIS] Voltage probes: 0 per group (A=130, B=130)
EIS sweep started (Galvanostatic)
[EIS] freq 1/5 (5.00e-4 1/fs) phase=Settling elapsed=5fs/16000fs cycles=0.00 samples=0 V=-2.4862e-3 I=-1.9998e-1
[EIS] Freq 1/5 (5.00e-4): settling complete, now recording
[EIS] Completed freq 1/5: 5.00e-4 1/fs -> Z = (-2.3847e-2, -1.5700e0), |Z|=1.5702e0, phase=-90.9 deg, 1600 samples
[EIS]   Z_actual = (-6.8923e-4, -1.5641e0), Z_cap = (2.5000e3, -3.1830e5)
[EIS] Saved time-series: eis_timeseries\eis_ts_001_5.000e-4.csv (1600 pts, v_dc=7.714e-3, i_dc=1.215e-9)
[EIS] Freq 2/5 (2.81e-4): settling complete, now recording
[EIS] Completed freq 2/5: 2.81e-4 1/fs -> Z = (-2.0347e-2, -2.7875e0), |Z|=2.7875e0, phase=-90.4 deg, 2846 samples
[EIS]   Z_actual = (3.1537e-2, -2.7719e0), Z_cap = (2.5000e3, -5.6604e5)
[EIS] Saved time-series: eis_timeseries\eis_ts_002_2.812e-4.csv (1897 pts, v_dc=-1.944e-2, i_dc=-1.232e-4)
[EIS] freq 3/5 (1.58e-4 1/fs) phase=Settling elapsed=5545fs/50596fs cycles=0.88 samples=0 V=6.5820e-1 I=-1.4296e-1
[EIS] Freq 3/5 (1.58e-4): settling complete, now recording
[EIS] Completed freq 3/5: 1.58e-4 1/fs -> Z = (1.0521e-1, -4.8633e0), |Z|=4.8644e0, phase=-88.8 deg, 5060 samples
[EIS]   Z_actual = (2.2214e-1, -4.8547e0), Z_cap = (2.5000e3, -1.0066e6)
[EIS] Saved time-series: eis_timeseries\eis_ts_003_1.581e-4.csv (1686 pts, v_dc=-7.116e-2, i_dc=6.510e-5)
[EIS] freq 4/5 (8.89e-5 1/fs) phase=Settling elapsed=4945fs/89975fs cycles=0.44 samples=0 V=-7.1482e-1 I=1.8581e-1
[EIS] Freq 4/5 (8.89e-5): settling complete, now recording
[EIS] freq 4/5 (8.89e-5 1/fs) phase=Recording elapsed=54945fs/89975fs cycles=4.89 samples=1990 V=8.3500e-1 I=-1.5033e-1
[EIS] Completed freq 4/5: 8.89e-5 1/fs -> Z = (-5.5437e-2, -8.1612e0), |Z|=8.1614e0, phase=-90.4 deg, 8998 samples
[EIS]   Z_actual = (6.6887e-1, -8.5619e0), Z_cap = (2.5000e3, -1.7900e6)
[EIS] Saved time-series: eis_timeseries\eis_ts_004_8.891e-5.csv (1999 pts, v_dc=-2.294e-1, i_dc=-5.635e-5)
[EIS] freq 5/5 (5.00e-5 1/fs) phase=Settling elapsed=14965fs/160000fs cycles=0.75 samples=0 V=2.1407e0 I=2.1994e-3
[EIS] freq 5/5 (5.00e-5 1/fs) phase=Settling elapsed=64965fs/160000fs cycles=3.25 samples=0 V=-2.2154e0 I=-2.2005e-3
[EIS] Freq 5/5 (5.00e-5): settling complete, now recording
[EIS] freq 5/5 (5.00e-5 1/fs) phase=Recording elapsed=114965fs/160000fs cycles=5.75 samples=6991 V=1.3124e0 I=2.2019e-3
[EIS] Completed freq 5/5: 5.00e-5 1/fs -> Z = (-1.9908e0, -8.4293e0), |Z|=8.6612e0, phase=-103.3 deg, 16001 samples
[EIS]   Z_actual = (7.1130e-1, -1.4159e1), Z_cap = (2.5000e3, -3.1831e6)
[EIS] Saved time-series: eis_timeseries\eis_ts_005_5.000e-5.csv (1882 pts, v_dc=-2.701e-1, i_dc=3.759e-5)
[EIS] Sweep complete! 5 points collected
sweep finished in 69010 steps (1161.4s wall, sim time 3.45e5 fs)

=== 5 EisPoints ===
   i        freq       z_real       z_imag         |Z|     phase     R²(V)     R²(I)       V_amp       I_amp
   0    5.000e-4    -2.385e-2     -1.570e0     1.570e0    -90.9°    0.9967    1.0000    3.140e-1    2.000e-1
   1    2.812e-4    -2.035e-2     -2.787e0     2.788e0    -90.4°    0.9988    0.9997    5.575e-1    2.000e-1
   2    1.581e-4    +1.052e-1     -4.863e0     4.864e0    -88.8°    0.9987    0.9999    9.729e-1    2.000e-1
   3    8.891e-5    -5.544e-2     -8.161e0     8.161e0    -90.4°    0.9948    0.9999     1.632e0    2.000e-1
   4    5.000e-5     -1.991e0     -8.429e0     8.661e0   -103.3°    0.9584    0.9999     1.732e0    2.000e-1
[run_job] end=2026-05-03T10:44:46Z rc=0
