[run_job] id=doe-cos-013
[run_job] workdir=/c/Users/Yeyian PC/Desktop/ParticleSim-master/ParticleSim/runs/doe-cos-013
[run_job] exe=/c/Users/Yeyian PC/Desktop/ParticleSim-master/ParticleSim/target/release/eis_quick_sweep.exe
[run_job] log=/c/Users/Yeyian PC/Desktop/ParticleSim-master/ParticleSim/doe_results/eis_doe_lf/doe-cos-013_amp0.04_freq5e-6to5e-5_cos.log
[run_job] args: --amplitude 0.04 --f-min 5e-6 --f-max 5e-5 --points-per-decade 3 --scenario /c/Users/Yeyian PC/Desktop/ParticleSim-master/ParticleSim/measurement_configs/eis_validation_flat_symmetric.toml
[run_job] start=2026-05-03T10:23:06Z
Successfully placed 86 random bodies
Successfully placed 86 random bodies
Successfully placed 598 random bodies
Successfully placed 599 random bodies
scenario=C:/Users/Yeyian PC/Desktop/ParticleSim-master/ParticleSim/measurement_configs/eis_validation_flat_symmetric.toml seed=0xC0FFEE
bodies=3449 foils=2
dt=5 fs  group_a=[1]  group_b=[2]
equilibrating 50000 fs (10000 steps)
zero-current pre-hold 10000 fs (2000 steps)
[EIS] Started sweep (Galvanostatic): 4 frequencies from 5.00e-5 to 5.00e-6 (1/fs)
[EIS] Estimated total time: 2847364 fs (2847.4 ps), amplitude=4.0000e-2
[EIS] Group A (+ perturbation): [1], Group B (- perturbation): [2]
[EIS] Voltage probes: 0 per group (A=130, B=130)
EIS sweep started (Galvanostatic)
[EIS] freq 1/4 (5.00e-5 1/fs) phase=Settling elapsed=5fs/160000fs cycles=0.00 samples=0 V=-1.6359e-3 I=-4.0000e-2
[EIS] freq 1/4 (5.00e-5 1/fs) phase=Settling elapsed=50005fs/160000fs cycles=2.50 samples=0 V=-9.9286e-4 I=4.0000e-2
[EIS] Freq 1/4 (5.00e-5): settling complete, now recording
[EIS] freq 1/4 (5.00e-5 1/fs) phase=Recording elapsed=100005fs/160000fs cycles=5.00 samples=3999 V=-4.7601e-3 I=-4.0000e-2
[EIS] freq 1/4 (5.00e-5 1/fs) phase=Recording elapsed=150005fs/160000fs cycles=7.50 samples=13999 V=7.9243e-2 I=4.0000e-2
[EIS] Completed freq 1/4: 5.00e-5 1/fs -> Z = (7.5983e-1, -1.5259e1), |Z|=1.5278e1, phase=-87.1 deg, 16001 samples
[EIS]   Z_actual = (9.2143e-1, -1.5179e1), Z_cap = (2.5000e3, -3.1831e6)
[EIS] Saved time-series: eis_timeseries\eis_ts_001_5.000e-5.csv (1882 pts, v_dc=3.551e-2, i_dc=7.517e-6)
[EIS] freq 2/4 (2.32e-5 1/fs) phase=Settling elapsed=39995fs/344710fs cycles=0.93 samples=0 V=4.4032e-1 I=-3.5998e-2
[EIS] freq 2/4 (2.32e-5 1/fs) phase=Settling elapsed=89995fs/344710fs cycles=2.09 samples=0 V=-7.0762e-1 I=-3.3961e-2
[EIS] freq 2/4 (2.32e-5 1/fs) phase=Settling elapsed=139995fs/344710fs cycles=3.25 samples=0 V=-1.1392e0 I=-2.5289e-4
[EIS] Freq 2/4 (2.32e-5): settling complete, now recording
[EIS] freq 2/4 (2.32e-5 1/fs) phase=Recording elapsed=189995fs/344710fs cycles=4.41 samples=3527 V=-4.5436e-1 I=3.3691e-2
[EIS] freq 2/4 (2.32e-5 1/fs) phase=Recording elapsed=239995fs/344710fs cycles=5.57 samples=13527 V=7.3321e-1 I=3.6216e-2
[EIS] freq 2/4 (2.32e-5 1/fs) phase=Recording elapsed=289995fs/344710fs cycles=6.73 samples=23527 V=1.3789e0 I=4.9677e-3
[EIS] freq 2/4 (2.32e-5 1/fs) phase=Recording elapsed=339995fs/344710fs cycles=7.89 samples=33527 V=7.2247e-1 I=-3.0913e-2
[EIS] Completed freq 2/4: 2.32e-5 1/fs -> Z = (3.6224e0, -3.1147e1), |Z|=3.1357e1, phase=-83.4 deg, 34471 samples
[EIS]   Z_actual = (4.0151e0, -3.0650e1), Z_cap = (2.5000e3, -6.8578e6)
[EIS] Saved time-series: eis_timeseries\eis_ts_002_2.321e-5.csv (1969 pts, v_dc=7.092e-2, i_dc=-4.664e-6)
[EIS] freq 3/4 (1.08e-5 1/fs) phase=Settling elapsed=45285fs/742654fs cycles=0.49 samples=0 V=7.7484e-1 I=3.9883e-2
[EIS] freq 3/4 (1.08e-5 1/fs) phase=Settling elapsed=95285fs/742654fs cycles=1.03 samples=0 V=-1.1895e0 I=-3.9450e-2
[EIS] freq 3/4 (1.08e-5 1/fs) phase=Settling elapsed=145285fs/742654fs cycles=1.57 samples=0 V=4.4189e-1 I=3.6707e-2
[EIS] freq 3/4 (1.08e-5 1/fs) phase=Settling elapsed=195285fs/742654fs cycles=2.10 samples=0 V=-7.6806e-1 I=-3.1814e-2
[EIS] freq 3/4 (1.08e-5 1/fs) phase=Settling elapsed=245285fs/742654fs cycles=2.64 samples=0 V=5.9891e-1 I=2.5058e-2
[EIS] freq 3/4 (1.08e-5 1/fs) phase=Settling elapsed=295285fs/742654fs cycles=3.18 samples=0 V=-6.1918e-1 I=-1.6835e-2
[EIS] freq 3/4 (1.08e-5 1/fs) phase=Settling elapsed=345285fs/742654fs cycles=3.72 samples=0 V=4.6972e-1 I=7.6261e-3
[EIS] Freq 3/4 (1.08e-5): settling complete, now recording
[EIS] freq 3/4 (1.08e-5 1/fs) phase=Recording elapsed=395285fs/742654fs cycles=4.26 samples=4790 V=-6.7874e-1 I=2.0295e-3
[EIS] freq 3/4 (1.08e-5 1/fs) phase=Recording elapsed=445285fs/742654fs cycles=4.80 samples=14790 V=5.4968e-1 I=-1.1566e-2
[EIS] freq 3/4 (1.08e-5 1/fs) phase=Recording elapsed=495285fs/742654fs cycles=5.34 samples=24790 V=-5.1005e-1 I=2.0426e-2
[EIS] freq 3/4 (1.08e-5 1/fs) phase=Recording elapsed=545285fs/742654fs cycles=5.87 samples=34790 V=9.6108e-1 I=-2.8089e-2
[EIS] freq 3/4 (1.08e-5 1/fs) phase=Recording elapsed=595285fs/742654fs cycles=6.41 samples=44790 V=-2.7642e-1 I=3.4107e-2
[EIS] freq 3/4 (1.08e-5 1/fs) phase=Recording elapsed=645285fs/742654fs cycles=6.95 samples=54790 V=8.6256e-1 I=-3.8128e-2
[EIS] freq 3/4 (1.08e-5 1/fs) phase=Recording elapsed=695285fs/742654fs cycles=7.49 samples=64790 V=1.4447e-1 I=3.9917e-2
[EIS] Completed freq 3/4: 1.08e-5 1/fs -> Z = (-4.4568e0, -1.3221e1), |Z|=1.3952e1, phase=-108.6 deg, 74266 samples
[EIS]   Z_actual = (-6.2732e0, -3.9767e1), Z_cap = (2.5000e3, -1.4775e7)
[EIS] Saved time-series: eis_timeseries\eis_ts_003_1.077e-5.csv (1980 pts, v_dc=1.773e-1, i_dc=8.307e-6)
[EIS] freq 4/4 (5.00e-6 1/fs) phase=Settling elapsed=2625fs/1600001fs cycles=0.01 samples=0 V=-1.1559e-1 I=-3.9864e-2
[EIS] freq 4/4 (5.00e-6 1/fs) phase=Settling elapsed=52625fs/1600001fs cycles=0.26 samples=0 V=-6.1352e-1 I=3.2949e-3
[EIS] freq 4/4 (5.00e-6 1/fs) phase=Settling elapsed=102625fs/1600001fs cycles=0.51 samples=0 V=-4.4543e-1 I=3.9864e-2
[EIS] freq 4/4 (5.00e-6 1/fs) phase=Settling elapsed=152625fs/1600001fs cycles=0.76 samples=0 V=7.9876e-2 I=-3.2949e-3
[EIS] freq 4/4 (5.00e-6 1/fs) phase=Settling elapsed=202625fs/1600001fs cycles=1.01 samples=0 V=5.3884e-2 I=-3.9864e-2
[EIS] freq 4/4 (5.00e-6 1/fs) phase=Settling elapsed=252625fs/1600001fs cycles=1.26 samples=0 V=-7.4594e-2 I=3.2948e-3
[EIS] freq 4/4 (5.00e-6 1/fs) phase=Settling elapsed=302625fs/1600001fs cycles=1.51 samples=0 V=-1.2453e-1 I=3.9864e-2
[EIS] freq 4/4 (5.00e-6 1/fs) phase=Settling elapsed=352625fs/1600001fs cycles=1.76 samples=0 V=6.5611e-2 I=-3.2948e-3
[EIS] freq 4/4 (5.00e-6 1/fs) phase=Settling elapsed=402625fs/1600001fs cycles=2.01 samples=0 V=-9.1240e-2 I=-3.9864e-2
[EIS] freq 4/4 (5.00e-6 1/fs) phase=Settling elapsed=452625fs/1600001fs cycles=2.26 samples=0 V=-2.7927e-1 I=3.2947e-3
[EIS] freq 4/4 (5.00e-6 1/fs) phase=Settling elapsed=502625fs/1600001fs cycles=2.51 samples=0 V=-1.9889e-1 I=3.9864e-2
[EIS] freq 4/4 (5.00e-6 1/fs) phase=Settling elapsed=552625fs/1600001fs cycles=2.76 samples=0 V=7.0217e-2 I=-3.2947e-3
[EIS] freq 4/4 (5.00e-6 1/fs) phase=Settling elapsed=602625fs/1600001fs cycles=3.01 samples=0 V=-7.2376e-2 I=-3.9864e-2
[EIS] freq 4/4 (5.00e-6 1/fs) phase=Settling elapsed=652625fs/1600001fs cycles=3.26 samples=0 V=-7.5144e-2 I=3.2946e-3
[EIS] freq 4/4 (5.00e-6 1/fs) phase=Settling elapsed=702625fs/1600001fs cycles=3.51 samples=0 V=-4.9230e-2 I=3.9864e-2
[EIS] freq 4/4 (5.00e-6 1/fs) phase=Settling elapsed=752625fs/1600001fs cycles=3.76 samples=0 V=1.4866e-1 I=-3.2946e-3
[EIS] Freq 4/4 (5.00e-6): settling complete, now recording
[EIS] freq 4/4 (5.00e-6 1/fs) phase=Recording elapsed=802625fs/1600001fs cycles=4.01 samples=523 V=4.2528e-2 I=-3.9864e-2
[EIS] freq 4/4 (5.00e-6 1/fs) phase=Recording elapsed=852625fs/1600001fs cycles=4.26 samples=10523 V=2.0006e-2 I=3.2946e-3
[EIS] freq 4/4 (5.00e-6 1/fs) phase=Recording elapsed=902625fs/1600001fs cycles=4.51 samples=20523 V=-3.3445e-2 I=3.9864e-2
[EIS] freq 4/4 (5.00e-6 1/fs) phase=Recording elapsed=952625fs/1600001fs cycles=4.76 samples=30523 V=9.9277e-2 I=-3.2945e-3
[EIS] freq 4/4 (5.00e-6 1/fs) phase=Recording elapsed=1002625fs/1600001fs cycles=5.01 samples=40523 V=1.3341e-1 I=-3.9864e-2
[EIS] freq 4/4 (5.00e-6 1/fs) phase=Recording elapsed=1052625fs/1600001fs cycles=5.26 samples=50523 V=-1.9336e-1 I=3.2945e-3
[EIS] freq 4/4 (5.00e-6 1/fs) phase=Recording elapsed=1102625fs/1600001fs cycles=5.51 samples=60523 V=-6.8331e-2 I=3.9864e-2
[EIS] freq 4/4 (5.00e-6 1/fs) phase=Recording elapsed=1152625fs/1600001fs cycles=5.76 samples=70523 V=9.9192e-2 I=-3.2944e-3
[EIS] freq 4/4 (5.00e-6 1/fs) phase=Recording elapsed=1202625fs/1600001fs cycles=6.01 samples=80523 V=-8.8793e-2 I=-3.9864e-2
[EIS] freq 4/4 (5.00e-6 1/fs) phase=Recording elapsed=1252625fs/1600001fs cycles=6.26 samples=90523 V=-1.2000e-1 I=3.2943e-3
[EIS] freq 4/4 (5.00e-6 1/fs) phase=Recording elapsed=1302625fs/1600001fs cycles=6.51 samples=100523 V=-5.1240e-2 I=3.9864e-2
[EIS] freq 4/4 (5.00e-6 1/fs) phase=Recording elapsed=1352625fs/1600001fs cycles=6.76 samples=110523 V=2.3422e-2 I=-3.2944e-3
[EIS] freq 4/4 (5.00e-6 1/fs) phase=Recording elapsed=1402625fs/1600001fs cycles=7.01 samples=120523 V=1.0890e-1 I=-3.9864e-2
[EIS] freq 4/4 (5.00e-6 1/fs) phase=Recording elapsed=1452625fs/1600001fs cycles=7.26 samples=130523 V=1.3411e-1 I=3.2943e-3
[EIS] freq 4/4 (5.00e-6 1/fs) phase=Recording elapsed=1502625fs/1600001fs cycles=7.51 samples=140523 V=3.3840e-2 I=3.9864e-2
[EIS] freq 4/4 (5.00e-6 1/fs) phase=Recording elapsed=1552625fs/1600001fs cycles=7.76 samples=150523 V=-1.6873e-2 I=-3.2942e-3
[EIS] Completed freq 4/4: 5.00e-6 1/fs -> Z = (-6.4967e-1, -1.2436e0), |Z|=1.4030e0, phase=-117.6 deg, 160001 samples
[EIS]   Z_actual = (-6.7804e0, -1.5591e1), Z_cap = (2.5000e3, -3.1831e7)
[EIS] Saved time-series: eis_timeseries\eis_ts_004_5.000e-6.csv (1987 pts, v_dc=2.236e-3, i_dc=-8.484e-6)
[EIS] Sweep complete! 4 points collected
sweep finished in 569478 steps (9073.4s wall, sim time 2.85e6 fs)

=== 4 EisPoints ===
   i        freq       z_real       z_imag         |Z|     phase     R²(V)     R²(I)       V_amp       I_amp
   0    5.000e-5    +7.598e-1     -1.526e1     1.528e1    -87.1°    0.9983    0.9999    6.111e-1    4.000e-2
   1    2.321e-5     +3.622e0     -3.115e1     3.136e1    -83.4°    0.9991    1.0000     1.254e0    4.000e-2
   2    1.077e-5     -4.457e0     -1.322e1     1.395e1   -108.6°    0.6296    1.0000    5.581e-1    4.000e-2
   3    5.000e-6    -6.497e-1     -1.244e0     1.403e0   -117.6°    0.1517    1.0000    5.612e-2    4.000e-2
[run_job] end=2026-05-03T12:56:00Z rc=0
