[run_job] id=doe-009
[run_job] workdir=/c/Users/Yeyian PC/Desktop/ParticleSim-master/ParticleSim/runs/doe-009
[run_job] exe=/c/Users/Yeyian PC/Desktop/ParticleSim-master/ParticleSim/target/release/eis_quick_sweep.exe
[run_job] log=/c/Users/Yeyian PC/Desktop/ParticleSim-master/ParticleSim/doe_results/eis_doe_lf/doe-009_amp10_freq1e-2to5e-2.log
[run_job] args: --amplitude 10 --f-min 1e-2 --f-max 5e-2 --scenario /c/Users/Yeyian PC/Desktop/ParticleSim-master/ParticleSim/measurement_configs/eis_validation_flat_symmetric.toml
[run_job] start=2026-05-02T13:33:39Z
Successfully placed 86 random bodies
Successfully placed 86 random bodies
Successfully placed 598 random bodies
Successfully placed 599 random bodies
scenario=C:/Users/Yeyian PC/Desktop/ParticleSim-master/ParticleSim/measurement_configs/eis_validation_flat_symmetric.toml seed=0xC0FFEE
bodies=3449 foils=2
dt=5 fs  group_a=[1]  group_b=[2]
equilibrating 50000 fs (10000 steps)
zero-current pre-hold 10000 fs (2000 steps)
[EIS] Started sweep (Galvanostatic): 3 frequencies from 5.00e-2 to 1.00e-2 (1/fs)
[EIS] Estimated total time: 1318 fs (1.3 ps), amplitude=1.0000e1
[EIS] Group A (+ perturbation): [1], Group B (- perturbation): [2]
[EIS] Voltage probes: 0 per group (A=130, B=130)
EIS sweep started (Galvanostatic)
[EIS] freq 1/3 (5.00e-2 1/fs) phase=Settling elapsed=5fs/160fs cycles=0.25 samples=0 V=-4.6512e-3 I=-1.0000e1
[EIS] Freq 1/3 (5.00e-2): settling complete, now recording
[EIS] Completed freq 1/3: 5.00e-2 1/fs -> Z = (1.0948e-4, 3.3876e-4), |Z|=3.5601e-4, phase=72.1 deg, 17 samples
[EIS]   Z_actual = (-5.7319e-3, 1.1206e-2), Z_cap = (2.5000e3, -2.5000e3)
[EIS] Saved time-series: eis_timeseries\eis_ts_001_5.000e-2.csv (34 pts, v_dc=-1.449e-2, i_dc=-2.557e-6)
[EIS] Freq 2/3 (2.24e-2): settling complete, now recording
[EIS] Completed freq 2/3: 2.24e-2 1/fs -> Z = (-5.6654e-4, 9.1563e-4), |Z|=1.0767e-3, phase=121.7 deg, 36 samples
[EIS]   Z_actual = (-2.1819e-1, 4.0955e-2), Z_cap = (2.5000e3, -6.8225e3)
[EIS] Saved time-series: eis_timeseries\eis_ts_002_2.236e-2.csv (72 pts, v_dc=-2.520e-1, i_dc=-3.493e-2)
[EIS] Freq 3/3 (1.00e-2): settling complete, now recording
[EIS] Completed freq 3/3: 1.00e-2 1/fs -> Z = (-2.8147e-3, 7.4080e-4), |Z|=2.9105e-3, phase=165.3 deg, 80 samples
[EIS]   Z_actual = (-5.2619e-2, -1.3907e-1), Z_cap = (2.5000e3, -1.5784e4)
[EIS] Saved time-series: eis_timeseries\eis_ts_003_1.000e-2.csv (160 pts, v_dc=-6.021e-1, i_dc=2.200e-6)
[EIS] Sweep complete! 3 points collected
sweep finished in 266 steps (4.4s wall, sim time 1.33e3 fs)

=== 3 EisPoints ===
   i        freq       z_real       z_imag         |Z|     phase     R²(V)     R²(I)       V_amp       I_amp
   0    5.000e-2    +1.095e-4    +3.388e-4    3.560e-4    +72.1°    0.1149    1.0000    3.560e-3     1.000e1
   1    2.236e-2    -5.665e-4    +9.156e-4    1.077e-3   +121.7°    0.0288    1.0000    1.077e-2     1.000e1
   2    1.000e-2    -2.815e-3    +7.408e-4    2.911e-3   +165.3°    0.2028    1.0000    2.911e-2     1.000e1
[run_job] end=2026-05-02T13:35:20Z rc=0
