[run_job] id=doe-cos-016
[run_job] workdir=/c/Users/Yeyian PC/Desktop/ParticleSim-master/ParticleSim/runs/doe-cos-016
[run_job] exe=/c/Users/Yeyian PC/Desktop/ParticleSim-master/ParticleSim/target/release/eis_quick_sweep.exe
[run_job] log=/c/Users/Yeyian PC/Desktop/ParticleSim-master/ParticleSim/doe_results/eis_doe_lf/doe-cos-016_amp0.40_freq5e-5to5e-4_cos.log
[run_job] args: --amplitude 0.40 --f-min 5e-5 --f-max 5e-4 --points-per-decade 3 --scenario /c/Users/Yeyian PC/Desktop/ParticleSim-master/ParticleSim/measurement_configs/eis_validation_flat_symmetric.toml
[run_job] start=2026-05-03T10:23:59Z
Successfully placed 86 random bodies
Successfully placed 86 random bodies
Successfully placed 598 random bodies
Successfully placed 599 random bodies
scenario=C:/Users/Yeyian PC/Desktop/ParticleSim-master/ParticleSim/measurement_configs/eis_validation_flat_symmetric.toml seed=0xC0FFEE
bodies=3449 foils=2
dt=5 fs  group_a=[1]  group_b=[2]
equilibrating 50000 fs (10000 steps)
zero-current pre-hold 10000 fs (2000 steps)
[EIS] Started sweep (Galvanostatic): 5 frequencies from 5.00e-4 to 5.00e-5 (1/fs)
[EIS] Estimated total time: 345024 fs (345.0 ps), amplitude=4.0000e-1
[EIS] Group A (+ perturbation): [1], Group B (- perturbation): [2]
[EIS] Voltage probes: 0 per group (A=130, B=130)
EIS sweep started (Galvanostatic)
[EIS] freq 1/5 (5.00e-4 1/fs) phase=Settling elapsed=5fs/16000fs cycles=0.00 samples=0 V=-5.2656e-3 I=-3.9995e-1
[EIS] Freq 1/5 (5.00e-4): settling complete, now recording
[EIS] Completed freq 1/5: 5.00e-4 1/fs -> Z = (-6.2180e-1, -7.1764e-1), |Z|=9.4955e-1, phase=-130.9 deg, 1600 samples
[EIS]   Z_actual = (-6.6398e-3, -1.5371e0), Z_cap = (2.5000e3, -3.1830e5)
[EIS] Saved time-series: eis_timeseries\eis_ts_001_5.000e-4.csv (1600 pts, v_dc=3.876e-3, i_dc=2.430e-9)
[EIS] Freq 2/5 (2.81e-4): settling complete, now recording
[EIS] Completed freq 2/5: 2.81e-4 1/fs -> Z = (-1.0696e0, -1.2896e0), |Z|=1.6755e0, phase=-129.7 deg, 2846 samples
[EIS]   Z_actual = (4.6428e-2, -2.7740e0), Z_cap = (2.5000e3, -5.6604e5)
[EIS] Saved time-series: eis_timeseries\eis_ts_002_2.812e-4.csv (1897 pts, v_dc=-3.782e-2, i_dc=-2.463e-4)
[EIS] freq 3/5 (1.58e-4 1/fs) phase=Settling elapsed=5545fs/50596fs cycles=0.88 samples=0 V=1.3163e0 I=-2.8592e-1
[EIS] Freq 3/5 (1.58e-4): settling complete, now recording
[EIS] Completed freq 3/5: 1.58e-4 1/fs -> Z = (-1.6907e0, -2.1871e0), |Z|=2.7644e0, phase=-127.7 deg, 5060 samples
[EIS]   Z_actual = (2.5580e-1, -4.9237e0), Z_cap = (2.5000e3, -1.0066e6)
[EIS] Saved time-series: eis_timeseries\eis_ts_003_1.581e-4.csv (1686 pts, v_dc=-7.511e-2, i_dc=1.302e-4)
[EIS] freq 4/5 (8.89e-5 1/fs) phase=Settling elapsed=4945fs/89975fs cycles=0.44 samples=0 V=-1.8032e0 I=3.7161e-1
[EIS] Freq 4/5 (8.89e-5): settling complete, now recording
[EIS] freq 4/5 (8.89e-5 1/fs) phase=Recording elapsed=54945fs/89975fs cycles=4.89 samples=1990 V=1.8464e0 I=-3.0067e-1
[EIS] Completed freq 4/5: 8.89e-5 1/fs -> Z = (-2.4493e0, -3.3930e0), |Z|=4.1847e0, phase=-125.8 deg, 8998 samples
[EIS]   Z_actual = (6.5405e-1, -8.7278e0), Z_cap = (2.5000e3, -1.7900e6)
[EIS] Saved time-series: eis_timeseries\eis_ts_004_8.891e-5.csv (1999 pts, v_dc=-7.132e-2, i_dc=-1.127e-4)
[EIS] freq 5/5 (5.00e-5 1/fs) phase=Settling elapsed=14965fs/160000fs cycles=0.75 samples=0 V=1.7424e0 I=4.3988e-3
[EIS] freq 5/5 (5.00e-5 1/fs) phase=Settling elapsed=64965fs/160000fs cycles=3.25 samples=0 V=-1.7607e0 I=-4.4010e-3
[EIS] Freq 5/5 (5.00e-5): settling complete, now recording
[EIS] freq 5/5 (5.00e-5 1/fs) phase=Recording elapsed=114965fs/160000fs cycles=5.75 samples=6991 V=1.1888e0 I=4.4038e-3
[EIS] Completed freq 5/5: 5.00e-5 1/fs -> Z = (-2.5278e0, -3.6071e0), |Z|=4.4047e0, phase=-125.0 deg, 16001 samples
[EIS]   Z_actual = (3.9929e-1, -1.4228e1), Z_cap = (2.5000e3, -3.1831e6)
[EIS] Saved time-series: eis_timeseries\eis_ts_005_5.000e-5.csv (1882 pts, v_dc=-1.811e-1, i_dc=7.517e-5)
[EIS] Sweep complete! 5 points collected
sweep finished in 69010 steps (1161.9s wall, sim time 3.45e5 fs)

=== 5 EisPoints ===
   i        freq       z_real       z_imag         |Z|     phase     R²(V)     R²(I)       V_amp       I_amp
   0    5.000e-4    -6.218e-1    -7.176e-1    9.495e-1   -130.9°    0.9805    1.0000    3.798e-1    4.000e-1
   1    2.812e-4     -1.070e0     -1.290e0     1.675e0   -129.7°    0.9855    0.9997    6.702e-1    4.000e-1
   2    1.581e-4     -1.691e0     -2.187e0     2.764e0   -127.7°    0.9842    0.9999     1.106e0    4.000e-1
   3    8.891e-5     -2.449e0     -3.393e0     4.185e0   -125.8°    0.9836    0.9999     1.674e0    4.000e-1
   4    5.000e-5     -2.528e0     -3.607e0     4.405e0   -125.0°    0.9771    0.9999     1.762e0    4.000e-1
[run_job] end=2026-05-03T10:45:04Z rc=0
