[run_job] id=doe-cos-012
[run_job] workdir=/c/Users/Yeyian PC/Desktop/ParticleSim-master/ParticleSim/runs/doe-cos-012
[run_job] exe=/c/Users/Yeyian PC/Desktop/ParticleSim-master/ParticleSim/target/release/eis_quick_sweep.exe
[run_job] log=/c/Users/Yeyian PC/Desktop/ParticleSim-master/ParticleSim/doe_results/eis_doe_lf/doe-cos-012_amp0.04_freq5e-4to5e-3_cos.log
[run_job] args: --amplitude 0.04 --f-min 5e-4 --f-max 5e-3 --points-per-decade 3 --scenario /c/Users/Yeyian PC/Desktop/ParticleSim-master/ParticleSim/measurement_configs/eis_validation_flat_symmetric.toml
[run_job] start=2026-05-03T10:22:49Z
Successfully placed 86 random bodies
Successfully placed 86 random bodies
Successfully placed 598 random bodies
Successfully placed 599 random bodies
scenario=C:/Users/Yeyian PC/Desktop/ParticleSim-master/ParticleSim/measurement_configs/eis_validation_flat_symmetric.toml seed=0xC0FFEE
bodies=3449 foils=2
dt=5 fs  group_a=[1]  group_b=[2]
equilibrating 50000 fs (10000 steps)
zero-current pre-hold 10000 fs (2000 steps)
[EIS] Started sweep (Galvanostatic): 4 frequencies from 5.00e-3 to 5.00e-4 (1/fs)
[EIS] Estimated total time: 28474 fs (28.5 ps), amplitude=4.0000e-2
[EIS] Group A (+ perturbation): [1], Group B (- perturbation): [2]
[EIS] Voltage probes: 0 per group (A=130, B=130)
EIS sweep started (Galvanostatic)
[EIS] freq 1/4 (5.00e-3 1/fs) phase=Settling elapsed=5fs/1600fs cycles=0.03 samples=0 V=-7.0786e-3 I=-3.9508e-2
[EIS] Freq 1/4 (5.00e-3): settling complete, now recording
[EIS] Completed freq 1/4: 5.00e-3 1/fs -> Z = (-1.0386e-1, -1.3239e-1), |Z|=1.6827e-1, phase=-128.1 deg, 160 samples
[EIS]   Z_actual = (-4.5414e-2, -1.8898e-1), Z_cap = (2.5000e3, -3.1766e4)
[EIS] Saved time-series: eis_timeseries\eis_ts_001_5.000e-3.csv (320 pts, v_dc=-1.538e-2, i_dc=-1.197e-10)
[EIS] Freq 2/4 (2.32e-3): settling complete, now recording
[EIS] Completed freq 2/4: 2.32e-3 1/fs -> Z = (-7.8471e-2, -2.8894e-1), |Z|=2.9941e-1, phase=-105.2 deg, 345 samples
[EIS]   Z_actual = (-2.1935e-2, -3.5734e-1), Z_cap = (2.5000e3, -6.8547e4)
[EIS] Saved time-series: eis_timeseries\eis_ts_002_2.321e-3.csv (690 pts, v_dc=-1.433e-2, i_dc=-3.362e-5)
[EIS] Freq 3/4 (1.08e-3): settling complete, now recording
[EIS] Completed freq 3/4: 1.08e-3 1/fs -> Z = (-1.1409e-1, -7.0514e-1), |Z|=7.1432e-1, phase=-99.2 deg, 743 samples
[EIS]   Z_actual = (-3.8967e-2, -7.6030e-1), Z_cap = (2.5000e3, -1.4773e5)
[EIS] Saved time-series: eis_timeseries\eis_ts_003_1.077e-3.csv (1486 pts, v_dc=-1.188e-2, i_dc=-1.860e-5)
[EIS] Freq 4/4 (5.00e-4): settling complete, now recording
[EIS] Completed freq 4/4: 5.00e-4 1/fs -> Z = (-2.4806e-2, -1.5121e0), |Z|=1.5123e0, phase=-90.9 deg, 1600 samples
[EIS]   Z_actual = (5.5110e-2, -1.5165e0), Z_cap = (2.5000e3, -3.1830e5)
[EIS] Saved time-series: eis_timeseries\eis_ts_004_5.000e-4.csv (1600 pts, v_dc=-1.816e-2, i_dc=2.766e-10)
[EIS] Sweep complete! 4 points collected
sweep finished in 5696 steps (100.3s wall, sim time 2.85e4 fs)

=== 4 EisPoints ===
   i        freq       z_real       z_imag         |Z|     phase     R²(V)     R²(I)       V_amp       I_amp
   0    5.000e-3    -1.039e-1    -1.324e-1    1.683e-1   -128.1°    0.5300    1.0000    6.731e-3    4.000e-2
   1    2.321e-3    -7.847e-2    -2.889e-1    2.994e-1   -105.2°    0.7823    0.9992    1.198e-2    4.000e-2
   2    1.077e-3    -1.141e-1    -7.051e-1    7.143e-1    -99.2°    0.9245    0.9995    2.857e-2    4.000e-2
   3    5.000e-4    -2.481e-2     -1.512e0     1.512e0    -90.9°    0.9739    1.0000    6.049e-2    4.000e-2
[run_job] end=2026-05-03T10:26:07Z rc=0
